[36m‚†ã[39m Generating browser application bundles (phase: setup)...[2K[1G[36m‚†ô[39m Generating browser application bundles (phase: setup)...[2K[1G[36m‚†π[39m Generating browser application bundles (phase: building)...[2K[1G[36m‚†∏[39m Generating browser application bundles (phase: building)...[2K[1G[36m‚†º[39m Generating browser application bundles (phase: building)...[2K[1G[36m‚†¥[39m Generating browser application bundles (phase: building)...[2K[1G[36m‚†¶[39m Generating browser application bundles (phase: building)...[2K[1G[36m‚†ß[39m Generating browser application bundles (phase: building)...[2K[1G[36m‚†á[39m Generating browser application bundles (phase: building)...[2K[1G[36m‚†è[39m Generating browser application bundles (phase: building)...[2K[1G[36m‚†ã[39m Generating browser application bundles (phase: building)...[2K[1G[36m‚†ô[39m Generating browser application bundles (phase: building)...[2K[1G[36m‚†π[39m Generating browser application bundles (phase: building)...[2K[1G[36m‚†∏[39m Generating browser application bundles (phase: building)...[2K[1G[36m‚†º[39m Generating browser application bundles (phase: building)...[2K[1G[36m‚†¥[39m Generating browser application bundles (phase: building)...[2K[1G[36m‚†¶[39m Generating browser application bundles (phase: building)...[2K[1G[36m‚†ß[39m Generating browser application bundles (phase: sealing)...[2K[1G[36m‚†á[39m Generating browser application bundles (phase: sealing)...[2K[1G[36m‚†è[39m Generating browser application bundles (phase: sealing)...[2K[1G[36m‚†ã[39m Generating browser application bundles (phase: emitting)...[2K[1G[36m‚†ô[39m Generating browser application bundles (phase: emitting)...[2K[1G[36m‚†π[39m Generating browser application bundles (phase: emitting)...[2K[1G[32m‚úî[39m Browser application bundle generation complete.
[37m[39m
[37m[0m[1mInitial Chunk Files[22m                                                                                    [2m | [22m[1mNames[22m                                                  [2m | [22m [1mRaw Size[22m[0m[39m
[37m[0m[92mvendor.js[39m[37m                                                                                              [2m | [22mvendor                                                 [2m | [22m  [96m5.66 MB[39m[37m[2m | [22m[0m[39m
[37m[0m[92mstyles.css, styles.js[39m[37m                                                                                  [2m | [22mstyles                                                 [2m | [22m  [96m1.15 MB[39m[37m[2m | [22m[0m[39m
[37m[0m[92mpolyfills.js[39m[37m                                                                                           [2m | [22mpolyfills                                              [2m | [22m[96m333.18 kB[39m[37m[2m | [22m[0m[39m
[37m[0m[92mmain.js[39m[37m                                                                                                [2m | [22mmain                                                   [2m | [22m [96m89.59 kB[39m[37m[2m | [22m[0m[39m
[37m[0m[92mruntime.js[39m[37m                                                                                             [2m | [22mruntime                                                [2m | [22m [96m12.65 kB[39m[37m[2m | [22m[0m[39m
[37m[0m[0m[39m
[37m[0m[1m [22m                                                                                                      [2m | [22m[1mInitial Total[22m                                          [2m | [22m  [1m7.23 MB[22m[0m[39m
[37m[0m[0m[39m
[37m[0m[1mLazy Chunk Files[22m                                                                                       [2m | [22m[1mNames[22m                                                  [2m | [22m [1mRaw Size[22m[0m[39m
[37m[0m[92msrc_app_modules_users_pages_page-users_page-users_component_ts.js[39m[37m                                      [2m | [22mpages-page-[39m[37musers-page-users-component                  [2m | [22m  [96m2.65 MB[39m[37m[2m | [22m[0m[39m
[37m[0m[92mdefault-src_app_modules_users_services_users_api-service_ts-src_app_shared_components_ui-brea-0897b7.js[39m[37m[2m | [22mpages-page-users-page-users-component                  [2m | [22m[96m471.78 kB[39m[37m[2m | [22m[0m[39m
[37m[0m[92msrc_app_modules_users_pages_page-user-manage_page-user-manage_component_ts.js[39m[37m                          [2m | [22mpages-page-user-manage-page-user-manage-component      [2m | [22m[96m272.23 kB[39m[37m[2m | [22m[0m[39m
[37m[0m[92msrc_app_modules_dashboard_pages_page-main-dashboard_page-main-dashboard_component_ts.js[39m[37m                [2m | [22mpages-page-main-dashboard-page-main-dashboard-component[2m | [22m  [96m2.12 kB[39m[37m[2m | [22m[0m[39m
[37m[0m[0m[39m
[37m[0mBuild at: [1m[37m2023-12-22T16:11:08.903Z[39m[37m[22m - Hash: [1m[37meef71b55513f1c47[39m[37m[22m - Time: [1m[37m6028[39m[37m[22mms[0m[39m
[37m[39m
[37m** Angular Live Development Server is listening on localhost:4200, open your browser on http://localhost:4200/ **[39m
[37m[39m
[37m[39m
[37m[92m‚úî[39m[37m Compiled successfully.[39m
[36m‚†ã[39m Generating browser application bundles...[2K[1G[36m‚†ô[39m Generating browser application bundles (phase: building)...[2K[1G[36m‚†π[39m Generating browser application bundles (phase: building)...[2K[1G[36m‚†∏[39m Generating browser application bundles (phase: building)...[2K[1G[36m‚†º[39m Generating browser application bundles (phase: building)...[2K[1G[36m‚†¥[39m Generating browser application bundles (phase: building)...[2K[1G[36m‚†¶[39m Generating browser application bundles (phase: building)...[2K[1G[36m‚†ß[39m Generating browser application bundles (phase: building)...[2K[1G[36m‚†á[39m Generating browser application bundles (phase: building)...[2K[1G[36m‚†è[39m Generating browser application bundles (phase: sealing)...[2K[1G[36m‚†ã[39m Generating browser application bundles (phase: emitting)...[2K[1G[36m‚†ô[39m Generating browser application bundles (phase: emitting)...[2K[1G[32m‚úî[39m Browser application bundle generation complete.
[37m[39m
[37m[0m[1mInitial Chunk Files[22m                                                          [2m | [22m[1mNames[22m                                            [2m | [22m [1mRaw Size[22m[0m[39m
[37m[0m[92mruntime.js[39m[37m                                                                   [2m | [22mruntime                                          [2m | [22m [96m12.65 kB[39m[37m[2m | [22m[0m[39m
[37m[0m[0m[39m
[37m[0m[1mLazy Chunk Files[22m                                                             [2m | [22m[1mNames[22m                                            [2m | [22m [1mRaw Size[22m[0m[39m
[37m[0m[92msrc_app_modules_users_pages_page-user-manage_page-user-manage_component_ts.js[39m[37m[2m | [22mpages-page-user-manage-page-user-manage-component[2m | [22m[96m272.25 kB[39m[37m[2m | [22m[0m[39m
[37m[0m[0m[39m
[37m[0m7 unchanged chunks[0m[39m
[37m[0m[0m[39m
[37m[0mBuild at: [1m[37m2023-12-22T16:11:33.551Z[39m[37m[22m - Hash: [1m[37m183c6a60ce1ff376[39m[37m[22m - Time: [1m[37m2541[39m[37m[22mms[0m[39m
[37m[39m
[37m[92m‚úî[39m[37m Compiled successfully.[39m
[36m‚†ã[39m Generating browser application bundles...[2K[1G[36m‚†ô[39m Generating browser application bundles (phase: building)...[2K[1G[36m‚†π[39m Generating browser application bundles (phase: building)...[2K[1G[36m‚†∏[39m Generating browser application bundles (phase: building)...[2K[1G[36m‚†º[39m Generating browser application bundles (phase: building)...[2K[1G[36m‚†¥[39m Generating browser application bundles (phase: sealing)...[2K[1G[36m‚†¶[39m Generating browser application bundles (phase: sealing)...[2K[1G[36m‚†ß[39m Generating browser application bundles (phase: emitting)...[2K[1G[36m‚†á[39m Generating browser application bundles (phase: emitting)...[2K[1G[32m‚úî[39m Browser application bundle generation complete.
[37m[39m
[37m[0m[1mInitial Chunk Files[22m                                                          [2m | [22m[1mNames[22m                                            [2m | [22m [1mRaw Size[22m[0m[39m
[37m[0m[92mruntime.js[39m[37m                                                                   [2m | [22mruntime                                          [2m | [22m [96m12.65 kB[39m[37m[2m | [22m[0m[39m
[37m[0m[0m[39m
[37m[0m[1mLazy Chunk Files[22m                                                             [2m | [22m[1mNames[22m                                            [2m | [22m [1mRaw Size[22m[0m[39m
[37m[0m[92msrc_app_modules_users_pages_page-user-manage_page-user-manage_component_ts.js[39m[37m[2m | [22mpages-page-user-manage-page-user-manage-component[2m | [22m[96m272.21 kB[39m[37m[2m | [22m[0m[39m
[37m[0m[0m[39m
[37m[0m7 unchanged chunks[0m[39m
[37m[0m[0m[39m
[37m[0mBuild at: [1m[37m2023-12-22T16:13:07.932Z[39m[37m[22m - Hash: [1m[37m20f0b4b6ddd8a612[39m[37m[22m - Time: [1m[37m1269[39m[37m[22mms[0m[39m
[37m[39m
[37m[92m‚úî[39m[37m Compiled successfully.[39m
[36m‚†ã[39m Generating browser application bundles...[2K[1G[36m‚†ô[39m Generating browser application bundles (phase: building)...[2K[1G[36m‚†π[39m Generating browser application bundles (phase: building)...[2K[1G[36m‚†∏[39m Generating browser application bundles (phase: building)...[2K[1G[36m‚†º[39m Generating browser application bundles (phase: sealing)...[2K[1G[36m‚†¥[39m Generating browser application bundles (phase: emitting)...[2K[1G[36m‚†¶[39m Generating browser application bundles (phase: emitting)...[2K[1G[32m‚úî[39m Browser application bundle generation complete.
[37m[39m
[37m[0m[1mInitial Chunk Files[22m                                                          [2m | [22m[1mNames[22m                                            [2m | [22m [1mRaw Size[22m[0m[39m
[37m[0m[92mruntime.js[39m[37m                                                                   [2m | [22mruntime                                          [2m | [22m [96m12.65 kB[39m[37m[2m | [22m[0m[39m
[37m[0m[0m[39m
[37m[0m[1mLazy Chunk Files[22m                                                             [2m | [22m[1mNames[22m                                            [2m | [22m [1mRaw Size[22m[0m[39m
[37m[0m[92msrc_app_modules_users_pages_page-user-manage_page-user-manage_component_ts.js[39m[37m[2m | [22mpages-page-user-manage-page-user-manage-component[2m | [22m[96m272.21 kB[39m[37m[2m | [22m[0m[39m
[37m[0m[0m[39m
[37m[0m7 unchanged chunks[0m[39m
[37m[0m[0m[39m
[37m[0mBuild at: [1m[37m2023-12-22T16:13:26.935Z[39m[37m[22m - Hash: [1m[37m528202cb3b9224d4[39m[37m[22m - Time: [1m[37m1128[39m[37m[22mms[0m[39m
[37m[39m
[37m[92m‚úî[39m[37m Compiled successfully.[39m
[36m‚†ã[39m Generating browser application bundles...[2K[1G[36m‚†ô[39m Generating browser application bundles (phase: building)...[2K[1G[36m‚†π[39m Generating browser application bundles (phase: building)...[2K[1G[36m‚†∏[39m Generating browser application bundles (phase: building)...[2K[1G[36m‚†º[39m Generating browser application bundles (phase: sealing)...[2K[1G[36m‚†¥[39m Generating browser application bundles (phase: emitting)...[2K[1G[36m‚†¶[39m Generating browser application bundles (phase: emitting)...[2K[1G[32m‚úî[39m Browser application bundle generation complete.
[37m[39m
[37m[0m[1mInitial Chunk Files[22m                                                          [2m | [22m[1mNames[22m                                            [2m | [22m [1mRaw Size[22m[0m[39m
[37m[0m[92mruntime.js[39m[37m                                                                   [2m | [22mruntime                                          [2m | [22m [96m12.65 kB[39m[37m[2m | [22m[0m[39m
[37m[0m[0m[39m
[37m[0m[1mLazy Chunk Files[22m                                                             [2m | [22m[1mNames[22m                                            [2m | [22m [1mRaw Size[22m[0m[39m
[37m[0m[92msrc_app_modules_users_pages_page-user-manage_page-user-manage_component_ts.js[39m[37m[2m | [22mpages-page-user-manage-page-user-manage-component[2m | [22m[96m272.22 kB[39m[37m[2m | [22m[0m[39m
[37m[0m[0m[39m
[37m[0m7 unchanged chunks[0m[39m
[37m[0m[0m[39m
[37m[0mBuild at: [1m[37m2023-12-22T16:14:07.060Z[39m[37m[22m - Hash: [1m[37m4d0fff1ef9798206[39m[37m[22m - Time: [1m[37m1139[39m[37m[22mms[0m[39m
[37m[39m
[37m[92m‚úî[39m[37m Compiled successfully.[39m
[36m‚†ã[39m Generating browser application bundles...[2K[1G[36m‚†ô[39m Generating browser application bundles (phase: building)...[2K[1G[36m‚†π[39m Generating browser application bundles (phase: building)...[2K[1G[36m‚†∏[39m Generating browser application bundles (phase: building)...[2K[1G[36m‚†º[39m Generating browser application bundles (phase: sealing)...[2K[1G[36m‚†¥[39m Generating browser application bundles (phase: emitting)...[2K[1G[36m‚†¶[39m Generating browser application bundles (phase: emitting)...[2K[1G[32m‚úî[39m Browser application bundle generation complete.
[37m[39m
[37m[0m[1mInitial Chunk Files[22m                                                          [2m | [22m[1mNames[22m                                            [2m | [22m [1mRaw Size[22m[0m[39m
[37m[0m[92mruntime.js[39m[37m                                                                   [2m | [22mruntime                                          [2m | [22m [96m12.65 kB[39m[37m[2m | [22m[0m[39m
[37m[0m[0m[39m
[37m[0m[1mLazy Chunk Files[22m                                                             [2m | [22m[1mNames[22m                                            [2m | [22m [1mRaw Size[22m[0m[39m
[37m[0m[92msrc_app_modules_users_pages_page-user-manage_page-user-manage_component_ts.js[39m[37m[2m | [22mpages-page-user-manage-page-user-manage-component[2m | [22m[96m272.21 kB[39m[37m[2m | [22m[0m[39m
[37m[0m[0m[39m
[37m[0m7 unchanged chunks[0m[39m
[37m[0m[0m[39m
[37m[0mBuild at: [1m[37m2023-12-22T16:14:24.262Z[39m[37m[22m - Hash: [1m[37m62b6bd6459e17181[39m[37m[22m - Time: [1m[37m1026[39m[37m[22mms[0m[39m
[37m[39m
[37m[92m‚úî[39m[37m Compiled successfully.[39m
[36m‚†ã[39m Generating browser application bundles...[2K[1G[36m‚†ô[39m Generating browser application bundles (phase: building)...[2K[1G[36m‚†π[39m Generating browser application bundles (phase: building)...[2K[1G[36m‚†∏[39m Generating browser application bundles (phase: building)...[2K[1G[36m‚†º[39m Generating browser application bundles (phase: sealing)...[2K[1G[36m‚†¥[39m Generating browser application bundles (phase: emitting)...[2K[1G[36m‚†¶[39m Generating browser application bundles (phase: emitting)...[2K[1G[36m‚†ß[39m Generating browser application bundles (phase: emitting)...[2K[1G[32m‚úî[39m Browser application bundle generation complete.
[37m[39m
[37m[0m[1mInitial Chunk Files[22m                                                          [2m | [22m[1mNames[22m                                            [2m | [22m [1mRaw Size[22m[0m[39m
[37m[0m[92mruntime.js[39m[37m                                                                   [2m | [22mruntime                                          [2m | [22m [96m12.65 kB[39m[37m[2m | [22m[0m[39m
[37m[0m[0m[39m
[37m[0m[1mLazy Chunk Files[22m                                                             [2m | [22m[1mNames[22m                                            [2m | [22m [1mRaw Size[22m[0m[39m
[37m[0m[92msrc_app_modules_users_pages_page-user-manage_page-user-manage_component_ts.js[39m[37m[2m | [22mpages-page-user-manage-page-user-manage-component[2m | [22m[96m272.24 kB[39m[37m[2m | [22m[0m[39m
[37m[0m[0m[39m
[37m[0m7 unchanged chunks[0m[39m
[37m[0m[0m[39m
[37m[0mBuild at: [1m[37m2023-12-22T16:14:41.017Z[39m[37m[22m - Hash: [1m[37maa168cedebef73c3[39m[37m[22m - Time: [1m[37m1019[39m[37m[22mms[0m[39m
[37m[39m
[37m[92m‚úî[39m[37m Compiled successfully.[39m
[36m‚†ã[39m Generating browser application bundles...[2K[1G[36m‚†ô[39m Generating browser application bundles (phase: building)...[2K[1G[36m‚†π[39m Generating browser application bundles (phase: building)...[2K[1G[36m‚†∏[39m Generating browser application bundles (phase: sealing)...[2K[1G[36m‚†º[39m Generating browser application bundles (phase: emitting)...[2K[1G[36m‚†¥[39m Generating browser application bundles (phase: emitting)...[2K[1G[32m‚úî[39m Browser application bundle generation complete.
[37m[39m
[37m[0m[1mInitial Chunk Files[22m                                                          [2m | [22m[1mNames[22m                                            [2m | [22m [1mRaw Size[22m[0m[39m
[37m[0m[92mruntime.js[39m[37m                                                                   [2m | [22mruntime                                          [2m | [22m [96m12.65 kB[39m[37m[2m | [22m[0m[39m
[37m[0m[0m[39m
[37m[0m[1mLazy Chunk Files[22m                                                             [2m | [22m[1mNames[22m                                            [2m | [22m [1mRaw Size[22m[0m[39m
[37m[0m[92msrc_app_modules_users_pages_page-user-manage_page-user-manage_component_ts.js[39m[37m[2m | [22mpages-page-user-manage-page-user-manage-component[2m | [22m[96m272.27 kB[39m[37m[2m | [22m[0m[39m
[37m[0m[0m[39m
[37m[0m7 unchanged chunks[0m[39m
[37m[0m[0m[39m
[37m[0mBuild at: [1m[37m2023-12-22T16:14:52.617Z[39m[37m[22m - Hash: [1m[37mfab93b69b89067c4[39m[37m[22m - Time: [1m[37m882[39m[37m[22mms[0m[39m
[37m[39m
[37m[92m‚úî[39m[37m Compiled successfully.[39m
[36m‚†ã[39m Generating browser application bundles...[2K[1G[36m‚†ô[39m Generating browser application bundles (phase: building)...[2K[1G[36m‚†π[39m Generating browser application bundles (phase: building)...[2K[1G[36m‚†∏[39m Generating browser application bundles (phase: building)...[2K[1G[36m‚†º[39m Generating browser application bundles (phase: building)...[2K[1G[36m‚†¥[39m Generating browser application bundles (phase: building)...[2K[1G[36m‚†¶[39m Generating browser application bundles (phase: sealing)...[2K[1G[36m‚†ß[39m Generating browser application bundles (phase: emitting)...[2K[1G[36m‚†á[39m Generating browser application bundles (phase: emitting)...[2K[1G[32m‚úî[39m Browser application bundle generation complete.
[37m[39m
[37m[0m[1mInitial Chunk Files[22m                                                          [2m | [22m[1mNames[22m                                            [2m | [22m [1mRaw Size[22m[0m[39m
[37m[0m[92mruntime.js[39m[37m                                                                   [2m | [22mruntime                                          [2m | [22m [96m12.65 kB[39m[37m[2m | [22m[0m[39m
[37m[0m[0m[39m
[37m[0m[1mLazy Chunk Files[22m                                                             [2m | [22m[1mNames[22m                                            [2m | [22m [1mRaw Size[22m[0m[39m
[37m[0m[92msrc_app_modules_users_pages_page-user-manage_page-user-manage_component_ts.js[39m[37m[2m | [22mpages-page-user-manage-page-user-manage-component[2m | [22m[96m272.37 kB[39m[37m[2m | [22m[0m[39m
[37m[0m[0m[39m
[37m[0m7 unchanged chunks[0m[39m
[37m[0m[0m[39m
[37m[0mBuild at: [1m[37m2023-12-22T16:15:49.229Z[39m[37m[22m - Hash: [1m[37mf84ac074cd4c1fb5[39m[37m[22m - Time: [1m[37m1386[39m[37m[22mms[0m[39m
[37m[39m
[37m[92m‚úî[39m[37m Compiled successfully.[39m
[36m‚†ã[39m Generating browser application bundles...[2K[1G[36m‚†ô[39m Generating browser application bundles (phase: building)...[2K[1G[36m‚†π[39m Generating browser application bundles (phase: building)...[2K[1G[36m‚†∏[39m Generating browser application bundles (phase: sealing)...[2K[1G[36m‚†º[39m Generating browser application bundles (phase: emitting)...[2K[1G[36m‚†¥[39m Generating browser application bundles (phase: emitting)...[2K[1G[32m‚úî[39m Browser application bundle generation complete.
[37m[39m
[37m[0m[1mInitial Chunk Files[22m                                                          [2m | [22m[1mNames[22m                                            [2m | [22m [1mRaw Size[22m[0m[39m
[37m[0m[92mruntime.js[39m[37m                                                                   [2m | [22mruntime                                          [2m | [22m [96m12.65 kB[39m[37m[2m | [22m[0m[39m
[37m[0m[0m[39m
[37m[0m[1mLazy Chunk Files[22m                                                             [2m | [22m[1mNames[22m                                            [2m | [22m [1mRaw Size[22m[0m[39m
[37m[0m[92msrc_app_modules_users_pages_page-user-manage_page-user-manage_component_ts.js[39m[37m[2m | [22mpages-page-user-manage-page-user-manage-component[2m | [22m[96m272.35 kB[39m[37m[2m | [22m[0m[39m
[37m[0m[0m[39m
[37m[0m7 unchanged chunks[0m[39m
[37m[0m[0m[39m
[37m[0mBuild at: [1m[37m2023-12-22T16:15:55.648Z[39m[37m[22m - Hash: [1m[37m6170a100cacf3478[39m[37m[22m - Time: [1m[37m1222[39m[37m[22mms[0m[39m
[37m[39m
[37m[92m‚úî[39m[37m Compiled successfully.[39m
[36m‚†ã[39m Generating browser application bundles...[2K[1G[36m‚†ô[39m Generating browser application bundles (phase: building)...[2K[1G[36m‚†π[39m Generating browser application bundles (phase: building)...[2K[1G[36m‚†∏[39m Generating browser application bundles (phase: building)...[2K[1G[36m‚†º[39m Generating browser application bundles (phase: building)...[2K[1G[36m‚†¥[39m Generating browser application bundles (phase: sealing)...[2K[1G[36m‚†¶[39m Generating browser application bundles (phase: emitting)...[2K[1G[32m‚úî[39m Browser application bundle generation complete.
[37m[39m
[37m[0m[1mInitial Chunk Files[22m                                                          [2m | [22m[1mNames[22m                                            [2m | [22m [1mRaw Size[22m[0m[39m
[37m[0m[92mruntime.js[39m[37m                                                                   [2m | [22mruntime                                          [2m | [22m [96m12.65 kB[39m[37m[2m | [22m[0m[39m
[37m[0m[0m[39m
[37m[0m[1mLazy Chunk Files[22m                                                             [2m | [22m[1mNames[22m                                            [2m | [22m [1mRaw Size[22m[0m[39m
[37m[0m[92msrc_app_modules_users_pages_page-user-manage_page-user-manage_component_ts.js[39m[37m[2m | [22mpages-page-user-manage-page-user-manage-component[2m | [22m[96m272.35 kB[39m[37m[2m | [22m[0m[39m
[37m[0m[0m[39m
[37m[0m7 unchanged chunks[0m[39m
[37m[0m[0m[39m
[37m[0mBuild at: [1m[37m2023-12-22T16:16:05.932Z[39m[37m[22m - Hash: [1m[37med2c8fe0377a9f2d[39m[37m[22m - Time: [1m[37m1005[39m[37m[22mms[0m[39m
[37m[39m
[37m[92m‚úî[39m[37m Compiled successfully.[39m
[36m‚†ã[39m Generating browser application bundles...[2K[1G[36m‚†ô[39m Generating browser application bundles (phase: building)...[2K[1G[36m‚†π[39m Generating browser application bundles (phase: building)...[2K[1G[36m‚†∏[39m Generating browser application bundles (phase: sealing)...[2K[1G[36m‚†º[39m Generating browser application bundles (phase: sealing)...[2K[1G[32m‚úî[39m Browser application bundle generation complete.
[37m[39m
[37m[0m[1mInitial Chunk Files[22m                                                          [2m | [22m[1mNames[22m                                            [2m | [22m [1mRaw Size[22m[0m[39m
[37m[0m[92mruntime.js[39m[37m                                                                   [2m | [22mruntime                                          [2m | [22m [96m12.65 kB[39m[37m[2m | [22m[0m[39m
[37m[0m[0m[39m
[37m[0m[1mLazy Chunk Files[22m                                                             [2m | [22m[1mNames[22m                                            [2m | [22m [1mRaw Size[22m[0m[39m
[37m[0m[92msrc_app_modules_users_pages_page-user-manage_page-user-manage_component_ts.js[39m[37m[2m | [22mpages-page-user-manage-page-user-manage-component[2m | [22m[96m272.35 kB[39m[37m[2m | [22m[0m[39m
[37m[0m[0m[39m
[37m[0m7 unchanged chunks[0m[39m
[37m[0m[0m[39m
[37m[0mBuild at: [1m[37m2023-12-22T16:16:47.203Z[39m[37m[22m - Hash: [1m[37m14822100c7045e18[39m[37m[22m - Time: [1m[37m3019[39m[37m[22mms[0m[39m
[1m[31m[39m[22m
[1m[31m[0m[91mError: [39m[31m[0m[96msrc/app/core/interceptors/auth.interceptor.ts[0m:[93m31[0m:[93m48[0m - [91merror[0m[90m TS2345: [0mArgument of type 'string | undefined' is not assignable to parameter of type 'string'.[39m[22m
[1m[31m  Type 'undefined' is not assignable to type 'string'.[39m[22m
[1m[31m[39m[22m
[1m[31m[7m31[0m         const authRequest = this.addToken(req, accessToken);[39m[22m
[1m[31m[7m  [0m [91m                                               ~~~~~~~~~~~[0m[39m[22m
[1m[31m[39m[22m
[1m[31m[39m[22m
[1m[31m[0m[91mError: [39m[31m[0m[96msrc/app/modules/users/components/form-user/form-user.component-store.ts[0m:[93m81[0m:[93m25[0m - [91merror[0m[90m TS18048: [0m'user' is possibly 'undefined'.[39m[22m
[1m[31m[39m[22m
[1m[31m[7m81[0m             .updateUser(user.id, formGroup.value)[39m[22m
[1m[31m[7m  [0m [91m                        ~~~~[0m[39m[22m
[1m[31m[39m[22m
[1m[31m[39m[22m
[1m[31m[0m[91mError: [39m[31m[0m[96msrc/app/modules/users/components/form-user/form-user.component-store.ts[0m:[93m85[0m:[93m44[0m - [91merror[0m[90m TS2345: [0mArgument of type 'string | undefined' is not assignable to parameter of type 'string | TemplateRef<void>'.[39m[22m
[1m[31m  Type 'undefined' is not assignable to type 'string | TemplateRef<void>'.[39m[22m
[1m[31m[39m[22m
[1m[31m[7m85[0m                   this._messageSvc.success(response.message);[39m[22m
[1m[31m[7m  [0m [91m                                           ~~~~~~~~~~~~~~~~[0m[39m[22m
[1m[31m[39m[22m
[1m[31m[39m[22m
[1m[31m[0m[91mError: [39m[31m[0m[96msrc/app/modules/users/components/form-user/form-user.component.ts[0m:[93m63[0m:[93m44[0m - [91merror[0m[90m TS2345: [0mArgument of type 'User | null | undefined' is not assignable to parameter of type 'User | Observable<User>'.[39m[22m
[1m[31m  Type 'undefined' is not assignable to type 'User | Observable<User>'.[39m[22m
[1m[31m[39m[22m
[1m[31m[7m63[0m       this._formUserComponentStore.setUser(this.user);[39m[22m
[1m[31m[7m  [0m [91m                                           ~~~~~~~~~[0m[39m[22m
[1m[31m[39m[22m
[1m[31m[39m[22m
[1m[31m[0m[91mError: [39m[31m[0m[96msrc/app/modules/users/components/table-users/table-users.component.html[0m:[93m2[0m:[93m4[0m - [91merror[0m[90m TS2322: [0mType '((qParams: any) => Observable<Response<Pagination<User | null>>>) | null' is not assignable to type '((q[39m[22m[1m[31mParams: any) => Observable<any>) | undefined'.[39m[22m
[1m[31m  Type 'null' is not assignable to type '((qParams: any) => Observable<any>) | undefined'.[39m[22m
[1m[31m[39m[22m
[1m[31m[7m2[0m   [dataSourceCallback]="dataSourceCallback$ | async"[39m[22m
[1m[31m[7m [0m [91m   ~~~~~~~~~~~~~~~~~~[0m[39m[22m
[1m[31m[39m[22m
[1m[31m  [96msrc/app/modules/users/components/table-users/table-users.component.ts[0m:[93m44[0m:[93m16[0m[39m[22m
[1m[31m    [7m44[0m   templateUrl: './table-users.component.html',[39m[22m
[1m[31m    [7m  [0m [96m               ~~~~~~~~~~~~~~~~~~~~~~~~~~~~~~[0m[39m[22m
[1m[31m    Error occurs in the template of component TableUsersComponent.[39m[22m
[1m[31m[39m[22m
[1m[31m[39m[22m
[1m[31m[0m[91mError: [39m[31m[0m[96msrc/app/modules/users/components/table-users/table-users.component.ts[0m:[93m53[0m:[93m45[0m - [91merror[0m[90m TS2564: [0mProperty 'phoneCell' has no initializer and is not definitely assigned in the constructor.[39m[22m
[1m[31m[39m[22m
[1m[31m[7m53[0m   @ViewChild('phoneCell', { static: true }) phoneCell: TemplateRef<any>;[39m[22m
[1m[31m[7m  [0m [91m                                            ~~~~~~~~~[0m[39m[22m
[1m[31m[39m[22m
[1m[31m[39m[22m
[1m[31m[0m[91mError: [39m[31m[0m[96msrc/app/modules/users/components/table-users/table-users.component.ts[0m:[93m54[0m:[93m47[0m - [91merror[0m[90m TS2564: [0mProperty 'actionsCell' has no initializer and is not definitely assigned in the constructor.[39m[22m
[1m[31m[39m[22m
[1m[31m[7m54[0m   @ViewChild('actionsCell', { static: true }) actionsCell: TemplateRef<any>;[39m[22m
[1m[31m[7m  [0m [91m                                              ~~~~~~~~~~~[0m[39m[22m
[1m[31m[39m[22m
[1m[31m[39m[22m
[1m[31m[0m[91mError: [39m[31m[0m[96msrc/app/modules/users/components/table-users/table-users.component.ts[0m:[93m55[0m:[93m46[0m - [91merror[0m[90m TS2564: [0mProperty 'statusCell' has no initializer and is not definitely assigned in the constructor.[39m[22m
[1m[31m[39m[22m
[1m[31m[7m55[0m   @ViewChild('statusCell', { static: true }) statusCell: TemplateRef<any>;[39m[22m
[1m[31m[7m  [0m [91m                                             ~~~~~~~~~~[0m[39m[22m
[1m[31m[39m[22m
[1m[31m[39m[22m
[1m[31m[0m[91mError: [39m[31m[0m[96msrc/app/modules/users/components/user-info/user-info.component.html[0m:[93m6[0m:[93m41[0m - [91merror[0m[90m TS2532: [0mObject is possibly 'undefined'.[39m[22m
[1m[31m[39m[22m
[1m[31m[39m[22m[1m[31m[7m6[0m       trans('user-status-types.' + user.status) | titlecase[39m[22m
[1m[31m[7m [0m [91m                                        ~~~~~~[0m[39m[22m
[1m[31m[39m[22m
[1m[31m  [96msrc/app/modules/users/components/user-info/user-info.component.ts[0m:[93m19[0m:[93m16[0m[39m[22m
[1m[31m    [7m19[0m   templateUrl: './user-info.component.html',[39m[22m
[1m[31m    [7m  [0m [96m               ~~~~~~~~~~~~~~~~~~~~~~~~~~~~[0m[39m[22m
[1m[31m    Error occurs in the template of component UserInfoComponent.[39m[22m
[1m[31m[39m[22m
[1m[31m[39m[22m
[1m[31m[0m[91mError: [39m[31m[0m[96msrc/app/modules/users/components/user-info/user-info.component.html[0m:[93m9[0m:[93m41[0m - [91merror[0m[90m TS2532: [0mObject is possibly 'undefined'.[39m[22m
[1m[31m[39m[22m
[1m[31m[7m9[0m       trans('user-status-types.' + user.status) | titlecase[39m[22m
[1m[31m[7m [0m [91m                                        ~~~~~~[0m[39m[22m
[1m[31m[39m[22m
[1m[31m  [96msrc/app/modules/users/components/user-info/user-info.component.ts[0m:[93m19[0m:[93m16[0m[39m[22m
[1m[31m    [7m19[0m   templateUrl: './user-info.component.html',[39m[22m
[1m[31m    [7m  [0m [96m               ~~~~~~~~~~~~~~~~~~~~~~~~~~~~[0m[39m[22m
[1m[31m    Error occurs in the template of component UserInfoComponent.[39m[22m
[1m[31m[39m[22m
[1m[31m[39m[22m
[1m[31m[0m[91mError: [39m[31m[0m[96msrc/app/modules/users/components/user-info/user-info.component.html[0m:[93m12[0m:[93m41[0m - [91merror[0m[90m TS2532: [0mObject is possibly 'undefined'.[39m[22m
[1m[31m[39m[22m
[1m[31m[7m12[0m       trans('user-status-types.' + user.status) | titlecase[39m[22m
[1m[31m[7m  [0m [91m                                        ~~~~~~[0m[39m[22m
[1m[31m[39m[22m
[1m[31m  [96msrc/app/modules/users/components/user-info/user-info.component.ts[0m:[93m19[0m:[93m16[0m[39m[22m
[1m[31m    [7m19[0m   templateUrl: './user-info.component.html',[39m[22m
[1m[31m    [7m  [0m [96m               ~~~~~~~~~~~~~~~~~~~~~~~~~~~~[0m[39m[22m
[1m[31m    Error occurs in the template of component UserInfoComponent.[39m[22m
[1m[31m[39m[22m
[1m[31m[39m[22m
[1m[31m[0m[91mError: [39m[31m[0m[96msrc/app/modules/users/components/user-info/user-info.component.html[0m:[93m15[0m:[93m41[0m - [91merror[0m[90m TS2532: [0mObject is possibly 'undefined'.[39m[22m
[1m[31m[39m[22m
[1m[31m[7m15[0m       trans('user-status-types.' + user.status) | titlecase[39m[22m
[1m[31m[7m  [0m [91m                                   [39m[22m[1m[31m     ~~~~~~[0m[39m[22m
[1m[31m[39m[22m
[1m[31m  [96msrc/app/modules/users/components/user-info/user-info.component.ts[0m:[93m19[0m:[93m16[0m[39m[22m
[1m[31m    [7m19[0m   templateUrl: './user-info.component.html',[39m[22m
[1m[31m    [7m  [0m [96m               ~~~~~~~~~~~~~~~~~~~~~~~~~~~~[0m[39m[22m
[1m[31m    Error occurs in the template of component UserInfoComponent.[39m[22m
[1m[31m[39m[22m
[1m[31m[39m[22m
[1m[31m[0m[91mError: [39m[31m[0m[96msrc/app/modules/users/pages/page-user-manage/page-user-manage.component.html[0m:[93m19[0m:[93m27[0m - [91merror[0m[90m TS2322: [0mType 'User | null | undefined' is not assignable to type 'User | undefined'.[39m[22m
[1m[31m  Type 'null' is not assignable to type 'User | undefined'.[39m[22m
[1m[31m[39m[22m
[1m[31m[7m19[0m           <app-user-info [user]="user$ | async"></app-user-info>[39m[22m
[1m[31m[7m  [0m [91m                          ~~~~[0m[39m[22m
[1m[31m[39m[22m
[1m[31m  [96msrc/app/modules/users/pages/page-user-manage/page-user-manage.component.ts[0m:[93m30[0m:[93m16[0m[39m[22m
[1m[31m    [7m30[0m   templateUrl: './page-user-manage.component.html',[39m[22m
[1m[31m    [7m  [0m [96m               ~~~~~~~~~~~~~~~~~~~~~~~~~~~~~~~~~~~[0m[39m[22m
[1m[31m    Error occurs in the template of component PageUserManageComponent.[39m[22m
[1m[31m[39m[22m
[1m[31m[39m[22m
[1m[31m[0m[91mError: [39m[31m[0m[96msrc/app/modules/users/pages/page-user-manage/page-user-manage.component.ts[0m:[93m35[0m:[93m12[0m - [91merror[0m[90m TS2564: [0mProperty 'id' has no initializer and is not definitely assigned in the constructor.[39m[22m
[1m[31m[39m[22m
[1m[31m[7m35[0m   @Input() id: number;[39m[22m
[1m[31m[7m  [0m [91m           ~~[0m[39m[22m
[1m[31m[39m[22m
[1m[31m[39m[22m
[1m[31m[0m[91mError: [39m[31m[0m[96msrc/app/shared/components/ui-breadcrumb/ui-breadcrumb.component.ts[0m:[93m25[0m:[93m30[0m - [91merror[0m[90m TS2564: [0mProperty 'title' has no initializer and is not definitely assigned in the constructor.[39m[22m
[1m[31m[39m[22m
[1m[31m[7m25[0m   @Input({ required: true }) title: string;[39m[22m
[1m[31m[7m  [0m [91m                             ~~~~~[0m[39m[22m
[1m[31m[39m[22m
[1m[31m[39m[22m
[1m[31m[0m[91mError: [39m[31m[0m[96msrc/app/shared/components/ui-breadcrumb/ui-breadcrumb.component.ts[0m:[93m26[0m:[93m30[0m - [91merror[0m[90m TS2564: [0mProperty 'breadcrumbs' has no initializer and is not definitely assigned in the constru[39m[22m[1m[31mctor.[39m[22m
[1m[31m[39m[22m
[1m[31m[7m26[0m   @Input({ required: true }) breadcrumbs: Breadcrumb[];[39m[22m
[1m[31m[7m  [0m [91m                             ~~~~~~~~~~~[0m[39m[22m
[1m[31m[39m[22m
[1m[31m[39m[22m
[1m[31m[0m[91mError: [39m[31m[0m[96msrc/app/shared/components/ui-form-control-errors/ui-form-control-errors.component.ts[0m:[93m14[0m:[93m30[0m - [91merror[0m[90m TS2564: [0mProperty 'name' has no initializer and is not definitely assigned in the constructor.[39m[22m
[1m[31m[39m[22m
[1m[31m[7m14[0m   @Input({ required: true }) name: string;[39m[22m
[1m[31m[7m  [0m [91m                             ~~~~[0m[39m[22m
[1m[31m[39m[22m
[1m[31m[39m[22m
[1m[31m[0m[91mError: [39m[31m[0m[96msrc/app/shared/components/ui-form-control-errors/ui-form-control-errors.component.ts[0m:[93m15[0m:[93m30[0m - [91merror[0m[90m TS2564: [0mProperty 'control' has no initializer and is not definitely assigned in the constructor.[39m[22m
[1m[31m[39m[22m
[1m[31m[7m15[0m   @Input({ required: true }) control: AbstractControl;[39m[22m
[1m[31m[7m  [0m [91m                             ~~~~~~~[0m[39m[22m
[1m[31m[39m[22m
[1m[31m[39m[22m
[1m[31m[0m[91mError: [39m[31m[0m[96msrc/app/shared/components/ui-grid-date-filter/ui-grid-date-filter.component.ts[0m:[93m33[0m:[93m11[0m - [91merror[0m[90m TS2564: [0mProperty '_params' has no initializer and is not definitely assigned in the constructor.[39m[22m
[1m[31m[39m[22m
[1m[31m[7m33[0m   private _params: IFloatingFilterParams;[39m[22m
[1m[31m[7m  [0m [91m          ~~~~~~~[0m[39m[22m
[1m[31m[39m[22m
[1m[31m[39m[22m
[1m[31m[0m[91mError: [39m[31m[0m[96msrc/app/shared/components/ui-grid-date-filter/ui-grid-date-filter.component.ts[0m:[93m34[0m:[93m3[0m - [91merror[0m[90m TS2564: [0mProperty 'date' has no initializer and is not definitely assigned in the constructor.[39m[22m
[1m[31m[39m[22m
[1m[31m[7m34[0m   date: Date;[39m[22m
[1m[31m[7m  [0m [91m  ~~~~[0m[39m[22m
[1m[31m[39m[22m
[1m[31m[39m[22m
[1m[31m[0m[91mError: [39m[31m[0m[96msrc/app/shared/components/ui-grid/ui-grid.component.ts[0m:[93m38[0m:[93m42[0m - [91merror[0m[90m TS2564: [0mProperty 'agGrid' has no initializer and is not definitely assigned in the constructor.[39m[22m
[1m[31m[39m[22m
[1m[31m[7m38[0m   @ViewChild('agGrid', { static: true }) agGrid: AgGridAngular;[39m[22m
[1m[31m[7m  [0m [91m                                         ~~~~~~[0m[39m[22m
[1m[31m[39m[22m
[1m[31m[39m[22m
[1m[31m[0m[91mError: [39m[31m[0m[96msrc/app/shared/compon[39m[22m[1m[31ments/ui-grid/ui-grid.component.ts[0m:[93m66[0m:[93m11[0m - [91merror[0m[90m TS2564: [0mProperty '_dataSource' has no initializer and is not definitely assigned in the constructor.[39m[22m
[1m[31m[39m[22m
[1m[31m[7m66[0m   private _dataSource: IDatasource;[39m[22m
[1m[31m[7m  [0m [91m          ~~~~~~~~~~~[0m[39m[22m
[1m[31m[39m[22m
[1m[31m[39m[22m
[1m[31m[0m[91mError: [39m[31m[0m[96msrc/app/shared/components/ui-grid/ui-grid.component.ts[0m:[93m107[0m:[93m9[0m - [91merror[0m[90m TS2722: [0mCannot invoke an object which is possibly 'undefined'.[39m[22m
[1m[31m[39m[22m
[1m[31m[7m107[0m         this.dataSourceCallback(urlParams)[39m[22m
[1m[31m[7m   [0m [91m        ~~~~~~~~~~~~~~~~~~~~~~~[0m[39m[22m
[1m[31m[39m[22m
[1m[31m[39m[22m
[1m[31m[0m[91mError: [39m[31m[0m[96msrc/app/shared/components/ui-template-renderer/ui-template-renderer.component.ts[0m:[93m14[0m:[93m3[0m - [91merror[0m[90m TS2564: [0mProperty 'template' has no initializer and is not definitely assigned in the constructor.[39m[22m
[1m[31m[39m[22m
[1m[31m[7m14[0m   template: TemplateRef<any>;[39m[22m
[1m[31m[7m  [0m [91m  ~~~~~~~~[0m[39m[22m
[1m[31m[39m[22m
[1m[31m[39m[22m
[1m[31m[0m[91mError: [39m[31m[0m[96msrc/app/shared/components/ui-template-renderer/ui-template-renderer.component.ts[0m:[93m15[0m:[93m3[0m - [91merror[0m[90m TS2564: [0mProperty 'templateContext' has no initializer and is not definitely assigned in the constructor.[39m[22m
[1m[31m[39m[22m
[1m[31m[7m15[0m   templateContext: { $implicit: any; params: any };[39m[22m
[1m[31m[7m  [0m [91m  ~~~~~~~~~~~~~~~[0m[39m[22m
[1m[31m[39m[22m
[1m[31m[39m[22m
[1m[31m[39m[22m
[37m[39m
[37m[91m‚úñ[39m[37m Failed to compile.[39m
[36m‚†ã[39m Generating browser application bundles...[2K[1G[36m‚†ô[39m Generating browser application bundles (phase: building)...[2K[1G[36m‚†π[39m Generating browser application bundles (phase: building)...[2K[1G[36m‚†∏[39m Generating browser application bundles (phase: building)...[2K[1G[36m‚†º[39m Generating browser application bundles (phase: sealing)...[2K[1G[32m‚úî[39m Browser application bundle generation complete.
[37m[39m
[37m[0m[1mInitial Chunk Files[22m                                                          [2m | [22m[1mNames[22m                                            [2m | [22m [1mRaw Size[22m[0m[39m
[37m[0m[92mruntime.js[39m[37m                                                                   [2m | [22mruntime                                          [2m | [22m [96m12.65 kB[39m[37m[2m | [22m[0m[39m
[37m[0m[0m[39m
[37m[0m[1mLazy Chunk Files[22m                                                             [2m | [22m[1mNames[22m                                            [2m | [22m [1mRaw Size[22m[0m[39m
[37m[0m[92msrc_app_modules_users_pages_page-user-manage_page-user-manage_component_ts.js[39m[37m[2m | [22mpages-page-user-manage-page-user-manage-component[2m | [22m[96m272.35 kB[39m[37m[2m | [22m[0m[39m
[37m[0m[0m[39m
[37m[0m7 unchanged chunks[0m[39m
[37m[0m[0m[39m
[37m[0mBuild at: [1m[37m2023-12-22T16:17:07.330Z[39m[37m[22m - Hash: [1m[37mc0b783e5a1f1dd40[39m[37m[22m - Time: [1m[37m1192[39m[37m[22mms[0m[39m
[1m[31m[39m[22m
[1m[31m[0m[91mError: [39m[31m[0m[96msrc/app/core/interceptors/auth.interceptor.ts[0m:[93m31[0m:[93m48[0m - [91merror[0m[90m TS2345: [0mArgument of type 'string | undefined' is not assignable to parameter of type 'string'.[39m[22m
[1m[31m  Type 'undefined' is not assignable to type 'string'.[39m[22m
[1m[31m[39m[22m
[1m[31m[7m31[0m         const authRequest = this.addToken(req, accessToken);[39m[22m
[1m[31m[7m  [0m [91m                                               ~~~~~~~~~~~[0m[39m[22m
[1m[31m[39m[22m
[1m[31m[39m[22m
[1m[31m[0m[91mError: [39m[31m[0m[96msrc/app/modules/users/components/form-user/form-user.component-store.ts[0m:[93m47[0m:[93m9[0m - [91merror[0m[90m TS2322: [0mType 'User | null | undefined' is not assignable to type 'User | undefined'.[39m[22m
[1m[31m  Type 'null' is not assignable to type 'User | undefined'.[39m[22m
[1m[31m[39m[22m
[1m[31m[7m47[0m         user,[39m[22m
[1m[31m[7m  [0m [91m        ~~~~[0m[39m[22m
[1m[31m[39m[22m
[1m[31m  [96msrc/app/modules/users/components/form-user/form-user.component-store.ts[0m:[93m15[0m:[93m3[0m[39m[22m
[1m[31m    [7m15[0m   user?: User;[39m[22m
[1m[31m    [7m  [0m [96m  ~~~~[0m[39m[22m
[1m[31m    The expected type comes from property 'user' which is declared here on type 'FormUserState'[39m[22m
[1m[31m[39m[22m
[1m[31m[39m[22m
[1m[31m[0m[91mError: [39m[31m[0m[96msrc/app/modules/users/components/form-user/form-user.component-store.ts[0m:[93m83[0m:[93m25[0m - [91merror[0m[90m TS18048: [0m'user' is possibly 'undefined'.[39m[22m
[1m[31m[39m[22m
[1m[31m[7m83[0m             .updateUser(user.id, formGroup.value)[39m[22m
[1m[31m[7m  [0m [91m                        ~~~~[0m[39m[22m
[1m[31m[39m[22m
[1m[31m[39m[22m
[1m[31m[0m[91mError: [39m[31m[0m[96msrc/app/modules/users/components/form-user/form-user.component-store.ts[0m:[93m87[0m:[93m44[0m - [91merror[0m[90m TS2345: [0mArgument of type 'string | undefined' is not assignable to parameter of type 'string | TemplateRef<void>'.[39m[22m
[1m[31m  Type 'undefined' is not assignable to type 'string | TemplateRef<void>'.[39m[22m
[1m[31m[39m[22m
[1m[31m[7m87[0m                   this._messageSvc.success(response.message);[39m[22m
[1m[31m[7m  [0m [91m                                           ~~~~~~~~~~~~~~~~[0m[39m[22m
[1m[31m[39m[22m
[1m[31m[39m[22m
[1m[31m[0m[91mError: [39m[31m[0m[96msrc/app/modules/users/components/table-users/table-users.component.html[0m:[93m2[0m:[93m4[0m [39m[22m[1m[31m- [91merror[0m[90m TS2322: [0mType '((qParams: any) => Observable<Response<Pagination<User | null>>>) | null' is not assignable to type '((qParams: any) => Observable<any>) | undefined'.[39m[22m
[1m[31m  Type 'null' is not assignable to type '((qParams: any) => Observable<any>) | undefined'.[39m[22m
[1m[31m[39m[22m
[1m[31m[7m2[0m   [dataSourceCallback]="dataSourceCallback$ | async"[39m[22m
[1m[31m[7m [0m [91m   ~~~~~~~~~~~~~~~~~~[0m[39m[22m
[1m[31m[39m[22m
[1m[31m  [96msrc/app/modules/users/components/table-users/table-users.component.ts[0m:[93m44[0m:[93m16[0m[39m[22m
[1m[31m    [7m44[0m   templateUrl: './table-users.component.html',[39m[22m
[1m[31m    [7m  [0m [96m               ~~~~~~~~~~~~~~~~~~~~~~~~~~~~~~[0m[39m[22m
[1m[31m    Error occurs in the template of component TableUsersComponent.[39m[22m
[1m[31m[39m[22m
[1m[31m[39m[22m
[1m[31m[0m[91mError: [39m[31m[0m[96msrc/app/modules/users/components/table-users/table-users.component.ts[0m:[93m53[0m:[93m45[0m - [91merror[0m[90m TS2564: [0mProperty 'phoneCell' has no initializer and is not definitely assigned in the constructor.[39m[22m
[1m[31m[39m[22m
[1m[31m[7m53[0m   @ViewChild('phoneCell', { static: true }) phoneCell: TemplateRef<any>;[39m[22m
[1m[31m[7m  [0m [91m                                            ~~~~~~~~~[0m[39m[22m
[1m[31m[39m[22m
[1m[31m[39m[22m
[1m[31m[0m[91mError: [39m[31m[0m[96msrc/app/modules/users/components/table-users/table-users.component.ts[0m:[93m54[0m:[93m47[0m - [91merror[0m[90m TS2564: [0mProperty 'actionsCell' has no initializer and is not definitely assigned in the constructor.[39m[22m
[1m[31m[39m[22m
[1m[31m[7m54[0m   @ViewChild('actionsCell', { static: true }) actionsCell: TemplateRef<any>;[39m[22m
[1m[31m[7m  [0m [91m                                              ~~~~~~~~~~~[0m[39m[22m
[1m[31m[39m[22m
[1m[31m[39m[22m
[1m[31m[0m[91mError: [39m[31m[0m[96msrc/app/modules/users/components/table-users/table-users.component.ts[0m:[93m55[0m:[93m46[0m - [91merror[0m[90m TS2564: [0mProperty 'statusCell' has no initializer and is not definitely assigned in the constructor.[39m[22m
[1m[31m[39m[22m
[1m[31m[7m55[0m   @ViewChild('statusCell', { static: true }) statusCell: TemplateRef<any>;[39m[22m
[1m[31m[7m  [0m [91m                                             ~~~~~~~~~~[0m[39m[22m
[1m[31m[39m[22m
[1m[31m[39m[22m
[1m[31m[0m[91mError: [39m[31m[0m[96msrc/app/modules/use[39m[22m[1m[31mrs/components/user-info/user-info.component.html[0m:[93m6[0m:[93m41[0m - [91merror[0m[90m TS2532: [0mObject is possibly 'undefined'.[39m[22m
[1m[31m[39m[22m
[1m[31m[7m6[0m       trans('user-status-types.' + user.status) | titlecase[39m[22m
[1m[31m[7m [0m [91m                                        ~~~~~~[0m[39m[22m
[1m[31m[39m[22m
[1m[31m  [96msrc/app/modules/users/components/user-info/user-info.component.ts[0m:[93m19[0m:[93m16[0m[39m[22m
[1m[31m    [7m19[0m   templateUrl: './user-info.component.html',[39m[22m
[1m[31m    [7m  [0m [96m               ~~~~~~~~~~~~~~~~~~~~~~~~~~~~[0m[39m[22m
[1m[31m    Error occurs in the template of component UserInfoComponent.[39m[22m
[1m[31m[39m[22m
[1m[31m[39m[22m
[1m[31m[0m[91mError: [39m[31m[0m[96msrc/app/modules/users/components/user-info/user-info.component.html[0m:[93m9[0m:[93m41[0m - [91merror[0m[90m TS2532: [0mObject is possibly 'undefined'.[39m[22m
[1m[31m[39m[22m
[1m[31m[7m9[0m       trans('user-status-types.' + user.status) | titlecase[39m[22m
[1m[31m[7m [0m [91m                                        ~~~~~~[0m[39m[22m
[1m[31m[39m[22m
[1m[31m  [96msrc/app/modules/users/components/user-info/user-info.component.ts[0m:[93m19[0m:[93m16[0m[39m[22m
[1m[31m    [7m19[0m   templateUrl: './user-info.component.html',[39m[22m
[1m[31m    [7m  [0m [96m               ~~~~~~~~~~~~~~~~~~~~~~~~~~~~[0m[39m[22m
[1m[31m    Error occurs in the template of component UserInfoComponent.[39m[22m
[1m[31m[39m[22m
[1m[31m[39m[22m
[1m[31m[0m[91mError: [39m[31m[0m[96msrc/app/modules/users/components/user-info/user-info.component.html[0m:[93m12[0m:[93m41[0m - [91merror[0m[90m TS2532: [0mObject is possibly 'undefined'.[39m[22m
[1m[31m[39m[22m
[1m[31m[7m12[0m       trans('user-status-types.' + user.status) | titlecase[39m[22m
[1m[31m[7m  [0m [91m                                        ~~~~~~[0m[39m[22m
[1m[31m[39m[22m
[1m[31m  [96msrc/app/modules/users/components/user-info/user-info.component.ts[0m:[93m19[0m:[93m16[0m[39m[22m
[1m[31m    [7m19[0m   templateUrl: './user-info.component.html',[39m[22m
[1m[31m    [7m  [0m [96m               ~~~~~~~~~~~~~~~~~~~~~~~~~~~~[0m[39m[22m
[1m[31m    Error occurs in the template of component UserInfoComponent.[39m[22m
[1m[31m[39m[22m
[1m[31m[39m[22m
[1m[31m[0m[91mError: [39m[31m[0m[96msrc/app/modules/users/components/user-info/user-info.component.html[0m:[93m15[0m:[93m41[0m - [91merror[0m[90m TS2532: [0mObject is p[39m[22m[1m[31mossibly 'undefined'.[39m[22m
[1m[31m[39m[22m
[1m[31m[7m15[0m       trans('user-status-types.' + user.status) | titlecase[39m[22m
[1m[31m[7m  [0m [91m                                        ~~~~~~[0m[39m[22m
[1m[31m[39m[22m
[1m[31m  [96msrc/app/modules/users/components/user-info/user-info.component.ts[0m:[93m19[0m:[93m16[0m[39m[22m
[1m[31m    [7m19[0m   templateUrl: './user-info.component.html',[39m[22m
[1m[31m    [7m  [0m [96m               ~~~~~~~~~~~~~~~~~~~~~~~~~~~~[0m[39m[22m
[1m[31m    Error occurs in the template of component UserInfoComponent.[39m[22m
[1m[31m[39m[22m
[1m[31m[39m[22m
[1m[31m[0m[91mError: [39m[31m[0m[96msrc/app/modules/users/pages/page-user-manage/page-user-manage.component.html[0m:[93m19[0m:[93m27[0m - [91merror[0m[90m TS2322: [0mType 'User | null | undefined' is not assignable to type 'User | undefined'.[39m[22m
[1m[31m  Type 'null' is not assignable to type 'User | undefined'.[39m[22m
[1m[31m[39m[22m
[1m[31m[7m19[0m           <app-user-info [user]="user$ | async"></app-user-info>[39m[22m
[1m[31m[7m  [0m [91m                          ~~~~[0m[39m[22m
[1m[31m[39m[22m
[1m[31m  [96msrc/app/modules/users/pages/page-user-manage/page-user-manage.component.ts[0m:[93m30[0m:[93m16[0m[39m[22m
[1m[31m    [7m30[0m   templateUrl: './page-user-manage.component.html',[39m[22m
[1m[31m    [7m  [0m [96m               ~~~~~~~~~~~~~~~~~~~~~~~~~~~~~~~~~~~[0m[39m[22m
[1m[31m    Error occurs in the template of component PageUserManageComponent.[39m[22m
[1m[31m[39m[22m
[1m[31m[39m[22m
[1m[31m[0m[91mError: [39m[31m[0m[96msrc/app/modules/users/pages/page-user-manage/page-user-manage.component.ts[0m:[93m35[0m:[93m12[0m - [91merror[0m[90m TS2564: [0mProperty 'id' has no initializer and is not definitely assigned in the constructor.[39m[22m
[1m[31m[39m[22m
[1m[31m[7m35[0m   @Input() id: number;[39m[22m
[1m[31m[7m  [0m [91m           ~~[0m[39m[22m
[1m[31m[39m[22m
[1m[31m[39m[22m
[1m[31m[0m[91mError: [39m[31m[0m[96msrc/app/shared/components/ui-breadcrumb/ui-breadcrumb.component.ts[0m:[93m25[0m:[93m30[0m - [91merror[0m[90m TS2564: [0mProperty 'title' has no initializer and is not definitely assigned in the constructor.[39m[22m
[1m[31m[39m[22m
[1m[31m[7m25[0m   @Input({ required: true }) title: string;[39m[22m
[1m[31m[7m  [0m [91m                             ~~~~~[0m[39m[22m
[1m[31m[39m[22m
[1m[31m[39m[22m
[1m[31m[0m[91mError: [39m[31m[0m[96msrc/app/shared/components/ui-breadcrumb/ui-breadcrumb.component.ts[0m:[39m[22m[1m[31m[93m26[0m:[93m30[0m - [91merror[0m[90m TS2564: [0mProperty 'breadcrumbs' has no initializer and is not definitely assigned in the constructor.[39m[22m
[1m[31m[39m[22m
[1m[31m[7m26[0m   @Input({ required: true }) breadcrumbs: Breadcrumb[];[39m[22m
[1m[31m[7m  [0m [91m                             ~~~~~~~~~~~[0m[39m[22m
[1m[31m[39m[22m
[1m[31m[39m[22m
[1m[31m[0m[91mError: [39m[31m[0m[96msrc/app/shared/components/ui-form-control-errors/ui-form-control-errors.component.ts[0m:[93m14[0m:[93m30[0m - [91merror[0m[90m TS2564: [0mProperty 'name' has no initializer and is not definitely assigned in the constructor.[39m[22m
[1m[31m[39m[22m
[1m[31m[7m14[0m   @Input({ required: true }) name: string;[39m[22m
[1m[31m[7m  [0m [91m                             ~~~~[0m[39m[22m
[1m[31m[39m[22m
[1m[31m[39m[22m
[1m[31m[0m[91mError: [39m[31m[0m[96msrc/app/shared/components/ui-form-control-errors/ui-form-control-errors.component.ts[0m:[93m15[0m:[93m30[0m - [91merror[0m[90m TS2564: [0mProperty 'control' has no initializer and is not definitely assigned in the constructor.[39m[22m
[1m[31m[39m[22m
[1m[31m[7m15[0m   @Input({ required: true }) control: AbstractControl;[39m[22m
[1m[31m[7m  [0m [91m                             ~~~~~~~[0m[39m[22m
[1m[31m[39m[22m
[1m[31m[39m[22m
[1m[31m[0m[91mError: [39m[31m[0m[96msrc/app/shared/components/ui-grid-date-filter/ui-grid-date-filter.component.ts[0m:[93m33[0m:[93m11[0m - [91merror[0m[90m TS2564: [0mProperty '_params' has no initializer and is not definitely assigned in the constructor.[39m[22m
[1m[31m[39m[22m
[1m[31m[7m33[0m   private _params: IFloatingFilterParams;[39m[22m
[1m[31m[7m  [0m [91m          ~~~~~~~[0m[39m[22m
[1m[31m[39m[22m
[1m[31m[39m[22m
[1m[31m[0m[91mError: [39m[31m[0m[96msrc/app/shared/components/ui-grid-date-filter/ui-grid-date-filter.component.ts[0m:[93m34[0m:[93m3[0m - [91merror[0m[90m TS2564: [0mProperty 'date' has no initializer and is not definitely assigned in the constructor.[39m[22m
[1m[31m[39m[22m
[1m[31m[7m34[0m   date: Date;[39m[22m
[1m[31m[7m  [0m [91m  ~~~~[0m[39m[22m
[1m[31m[39m[22m
[1m[31m[39m[22m
[1m[31m[0m[91mError: [39m[31m[0m[96msrc/app/shared/components/ui-grid/ui-grid.component.ts[0m:[93m38[0m:[93m42[0m - [91merror[0m[90m TS2564: [0mProperty 'agGrid' has no initializer and is not definitely assigned in the constructor.[39m[22m
[1m[31m[39m[22m
[1m[31m[7m38[0m   @ViewChild('agGrid', { static: true }) [39m[22m[1m[31magGrid: AgGridAngular;[39m[22m
[1m[31m[7m  [0m [91m                                         ~~~~~~[0m[39m[22m
[1m[31m[39m[22m
[1m[31m[39m[22m
[1m[31m[0m[91mError: [39m[31m[0m[96msrc/app/shared/components/ui-grid/ui-grid.component.ts[0m:[93m66[0m:[93m11[0m - [91merror[0m[90m TS2564: [0mProperty '_dataSource' has no initializer and is not definitely assigned in the constructor.[39m[22m
[1m[31m[39m[22m
[1m[31m[7m66[0m   private _dataSource: IDatasource;[39m[22m
[1m[31m[7m  [0m [91m          ~~~~~~~~~~~[0m[39m[22m
[1m[31m[39m[22m
[1m[31m[39m[22m
[1m[31m[0m[91mError: [39m[31m[0m[96msrc/app/shared/components/ui-grid/ui-grid.component.ts[0m:[93m107[0m:[93m9[0m - [91merror[0m[90m TS2722: [0mCannot invoke an object which is possibly 'undefined'.[39m[22m
[1m[31m[39m[22m
[1m[31m[7m107[0m         this.dataSourceCallback(urlParams)[39m[22m
[1m[31m[7m   [0m [91m        ~~~~~~~~~~~~~~~~~~~~~~~[0m[39m[22m
[1m[31m[39m[22m
[1m[31m[39m[22m
[1m[31m[0m[91mError: [39m[31m[0m[96msrc/app/shared/components/ui-template-renderer/ui-template-renderer.component.ts[0m:[93m14[0m:[93m3[0m - [91merror[0m[90m TS2564: [0mProperty 'template' has no initializer and is not definitely assigned in the constructor.[39m[22m
[1m[31m[39m[22m
[1m[31m[7m14[0m   template: TemplateRef<any>;[39m[22m
[1m[31m[7m  [0m [91m  ~~~~~~~~[0m[39m[22m
[1m[31m[39m[22m
[1m[31m[39m[22m
[1m[31m[0m[91mError: [39m[31m[0m[96msrc/app/shared/components/ui-template-renderer/ui-template-renderer.component.ts[0m:[93m15[0m:[93m3[0m - [91merror[0m[90m TS2564: [0mProperty 'templateContext' has no initializer and is not definitely assigned in the constructor.[39m[22m
[1m[31m[39m[22m
[1m[31m[7m15[0m   templateContext: { $implicit: any; params: any };[39m[22m
[1m[31m[7m  [0m [91m  ~~~~~~~~~~~~~~~[0m[39m[22m
[1m[31m[39m[22m
[1m[31m[39m[22m
[1m[31m[39m[22m
[37m[39m
[37m[91m‚úñ[39m[37m Failed to compile.[39m
[36m‚†ã[39m Generating browser application bundles...[2K[1G[36m‚†ô[39m Generating browser application bundles (phase: building)...[2K[1G[36m‚†π[39m Generating browser application bundles (phase: building)...[2K[1G[36m‚†∏[39m Generating browser application bundles (phase: sealing)...[2K[1G[32m‚úî[39m Browser application bundle generation complete.
[37m[39m
[37m[0m[1mInitial Chunk Files[22m                                                          [2m | [22m[1mNames[22m                                            [2m | [22m [1mRaw Size[22m[0m[39m
[37m[0m[92mruntime.js[39m[37m                                                                   [2m | [22mruntime                                          [2m | [22m [96m12.65 kB[39m[37m[2m | [22m[0m[39m
[37m[0m[0m[39m
[37m[0m[1mLazy Chunk Files[22m                                                             [2m | [22m[1mNames[22m                                            [2m | [22m [1mRaw Size[22m[0m[39m
[37m[0m[92msrc_app_modules_users_pages_page-user-manage_page-user-manage_component_ts.js[39m[37m[2m | [22mpages-page-user-manage-page-user-manage-component[2m | [22m[96m272.35 kB[39m[37m[2m | [22m[0m[39m
[37m[0m[0m[39m
[37m[0m7 unchanged chunks[0m[39m
[37m[0m[0m[39m
[37m[0mBuild at: [1m[37m2023-12-22T16:17:13.132Z[39m[37m[22m - Hash: [1m[37m07492f73cab2f0a1[39m[37m[22m - Time: [1m[37m717[39m[37m[22mms[0m[39m
[1m[31m[39m[22m
[1m[31m[0m[91mError: [39m[31m[0m[96msrc/app/core/interceptors/auth.interceptor.ts[0m:[93m31[0m:[93m48[0m - [91merror[0m[90m TS2345: [0mArgument of type 'string | undefined' is not assignable to parameter of type 'string'.[39m[22m
[1m[31m  Type 'undefined' is not assignable to type 'string'.[39m[22m
[1m[31m[39m[22m
[1m[31m[7m31[0m         const authRequest = this.addToken(req, accessToken);[39m[22m
[1m[31m[7m  [0m [91m                                               ~~~~~~~~~~~[0m[39m[22m
[1m[31m[39m[22m
[1m[31m[39m[22m
[1m[31m[0m[91mError: [39m[31m[0m[96msrc/app/modules/users/components/form-user/form-user.component-store.ts[0m:[93m83[0m:[93m25[0m - [91merror[0m[90m TS18049: [0m'user' is possibly 'null' or 'undefined'.[39m[22m
[1m[31m[39m[22m
[1m[31m[7m83[0m             .updateUser(user.id, formGroup.value)[39m[22m
[1m[31m[7m  [0m [91m                        ~~~~[0m[39m[22m
[1m[31m[39m[22m
[1m[31m[39m[22m
[1m[31m[0m[91mError: [39m[31m[0m[96msrc/app/modules/users/components/form-user/form-user.component-store.ts[0m:[93m87[0m:[93m44[0m - [91merror[0m[90m TS2345: [0mArgument of type 'string | undefined' is not assignable to parameter of type 'string | TemplateRef<void>'.[39m[22m
[1m[31m  Type 'undefined' is not assignable to type 'string | TemplateRef<void>'.[39m[22m
[1m[31m[39m[22m
[1m[31m[7m87[0m                   this._messageSvc.success(response.message);[39m[22m
[1m[31m[7m  [0m [91m                                           ~~~~~~~~~~~~~~~~[0m[39m[22m
[1m[31m[39m[22m
[1m[31m[39m[22m
[1m[31m[0m[91mError: [39m[31m[0m[96msrc/app/modules/users/components/table-users/table-users.component.html[0m:[93m2[0m:[93m4[0m - [91merror[0m[90m TS2322: [0mType '((qParams: any) => Observable<Response<Pagination<User | null>>>) | null' is not assignable to type '((qParams: any) => Observable<any>) | undefined'.[39m[22m
[1m[31m  Type 'null' is not assignable to type '((qParams: any) => Observable<any>) | undefined'.[39m[22m
[1m[31m[39m[22m
[1m[31m[7m2[0m   [dataSourceCallback]="dataSourceCallback$ | async"[39m[22m
[1m[31m[7m [0m [91m   ~~~~~~~~~~~~~~~~~~[0m[39m[22m
[1m[31m[39m[22m
[1m[31m  [96msrc/app/modules/users/components/table-users/table-users.component.ts[0m:[93m44[0m:[93m16[0m[39m[22m
[1m[31m    [7m44[0m   templateUrl: './table-users.component.html',[39m[22m
[1m[31m    [7m  [0m [96m               ~~~~~~~~~~~~~~~~~~~~~~~~~[39m[22m[1m[31m~~~~~[0m[39m[22m
[1m[31m    Error occurs in the template of component TableUsersComponent.[39m[22m
[1m[31m[39m[22m
[1m[31m[39m[22m
[1m[31m[0m[91mError: [39m[31m[0m[96msrc/app/modules/users/components/table-users/table-users.component.ts[0m:[93m53[0m:[93m45[0m - [91merror[0m[90m TS2564: [0mProperty 'phoneCell' has no initializer and is not definitely assigned in the constructor.[39m[22m
[1m[31m[39m[22m
[1m[31m[7m53[0m   @ViewChild('phoneCell', { static: true }) phoneCell: TemplateRef<any>;[39m[22m
[1m[31m[7m  [0m [91m                                            ~~~~~~~~~[0m[39m[22m
[1m[31m[39m[22m
[1m[31m[39m[22m
[1m[31m[0m[91mError: [39m[31m[0m[96msrc/app/modules/users/components/table-users/table-users.component.ts[0m:[93m54[0m:[93m47[0m - [91merror[0m[90m TS2564: [0mProperty 'actionsCell' has no initializer and is not definitely assigned in the constructor.[39m[22m
[1m[31m[39m[22m
[1m[31m[7m54[0m   @ViewChild('actionsCell', { static: true }) actionsCell: TemplateRef<any>;[39m[22m
[1m[31m[7m  [0m [91m                                              ~~~~~~~~~~~[0m[39m[22m
[1m[31m[39m[22m
[1m[31m[39m[22m
[1m[31m[0m[91mError: [39m[31m[0m[96msrc/app/modules/users/components/table-users/table-users.component.ts[0m:[93m55[0m:[93m46[0m - [91merror[0m[90m TS2564: [0mProperty 'statusCell' has no initializer and is not definitely assigned in the constructor.[39m[22m
[1m[31m[39m[22m
[1m[31m[7m55[0m   @ViewChild('statusCell', { static: true }) statusCell: TemplateRef<any>;[39m[22m
[1m[31m[7m  [0m [91m                                             ~~~~~~~~~~[0m[39m[22m
[1m[31m[39m[22m
[1m[31m[39m[22m
[1m[31m[0m[91mError: [39m[31m[0m[96msrc/app/modules/users/components/user-info/user-info.component.html[0m:[93m6[0m:[93m41[0m - [91merror[0m[90m TS2532: [0mObject is possibly 'undefined'.[39m[22m
[1m[31m[39m[22m
[1m[31m[7m6[0m       trans('user-status-types.' + user.status) | titlecase[39m[22m
[1m[31m[7m [0m [91m                                        ~~~~~~[0m[39m[22m
[1m[31m[39m[22m
[1m[31m  [96msrc/app/modules/users/components/user-info/user-info.component.ts[0m:[93m19[0m:[93m16[0m[39m[22m
[1m[31m    [7m19[0m   templateUrl: './user-info.component.html',[39m[22m
[1m[31m    [7m  [0m [96m               ~~~~~~~~~~~~~~~~~~~~~~~~~~~~[0m[39m[22m
[1m[31m    Error occurs in the template of component UserInfoComponent.[39m[22m
[1m[31m[39m[22m
[1m[31m[39m[22m
[1m[31m[0m[91mError: [39m[31m[0m[96msrc/app/m[39m[22m[1m[31modules/users/components/user-info/user-info.component.html[0m:[93m9[0m:[93m41[0m - [91merror[0m[90m TS2532: [0mObject is possibly 'undefined'.[39m[22m
[1m[31m[39m[22m
[1m[31m[7m9[0m       trans('user-status-types.' + user.status) | titlecase[39m[22m
[1m[31m[7m [0m [91m                                        ~~~~~~[0m[39m[22m
[1m[31m[39m[22m
[1m[31m  [96msrc/app/modules/users/components/user-info/user-info.component.ts[0m:[93m19[0m:[93m16[0m[39m[22m
[1m[31m    [7m19[0m   templateUrl: './user-info.component.html',[39m[22m
[1m[31m    [7m  [0m [96m               ~~~~~~~~~~~~~~~~~~~~~~~~~~~~[0m[39m[22m
[1m[31m    Error occurs in the template of component UserInfoComponent.[39m[22m
[1m[31m[39m[22m
[1m[31m[39m[22m
[1m[31m[0m[91mError: [39m[31m[0m[96msrc/app/modules/users/components/user-info/user-info.component.html[0m:[93m12[0m:[93m41[0m - [91merror[0m[90m TS2532: [0mObject is possibly 'undefined'.[39m[22m
[1m[31m[39m[22m
[1m[31m[7m12[0m       trans('user-status-types.' + user.status) | titlecase[39m[22m
[1m[31m[7m  [0m [91m                                        ~~~~~~[0m[39m[22m
[1m[31m[39m[22m
[1m[31m  [96msrc/app/modules/users/components/user-info/user-info.component.ts[0m:[93m19[0m:[93m16[0m[39m[22m
[1m[31m    [7m19[0m   templateUrl: './user-info.component.html',[39m[22m
[1m[31m    [7m  [0m [96m               ~~~~~~~~~~~~~~~~~~~~~~~~~~~~[0m[39m[22m
[1m[31m    Error occurs in the template of component UserInfoComponent.[39m[22m
[1m[31m[39m[22m
[1m[31m[39m[22m
[1m[31m[0m[91mError: [39m[31m[0m[96msrc/app/modules/users/components/user-info/user-info.component.html[0m:[93m15[0m:[93m41[0m - [91merror[0m[90m TS2532: [0mObject is possibly 'undefined'.[39m[22m
[1m[31m[39m[22m
[1m[31m[7m15[0m       trans('user-status-types.' + user.status) | titlecase[39m[22m
[1m[31m[7m  [0m [91m                                        ~~~~~~[0m[39m[22m
[1m[31m[39m[22m
[1m[31m  [96msrc/app/modules/users/components/user-info/user-info.component.ts[0m:[93m19[0m:[93m16[0m[39m[22m
[1m[31m    [7m19[0m   templateUrl: './user-info.component.html',[39m[22m
[1m[31m    [7m  [0m [96m               ~~~~~~~~~~~~~~~~~~~~~~~~~~~~[0m[39m[22m
[1m[31m    Error occurs in the template of component UserInfoComponent.[39m[22m
[1m[31m[39m[22m
[1m[31m[39m[22m
[1m[31m[0m[91mError: [39m[31m[0m[96msrc/app/modules/users/pages/page-user-manage/page-user-manage.component.html[0m:[93m19[0m:[93m27[0m - [91merror[0m[90m T[39m[22m[1m[31mS2322: [0mType 'User | null | undefined' is not assignable to type 'User | undefined'.[39m[22m
[1m[31m  Type 'null' is not assignable to type 'User | undefined'.[39m[22m
[1m[31m[39m[22m
[1m[31m[7m19[0m           <app-user-info [user]="user$ | async"></app-user-info>[39m[22m
[1m[31m[7m  [0m [91m                          ~~~~[0m[39m[22m
[1m[31m[39m[22m
[1m[31m  [96msrc/app/modules/users/pages/page-user-manage/page-user-manage.component.ts[0m:[93m30[0m:[93m16[0m[39m[22m
[1m[31m    [7m30[0m   templateUrl: './page-user-manage.component.html',[39m[22m
[1m[31m    [7m  [0m [96m               ~~~~~~~~~~~~~~~~~~~~~~~~~~~~~~~~~~~[0m[39m[22m
[1m[31m    Error occurs in the template of component PageUserManageComponent.[39m[22m
[1m[31m[39m[22m
[1m[31m[39m[22m
[1m[31m[0m[91mError: [39m[31m[0m[96msrc/app/modules/users/pages/page-user-manage/page-user-manage.component.ts[0m:[93m35[0m:[93m12[0m - [91merror[0m[90m TS2564: [0mProperty 'id' has no initializer and is not definitely assigned in the constructor.[39m[22m
[1m[31m[39m[22m
[1m[31m[7m35[0m   @Input() id: number;[39m[22m
[1m[31m[7m  [0m [91m           ~~[0m[39m[22m
[1m[31m[39m[22m
[1m[31m[39m[22m
[1m[31m[0m[91mError: [39m[31m[0m[96msrc/app/shared/components/ui-breadcrumb/ui-breadcrumb.component.ts[0m:[93m25[0m:[93m30[0m - [91merror[0m[90m TS2564: [0mProperty 'title' has no initializer and is not definitely assigned in the constructor.[39m[22m
[1m[31m[39m[22m
[1m[31m[7m25[0m   @Input({ required: true }) title: string;[39m[22m
[1m[31m[7m  [0m [91m                             ~~~~~[0m[39m[22m
[1m[31m[39m[22m
[1m[31m[39m[22m
[1m[31m[0m[91mError: [39m[31m[0m[96msrc/app/shared/components/ui-breadcrumb/ui-breadcrumb.component.ts[0m:[93m26[0m:[93m30[0m - [91merror[0m[90m TS2564: [0mProperty 'breadcrumbs' has no initializer and is not definitely assigned in the constructor.[39m[22m
[1m[31m[39m[22m
[1m[31m[7m26[0m   @Input({ required: true }) breadcrumbs: Breadcrumb[];[39m[22m
[1m[31m[7m  [0m [91m                             ~~~~~~~~~~~[0m[39m[22m
[1m[31m[39m[22m
[1m[31m[39m[22m
[1m[31m[0m[91mError: [39m[31m[0m[96msrc/app/shared/components/ui-form-control-errors/ui-form-control-errors.component.ts[0m:[93m14[0m:[93m30[0m - [91merror[0m[90m TS2564: [0mProperty 'name' has no initializer and is not definitely assigned in the constructor.[39m[22m
[1m[31m[39m[22m
[1m[31m[7m14[0m   @Input({ required: true }) name: string;[39m[22m
[1m[31m[7m  [0m [91m[39m[22m[1m[31m                             ~~~~[0m[39m[22m
[1m[31m[39m[22m
[1m[31m[39m[22m
[1m[31m[0m[91mError: [39m[31m[0m[96msrc/app/shared/components/ui-form-control-errors/ui-form-control-errors.component.ts[0m:[93m15[0m:[93m30[0m - [91merror[0m[90m TS2564: [0mProperty 'control' has no initializer and is not definitely assigned in the constructor.[39m[22m
[1m[31m[39m[22m
[1m[31m[7m15[0m   @Input({ required: true }) control: AbstractControl;[39m[22m
[1m[31m[7m  [0m [91m                             ~~~~~~~[0m[39m[22m
[1m[31m[39m[22m
[1m[31m[39m[22m
[1m[31m[0m[91mError: [39m[31m[0m[96msrc/app/shared/components/ui-grid-date-filter/ui-grid-date-filter.component.ts[0m:[93m33[0m:[93m11[0m - [91merror[0m[90m TS2564: [0mProperty '_params' has no initializer and is not definitely assigned in the constructor.[39m[22m
[1m[31m[39m[22m
[1m[31m[7m33[0m   private _params: IFloatingFilterParams;[39m[22m
[1m[31m[7m  [0m [91m          ~~~~~~~[0m[39m[22m
[1m[31m[39m[22m
[1m[31m[39m[22m
[1m[31m[0m[91mError: [39m[31m[0m[96msrc/app/shared/components/ui-grid-date-filter/ui-grid-date-filter.component.ts[0m:[93m34[0m:[93m3[0m - [91merror[0m[90m TS2564: [0mProperty 'date' has no initializer and is not definitely assigned in the constructor.[39m[22m
[1m[31m[39m[22m
[1m[31m[7m34[0m   date: Date;[39m[22m
[1m[31m[7m  [0m [91m  ~~~~[0m[39m[22m
[1m[31m[39m[22m
[1m[31m[39m[22m
[1m[31m[0m[91mError: [39m[31m[0m[96msrc/app/shared/components/ui-grid/ui-grid.component.ts[0m:[93m38[0m:[93m42[0m - [91merror[0m[90m TS2564: [0mProperty 'agGrid' has no initializer and is not definitely assigned in the constructor.[39m[22m
[1m[31m[39m[22m
[1m[31m[7m38[0m   @ViewChild('agGrid', { static: true }) agGrid: AgGridAngular;[39m[22m
[1m[31m[7m  [0m [91m                                         ~~~~~~[0m[39m[22m
[1m[31m[39m[22m
[1m[31m[39m[22m
[1m[31m[0m[91mError: [39m[31m[0m[96msrc/app/shared/components/ui-grid/ui-grid.component.ts[0m:[93m66[0m:[93m11[0m - [91merror[0m[90m TS2564: [0mProperty '_dataSource' has no initializer and is not definitely assigned in the constructor.[39m[22m
[1m[31m[39m[22m
[1m[31m[7m66[0m   private _dataSource: IDatasource;[39m[22m
[1m[31m[7m  [0m [91m          ~~~~~~~~~~~[0m[39m[22m
[1m[31m[39m[22m
[1m[31m[39m[22m
[1m[31m[0m[91mError: [39m[31m[0m[96msrc/app/shared/components/ui-grid/ui-grid.component.ts[0m:[93m107[0m:[93m9[0m - [91merror[0m[90m TS2722: [0mCannot invoke an object which is possibly '[39m[22m[1m[31mundefined'.[39m[22m
[1m[31m[39m[22m
[1m[31m[7m107[0m         this.dataSourceCallback(urlParams)[39m[22m
[1m[31m[7m   [0m [91m        ~~~~~~~~~~~~~~~~~~~~~~~[0m[39m[22m
[1m[31m[39m[22m
[1m[31m[39m[22m
[1m[31m[0m[91mError: [39m[31m[0m[96msrc/app/shared/components/ui-template-renderer/ui-template-renderer.component.ts[0m:[93m14[0m:[93m3[0m - [91merror[0m[90m TS2564: [0mProperty 'template' has no initializer and is not definitely assigned in the constructor.[39m[22m
[1m[31m[39m[22m
[1m[31m[7m14[0m   template: TemplateRef<any>;[39m[22m
[1m[31m[7m  [0m [91m  ~~~~~~~~[0m[39m[22m
[1m[31m[39m[22m
[1m[31m[39m[22m
[1m[31m[0m[91mError: [39m[31m[0m[96msrc/app/shared/components/ui-template-renderer/ui-template-renderer.component.ts[0m:[93m15[0m:[93m3[0m - [91merror[0m[90m TS2564: [0mProperty 'templateContext' has no initializer and is not definitely assigned in the constructor.[39m[22m
[1m[31m[39m[22m
[1m[31m[7m15[0m   templateContext: { $implicit: any; params: any };[39m[22m
[1m[31m[7m  [0m [91m  ~~~~~~~~~~~~~~~[0m[39m[22m
[1m[31m[39m[22m
[1m[31m[39m[22m
[1m[31m[39m[22m
[37m[39m
[37m[91m‚úñ[39m[37m Failed to compile.[39m
[36m‚†ã[39m Generating browser application bundles...[2K[1G[36m‚†ô[39m Generating browser application bundles (phase: building)...[2K[1G[36m‚†π[39m Generating browser application bundles (phase: building)...[2K[1G[36m‚†∏[39m Generating browser application bundles (phase: building)...[2K[1G[36m‚†º[39m Generating browser application bundles (phase: sealing)...[2K[1G[32m‚úî[39m Browser application bundle generation complete.
[37m[39m
[37m[0m[1mInitial Chunk Files[22m                                                          [2m | [22m[1mNames[22m                                            [2m | [22m [1mRaw Size[22m[0m[39m
[37m[0m[92mruntime.js[39m[37m                                                                   [2m | [22mruntime                                          [2m | [22m [96m12.65 kB[39m[37m[2m | [22m[0m[39m
[37m[0m[0m[39m
[37m[0m[1mLazy Chunk Files[22m                                                             [2m | [22m[1mNames[22m                                            [2m | [22m [1mRaw Size[22m[0m[39m
[37m[0m[92msrc_app_modules_users_pages_page-user-manage_page-user-manage_component_ts.js[39m[37m[2m | [22mpages-page-user-manage-page-user-manage-component[2m | [22m[96m272.36 kB[39m[37m[2m | [22m[0m[39m
[37m[0m[0m[39m
[37m[0m7 unchanged chunks[0m[39m
[37m[0m[0m[39m
[37m[0mBuild at: [1m[37m2023-12-22T16:18:19.356Z[39m[37m[22m - Hash: [1m[37ma22a9f7eee725200[39m[37m[22m - Time: [1m[37m1050[39m[37m[22mms[0m[39m
[1m[31m[39m[22m
[1m[31m[0m[91mError: [39m[31m[0m[96msrc/app/core/interceptors/auth.interceptor.ts[0m:[93m31[0m:[93m48[0m - [91merror[0m[90m TS2345: [0mArgument of type 'string | undefined' is not assignable to parameter of type 'string'.[39m[22m
[1m[31m  Type 'undefined' is not assignable to type 'string'.[39m[22m
[1m[31m[39m[22m
[1m[31m[7m31[0m         const authRequest = this.addToken(req, accessToken);[39m[22m
[1m[31m[7m  [0m [91m                                               ~~~~~~~~~~~[0m[39m[22m
[1m[31m[39m[22m
[1m[31m[39m[22m
[1m[31m[0m[91mError: [39m[31m[0m[96msrc/app/modules/users/components/table-users/table-users.component.html[0m:[93m2[0m:[93m4[0m - [91merror[0m[90m TS2322: [0mType '((qParams: any) => Observable<Response<Pagination<User | null>>>) | null' is not assignable to type '((qParams: any) => Observable<any>) | undefined'.[39m[22m
[1m[31m  Type 'null' is not assignable to type '((qParams: any) => Observable<any>) | undefined'.[39m[22m
[1m[31m[39m[22m
[1m[31m[7m2[0m   [dataSourceCallback]="dataSourceCallback$ | async"[39m[22m
[1m[31m[7m [0m [91m   ~~~~~~~~~~~~~~~~~~[0m[39m[22m
[1m[31m[39m[22m
[1m[31m  [96msrc/app/modules/users/components/table-users/table-users.component.ts[0m:[93m44[0m:[93m16[0m[39m[22m
[1m[31m    [7m44[0m   templateUrl: './table-users.component.html',[39m[22m
[1m[31m    [7m  [0m [96m               ~~~~~~~~~~~~~~~~~~~~~~~~~~~~~~[0m[39m[22m
[1m[31m    Error occurs in the template of component TableUsersComponent.[39m[22m
[1m[31m[39m[22m
[1m[31m[39m[22m
[1m[31m[0m[91mError: [39m[31m[0m[96msrc/app/modules/users/components/table-users/table-users.component.ts[0m:[93m53[0m:[93m45[0m - [91merror[0m[90m TS2564: [0mProperty 'phoneCell' has no initializer and is not definitely assigned in the constructor.[39m[22m
[1m[31m[39m[22m
[1m[31m[7m53[0m   @ViewChild('phoneCell', { static: true }) phoneCell: TemplateRef<any>;[39m[22m
[1m[31m[7m  [0m [91m                                            ~~~~~~~~~[0m[39m[22m
[1m[31m[39m[22m
[1m[31m[39m[22m
[1m[31m[0m[91mError: [39m[31m[0m[96msrc/app/modules/users/components/table-users/table-users.component.ts[0m:[93m54[0m:[93m47[0m - [91merror[0m[90m TS2564: [0mProperty 'actionsCell' has no initializer and is not definitely assigned in the constructor.[39m[22m
[1m[31m[39m[22m
[1m[31m[7m54[0m   @ViewChild('actionsCell', { static: true }) actionsCell: Tem[39m[22m[1m[31mplateRef<any>;[39m[22m
[1m[31m[7m  [0m [91m                                              ~~~~~~~~~~~[0m[39m[22m
[1m[31m[39m[22m
[1m[31m[39m[22m
[1m[31m[0m[91mError: [39m[31m[0m[96msrc/app/modules/users/components/table-users/table-users.component.ts[0m:[93m55[0m:[93m46[0m - [91merror[0m[90m TS2564: [0mProperty 'statusCell' has no initializer and is not definitely assigned in the constructor.[39m[22m
[1m[31m[39m[22m
[1m[31m[7m55[0m   @ViewChild('statusCell', { static: true }) statusCell: TemplateRef<any>;[39m[22m
[1m[31m[7m  [0m [91m                                             ~~~~~~~~~~[0m[39m[22m
[1m[31m[39m[22m
[1m[31m[39m[22m
[1m[31m[0m[91mError: [39m[31m[0m[96msrc/app/modules/users/components/user-info/user-info.component.html[0m:[93m6[0m:[93m41[0m - [91merror[0m[90m TS2532: [0mObject is possibly 'undefined'.[39m[22m
[1m[31m[39m[22m
[1m[31m[7m6[0m       trans('user-status-types.' + user.status) | titlecase[39m[22m
[1m[31m[7m [0m [91m                                        ~~~~~~[0m[39m[22m
[1m[31m[39m[22m
[1m[31m  [96msrc/app/modules/users/components/user-info/user-info.component.ts[0m:[93m19[0m:[93m16[0m[39m[22m
[1m[31m    [7m19[0m   templateUrl: './user-info.component.html',[39m[22m
[1m[31m    [7m  [0m [96m               ~~~~~~~~~~~~~~~~~~~~~~~~~~~~[0m[39m[22m
[1m[31m    Error occurs in the template of component UserInfoComponent.[39m[22m
[1m[31m[39m[22m
[1m[31m[39m[22m
[1m[31m[0m[91mError: [39m[31m[0m[96msrc/app/modules/users/components/user-info/user-info.component.html[0m:[93m9[0m:[93m41[0m - [91merror[0m[90m TS2532: [0mObject is possibly 'undefined'.[39m[22m
[1m[31m[39m[22m
[1m[31m[7m9[0m       trans('user-status-types.' + user.status) | titlecase[39m[22m
[1m[31m[7m [0m [91m                                        ~~~~~~[0m[39m[22m
[1m[31m[39m[22m
[1m[31m  [96msrc/app/modules/users/components/user-info/user-info.component.ts[0m:[93m19[0m:[93m16[0m[39m[22m
[1m[31m    [7m19[0m   templateUrl: './user-info.component.html',[39m[22m
[1m[31m    [7m  [0m [96m               ~~~~~~~~~~~~~~~~~~~~~~~~~~~~[0m[39m[22m
[1m[31m    Error occurs in the template of component UserInfoComponent.[39m[22m
[1m[31m[39m[22m
[1m[31m[39m[22m
[1m[31m[0m[91mError: [39m[31m[0m[96msrc/app/modules/users/components/user-info/user-info.component.html[0m:[93m12[0m:[93m41[0m - [91merror[0m[90m TS2532: [0mObject is possibly 'undefined'.[39m[22m
[1m[31m[39m[22m
[1m[31m[7m12[0m       trans('user-status-types.'[39m[22m[1m[31m + user.status) | titlecase[39m[22m
[1m[31m[7m  [0m [91m                                        ~~~~~~[0m[39m[22m
[1m[31m[39m[22m
[1m[31m  [96msrc/app/modules/users/components/user-info/user-info.component.ts[0m:[93m19[0m:[93m16[0m[39m[22m
[1m[31m    [7m19[0m   templateUrl: './user-info.component.html',[39m[22m
[1m[31m    [7m  [0m [96m               ~~~~~~~~~~~~~~~~~~~~~~~~~~~~[0m[39m[22m
[1m[31m    Error occurs in the template of component UserInfoComponent.[39m[22m
[1m[31m[39m[22m
[1m[31m[39m[22m
[1m[31m[0m[91mError: [39m[31m[0m[96msrc/app/modules/users/components/user-info/user-info.component.html[0m:[93m15[0m:[93m41[0m - [91merror[0m[90m TS2532: [0mObject is possibly 'undefined'.[39m[22m
[1m[31m[39m[22m
[1m[31m[7m15[0m       trans('user-status-types.' + user.status) | titlecase[39m[22m
[1m[31m[7m  [0m [91m                                        ~~~~~~[0m[39m[22m
[1m[31m[39m[22m
[1m[31m  [96msrc/app/modules/users/components/user-info/user-info.component.ts[0m:[93m19[0m:[93m16[0m[39m[22m
[1m[31m    [7m19[0m   templateUrl: './user-info.component.html',[39m[22m
[1m[31m    [7m  [0m [96m               ~~~~~~~~~~~~~~~~~~~~~~~~~~~~[0m[39m[22m
[1m[31m    Error occurs in the template of component UserInfoComponent.[39m[22m
[1m[31m[39m[22m
[1m[31m[39m[22m
[1m[31m[0m[91mError: [39m[31m[0m[96msrc/app/modules/users/pages/page-user-manage/page-user-manage.component.html[0m:[93m19[0m:[93m27[0m - [91merror[0m[90m TS2322: [0mType 'User | null | undefined' is not assignable to type 'User | undefined'.[39m[22m
[1m[31m  Type 'null' is not assignable to type 'User | undefined'.[39m[22m
[1m[31m[39m[22m
[1m[31m[7m19[0m           <app-user-info [user]="user$ | async"></app-user-info>[39m[22m
[1m[31m[7m  [0m [91m                          ~~~~[0m[39m[22m
[1m[31m[39m[22m
[1m[31m  [96msrc/app/modules/users/pages/page-user-manage/page-user-manage.component.ts[0m:[93m30[0m:[93m16[0m[39m[22m
[1m[31m    [7m30[0m   templateUrl: './page-user-manage.component.html',[39m[22m
[1m[31m    [7m  [0m [96m               ~~~~~~~~~~~~~~~~~~~~~~~~~~~~~~~~~~~[0m[39m[22m
[1m[31m    Error occurs in the template of component PageUserManageComponent.[39m[22m
[1m[31m[39m[22m
[1m[31m[39m[22m
[1m[31m[0m[91mError: [39m[31m[0m[96msrc/app/modules/users/pages/page-user-manage/page-user-manage.component.ts[0m:[93m35[0m:[93m12[0m - [91merror[0m[90m TS2564: [0mProperty 'id' has no initializer and is not definitel[39m[22m[1m[31my assigned in the constructor.[39m[22m
[1m[31m[39m[22m
[1m[31m[7m35[0m   @Input() id: number;[39m[22m
[1m[31m[7m  [0m [91m           ~~[0m[39m[22m
[1m[31m[39m[22m
[1m[31m[39m[22m
[1m[31m[0m[91mError: [39m[31m[0m[96msrc/app/shared/components/ui-breadcrumb/ui-breadcrumb.component.ts[0m:[93m25[0m:[93m30[0m - [91merror[0m[90m TS2564: [0mProperty 'title' has no initializer and is not definitely assigned in the constructor.[39m[22m
[1m[31m[39m[22m
[1m[31m[7m25[0m   @Input({ required: true }) title: string;[39m[22m
[1m[31m[7m  [0m [91m                             ~~~~~[0m[39m[22m
[1m[31m[39m[22m
[1m[31m[39m[22m
[1m[31m[0m[91mError: [39m[31m[0m[96msrc/app/shared/components/ui-breadcrumb/ui-breadcrumb.component.ts[0m:[93m26[0m:[93m30[0m - [91merror[0m[90m TS2564: [0mProperty 'breadcrumbs' has no initializer and is not definitely assigned in the constructor.[39m[22m
[1m[31m[39m[22m
[1m[31m[7m26[0m   @Input({ required: true }) breadcrumbs: Breadcrumb[];[39m[22m
[1m[31m[7m  [0m [91m                             ~~~~~~~~~~~[0m[39m[22m
[1m[31m[39m[22m
[1m[31m[39m[22m
[1m[31m[0m[91mError: [39m[31m[0m[96msrc/app/shared/components/ui-form-control-errors/ui-form-control-errors.component.ts[0m:[93m14[0m:[93m30[0m - [91merror[0m[90m TS2564: [0mProperty 'name' has no initializer and is not definitely assigned in the constructor.[39m[22m
[1m[31m[39m[22m
[1m[31m[7m14[0m   @Input({ required: true }) name: string;[39m[22m
[1m[31m[7m  [0m [91m                             ~~~~[0m[39m[22m
[1m[31m[39m[22m
[1m[31m[39m[22m
[1m[31m[0m[91mError: [39m[31m[0m[96msrc/app/shared/components/ui-form-control-errors/ui-form-control-errors.component.ts[0m:[93m15[0m:[93m30[0m - [91merror[0m[90m TS2564: [0mProperty 'control' has no initializer and is not definitely assigned in the constructor.[39m[22m
[1m[31m[39m[22m
[1m[31m[7m15[0m   @Input({ required: true }) control: AbstractControl;[39m[22m
[1m[31m[7m  [0m [91m                             ~~~~~~~[0m[39m[22m
[1m[31m[39m[22m
[1m[31m[39m[22m
[1m[31m[0m[91mError: [39m[31m[0m[96msrc/app/shared/components/ui-grid-date-filter/ui-grid-date-filter.component.ts[0m:[93m33[0m:[93m11[0m - [91merror[0m[90m TS2564: [0mProperty '_params' has no initializer and is not definitely assigned in the constructor.[39m[22m
[1m[31m[39m[22m
[1m[31m[7m33[0m   private _params: IFloatingFilterParams;[39m[22m
[1m[31m[7m  [0m [91m          ~~~~~~~[0m[39m[22m
[1m[31m[39m[22m
[1m[31m[39m[22m
[1m[31m[0m[91mError: [39m[31m[0m[96msrc/ap[39m[22m[1m[31mp/shared/components/ui-grid-date-filter/ui-grid-date-filter.component.ts[0m:[93m34[0m:[93m3[0m - [91merror[0m[90m TS2564: [0mProperty 'date' has no initializer and is not definitely assigned in the constructor.[39m[22m
[1m[31m[39m[22m
[1m[31m[7m34[0m   date: Date;[39m[22m
[1m[31m[7m  [0m [91m  ~~~~[0m[39m[22m
[1m[31m[39m[22m
[1m[31m[39m[22m
[1m[31m[0m[91mError: [39m[31m[0m[96msrc/app/shared/components/ui-grid/ui-grid.component.ts[0m:[93m38[0m:[93m42[0m - [91merror[0m[90m TS2564: [0mProperty 'agGrid' has no initializer and is not definitely assigned in the constructor.[39m[22m
[1m[31m[39m[22m
[1m[31m[7m38[0m   @ViewChild('agGrid', { static: true }) agGrid: AgGridAngular;[39m[22m
[1m[31m[7m  [0m [91m                                         ~~~~~~[0m[39m[22m
[1m[31m[39m[22m
[1m[31m[39m[22m
[1m[31m[0m[91mError: [39m[31m[0m[96msrc/app/shared/components/ui-grid/ui-grid.component.ts[0m:[93m66[0m:[93m11[0m - [91merror[0m[90m TS2564: [0mProperty '_dataSource' has no initializer and is not definitely assigned in the constructor.[39m[22m
[1m[31m[39m[22m
[1m[31m[7m66[0m   private _dataSource: IDatasource;[39m[22m
[1m[31m[7m  [0m [91m          ~~~~~~~~~~~[0m[39m[22m
[1m[31m[39m[22m
[1m[31m[39m[22m
[1m[31m[0m[91mError: [39m[31m[0m[96msrc/app/shared/components/ui-grid/ui-grid.component.ts[0m:[93m107[0m:[93m9[0m - [91merror[0m[90m TS2722: [0mCannot invoke an object which is possibly 'undefined'.[39m[22m
[1m[31m[39m[22m
[1m[31m[7m107[0m         this.dataSourceCallback(urlParams)[39m[22m
[1m[31m[7m   [0m [91m        ~~~~~~~~~~~~~~~~~~~~~~~[0m[39m[22m
[1m[31m[39m[22m
[1m[31m[39m[22m
[1m[31m[0m[91mError: [39m[31m[0m[96msrc/app/shared/components/ui-template-renderer/ui-template-renderer.component.ts[0m:[93m14[0m:[93m3[0m - [91merror[0m[90m TS2564: [0mProperty 'template' has no initializer and is not definitely assigned in the constructor.[39m[22m
[1m[31m[39m[22m
[1m[31m[7m14[0m   template: TemplateRef<any>;[39m[22m
[1m[31m[7m  [0m [91m  ~~~~~~~~[0m[39m[22m
[1m[31m[39m[22m
[1m[31m[39m[22m
[1m[31m[0m[91mError: [39m[31m[0m[96msrc/app/shared/components/ui-template-renderer/ui-template-renderer.component.ts[0m:[93m15[0m:[93m3[0m - [91merror[0m[90m TS2564: [0mProperty 'templateContext' has no initializer and is not definitely assigned in the constructor.[39m[22m
[1m[31m[39m[22m
[1m[31m[7m15[0m   templateContext: { $implicit: any; params: any };[39m[22m
[1m[31m[7m  [0m [91m  ~~~~~~~~~~~[39m[22m[1m[31m~~~~[0m[39m[22m
[1m[31m[39m[22m
[1m[31m[39m[22m
[1m[31m[39m[22m
[37m[39m
[37m[91m‚úñ[39m[37m Failed to compile.[39m
[36m‚†ã[39m Generating browser application bundles...[2K[1G[36m‚†ô[39m Generating browser application bundles (phase: building)...[2K[1G[36m‚†π[39m Generating browser application bundles (phase: building)...[2K[1G[36m‚†∏[39m Generating browser application bundles (phase: building)...[2K[1G[36m‚†º[39m Generating browser application bundles (phase: sealing)...[2K[1G[32m‚úî[39m Browser application bundle generation complete.
[37m[39m
[37m[0m[1mInitial Chunk Files[22m                                                          [2m | [22m[1mNames[22m                                            [2m | [22m [1mRaw Size[22m[0m[39m
[37m[0m[92mruntime.js[39m[37m                                                                   [2m | [22mruntime                                          [2m | [22m [96m12.65 kB[39m[37m[2m | [22m[0m[39m
[37m[0m[0m[39m
[37m[0m[1mLazy Chunk Files[22m                                                             [2m | [22m[1mNames[22m                                            [2m | [22m [1mRaw Size[22m[0m[39m
[37m[0m[92msrc_app_modules_users_pages_page-user-manage_page-user-manage_component_ts.js[39m[37m[2m | [22mpages-page-user-manage-page-user-manage-component[2m | [22m[96m272.36 kB[39m[37m[2m | [22m[0m[39m
[37m[0m[0m[39m
[37m[0m7 unchanged chunks[0m[39m
[37m[0m[0m[39m
[37m[0mBuild at: [1m[37m2023-12-22T16:18:30.984Z[39m[37m[22m - Hash: [1m[37m9007f41feabd1eec[39m[37m[22m - Time: [1m[37m728[39m[37m[22mms[0m[39m
[1m[31m[39m[22m
[1m[31m[0m[91mError: [39m[31m[0m[96msrc/app/core/interceptors/auth.interceptor.ts[0m:[93m31[0m:[93m48[0m - [91merror[0m[90m TS2345: [0mArgument of type 'string | undefined' is not assignable to parameter of type 'string'.[39m[22m
[1m[31m  Type 'undefined' is not assignable to type 'string'.[39m[22m
[1m[31m[39m[22m
[1m[31m[7m31[0m         const authRequest = this.addToken(req, accessToken);[39m[22m
[1m[31m[7m  [0m [91m                                               ~~~~~~~~~~~[0m[39m[22m
[1m[31m[39m[22m
[1m[31m[39m[22m
[1m[31m[0m[91mError: [39m[31m[0m[96msrc/app/modules/users/components/table-users/table-users.component.html[0m:[93m2[0m:[93m4[0m - [91merror[0m[90m TS2322: [0mType '((qParams: any) => Observable<Response<Pagination<User | null>>>) | null' is not assignable to type '((qParams: any) => Observable<any>) | undefined'.[39m[22m
[1m[31m  Type 'null' is not assignable to type '((qParams: any) => Observable<any>) | undefined'.[39m[22m
[1m[31m[39m[22m
[1m[31m[7m2[0m   [dataSourceCallback]="dataSourceCallback$ | async"[39m[22m
[1m[31m[7m [0m [91m   ~~~~~~~~~~~~~~~~~~[0m[39m[22m
[1m[31m[39m[22m
[1m[31m  [96msrc/app/modules/users/components/table-users/table-users.component.ts[0m:[93m44[0m:[93m16[0m[39m[22m
[1m[31m    [7m44[0m   templateUrl: './table-users.component.html',[39m[22m
[1m[31m    [7m  [0m [96m               ~~~~~~~~~~~~~~~~~~~~~~~~~~~~~~[0m[39m[22m
[1m[31m    Error occurs in the template of component TableUsersComponent.[39m[22m
[1m[31m[39m[22m
[1m[31m[39m[22m
[1m[31m[0m[91mError: [39m[31m[0m[96msrc/app/modules/users/components/table-users/table-users.component.ts[0m:[93m53[0m:[93m45[0m - [91merror[0m[90m TS2564: [0mProperty 'phoneCell' has no initializer and is not definitely assigned in the constructor.[39m[22m
[1m[31m[39m[22m
[1m[31m[7m53[0m   @ViewChild('phoneCell', { static: true }) phoneCell: TemplateRef<any>;[39m[22m
[1m[31m[7m  [0m [91m                                            ~~~~~~~~~[0m[39m[22m
[1m[31m[39m[22m
[1m[31m[39m[22m
[1m[31m[0m[91mError: [39m[31m[0m[96msrc/app/modules/users/components/table-users/table-users.component.ts[0m:[93m54[0m:[93m47[0m - [91merror[0m[90m TS2564: [0mProperty 'actionsCell' has no initializer and is not definitely assigned in the constructor.[39m[22m
[1m[31m[39m[22m
[1m[31m[7m54[0m   @ViewChild('actionsCell', { static: true }) actionsCell: Tem[39m[22m[1m[31mplateRef<any>;[39m[22m
[1m[31m[7m  [0m [91m                                              ~~~~~~~~~~~[0m[39m[22m
[1m[31m[39m[22m
[1m[31m[39m[22m
[1m[31m[0m[91mError: [39m[31m[0m[96msrc/app/modules/users/components/table-users/table-users.component.ts[0m:[93m55[0m:[93m46[0m - [91merror[0m[90m TS2564: [0mProperty 'statusCell' has no initializer and is not definitely assigned in the constructor.[39m[22m
[1m[31m[39m[22m
[1m[31m[7m55[0m   @ViewChild('statusCell', { static: true }) statusCell: TemplateRef<any>;[39m[22m
[1m[31m[7m  [0m [91m                                             ~~~~~~~~~~[0m[39m[22m
[1m[31m[39m[22m
[1m[31m[39m[22m
[1m[31m[0m[91mError: [39m[31m[0m[96msrc/app/modules/users/components/user-info/user-info.component.html[0m:[93m6[0m:[93m41[0m - [91merror[0m[90m TS2533: [0mObject is possibly 'null' or 'undefined'.[39m[22m
[1m[31m[39m[22m
[1m[31m[7m6[0m       trans('user-status-types.' + user.status) | titlecase[39m[22m
[1m[31m[7m [0m [91m                                        ~~~~~~[0m[39m[22m
[1m[31m[39m[22m
[1m[31m  [96msrc/app/modules/users/components/user-info/user-info.component.ts[0m:[93m19[0m:[93m16[0m[39m[22m
[1m[31m    [7m19[0m   templateUrl: './user-info.component.html',[39m[22m
[1m[31m    [7m  [0m [96m               ~~~~~~~~~~~~~~~~~~~~~~~~~~~~[0m[39m[22m
[1m[31m    Error occurs in the template of component UserInfoComponent.[39m[22m
[1m[31m[39m[22m
[1m[31m[39m[22m
[1m[31m[0m[91mError: [39m[31m[0m[96msrc/app/modules/users/components/user-info/user-info.component.html[0m:[93m9[0m:[93m41[0m - [91merror[0m[90m TS2533: [0mObject is possibly 'null' or 'undefined'.[39m[22m
[1m[31m[39m[22m
[1m[31m[7m9[0m       trans('user-status-types.' + user.status) | titlecase[39m[22m
[1m[31m[7m [0m [91m                                        ~~~~~~[0m[39m[22m
[1m[31m[39m[22m
[1m[31m  [96msrc/app/modules/users/components/user-info/user-info.component.ts[0m:[93m19[0m:[93m16[0m[39m[22m
[1m[31m    [7m19[0m   templateUrl: './user-info.component.html',[39m[22m
[1m[31m    [7m  [0m [96m               ~~~~~~~~~~~~~~~~~~~~~~~~~~~~[0m[39m[22m
[1m[31m    Error occurs in the template of component UserInfoComponent.[39m[22m
[1m[31m[39m[22m
[1m[31m[39m[22m
[1m[31m[0m[91mError: [39m[31m[0m[96msrc/app/modules/users/components/user-info/user-info.component.html[0m:[93m12[0m:[93m41[0m - [91merror[0m[90m TS2533: [0mObject is possibly 'null' or 'undefined'.[39m[22m
[1m[31m[39m[22m
[1m[31m[7m12[0m   [39m[22m[1m[31m    trans('user-status-types.' + user.status) | titlecase[39m[22m
[1m[31m[7m  [0m [91m                                        ~~~~~~[0m[39m[22m
[1m[31m[39m[22m
[1m[31m  [96msrc/app/modules/users/components/user-info/user-info.component.ts[0m:[93m19[0m:[93m16[0m[39m[22m
[1m[31m    [7m19[0m   templateUrl: './user-info.component.html',[39m[22m
[1m[31m    [7m  [0m [96m               ~~~~~~~~~~~~~~~~~~~~~~~~~~~~[0m[39m[22m
[1m[31m    Error occurs in the template of component UserInfoComponent.[39m[22m
[1m[31m[39m[22m
[1m[31m[39m[22m
[1m[31m[0m[91mError: [39m[31m[0m[96msrc/app/modules/users/components/user-info/user-info.component.html[0m:[93m15[0m:[93m41[0m - [91merror[0m[90m TS2533: [0mObject is possibly 'null' or 'undefined'.[39m[22m
[1m[31m[39m[22m
[1m[31m[7m15[0m       trans('user-status-types.' + user.status) | titlecase[39m[22m
[1m[31m[7m  [0m [91m                                        ~~~~~~[0m[39m[22m
[1m[31m[39m[22m
[1m[31m  [96msrc/app/modules/users/components/user-info/user-info.component.ts[0m:[93m19[0m:[93m16[0m[39m[22m
[1m[31m    [7m19[0m   templateUrl: './user-info.component.html',[39m[22m
[1m[31m    [7m  [0m [96m               ~~~~~~~~~~~~~~~~~~~~~~~~~~~~[0m[39m[22m
[1m[31m    Error occurs in the template of component UserInfoComponent.[39m[22m
[1m[31m[39m[22m
[1m[31m[39m[22m
[1m[31m[0m[91mError: [39m[31m[0m[96msrc/app/modules/users/pages/page-user-manage/page-user-manage.component.ts[0m:[93m35[0m:[93m12[0m - [91merror[0m[90m TS2564: [0mProperty 'id' has no initializer and is not definitely assigned in the constructor.[39m[22m
[1m[31m[39m[22m
[1m[31m[7m35[0m   @Input() id: number;[39m[22m
[1m[31m[7m  [0m [91m           ~~[0m[39m[22m
[1m[31m[39m[22m
[1m[31m[39m[22m
[1m[31m[0m[91mError: [39m[31m[0m[96msrc/app/shared/components/ui-breadcrumb/ui-breadcrumb.component.ts[0m:[93m25[0m:[93m30[0m - [91merror[0m[90m TS2564: [0mProperty 'title' has no initializer and is not definitely assigned in the constructor.[39m[22m
[1m[31m[39m[22m
[1m[31m[7m25[0m   @Input({ required: true }) title: string;[39m[22m
[1m[31m[7m  [0m [91m                             ~~~~~[0m[39m[22m
[1m[31m[39m[22m
[1m[31m[39m[22m
[1m[31m[0m[91mError: [39m[31m[0m[96msrc/app/shared/components/ui-breadcrumb/ui-breadcrumb.component.ts[0m:[93m26[0m:[93m30[0m - [91merror[0m[90m TS2564: [0mProperty 'breadcrumbs' has no initializer and is not definitely assigned in the constructor.[39m[22m
[1m[31m[39m[22m
[1m[31m[7m26[39m[22m[1m[31m[0m   @Input({ required: true }) breadcrumbs: Breadcrumb[];[39m[22m
[1m[31m[7m  [0m [91m                             ~~~~~~~~~~~[0m[39m[22m
[1m[31m[39m[22m
[1m[31m[39m[22m
[1m[31m[0m[91mError: [39m[31m[0m[96msrc/app/shared/components/ui-form-control-errors/ui-form-control-errors.component.ts[0m:[93m14[0m:[93m30[0m - [91merror[0m[90m TS2564: [0mProperty 'name' has no initializer and is not definitely assigned in the constructor.[39m[22m
[1m[31m[39m[22m
[1m[31m[7m14[0m   @Input({ required: true }) name: string;[39m[22m
[1m[31m[7m  [0m [91m                             ~~~~[0m[39m[22m
[1m[31m[39m[22m
[1m[31m[39m[22m
[1m[31m[0m[91mError: [39m[31m[0m[96msrc/app/shared/components/ui-form-control-errors/ui-form-control-errors.component.ts[0m:[93m15[0m:[93m30[0m - [91merror[0m[90m TS2564: [0mProperty 'control' has no initializer and is not definitely assigned in the constructor.[39m[22m
[1m[31m[39m[22m
[1m[31m[7m15[0m   @Input({ required: true }) control: AbstractControl;[39m[22m
[1m[31m[7m  [0m [91m                             ~~~~~~~[0m[39m[22m
[1m[31m[39m[22m
[1m[31m[39m[22m
[1m[31m[0m[91mError: [39m[31m[0m[96msrc/app/shared/components/ui-grid-date-filter/ui-grid-date-filter.component.ts[0m:[93m33[0m:[93m11[0m - [91merror[0m[90m TS2564: [0mProperty '_params' has no initializer and is not definitely assigned in the constructor.[39m[22m
[1m[31m[39m[22m
[1m[31m[7m33[0m   private _params: IFloatingFilterParams;[39m[22m
[1m[31m[7m  [0m [91m          ~~~~~~~[0m[39m[22m
[1m[31m[39m[22m
[1m[31m[39m[22m
[1m[31m[0m[91mError: [39m[31m[0m[96msrc/app/shared/components/ui-grid-date-filter/ui-grid-date-filter.component.ts[0m:[93m34[0m:[93m3[0m - [91merror[0m[90m TS2564: [0mProperty 'date' has no initializer and is not definitely assigned in the constructor.[39m[22m
[1m[31m[39m[22m
[1m[31m[7m34[0m   date: Date;[39m[22m
[1m[31m[7m  [0m [91m  ~~~~[0m[39m[22m
[1m[31m[39m[22m
[1m[31m[39m[22m
[1m[31m[0m[91mError: [39m[31m[0m[96msrc/app/shared/components/ui-grid/ui-grid.component.ts[0m:[93m38[0m:[93m42[0m - [91merror[0m[90m TS2564: [0mProperty 'agGrid' has no initializer and is not definitely assigned in the constructor.[39m[22m
[1m[31m[39m[22m
[1m[31m[7m38[0m   @ViewChild('agGrid', { static: true }) agGrid: AgGridAngular;[39m[22m
[1m[31m[7m  [0m [91m                                         ~~~~~~[0m[39m[22m
[1m[31m[39m[22m
[1m[31m[39m[22m
[1m[31m[0m[91mError: [39m[31m[0m[96msrc/app/shared/components/ui-grid/[39m[22m[1m[31mui-grid.component.ts[0m:[93m66[0m:[93m11[0m - [91merror[0m[90m TS2564: [0mProperty '_dataSource' has no initializer and is not definitely assigned in the constructor.[39m[22m
[1m[31m[39m[22m
[1m[31m[7m66[0m   private _dataSource: IDatasource;[39m[22m
[1m[31m[7m  [0m [91m          ~~~~~~~~~~~[0m[39m[22m
[1m[31m[39m[22m
[1m[31m[39m[22m
[1m[31m[0m[91mError: [39m[31m[0m[96msrc/app/shared/components/ui-grid/ui-grid.component.ts[0m:[93m107[0m:[93m9[0m - [91merror[0m[90m TS2722: [0mCannot invoke an object which is possibly 'undefined'.[39m[22m
[1m[31m[39m[22m
[1m[31m[7m107[0m         this.dataSourceCallback(urlParams)[39m[22m
[1m[31m[7m   [0m [91m        ~~~~~~~~~~~~~~~~~~~~~~~[0m[39m[22m
[1m[31m[39m[22m
[1m[31m[39m[22m
[1m[31m[0m[91mError: [39m[31m[0m[96msrc/app/shared/components/ui-template-renderer/ui-template-renderer.component.ts[0m:[93m14[0m:[93m3[0m - [91merror[0m[90m TS2564: [0mProperty 'template' has no initializer and is not definitely assigned in the constructor.[39m[22m
[1m[31m[39m[22m
[1m[31m[7m14[0m   template: TemplateRef<any>;[39m[22m
[1m[31m[7m  [0m [91m  ~~~~~~~~[0m[39m[22m
[1m[31m[39m[22m
[1m[31m[39m[22m
[1m[31m[0m[91mError: [39m[31m[0m[96msrc/app/shared/components/ui-template-renderer/ui-template-renderer.component.ts[0m:[93m15[0m:[93m3[0m - [91merror[0m[90m TS2564: [0mProperty 'templateContext' has no initializer and is not definitely assigned in the constructor.[39m[22m
[1m[31m[39m[22m
[1m[31m[7m15[0m   templateContext: { $implicit: any; params: any };[39m[22m
[1m[31m[7m  [0m [91m  ~~~~~~~~~~~~~~~[0m[39m[22m
[1m[31m[39m[22m
[1m[31m[39m[22m
[1m[31m[39m[22m
[37m[39m
[37m[91m‚úñ[39m[37m Failed to compile.[39m
[36m‚†ã[39m Generating browser application bundles...[2K[1G[36m‚†ô[39m Generating browser application bundles (phase: building)...[2K[1G[36m‚†π[39m Generating browser application bundles (phase: building)...[2K[1G[36m‚†∏[39m Generating browser application bundles (phase: sealing)...[2K[1G[32m‚úî[39m Browser application bundle generation complete.
[37m[39m
[37m[0m[1mInitial Chunk Files[22m                                                          [2m | [22m[1mNames[22m                                            [2m | [22m [1mRaw Size[22m[0m[39m
[37m[0m[92mruntime.js[39m[37m                                                                   [2m | [22mruntime                                          [2m | [22m [96m12.65 kB[39m[37m[2m | [22m[0m[39m
[37m[0m[0m[39m
[37m[0m[1mLazy Chunk Files[22m                                                             [2m | [22m[1mNames[22m                                            [2m | [22m [1mRaw Size[22m[0m[39m
[37m[0m[92msrc_app_modules_users_pages_page-user-manage_page-user-manage_component_ts.js[39m[37m[2m | [22mpages-page-user-manage-page-user-manage-component[2m | [22m[96m272.48 kB[39m[37m[2m | [22m[0m[39m
[37m[0m[0m[39m
[37m[0m7 unchanged chunks[0m[39m
[37m[0m[0m[39m
[37m[0mBuild at: [1m[37m2023-12-22T16:18:42.836Z[39m[37m[22m - Hash: [1m[37m57d995d1a7b44ca0[39m[37m[22m - Time: [1m[37m703[39m[37m[22mms[0m[39m
[1m[31m[39m[22m
[1m[31m[0m[91mError: [39m[31m[0m[96msrc/app/core/interceptors/auth.interceptor.ts[0m:[93m31[0m:[93m48[0m - [91merror[0m[90m TS2345: [0mArgument of type 'string | undefined' is not assignable to parameter of type 'string'.[39m[22m
[1m[31m  Type 'undefined' is not assignable to type 'string'.[39m[22m
[1m[31m[39m[22m
[1m[31m[7m31[0m         const authRequest = this.addToken(req, accessToken);[39m[22m
[1m[31m[7m  [0m [91m                                               ~~~~~~~~~~~[0m[39m[22m
[1m[31m[39m[22m
[1m[31m[39m[22m
[1m[31m[0m[91mError: [39m[31m[0m[96msrc/app/modules/users/components/table-users/table-users.component.html[0m:[93m2[0m:[93m4[0m - [91merror[0m[90m TS2322: [0mType '((qParams: any) => Observable<Response<Pagination<User | null>>>) | null' is not assignable to type '((qParams: any) => Observable<any>) | undefined'.[39m[22m
[1m[31m  Type 'null' is not assignable to type '((qParams: any) => Observable<any>) | undefined'.[39m[22m
[1m[31m[39m[22m
[1m[31m[7m2[0m   [dataSourceCallback]="dataSourceCallback$ | async"[39m[22m
[1m[31m[7m [0m [91m   ~~~~~~~~~~~~~~~~~~[0m[39m[22m
[1m[31m[39m[22m
[1m[31m  [96msrc/app/modules/users/components/table-users/table-users.component.ts[0m:[93m44[0m:[93m16[0m[39m[22m
[1m[31m    [7m44[0m   templateUrl: './table-users.component.html',[39m[22m
[1m[31m    [7m  [0m [96m               ~~~~~~~~~~~~~~~~~~~~~~~~~~~~~~[0m[39m[22m
[1m[31m    Error occurs in the template of component TableUsersComponent.[39m[22m
[1m[31m[39m[22m
[1m[31m[39m[22m
[1m[31m[0m[91mError: [39m[31m[0m[96msrc/app/modules/users/components/table-users/table-users.component.ts[0m:[93m53[0m:[93m45[0m - [91merror[0m[90m TS2564: [0mProperty 'phoneCell' has no initializer and is not definitely assigned in the constructor.[39m[22m
[1m[31m[39m[22m
[1m[31m[7m53[0m   @ViewChild('phoneCell', { static: true }) phoneCell: TemplateRef<any>;[39m[22m
[1m[31m[7m  [0m [91m                                            ~~~~~~~~~[0m[39m[22m
[1m[31m[39m[22m
[1m[31m[39m[22m
[1m[31m[0m[91mError: [39m[31m[0m[96msrc/app/modules/users/components/table-users/table-users.component.ts[0m:[93m54[0m:[93m47[0m - [91merror[0m[90m TS2564: [0mProperty 'actionsCell' has no initializer and is not definitely assigned in the constructor.[39m[22m
[1m[31m[39m[22m
[1m[31m[7m54[0m   @ViewChild('actionsCell', { static: true }) actionsCell: Tem[39m[22m[1m[31mplateRef<any>;[39m[22m
[1m[31m[7m  [0m [91m                                              ~~~~~~~~~~~[0m[39m[22m
[1m[31m[39m[22m
[1m[31m[39m[22m
[1m[31m[0m[91mError: [39m[31m[0m[96msrc/app/modules/users/components/table-users/table-users.component.ts[0m:[93m55[0m:[93m46[0m - [91merror[0m[90m TS2564: [0mProperty 'statusCell' has no initializer and is not definitely assigned in the constructor.[39m[22m
[1m[31m[39m[22m
[1m[31m[7m55[0m   @ViewChild('statusCell', { static: true }) statusCell: TemplateRef<any>;[39m[22m
[1m[31m[7m  [0m [91m                                             ~~~~~~~~~~[0m[39m[22m
[1m[31m[39m[22m
[1m[31m[39m[22m
[1m[31m[0m[91mError: [39m[31m[0m[96msrc/app/modules/users/pages/page-user-manage/page-user-manage.component.ts[0m:[93m35[0m:[93m12[0m - [91merror[0m[90m TS2564: [0mProperty 'id' has no initializer and is not definitely assigned in the constructor.[39m[22m
[1m[31m[39m[22m
[1m[31m[7m35[0m   @Input() id: number;[39m[22m
[1m[31m[7m  [0m [91m           ~~[0m[39m[22m
[1m[31m[39m[22m
[1m[31m[39m[22m
[1m[31m[0m[91mError: [39m[31m[0m[96msrc/app/shared/components/ui-breadcrumb/ui-breadcrumb.component.ts[0m:[93m25[0m:[93m30[0m - [91merror[0m[90m TS2564: [0mProperty 'title' has no initializer and is not definitely assigned in the constructor.[39m[22m
[1m[31m[39m[22m
[1m[31m[7m25[0m   @Input({ required: true }) title: string;[39m[22m
[1m[31m[7m  [0m [91m                             ~~~~~[0m[39m[22m
[1m[31m[39m[22m
[1m[31m[39m[22m
[1m[31m[0m[91mError: [39m[31m[0m[96msrc/app/shared/components/ui-breadcrumb/ui-breadcrumb.component.ts[0m:[93m26[0m:[93m30[0m - [91merror[0m[90m TS2564: [0mProperty 'breadcrumbs' has no initializer and is not definitely assigned in the constructor.[39m[22m
[1m[31m[39m[22m
[1m[31m[7m26[0m   @Input({ required: true }) breadcrumbs: Breadcrumb[];[39m[22m
[1m[31m[7m  [0m [91m                             ~~~~~~~~~~~[0m[39m[22m
[1m[31m[39m[22m
[1m[31m[39m[22m
[1m[31m[0m[91mError: [39m[31m[0m[96msrc/app/shared/components/ui-form-control-errors/ui-form-control-errors.component.ts[0m:[93m14[0m:[93m30[0m - [91merror[0m[90m TS2564: [0mProperty 'name' has no initializer and is not definitely assigned in the constructor.[39m[22m
[1m[31m[39m[22m
[1m[31m[7m14[0m   @Input({ required: true }) name: string;[39m[22m
[1m[31m[7m  [0m [91m                             ~~~~[0m[39m[22m
[1m[31m[39m[22m
[1m[31m[39m[22m
[1m[31m[0m[91mError: [39m[31m[0m[96msrc/app/shared/com[39m[22m[1m[31mponents/ui-form-control-errors/ui-form-control-errors.component.ts[0m:[93m15[0m:[93m30[0m - [91merror[0m[90m TS2564: [0mProperty 'control' has no initializer and is not definitely assigned in the constructor.[39m[22m
[1m[31m[39m[22m
[1m[31m[7m15[0m   @Input({ required: true }) control: AbstractControl;[39m[22m
[1m[31m[7m  [0m [91m                             ~~~~~~~[0m[39m[22m
[1m[31m[39m[22m
[1m[31m[39m[22m
[1m[31m[0m[91mError: [39m[31m[0m[96msrc/app/shared/components/ui-grid-date-filter/ui-grid-date-filter.component.ts[0m:[93m33[0m:[93m11[0m - [91merror[0m[90m TS2564: [0mProperty '_params' has no initializer and is not definitely assigned in the constructor.[39m[22m
[1m[31m[39m[22m
[1m[31m[7m33[0m   private _params: IFloatingFilterParams;[39m[22m
[1m[31m[7m  [0m [91m          ~~~~~~~[0m[39m[22m
[1m[31m[39m[22m
[1m[31m[39m[22m
[1m[31m[0m[91mError: [39m[31m[0m[96msrc/app/shared/components/ui-grid-date-filter/ui-grid-date-filter.component.ts[0m:[93m34[0m:[93m3[0m - [91merror[0m[90m TS2564: [0mProperty 'date' has no initializer and is not definitely assigned in the constructor.[39m[22m
[1m[31m[39m[22m
[1m[31m[7m34[0m   date: Date;[39m[22m
[1m[31m[7m  [0m [91m  ~~~~[0m[39m[22m
[1m[31m[39m[22m
[1m[31m[39m[22m
[1m[31m[0m[91mError: [39m[31m[0m[96msrc/app/shared/components/ui-grid/ui-grid.component.ts[0m:[93m38[0m:[93m42[0m - [91merror[0m[90m TS2564: [0mProperty 'agGrid' has no initializer and is not definitely assigned in the constructor.[39m[22m
[1m[31m[39m[22m
[1m[31m[7m38[0m   @ViewChild('agGrid', { static: true }) agGrid: AgGridAngular;[39m[22m
[1m[31m[7m  [0m [91m                                         ~~~~~~[0m[39m[22m
[1m[31m[39m[22m
[1m[31m[39m[22m
[1m[31m[0m[91mError: [39m[31m[0m[96msrc/app/shared/components/ui-grid/ui-grid.component.ts[0m:[93m66[0m:[93m11[0m - [91merror[0m[90m TS2564: [0mProperty '_dataSource' has no initializer and is not definitely assigned in the constructor.[39m[22m
[1m[31m[39m[22m
[1m[31m[7m66[0m   private _dataSource: IDatasource;[39m[22m
[1m[31m[7m  [0m [91m          ~~~~~~~~~~~[0m[39m[22m
[1m[31m[39m[22m
[1m[31m[39m[22m
[1m[31m[0m[91mError: [39m[31m[0m[96msrc/app/shared/components/ui-grid/ui-grid.component.ts[0m:[93m107[0m:[93m9[0m - [91merror[0m[90m TS2722: [0mCannot invoke an object which is possibly 'undefined'.[39m[22m
[1m[31m[39m[22m
[1m[31m[7m107[0m         this.dataSourceCallback(urlParams)[39m[22m
[1m[31m[7m   [0m [91m   [39m[22m[1m[31m     ~~~~~~~~~~~~~~~~~~~~~~~[0m[39m[22m
[1m[31m[39m[22m
[1m[31m[39m[22m
[1m[31m[0m[91mError: [39m[31m[0m[96msrc/app/shared/components/ui-template-renderer/ui-template-renderer.component.ts[0m:[93m14[0m:[93m3[0m - [91merror[0m[90m TS2564: [0mProperty 'template' has no initializer and is not definitely assigned in the constructor.[39m[22m
[1m[31m[39m[22m
[1m[31m[7m14[0m   template: TemplateRef<any>;[39m[22m
[1m[31m[7m  [0m [91m  ~~~~~~~~[0m[39m[22m
[1m[31m[39m[22m
[1m[31m[39m[22m
[1m[31m[0m[91mError: [39m[31m[0m[96msrc/app/shared/components/ui-template-renderer/ui-template-renderer.component.ts[0m:[93m15[0m:[93m3[0m - [91merror[0m[90m TS2564: [0mProperty 'templateContext' has no initializer and is not definitely assigned in the constructor.[39m[22m
[1m[31m[39m[22m
[1m[31m[7m15[0m   templateContext: { $implicit: any; params: any };[39m[22m
[1m[31m[7m  [0m [91m  ~~~~~~~~~~~~~~~[0m[39m[22m
[1m[31m[39m[22m
[1m[31m[39m[22m
[1m[31m[39m[22m
[37m[39m
[37m[91m‚úñ[39m[37m Failed to compile.[39m
[36m‚†ã[39m Generating browser application bundles...[2K[1G[36m‚†ô[39m Generating browser application bundles (phase: building)...[2K[1G[36m‚†π[39m Generating browser application bundles (phase: building)...[2K[1G[36m‚†∏[39m Generating browser application bundles (phase: building)...[2K[1G[36m‚†º[39m Generating browser application bundles (phase: building)...[2K[1G[36m‚†¥[39m Generating browser application bundles (phase: building)...[2K[1G[36m‚†¶[39m Generating browser application bundles (phase: building)...[2K[1G[36m‚†ß[39m Generating browser application bundles (phase: building)...[2K[1G[36m‚†á[39m Generating browser application bundles (phase: building)...[2K[1G[36m‚†è[39m Generating browser application bundles (phase: building)...[2K[1G[36m‚†ã[39m Generating browser application bundles (phase: building)...[2K[1G[36m‚†ô[39m Generating browser application bundles (phase: building)...[2K[1G[36m‚†π[39m Generating browser application bundles (phase: sealing)...[2K[1G[32m‚úî[39m Browser application bundle generation complete.
[37m[39m
[37m[0m[1mInitial Chunk Files[22m                                              [2m | [22m[1mNames[22m                                [2m | [22m[1mRaw Size[22m[0m[39m
[37m[0m[92mruntime.js[39m[37m                                                       [2m | [22mruntime                              [2m | [22m[96m12.65 kB[39m[37m[2m | [22m[0m[39m
[37m[0m[0m[39m
[37m[0m[1mLazy Chunk Files[22m                                                 [2m | [22m[1mNames[22m                                [2m | [22m[1mRaw Size[22m[0m[39m
[37m[0m[92msrc_app_modules_users_pages_page-users_page-users_component_ts.js[39m[37m[2m | [22mpages-page-users-page-users-component[2m | [22m [96m2.65 MB[39m[37m[2m | [22m[0m[39m
[37m[0m[0m[39m
[37m[0m7 unchanged chunks[0m[39m
[37m[0m[0m[39m
[37m[0mBuild at: [1m[37m2023-12-22T16:19:04.140Z[39m[37m[22m - Hash: [1m[37m889f32f8425cdbbf[39m[37m[22m - Time: [1m[37m2254[39m[37m[22mms[0m[39m
[1m[31m[39m[22m
[1m[31m[0m[91mError: [39m[31m[0m[96msrc/app/core/interceptors/auth.interceptor.ts[0m:[93m31[0m:[93m48[0m - [91merror[0m[90m TS2345: [0mArgument of type 'string | undefined' is not assignable to parameter of type 'string'.[39m[22m
[1m[31m  Type 'undefined' is not assignable to type 'string'.[39m[22m
[1m[31m[39m[22m
[1m[31m[7m31[0m         const authRequest = this.addToken(req, accessToken);[39m[22m
[1m[31m[7m  [0m [91m                                               ~~~~~~~~~~~[0m[39m[22m
[1m[31m[39m[22m
[1m[31m[39m[22m
[1m[31m[0m[91mError: [39m[31m[0m[96msrc/app/modules/users/components/table-users/table-users.component.html[0m:[93m2[0m:[93m4[0m - [91merror[0m[90m TS2322: [0mType '((qParams: any) => Observable<Response<Pagination<User | null>>>) | null' is not assignable to type '((qParams: any) => Observable<any>) | undefined'.[39m[22m
[1m[31m  Type 'null' is not assignable to type '((qParams: any) => Observable<any>) | undefined'.[39m[22m
[1m[31m[39m[22m
[1m[31m[7m2[0m   [dataSourceCallback]="dataSourceCallback$ | async"[39m[22m
[1m[31m[7m [0m [91m   ~~~~~~~~~~~~~~~~~~[0m[39m[22m
[1m[31m[39m[22m
[1m[31m  [96msrc/app/modules/users/components/table-users/table-users.component.ts[0m:[93m44[0m:[93m16[0m[39m[22m
[1m[31m    [7m44[0m   templateUrl: './table-users.component.html',[39m[22m
[1m[31m    [7m  [0m [96m               ~~~~~~~~~~~~~~~~~~~~~~~~~~~~~~[0m[39m[22m
[1m[31m    Error occurs in the template of component TableUsersComponent.[39m[22m
[1m[31m[39m[22m
[1m[31m[39m[22m
[1m[31m[0m[91mError: [39m[31m[0m[96msrc/app/modules/users/components/table-users/table-users.component.ts[0m:[93m53[0m:[93m45[0m - [91merror[0m[90m TS2564: [0mProperty 'phoneCell' has no initializer and is not definitely assigned in the constructor.[39m[22m
[1m[31m[39m[22m
[1m[31m[7m53[0m   @ViewChild('phoneCell', { static: true }) phoneCell: TemplateRef<any>;[39m[22m
[1m[31m[7m  [0m [91m                                            ~~~~~~~~~[0m[39m[22m
[1m[31m[39m[22m
[1m[31m[39m[22m
[1m[31m[0m[91mError: [39m[31m[0m[96msrc/app/modules/users/components/table-users/table-users.component.ts[0m:[93m54[0m:[93m47[0m - [91merror[0m[90m TS2564: [0mProperty 'actionsCell' has no initializer and is not definitely assigned in the constructor.[39m[22m
[1m[31m[39m[22m
[1m[31m[7m54[0m   @ViewChild('actionsCell', { static: true }) actionsCell: Tem[39m[22m[1m[31mplateRef<any>;[39m[22m
[1m[31m[7m  [0m [91m                                              ~~~~~~~~~~~[0m[39m[22m
[1m[31m[39m[22m
[1m[31m[39m[22m
[1m[31m[0m[91mError: [39m[31m[0m[96msrc/app/modules/users/components/table-users/table-users.component.ts[0m:[93m55[0m:[93m46[0m - [91merror[0m[90m TS2564: [0mProperty 'statusCell' has no initializer and is not definitely assigned in the constructor.[39m[22m
[1m[31m[39m[22m
[1m[31m[7m55[0m   @ViewChild('statusCell', { static: true }) statusCell: TemplateRef<any>;[39m[22m
[1m[31m[7m  [0m [91m                                             ~~~~~~~~~~[0m[39m[22m
[1m[31m[39m[22m
[1m[31m[39m[22m
[1m[31m[0m[91mError: [39m[31m[0m[96msrc/app/modules/users/pages/page-user-manage/page-user-manage.component.ts[0m:[93m35[0m:[93m12[0m - [91merror[0m[90m TS2564: [0mProperty 'id' has no initializer and is not definitely assigned in the constructor.[39m[22m
[1m[31m[39m[22m
[1m[31m[7m35[0m   @Input() id: number;[39m[22m
[1m[31m[7m  [0m [91m           ~~[0m[39m[22m
[1m[31m[39m[22m
[1m[31m[39m[22m
[1m[31m[0m[91mError: [39m[31m[0m[96msrc/app/shared/components/ui-breadcrumb/ui-breadcrumb.component.ts[0m:[93m25[0m:[93m30[0m - [91merror[0m[90m TS2564: [0mProperty 'title' has no initializer and is not definitely assigned in the constructor.[39m[22m
[1m[31m[39m[22m
[1m[31m[7m25[0m   @Input({ required: true }) title: string;[39m[22m
[1m[31m[7m  [0m [91m                             ~~~~~[0m[39m[22m
[1m[31m[39m[22m
[1m[31m[39m[22m
[1m[31m[0m[91mError: [39m[31m[0m[96msrc/app/shared/components/ui-breadcrumb/ui-breadcrumb.component.ts[0m:[93m26[0m:[93m30[0m - [91merror[0m[90m TS2564: [0mProperty 'breadcrumbs' has no initializer and is not definitely assigned in the constructor.[39m[22m
[1m[31m[39m[22m
[1m[31m[7m26[0m   @Input({ required: true }) breadcrumbs: Breadcrumb[];[39m[22m
[1m[31m[7m  [0m [91m                             ~~~~~~~~~~~[0m[39m[22m
[1m[31m[39m[22m
[1m[31m[39m[22m
[1m[31m[0m[91mError: [39m[31m[0m[96msrc/app/shared/components/ui-form-control-errors/ui-form-control-errors.component.ts[0m:[93m14[0m:[93m30[0m - [91merror[0m[90m TS2564: [0mProperty 'name' has no initializer and is not definitely assigned in the constructor.[39m[22m
[1m[31m[39m[22m
[1m[31m[7m14[0m   @Input({ required: true }) name: string;[39m[22m
[1m[31m[7m  [0m [91m                             ~~~~[0m[39m[22m
[1m[31m[39m[22m
[1m[31m[39m[22m
[1m[31m[0m[91mError: [39m[31m[0m[96msrc/app/shared/com[39m[22m[1m[31mponents/ui-form-control-errors/ui-form-control-errors.component.ts[0m:[93m15[0m:[93m30[0m - [91merror[0m[90m TS2564: [0mProperty 'control' has no initializer and is not definitely assigned in the constructor.[39m[22m
[1m[31m[39m[22m
[1m[31m[7m15[0m   @Input({ required: true }) control: AbstractControl;[39m[22m
[1m[31m[7m  [0m [91m                             ~~~~~~~[0m[39m[22m
[1m[31m[39m[22m
[1m[31m[39m[22m
[1m[31m[0m[91mError: [39m[31m[0m[96msrc/app/shared/components/ui-grid-date-filter/ui-grid-date-filter.component.ts[0m:[93m33[0m:[93m11[0m - [91merror[0m[90m TS2564: [0mProperty '_params' has no initializer and is not definitely assigned in the constructor.[39m[22m
[1m[31m[39m[22m
[1m[31m[7m33[0m   private _params: IFloatingFilterParams;[39m[22m
[1m[31m[7m  [0m [91m          ~~~~~~~[0m[39m[22m
[1m[31m[39m[22m
[1m[31m[39m[22m
[1m[31m[0m[91mError: [39m[31m[0m[96msrc/app/shared/components/ui-grid-date-filter/ui-grid-date-filter.component.ts[0m:[93m34[0m:[93m3[0m - [91merror[0m[90m TS2564: [0mProperty 'date' has no initializer and is not definitely assigned in the constructor.[39m[22m
[1m[31m[39m[22m
[1m[31m[7m34[0m   date: Date;[39m[22m
[1m[31m[7m  [0m [91m  ~~~~[0m[39m[22m
[1m[31m[39m[22m
[1m[31m[39m[22m
[1m[31m[0m[91mError: [39m[31m[0m[96msrc/app/shared/components/ui-grid/ui-grid.component.ts[0m:[93m38[0m:[93m42[0m - [91merror[0m[90m TS2564: [0mProperty 'agGrid' has no initializer and is not definitely assigned in the constructor.[39m[22m
[1m[31m[39m[22m
[1m[31m[7m38[0m   @ViewChild('agGrid', { static: true }) agGrid: AgGridAngular;[39m[22m
[1m[31m[7m  [0m [91m                                         ~~~~~~[0m[39m[22m
[1m[31m[39m[22m
[1m[31m[39m[22m
[1m[31m[0m[91mError: [39m[31m[0m[96msrc/app/shared/components/ui-grid/ui-grid.component.ts[0m:[93m66[0m:[93m11[0m - [91merror[0m[90m TS2564: [0mProperty '_dataSource' has no initializer and is not definitely assigned in the constructor.[39m[22m
[1m[31m[39m[22m
[1m[31m[7m66[0m   private _dataSource: IDatasource;[39m[22m
[1m[31m[7m  [0m [91m          ~~~~~~~~~~~[0m[39m[22m
[1m[31m[39m[22m
[1m[31m[39m[22m
[1m[31m[0m[91mError: [39m[31m[0m[96msrc/app/shared/components/ui-grid/ui-grid.component.ts[0m:[93m107[0m:[93m9[0m - [91merror[0m[90m TS2722: [0mCannot invoke an object which is possibly 'undefined'.[39m[22m
[1m[31m[39m[22m
[1m[31m[7m107[0m         this.dataSourceCallback(urlParams)[39m[22m
[1m[31m[7m   [0m [91m   [39m[22m[1m[31m     ~~~~~~~~~~~~~~~~~~~~~~~[0m[39m[22m
[1m[31m[39m[22m
[1m[31m[39m[22m
[1m[31m[0m[91mError: [39m[31m[0m[96msrc/app/shared/components/ui-template-renderer/ui-template-renderer.component.ts[0m:[93m9[0m:[93m6[0m - [91merror[0m[90m TS2322: [0mType 'TemplateRef<any> | undefined' is not assignable to type 'TemplateRef<any> | null'.[39m[22m
[1m[31m[39m[22m
[1m[31m[7m9[0m     *ngTemplateOutlet="template; context: templateContext"[39m[22m
[1m[31m[7m [0m [91m     ~~~~~~~~~~~~~~~~[0m[39m[22m
[1m[31m[39m[22m
[1m[31m[39m[22m
[1m[31m[39m[22m
[37m[39m
[37m[91m‚úñ[39m[37m Failed to compile.[39m
[36m‚†ã[39m Generating browser application bundles...[2K[1G[36m‚†ô[39m Generating browser application bundles (phase: building)...[2K[1G[36m‚†π[39m Generating browser application bundles (phase: building)...[2K[1G[36m‚†∏[39m Generating browser application bundles (phase: building)...[2K[1G[36m‚†º[39m Generating browser application bundles (phase: sealing)...[2K[1G[32m‚úî[39m Browser application bundle generation complete.
[37m[39m
[37m[0m[1mInitial Chunk Files[22m                                              [2m | [22m[1mNames[22m                                [2m | [22m[1mRaw Size[22m[0m[39m
[37m[0m[92mruntime.js[39m[37m                                                       [2m | [22mruntime                              [2m | [22m[96m12.65 kB[39m[37m[2m | [22m[0m[39m
[37m[0m[0m[39m
[37m[0m[1mLazy Chunk Files[22m                                                 [2m | [22m[1mNames[22m                                [2m | [22m[1mRaw Size[22m[0m[39m
[37m[0m[92msrc_app_modules_users_pages_page-users_page-users_component_ts.js[39m[37m[2m | [22mpages-page-users-page-users-component[2m | [22m [96m2.65 MB[39m[37m[2m | [22m[0m[39m
[37m[0m[0m[39m
[37m[0m7 unchanged chunks[0m[39m
[37m[0m[0m[39m
[37m[0mBuild at: [1m[37m2023-12-22T16:19:32.381Z[39m[37m[22m - Hash: [1m[37mf10e2661ec1ef93f[39m[37m[22m - Time: [1m[37m1223[39m[37m[22mms[0m[39m
[1m[31m[39m[22m
[1m[31m[0m[91mError: [39m[31m[0m[96msrc/app/core/interceptors/auth.interceptor.ts[0m:[93m31[0m:[93m48[0m - [91merror[0m[90m TS2345: [0mArgument of type 'string | undefined' is not assignable to parameter of type 'string'.[39m[22m
[1m[31m  Type 'undefined' is not assignable to type 'string'.[39m[22m
[1m[31m[39m[22m
[1m[31m[7m31[0m         const authRequest = this.addToken(req, accessToken);[39m[22m
[1m[31m[7m  [0m [91m                                               ~~~~~~~~~~~[0m[39m[22m
[1m[31m[39m[22m
[1m[31m[39m[22m
[1m[31m[0m[91mError: [39m[31m[0m[96msrc/app/modules/users/components/table-users/table-users.component.html[0m:[93m2[0m:[93m4[0m - [91merror[0m[90m TS2322: [0mType '((qParams: any) => Observable<Response<Pagination<User | null>>>) | null' is not assignable to type '((qParams: any) => Observable<any>) | undefined'.[39m[22m
[1m[31m  Type 'null' is not assignable to type '((qParams: any) => Observable<any>) | undefined'.[39m[22m
[1m[31m[39m[22m
[1m[31m[7m2[0m   [dataSourceCallback]="dataSourceCallback$ | async"[39m[22m
[1m[31m[7m [0m [91m   ~~~~~~~~~~~~~~~~~~[0m[39m[22m
[1m[31m[39m[22m
[1m[31m  [96msrc/app/modules/users/components/table-users/table-users.component.ts[0m:[93m44[0m:[93m16[0m[39m[22m
[1m[31m    [7m44[0m   templateUrl: './table-users.component.html',[39m[22m
[1m[31m    [7m  [0m [96m               ~~~~~~~~~~~~~~~~~~~~~~~~~~~~~~[0m[39m[22m
[1m[31m    Error occurs in the template of component TableUsersComponent.[39m[22m
[1m[31m[39m[22m
[1m[31m[39m[22m
[1m[31m[0m[91mError: [39m[31m[0m[96msrc/app/modules/users/components/table-users/table-users.component.ts[0m:[93m53[0m:[93m45[0m - [91merror[0m[90m TS2564: [0mProperty 'phoneCell' has no initializer and is not definitely assigned in the constructor.[39m[22m
[1m[31m[39m[22m
[1m[31m[7m53[0m   @ViewChild('phoneCell', { static: true }) phoneCell: TemplateRef<any>;[39m[22m
[1m[31m[7m  [0m [91m                                            ~~~~~~~~~[0m[39m[22m
[1m[31m[39m[22m
[1m[31m[39m[22m
[1m[31m[0m[91mError: [39m[31m[0m[96msrc/app/modules/users/components/table-users/table-users.component.ts[0m:[93m54[0m:[93m47[0m - [91merror[0m[90m TS2564: [0mProperty 'actionsCell' has no initializer and is not definitely assigned in the constructor.[39m[22m
[1m[31m[39m[22m
[1m[31m[7m54[0m   @ViewChild('actionsCell', { static: true }) actionsCell: Tem[39m[22m[1m[31mplateRef<any>;[39m[22m
[1m[31m[7m  [0m [91m                                              ~~~~~~~~~~~[0m[39m[22m
[1m[31m[39m[22m
[1m[31m[39m[22m
[1m[31m[0m[91mError: [39m[31m[0m[96msrc/app/modules/users/components/table-users/table-users.component.ts[0m:[93m55[0m:[93m46[0m - [91merror[0m[90m TS2564: [0mProperty 'statusCell' has no initializer and is not definitely assigned in the constructor.[39m[22m
[1m[31m[39m[22m
[1m[31m[7m55[0m   @ViewChild('statusCell', { static: true }) statusCell: TemplateRef<any>;[39m[22m
[1m[31m[7m  [0m [91m                                             ~~~~~~~~~~[0m[39m[22m
[1m[31m[39m[22m
[1m[31m[39m[22m
[1m[31m[0m[91mError: [39m[31m[0m[96msrc/app/modules/users/pages/page-user-manage/page-user-manage.component.ts[0m:[93m35[0m:[93m12[0m - [91merror[0m[90m TS2564: [0mProperty 'id' has no initializer and is not definitely assigned in the constructor.[39m[22m
[1m[31m[39m[22m
[1m[31m[7m35[0m   @Input() id: number;[39m[22m
[1m[31m[7m  [0m [91m           ~~[0m[39m[22m
[1m[31m[39m[22m
[1m[31m[39m[22m
[1m[31m[0m[91mError: [39m[31m[0m[96msrc/app/shared/components/ui-breadcrumb/ui-breadcrumb.component.ts[0m:[93m25[0m:[93m30[0m - [91merror[0m[90m TS2564: [0mProperty 'title' has no initializer and is not definitely assigned in the constructor.[39m[22m
[1m[31m[39m[22m
[1m[31m[7m25[0m   @Input({ required: true }) title: string;[39m[22m
[1m[31m[7m  [0m [91m                             ~~~~~[0m[39m[22m
[1m[31m[39m[22m
[1m[31m[39m[22m
[1m[31m[0m[91mError: [39m[31m[0m[96msrc/app/shared/components/ui-breadcrumb/ui-breadcrumb.component.ts[0m:[93m26[0m:[93m30[0m - [91merror[0m[90m TS2564: [0mProperty 'breadcrumbs' has no initializer and is not definitely assigned in the constructor.[39m[22m
[1m[31m[39m[22m
[1m[31m[7m26[0m   @Input({ required: true }) breadcrumbs: Breadcrumb[];[39m[22m
[1m[31m[7m  [0m [91m                             ~~~~~~~~~~~[0m[39m[22m
[1m[31m[39m[22m
[1m[31m[39m[22m
[1m[31m[0m[91mError: [39m[31m[0m[96msrc/app/shared/components/ui-form-control-errors/ui-form-control-errors.component.ts[0m:[93m14[0m:[93m30[0m - [91merror[0m[90m TS2564: [0mProperty 'name' has no initializer and is not definitely assigned in the constructor.[39m[22m
[1m[31m[39m[22m
[1m[31m[7m14[0m   @Input({ required: true }) name: string;[39m[22m
[1m[31m[7m  [0m [91m                             ~~~~[0m[39m[22m
[1m[31m[39m[22m
[1m[31m[39m[22m
[1m[31m[0m[91mError: [39m[31m[0m[96msrc/app/shared/com[39m[22m[1m[31mponents/ui-form-control-errors/ui-form-control-errors.component.ts[0m:[93m15[0m:[93m30[0m - [91merror[0m[90m TS2564: [0mProperty 'control' has no initializer and is not definitely assigned in the constructor.[39m[22m
[1m[31m[39m[22m
[1m[31m[7m15[0m   @Input({ required: true }) control: AbstractControl;[39m[22m
[1m[31m[7m  [0m [91m                             ~~~~~~~[0m[39m[22m
[1m[31m[39m[22m
[1m[31m[39m[22m
[1m[31m[0m[91mError: [39m[31m[0m[96msrc/app/shared/components/ui-grid-date-filter/ui-grid-date-filter.component.ts[0m:[93m33[0m:[93m11[0m - [91merror[0m[90m TS2564: [0mProperty '_params' has no initializer and is not definitely assigned in the constructor.[39m[22m
[1m[31m[39m[22m
[1m[31m[7m33[0m   private _params: IFloatingFilterParams;[39m[22m
[1m[31m[7m  [0m [91m          ~~~~~~~[0m[39m[22m
[1m[31m[39m[22m
[1m[31m[39m[22m
[1m[31m[0m[91mError: [39m[31m[0m[96msrc/app/shared/components/ui-grid-date-filter/ui-grid-date-filter.component.ts[0m:[93m34[0m:[93m3[0m - [91merror[0m[90m TS2564: [0mProperty 'date' has no initializer and is not definitely assigned in the constructor.[39m[22m
[1m[31m[39m[22m
[1m[31m[7m34[0m   date: Date;[39m[22m
[1m[31m[7m  [0m [91m  ~~~~[0m[39m[22m
[1m[31m[39m[22m
[1m[31m[39m[22m
[1m[31m[0m[91mError: [39m[31m[0m[96msrc/app/shared/components/ui-grid/ui-grid.component.ts[0m:[93m38[0m:[93m42[0m - [91merror[0m[90m TS2564: [0mProperty 'agGrid' has no initializer and is not definitely assigned in the constructor.[39m[22m
[1m[31m[39m[22m
[1m[31m[7m38[0m   @ViewChild('agGrid', { static: true }) agGrid: AgGridAngular;[39m[22m
[1m[31m[7m  [0m [91m                                         ~~~~~~[0m[39m[22m
[1m[31m[39m[22m
[1m[31m[39m[22m
[1m[31m[0m[91mError: [39m[31m[0m[96msrc/app/shared/components/ui-grid/ui-grid.component.ts[0m:[93m66[0m:[93m11[0m - [91merror[0m[90m TS2564: [0mProperty '_dataSource' has no initializer and is not definitely assigned in the constructor.[39m[22m
[1m[31m[39m[22m
[1m[31m[7m66[0m   private _dataSource: IDatasource;[39m[22m
[1m[31m[7m  [0m [91m          ~~~~~~~~~~~[0m[39m[22m
[1m[31m[39m[22m
[1m[31m[39m[22m
[1m[31m[0m[91mError: [39m[31m[0m[96msrc/app/shared/components/ui-grid/ui-grid.component.ts[0m:[93m107[0m:[93m9[0m - [91merror[0m[90m TS2722: [0mCannot invoke an object which is possibly 'undefined'.[39m[22m
[1m[31m[39m[22m
[1m[31m[7m107[0m         this.dataSourceCallback(urlParams)[39m[22m
[1m[31m[7m   [0m [91m   [39m[22m[1m[31m     ~~~~~~~~~~~~~~~~~~~~~~~[0m[39m[22m
[1m[31m[39m[22m
[1m[31m[39m[22m
[1m[31m[0m[91mError: [39m[31m[0m[96msrc/app/shared/components/ui-template-renderer/ui-template-renderer.component.ts[0m:[93m9[0m:[93m6[0m - [91merror[0m[90m TS2322: [0mType 'TemplateRef<any> | null | undefined' is not assignable to type 'TemplateRef<any> | null'.[39m[22m
[1m[31m[39m[22m
[1m[31m[7m9[0m     *ngTemplateOutlet="template; context: templateContext"[39m[22m
[1m[31m[7m [0m [91m     ~~~~~~~~~~~~~~~~[0m[39m[22m
[1m[31m[39m[22m
[1m[31m[39m[22m
[1m[31m[39m[22m
[37m[39m
[37m[91m‚úñ[39m[37m Failed to compile.[39m
[36m‚†ã[39m Generating browser application bundles...[2K[1G[36m‚†ô[39m Generating browser application bundles (phase: building)...[2K[1G[36m‚†π[39m Generating browser application bundles (phase: building)...[2K[1G[36m‚†∏[39m Generating browser application bundles (phase: building)...[2K[1G[36m‚†º[39m Generating browser application bundles (phase: sealing)...[2K[1G[32m‚úî[39m Browser application bundle generation complete.
[37m[39m
[37m[0m[1mInitial Chunk Files[22m                                              [2m | [22m[1mNames[22m                                [2m | [22m[1mRaw Size[22m[0m[39m
[37m[0m[92mruntime.js[39m[37m                                                       [2m | [22mruntime                              [2m | [22m[96m12.65 kB[39m[37m[2m | [22m[0m[39m
[37m[0m[0m[39m
[37m[0m[1mLazy Chunk Files[22m                                                 [2m | [22m[1mNames[22m                                [2m | [22m[1mRaw Size[22m[0m[39m
[37m[0m[92msrc_app_modules_users_pages_page-users_page-users_component_ts.js[39m[37m[2m | [22mpages-page-users-page-users-component[2m | [22m [96m2.65 MB[39m[37m[2m | [22m[0m[39m
[37m[0m[0m[39m
[37m[0m7 unchanged chunks[0m[39m
[37m[0m[0m[39m
[37m[0mBuild at: [1m[37m2023-12-22T16:20:03.504Z[39m[37m[22m - Hash: [1m[37md068b909195f48eb[39m[37m[22m - Time: [1m[37m1396[39m[37m[22mms[0m[39m
[1m[31m[39m[22m
[1m[31m[0m[91mError: [39m[31m[0m[96msrc/app/core/interceptors/auth.interceptor.ts[0m:[93m31[0m:[93m48[0m - [91merror[0m[90m TS2345: [0mArgument of type 'string | undefined' is not assignable to parameter of type 'string'.[39m[22m
[1m[31m  Type 'undefined' is not assignable to type 'string'.[39m[22m
[1m[31m[39m[22m
[1m[31m[7m31[0m         const authRequest = this.addToken(req, accessToken);[39m[22m
[1m[31m[7m  [0m [91m                                               ~~~~~~~~~~~[0m[39m[22m
[1m[31m[39m[22m
[1m[31m[39m[22m
[1m[31m[0m[91mError: [39m[31m[0m[96msrc/app/modules/users/components/table-users/table-users.component.html[0m:[93m2[0m:[93m4[0m - [91merror[0m[90m TS2322: [0mType '((qParams: any) => Observable<Response<Pagination<User | null>>>) | null' is not assignable to type '((qParams: any) => Observable<any>) | undefined'.[39m[22m
[1m[31m  Type 'null' is not assignable to type '((qParams: any) => Observable<any>) | undefined'.[39m[22m
[1m[31m[39m[22m
[1m[31m[7m2[0m   [dataSourceCallback]="dataSourceCallback$ | async"[39m[22m
[1m[31m[7m [0m [91m   ~~~~~~~~~~~~~~~~~~[0m[39m[22m
[1m[31m[39m[22m
[1m[31m  [96msrc/app/modules/users/components/table-users/table-users.component.ts[0m:[93m44[0m:[93m16[0m[39m[22m
[1m[31m    [7m44[0m   templateUrl: './table-users.component.html',[39m[22m
[1m[31m    [7m  [0m [96m               ~~~~~~~~~~~~~~~~~~~~~~~~~~~~~~[0m[39m[22m
[1m[31m    Error occurs in the template of component TableUsersComponent.[39m[22m
[1m[31m[39m[22m
[1m[31m[39m[22m
[1m[31m[0m[91mError: [39m[31m[0m[96msrc/app/modules/users/components/table-users/table-users.component.ts[0m:[93m53[0m:[93m45[0m - [91merror[0m[90m TS2564: [0mProperty 'phoneCell' has no initializer and is not definitely assigned in the constructor.[39m[22m
[1m[31m[39m[22m
[1m[31m[7m53[0m   @ViewChild('phoneCell', { static: true }) phoneCell: TemplateRef<any>;[39m[22m
[1m[31m[7m  [0m [91m                                            ~~~~~~~~~[0m[39m[22m
[1m[31m[39m[22m
[1m[31m[39m[22m
[1m[31m[0m[91mError: [39m[31m[0m[96msrc/app/modules/users/components/table-users/table-users.component.ts[0m:[93m54[0m:[93m47[0m - [91merror[0m[90m TS2564: [0mProperty 'actionsCell' has no initializer and is not definitely assigned in the constructor.[39m[22m
[1m[31m[39m[22m
[1m[31m[7m54[0m   @ViewChild('actionsCell', { static: true }) actionsCell: Tem[39m[22m[1m[31mplateRef<any>;[39m[22m
[1m[31m[7m  [0m [91m                                              ~~~~~~~~~~~[0m[39m[22m
[1m[31m[39m[22m
[1m[31m[39m[22m
[1m[31m[0m[91mError: [39m[31m[0m[96msrc/app/modules/users/components/table-users/table-users.component.ts[0m:[93m55[0m:[93m46[0m - [91merror[0m[90m TS2564: [0mProperty 'statusCell' has no initializer and is not definitely assigned in the constructor.[39m[22m
[1m[31m[39m[22m
[1m[31m[7m55[0m   @ViewChild('statusCell', { static: true }) statusCell: TemplateRef<any>;[39m[22m
[1m[31m[7m  [0m [91m                                             ~~~~~~~~~~[0m[39m[22m
[1m[31m[39m[22m
[1m[31m[39m[22m
[1m[31m[0m[91mError: [39m[31m[0m[96msrc/app/modules/users/pages/page-user-manage/page-user-manage.component.ts[0m:[93m35[0m:[93m12[0m - [91merror[0m[90m TS2564: [0mProperty 'id' has no initializer and is not definitely assigned in the constructor.[39m[22m
[1m[31m[39m[22m
[1m[31m[7m35[0m   @Input() id: number;[39m[22m
[1m[31m[7m  [0m [91m           ~~[0m[39m[22m
[1m[31m[39m[22m
[1m[31m[39m[22m
[1m[31m[0m[91mError: [39m[31m[0m[96msrc/app/shared/components/ui-breadcrumb/ui-breadcrumb.component.ts[0m:[93m25[0m:[93m30[0m - [91merror[0m[90m TS2564: [0mProperty 'title' has no initializer and is not definitely assigned in the constructor.[39m[22m
[1m[31m[39m[22m
[1m[31m[7m25[0m   @Input({ required: true }) title: string;[39m[22m
[1m[31m[7m  [0m [91m                             ~~~~~[0m[39m[22m
[1m[31m[39m[22m
[1m[31m[39m[22m
[1m[31m[0m[91mError: [39m[31m[0m[96msrc/app/shared/components/ui-breadcrumb/ui-breadcrumb.component.ts[0m:[93m26[0m:[93m30[0m - [91merror[0m[90m TS2564: [0mProperty 'breadcrumbs' has no initializer and is not definitely assigned in the constructor.[39m[22m
[1m[31m[39m[22m
[1m[31m[7m26[0m   @Input({ required: true }) breadcrumbs: Breadcrumb[];[39m[22m
[1m[31m[7m  [0m [91m                             ~~~~~~~~~~~[0m[39m[22m
[1m[31m[39m[22m
[1m[31m[39m[22m
[1m[31m[0m[91mError: [39m[31m[0m[96msrc/app/shared/components/ui-form-control-errors/ui-form-control-errors.component.ts[0m:[93m14[0m:[93m30[0m - [91merror[0m[90m TS2564: [0mProperty 'name' has no initializer and is not definitely assigned in the constructor.[39m[22m
[1m[31m[39m[22m
[1m[31m[7m14[0m   @Input({ required: true }) name: string;[39m[22m
[1m[31m[7m  [0m [91m                             ~~~~[0m[39m[22m
[1m[31m[39m[22m
[1m[31m[39m[22m
[1m[31m[0m[91mError: [39m[31m[0m[96msrc/app/shared/com[39m[22m[1m[31mponents/ui-form-control-errors/ui-form-control-errors.component.ts[0m:[93m15[0m:[93m30[0m - [91merror[0m[90m TS2564: [0mProperty 'control' has no initializer and is not definitely assigned in the constructor.[39m[22m
[1m[31m[39m[22m
[1m[31m[7m15[0m   @Input({ required: true }) control: AbstractControl;[39m[22m
[1m[31m[7m  [0m [91m                             ~~~~~~~[0m[39m[22m
[1m[31m[39m[22m
[1m[31m[39m[22m
[1m[31m[0m[91mError: [39m[31m[0m[96msrc/app/shared/components/ui-grid-date-filter/ui-grid-date-filter.component.ts[0m:[93m33[0m:[93m11[0m - [91merror[0m[90m TS2564: [0mProperty '_params' has no initializer and is not definitely assigned in the constructor.[39m[22m
[1m[31m[39m[22m
[1m[31m[7m33[0m   private _params: IFloatingFilterParams;[39m[22m
[1m[31m[7m  [0m [91m          ~~~~~~~[0m[39m[22m
[1m[31m[39m[22m
[1m[31m[39m[22m
[1m[31m[0m[91mError: [39m[31m[0m[96msrc/app/shared/components/ui-grid-date-filter/ui-grid-date-filter.component.ts[0m:[93m34[0m:[93m3[0m - [91merror[0m[90m TS2564: [0mProperty 'date' has no initializer and is not definitely assigned in the constructor.[39m[22m
[1m[31m[39m[22m
[1m[31m[7m34[0m   date: Date;[39m[22m
[1m[31m[7m  [0m [91m  ~~~~[0m[39m[22m
[1m[31m[39m[22m
[1m[31m[39m[22m
[1m[31m[0m[91mError: [39m[31m[0m[96msrc/app/shared/components/ui-grid/ui-grid.component.ts[0m:[93m38[0m:[93m42[0m - [91merror[0m[90m TS2564: [0mProperty 'agGrid' has no initializer and is not definitely assigned in the constructor.[39m[22m
[1m[31m[39m[22m
[1m[31m[7m38[0m   @ViewChild('agGrid', { static: true }) agGrid: AgGridAngular;[39m[22m
[1m[31m[7m  [0m [91m                                         ~~~~~~[0m[39m[22m
[1m[31m[39m[22m
[1m[31m[39m[22m
[1m[31m[0m[91mError: [39m[31m[0m[96msrc/app/shared/components/ui-grid/ui-grid.component.ts[0m:[93m66[0m:[93m11[0m - [91merror[0m[90m TS2564: [0mProperty '_dataSource' has no initializer and is not definitely assigned in the constructor.[39m[22m
[1m[31m[39m[22m
[1m[31m[7m66[0m   private _dataSource: IDatasource;[39m[22m
[1m[31m[7m  [0m [91m          ~~~~~~~~~~~[0m[39m[22m
[1m[31m[39m[22m
[1m[31m[39m[22m
[1m[31m[0m[91mError: [39m[31m[0m[96msrc/app/shared/components/ui-grid/ui-grid.component.ts[0m:[93m107[0m:[93m9[0m - [91merror[0m[90m TS2722: [0mCannot invoke an object which is possibly 'undefined'.[39m[22m
[1m[31m[39m[22m
[1m[31m[7m107[0m         this.dataSourceCallback(urlParams)[39m[22m
[1m[31m[7m   [0m [91m   [39m[22m[1m[31m     ~~~~~~~~~~~~~~~~~~~~~~~[0m[39m[22m
[1m[31m[39m[22m
[1m[31m[39m[22m
[1m[31m[0m[91mError: [39m[31m[0m[96msrc/app/shared/components/ui-template-renderer/ui-template-renderer.component.ts[0m:[93m14[0m:[93m3[0m - [91merror[0m[90m TS2564: [0mProperty 'template' has no initializer and is not definitely assigned in the constructor.[39m[22m
[1m[31m[39m[22m
[1m[31m[7m14[0m   template: TemplateRef<any> | null;[39m[22m
[1m[31m[7m  [0m [91m  ~~~~~~~~[0m[39m[22m
[1m[31m[39m[22m
[1m[31m[39m[22m
[1m[31m[0m[91mError: [39m[31m[0m[96msrc/app/shared/components/ui-template-renderer/ui-template-renderer.component.ts[0m:[93m15[0m:[93m3[0m - [91merror[0m[90m TS2564: [0mProperty 'templateContext' has no initializer and is not definitely assigned in the constructor.[39m[22m
[1m[31m[39m[22m
[1m[31m[7m15[0m   templateContext: { $implicit: any; params: any };[39m[22m
[1m[31m[7m  [0m [91m  ~~~~~~~~~~~~~~~[0m[39m[22m
[1m[31m[39m[22m
[1m[31m[39m[22m
[1m[31m[39m[22m
[37m[39m
[37m[91m‚úñ[39m[37m Failed to compile.[39m
[36m‚†ã[39m Generating browser application bundles...[2K[1G[36m‚†ô[39m Generating browser application bundles (phase: building)...[2K[1G[36m‚†π[39m Generating browser application bundles (phase: building)...[2K[1G[36m‚†∏[39m Generating browser application bundles (phase: sealing)...[2K[1G[32m‚úî[39m Browser application bundle generation complete.
[37m[39m
[37m[0m[1mInitial Chunk Files[22m                                              [2m | [22m[1mNames[22m                                [2m | [22m[1mRaw Size[22m[0m[39m
[37m[0m[92mruntime.js[39m[37m                                                       [2m | [22mruntime                              [2m | [22m[96m12.65 kB[39m[37m[2m | [22m[0m[39m
[37m[0m[0m[39m
[37m[0m[1mLazy Chunk Files[22m                                                 [2m | [22m[1mNames[22m                                [2m | [22m[1mRaw Size[22m[0m[39m
[37m[0m[92msrc_app_modules_users_pages_page-users_page-users_component_ts.js[39m[37m[2m | [22mpages-page-users-page-users-component[2m | [22m [96m2.65 MB[39m[37m[2m | [22m[0m[39m
[37m[0m[0m[39m
[37m[0m7 unchanged chunks[0m[39m
[37m[0m[0m[39m
[37m[0mBuild at: [1m[37m2023-12-22T16:20:20.993Z[39m[37m[22m - Hash: [1m[37m01120ba2197edb57[39m[37m[22m - Time: [1m[37m764[39m[37m[22mms[0m[39m
[1m[31m[39m[22m
[1m[31m[0m[91mError: [39m[31m[0m[96msrc/app/core/interceptors/auth.interceptor.ts[0m:[93m31[0m:[93m48[0m - [91merror[0m[90m TS2345: [0mArgument of type 'string | undefined' is not assignable to parameter of type 'string'.[39m[22m
[1m[31m  Type 'undefined' is not assignable to type 'string'.[39m[22m
[1m[31m[39m[22m
[1m[31m[7m31[0m         const authRequest = this.addToken(req, accessToken);[39m[22m
[1m[31m[7m  [0m [91m                                               ~~~~~~~~~~~[0m[39m[22m
[1m[31m[39m[22m
[1m[31m[39m[22m
[1m[31m[0m[91mError: [39m[31m[0m[96msrc/app/modules/users/components/table-users/table-users.component.html[0m:[93m2[0m:[93m4[0m - [91merror[0m[90m TS2322: [0mType '((qParams: any) => Observable<Response<Pagination<User | null>>>) | null' is not assignable to type '((qParams: any) => Observable<any>) | undefined'.[39m[22m
[1m[31m  Type 'null' is not assignable to type '((qParams: any) => Observable<any>) | undefined'.[39m[22m
[1m[31m[39m[22m
[1m[31m[7m2[0m   [dataSourceCallback]="dataSourceCallback$ | async"[39m[22m
[1m[31m[7m [0m [91m   ~~~~~~~~~~~~~~~~~~[0m[39m[22m
[1m[31m[39m[22m
[1m[31m  [96msrc/app/modules/users/components/table-users/table-users.component.ts[0m:[93m44[0m:[93m16[0m[39m[22m
[1m[31m    [7m44[0m   templateUrl: './table-users.component.html',[39m[22m
[1m[31m    [7m  [0m [96m               ~~~~~~~~~~~~~~~~~~~~~~~~~~~~~~[0m[39m[22m
[1m[31m    Error occurs in the template of component TableUsersComponent.[39m[22m
[1m[31m[39m[22m
[1m[31m[39m[22m
[1m[31m[0m[91mError: [39m[31m[0m[96msrc/app/modules/users/components/table-users/table-users.component.ts[0m:[93m53[0m:[93m45[0m - [91merror[0m[90m TS2564: [0mProperty 'phoneCell' has no initializer and is not definitely assigned in the constructor.[39m[22m
[1m[31m[39m[22m
[1m[31m[7m53[0m   @ViewChild('phoneCell', { static: true }) phoneCell: TemplateRef<any>;[39m[22m
[1m[31m[7m  [0m [91m                                            ~~~~~~~~~[0m[39m[22m
[1m[31m[39m[22m
[1m[31m[39m[22m
[1m[31m[0m[91mError: [39m[31m[0m[96msrc/app/modules/users/components/table-users/table-users.component.ts[0m:[93m54[0m:[93m47[0m - [91merror[0m[90m TS2564: [0mProperty 'actionsCell' has no initializer and is not definitely assigned in the constructor.[39m[22m
[1m[31m[39m[22m
[1m[31m[7m54[0m   @ViewChild('actionsCell', { static: true }) actionsCell: Tem[39m[22m[1m[31mplateRef<any>;[39m[22m
[1m[31m[7m  [0m [91m                                              ~~~~~~~~~~~[0m[39m[22m
[1m[31m[39m[22m
[1m[31m[39m[22m
[1m[31m[0m[91mError: [39m[31m[0m[96msrc/app/modules/users/components/table-users/table-users.component.ts[0m:[93m55[0m:[93m46[0m - [91merror[0m[90m TS2564: [0mProperty 'statusCell' has no initializer and is not definitely assigned in the constructor.[39m[22m
[1m[31m[39m[22m
[1m[31m[7m55[0m   @ViewChild('statusCell', { static: true }) statusCell: TemplateRef<any>;[39m[22m
[1m[31m[7m  [0m [91m                                             ~~~~~~~~~~[0m[39m[22m
[1m[31m[39m[22m
[1m[31m[39m[22m
[1m[31m[0m[91mError: [39m[31m[0m[96msrc/app/modules/users/pages/page-user-manage/page-user-manage.component.ts[0m:[93m35[0m:[93m12[0m - [91merror[0m[90m TS2564: [0mProperty 'id' has no initializer and is not definitely assigned in the constructor.[39m[22m
[1m[31m[39m[22m
[1m[31m[7m35[0m   @Input() id: number;[39m[22m
[1m[31m[7m  [0m [91m           ~~[0m[39m[22m
[1m[31m[39m[22m
[1m[31m[39m[22m
[1m[31m[0m[91mError: [39m[31m[0m[96msrc/app/shared/components/ui-breadcrumb/ui-breadcrumb.component.ts[0m:[93m25[0m:[93m30[0m - [91merror[0m[90m TS2564: [0mProperty 'title' has no initializer and is not definitely assigned in the constructor.[39m[22m
[1m[31m[39m[22m
[1m[31m[7m25[0m   @Input({ required: true }) title: string;[39m[22m
[1m[31m[7m  [0m [91m                             ~~~~~[0m[39m[22m
[1m[31m[39m[22m
[1m[31m[39m[22m
[1m[31m[0m[91mError: [39m[31m[0m[96msrc/app/shared/components/ui-breadcrumb/ui-breadcrumb.component.ts[0m:[93m26[0m:[93m30[0m - [91merror[0m[90m TS2564: [0mProperty 'breadcrumbs' has no initializer and is not definitely assigned in the constructor.[39m[22m
[1m[31m[39m[22m
[1m[31m[7m26[0m   @Input({ required: true }) breadcrumbs: Breadcrumb[];[39m[22m
[1m[31m[7m  [0m [91m                             ~~~~~~~~~~~[0m[39m[22m
[1m[31m[39m[22m
[1m[31m[39m[22m
[1m[31m[0m[91mError: [39m[31m[0m[96msrc/app/shared/components/ui-form-control-errors/ui-form-control-errors.component.ts[0m:[93m14[0m:[93m30[0m - [91merror[0m[90m TS2564: [0mProperty 'name' has no initializer and is not definitely assigned in the constructor.[39m[22m
[1m[31m[39m[22m
[1m[31m[7m14[0m   @Input({ required: true }) name: string;[39m[22m
[1m[31m[7m  [0m [91m                             ~~~~[0m[39m[22m
[1m[31m[39m[22m
[1m[31m[39m[22m
[1m[31m[0m[91mError: [39m[31m[0m[96msrc/app/shared/com[39m[22m[1m[31mponents/ui-form-control-errors/ui-form-control-errors.component.ts[0m:[93m15[0m:[93m30[0m - [91merror[0m[90m TS2564: [0mProperty 'control' has no initializer and is not definitely assigned in the constructor.[39m[22m
[1m[31m[39m[22m
[1m[31m[7m15[0m   @Input({ required: true }) control: AbstractControl;[39m[22m
[1m[31m[7m  [0m [91m                             ~~~~~~~[0m[39m[22m
[1m[31m[39m[22m
[1m[31m[39m[22m
[1m[31m[0m[91mError: [39m[31m[0m[96msrc/app/shared/components/ui-grid-date-filter/ui-grid-date-filter.component.ts[0m:[93m33[0m:[93m11[0m - [91merror[0m[90m TS2564: [0mProperty '_params' has no initializer and is not definitely assigned in the constructor.[39m[22m
[1m[31m[39m[22m
[1m[31m[7m33[0m   private _params: IFloatingFilterParams;[39m[22m
[1m[31m[7m  [0m [91m          ~~~~~~~[0m[39m[22m
[1m[31m[39m[22m
[1m[31m[39m[22m
[1m[31m[0m[91mError: [39m[31m[0m[96msrc/app/shared/components/ui-grid-date-filter/ui-grid-date-filter.component.ts[0m:[93m34[0m:[93m3[0m - [91merror[0m[90m TS2564: [0mProperty 'date' has no initializer and is not definitely assigned in the constructor.[39m[22m
[1m[31m[39m[22m
[1m[31m[7m34[0m   date: Date;[39m[22m
[1m[31m[7m  [0m [91m  ~~~~[0m[39m[22m
[1m[31m[39m[22m
[1m[31m[39m[22m
[1m[31m[0m[91mError: [39m[31m[0m[96msrc/app/shared/components/ui-grid/ui-grid.component.ts[0m:[93m38[0m:[93m42[0m - [91merror[0m[90m TS2564: [0mProperty 'agGrid' has no initializer and is not definitely assigned in the constructor.[39m[22m
[1m[31m[39m[22m
[1m[31m[7m38[0m   @ViewChild('agGrid', { static: true }) agGrid: AgGridAngular;[39m[22m
[1m[31m[7m  [0m [91m                                         ~~~~~~[0m[39m[22m
[1m[31m[39m[22m
[1m[31m[39m[22m
[1m[31m[0m[91mError: [39m[31m[0m[96msrc/app/shared/components/ui-grid/ui-grid.component.ts[0m:[93m66[0m:[93m11[0m - [91merror[0m[90m TS2564: [0mProperty '_dataSource' has no initializer and is not definitely assigned in the constructor.[39m[22m
[1m[31m[39m[22m
[1m[31m[7m66[0m   private _dataSource: IDatasource;[39m[22m
[1m[31m[7m  [0m [91m          ~~~~~~~~~~~[0m[39m[22m
[1m[31m[39m[22m
[1m[31m[39m[22m
[1m[31m[0m[91mError: [39m[31m[0m[96msrc/app/shared/components/ui-grid/ui-grid.component.ts[0m:[93m107[0m:[93m9[0m - [91merror[0m[90m TS2722: [0mCannot invoke an object which is possibly 'undefined'.[39m[22m
[1m[31m[39m[22m
[1m[31m[7m107[0m         this.dataSourceCallback(urlParams)[39m[22m
[1m[31m[7m   [0m [91m   [39m[22m[1m[31m     ~~~~~~~~~~~~~~~~~~~~~~~[0m[39m[22m
[1m[31m[39m[22m
[1m[31m[39m[22m
[1m[31m[39m[22m
[37m[39m
[37m[91m‚úñ[39m[37m Failed to compile.[39m
[36m‚†ã[39m Generating browser application bundles...[2K[1G[36m‚†ô[39m Generating browser application bundles (phase: building)...[2K[1G[36m‚†π[39m Generating browser application bundles (phase: building)...[2K[1G[36m‚†∏[39m Generating browser application bundles (phase: building)...[2K[1G[36m‚†º[39m Generating browser application bundles (phase: sealing)...[2K[1G[32m‚úî[39m Browser application bundle generation complete.
[37m[39m
[37m[0m[1mInitial Chunk Files[22m                                              [2m | [22m[1mNames[22m                                [2m | [22m[1mRaw Size[22m[0m[39m
[37m[0m[92mruntime.js[39m[37m                                                       [2m | [22mruntime                              [2m | [22m[96m12.65 kB[39m[37m[2m | [22m[0m[39m
[37m[0m[0m[39m
[37m[0m[1mLazy Chunk Files[22m                                                 [2m | [22m[1mNames[22m                                [2m | [22m[1mRaw Size[22m[0m[39m
[37m[0m[92msrc_app_modules_users_pages_page-users_page-users_component_ts.js[39m[37m[2m | [22mpages-page-users-page-users-component[2m | [22m [96m2.65 MB[39m[37m[2m | [22m[0m[39m
[37m[0m[0m[39m
[37m[0m7 unchanged chunks[0m[39m
[37m[0m[0m[39m
[37m[0mBuild at: [1m[37m2023-12-22T16:21:06.915Z[39m[37m[22m - Hash: [1m[37mb1d9350634dacedf[39m[37m[22m - Time: [1m[37m1337[39m[37m[22mms[0m[39m
[1m[31m[39m[22m
[1m[31m[0m[91mError: [39m[31m[0m[96msrc/app/core/interceptors/auth.interceptor.ts[0m:[93m31[0m:[93m48[0m - [91merror[0m[90m TS2345: [0mArgument of type 'string | undefined' is not assignable to parameter of type 'string'.[39m[22m
[1m[31m  Type 'undefined' is not assignable to type 'string'.[39m[22m
[1m[31m[39m[22m
[1m[31m[7m31[0m         const authRequest = this.addToken(req, accessToken);[39m[22m
[1m[31m[7m  [0m [91m                                               ~~~~~~~~~~~[0m[39m[22m
[1m[31m[39m[22m
[1m[31m[39m[22m
[1m[31m[0m[91mError: [39m[31m[0m[96msrc/app/modules/users/components/table-users/table-users.component.html[0m:[93m2[0m:[93m4[0m - [91merror[0m[90m TS2322: [0mType '((qParams: any) => Observable<Response<Pagination<User | null>>>) | null' is not assignable to type '((qParams: any) => Observable<any>) | undefined'.[39m[22m
[1m[31m  Type 'null' is not assignable to type '((qParams: any) => Observable<any>) | undefined'.[39m[22m
[1m[31m[39m[22m
[1m[31m[7m2[0m   [dataSourceCallback]="dataSourceCallback$ | async"[39m[22m
[1m[31m[7m [0m [91m   ~~~~~~~~~~~~~~~~~~[0m[39m[22m
[1m[31m[39m[22m
[1m[31m  [96msrc/app/modules/users/components/table-users/table-users.component.ts[0m:[93m44[0m:[93m16[0m[39m[22m
[1m[31m    [7m44[0m   templateUrl: './table-users.component.html',[39m[22m
[1m[31m    [7m  [0m [96m               ~~~~~~~~~~~~~~~~~~~~~~~~~~~~~~[0m[39m[22m
[1m[31m    Error occurs in the template of component TableUsersComponent.[39m[22m
[1m[31m[39m[22m
[1m[31m[39m[22m
[1m[31m[0m[91mError: [39m[31m[0m[96msrc/app/modules/users/components/table-users/table-users.component.ts[0m:[93m53[0m:[93m45[0m - [91merror[0m[90m TS2564: [0mProperty 'phoneCell' has no initializer and is not definitely assigned in the constructor.[39m[22m
[1m[31m[39m[22m
[1m[31m[7m53[0m   @ViewChild('phoneCell', { static: true }) phoneCell: TemplateRef<any>;[39m[22m
[1m[31m[7m  [0m [91m                                            ~~~~~~~~~[0m[39m[22m
[1m[31m[39m[22m
[1m[31m[39m[22m
[1m[31m[0m[91mError: [39m[31m[0m[96msrc/app/modules/users/components/table-users/table-users.component.ts[0m:[93m54[0m:[93m47[0m - [91merror[0m[90m TS2564: [0mProperty 'actionsCell' has no initializer and is not definitely assigned in the constructor.[39m[22m
[1m[31m[39m[22m
[1m[31m[7m54[0m   @ViewChild('actionsCell', { static: true }) actionsCell: Tem[39m[22m[1m[31mplateRef<any>;[39m[22m
[1m[31m[7m  [0m [91m                                              ~~~~~~~~~~~[0m[39m[22m
[1m[31m[39m[22m
[1m[31m[39m[22m
[1m[31m[0m[91mError: [39m[31m[0m[96msrc/app/modules/users/components/table-users/table-users.component.ts[0m:[93m55[0m:[93m46[0m - [91merror[0m[90m TS2564: [0mProperty 'statusCell' has no initializer and is not definitely assigned in the constructor.[39m[22m
[1m[31m[39m[22m
[1m[31m[7m55[0m   @ViewChild('statusCell', { static: true }) statusCell: TemplateRef<any>;[39m[22m
[1m[31m[7m  [0m [91m                                             ~~~~~~~~~~[0m[39m[22m
[1m[31m[39m[22m
[1m[31m[39m[22m
[1m[31m[0m[91mError: [39m[31m[0m[96msrc/app/modules/users/pages/page-user-manage/page-user-manage.component.ts[0m:[93m35[0m:[93m12[0m - [91merror[0m[90m TS2564: [0mProperty 'id' has no initializer and is not definitely assigned in the constructor.[39m[22m
[1m[31m[39m[22m
[1m[31m[7m35[0m   @Input() id: number;[39m[22m
[1m[31m[7m  [0m [91m           ~~[0m[39m[22m
[1m[31m[39m[22m
[1m[31m[39m[22m
[1m[31m[0m[91mError: [39m[31m[0m[96msrc/app/shared/components/ui-breadcrumb/ui-breadcrumb.component.ts[0m:[93m25[0m:[93m30[0m - [91merror[0m[90m TS2564: [0mProperty 'title' has no initializer and is not definitely assigned in the constructor.[39m[22m
[1m[31m[39m[22m
[1m[31m[7m25[0m   @Input({ required: true }) title: string;[39m[22m
[1m[31m[7m  [0m [91m                             ~~~~~[0m[39m[22m
[1m[31m[39m[22m
[1m[31m[39m[22m
[1m[31m[0m[91mError: [39m[31m[0m[96msrc/app/shared/components/ui-breadcrumb/ui-breadcrumb.component.ts[0m:[93m26[0m:[93m30[0m - [91merror[0m[90m TS2564: [0mProperty 'breadcrumbs' has no initializer and is not definitely assigned in the constructor.[39m[22m
[1m[31m[39m[22m
[1m[31m[7m26[0m   @Input({ required: true }) breadcrumbs: Breadcrumb[];[39m[22m
[1m[31m[7m  [0m [91m                             ~~~~~~~~~~~[0m[39m[22m
[1m[31m[39m[22m
[1m[31m[39m[22m
[1m[31m[0m[91mError: [39m[31m[0m[96msrc/app/shared/components/ui-form-control-errors/ui-form-control-errors.component.ts[0m:[93m14[0m:[93m30[0m - [91merror[0m[90m TS2564: [0mProperty 'name' has no initializer and is not definitely assigned in the constructor.[39m[22m
[1m[31m[39m[22m
[1m[31m[7m14[0m   @Input({ required: true }) name: string;[39m[22m
[1m[31m[7m  [0m [91m                             ~~~~[0m[39m[22m
[1m[31m[39m[22m
[1m[31m[39m[22m
[1m[31m[0m[91mError: [39m[31m[0m[96msrc/app/shared/com[39m[22m[1m[31mponents/ui-form-control-errors/ui-form-control-errors.component.ts[0m:[93m15[0m:[93m30[0m - [91merror[0m[90m TS2564: [0mProperty 'control' has no initializer and is not definitely assigned in the constructor.[39m[22m
[1m[31m[39m[22m
[1m[31m[7m15[0m   @Input({ required: true }) control: AbstractControl;[39m[22m
[1m[31m[7m  [0m [91m                             ~~~~~~~[0m[39m[22m
[1m[31m[39m[22m
[1m[31m[39m[22m
[1m[31m[0m[91mError: [39m[31m[0m[96msrc/app/shared/components/ui-grid-date-filter/ui-grid-date-filter.component.ts[0m:[93m33[0m:[93m11[0m - [91merror[0m[90m TS2564: [0mProperty '_params' has no initializer and is not definitely assigned in the constructor.[39m[22m
[1m[31m[39m[22m
[1m[31m[7m33[0m   private _params: IFloatingFilterParams;[39m[22m
[1m[31m[7m  [0m [91m          ~~~~~~~[0m[39m[22m
[1m[31m[39m[22m
[1m[31m[39m[22m
[1m[31m[0m[91mError: [39m[31m[0m[96msrc/app/shared/components/ui-grid-date-filter/ui-grid-date-filter.component.ts[0m:[93m34[0m:[93m3[0m - [91merror[0m[90m TS2564: [0mProperty 'date' has no initializer and is not definitely assigned in the constructor.[39m[22m
[1m[31m[39m[22m
[1m[31m[7m34[0m   date: Date;[39m[22m
[1m[31m[7m  [0m [91m  ~~~~[0m[39m[22m
[1m[31m[39m[22m
[1m[31m[39m[22m
[1m[31m[39m[22m
[37m[39m
[37m[91m‚úñ[39m[37m Failed to compile.[39m
[36m‚†ã[39m Generating browser application bundles...[2K[1G[36m‚†ô[39m Generating browser application bundles (phase: building)...[2K[1G[36m‚†π[39m Generating browser application bundles (phase: building)...[2K[1G[36m‚†∏[39m Generating browser application bundles (phase: building)...[2K[1G[36m‚†º[39m Generating browser application bundles (phase: sealing)...[2K[1G[36m‚†¥[39m Generating browser application bundles (phase: sealing)...[2K[1G[32m‚úî[39m Browser application bundle generation complete.
[37m[39m
[37m[0m[1mInitial Chunk Files[22m                                              [2m | [22m[1mNames[22m                                [2m | [22m[1mRaw Size[22m[0m[39m
[37m[0m[92mruntime.js[39m[37m                                                       [2m | [22mruntime                              [2m | [22m[96m12.65 kB[39m[37m[2m | [22m[0m[39m
[37m[0m[0m[39m
[37m[0m[1mLazy Chunk Files[22m                                                 [2m | [22m[1mNames[22m                                [2m | [22m[1mRaw Size[22m[0m[39m
[37m[0m[92msrc_app_modules_users_pages_page-users_page-users_component_ts.js[39m[37m[2m | [22mpages-page-users-page-users-component[2m | [22m [96m2.65 MB[39m[37m[2m | [22m[0m[39m
[37m[0m[0m[39m
[37m[0m7 unchanged chunks[0m[39m
[37m[0m[0m[39m
[37m[0mBuild at: [1m[37m2023-12-22T16:23:19.827Z[39m[37m[22m - Hash: [1m[37m3d241535d9a87d23[39m[37m[22m - Time: [1m[37m1360[39m[37m[22mms[0m[39m
[1m[31m[39m[22m
[1m[31m[0m[91mError: [39m[31m[0m[96msrc/app/core/interceptors/auth.interceptor.ts[0m:[93m31[0m:[93m48[0m - [91merror[0m[90m TS2345: [0mArgument of type 'string | undefined' is not assignable to parameter of type 'string'.[39m[22m
[1m[31m  Type 'undefined' is not assignable to type 'string'.[39m[22m
[1m[31m[39m[22m
[1m[31m[7m31[0m         const authRequest = this.addToken(req, accessToken);[39m[22m
[1m[31m[7m  [0m [91m                                               ~~~~~~~~~~~[0m[39m[22m
[1m[31m[39m[22m
[1m[31m[39m[22m
[1m[31m[0m[91mError: [39m[31m[0m[96msrc/app/modules/users/components/table-users/table-users.component.html[0m:[93m2[0m:[93m4[0m - [91merror[0m[90m TS2322: [0mType '((qParams: any) => Observable<Response<Pagination<User | null>>>) | null' is not assignable to type '((qParams: any) => Observable<any>) | undefined'.[39m[22m
[1m[31m  Type 'null' is not assignable to type '((qParams: any) => Observable<any>) | undefined'.[39m[22m
[1m[31m[39m[22m
[1m[31m[7m2[0m   [dataSourceCallback]="dataSourceCallback$ | async"[39m[22m
[1m[31m[7m [0m [91m   ~~~~~~~~~~~~~~~~~~[0m[39m[22m
[1m[31m[39m[22m
[1m[31m  [96msrc/app/modules/users/components/table-users/table-users.component.ts[0m:[93m44[0m:[93m16[0m[39m[22m
[1m[31m    [7m44[0m   templateUrl: './table-users.component.html',[39m[22m
[1m[31m    [7m  [0m [96m               ~~~~~~~~~~~~~~~~~~~~~~~~~~~~~~[0m[39m[22m
[1m[31m    Error occurs in the template of component TableUsersComponent.[39m[22m
[1m[31m[39m[22m
[1m[31m[39m[22m
[1m[31m[0m[91mError: [39m[31m[0m[96msrc/app/modules/users/components/table-users/table-users.component.ts[0m:[93m53[0m:[93m45[0m - [91merror[0m[90m TS2564: [0mProperty 'phoneCell' has no initializer and is not definitely assigned in the constructor.[39m[22m
[1m[31m[39m[22m
[1m[31m[7m53[0m   @ViewChild('phoneCell', { static: true }) phoneCell: TemplateRef<any>;[39m[22m
[1m[31m[7m  [0m [91m                                            ~~~~~~~~~[0m[39m[22m
[1m[31m[39m[22m
[1m[31m[39m[22m
[1m[31m[0m[91mError: [39m[31m[0m[96msrc/app/modules/users/components/table-users/table-users.component.ts[0m:[93m54[0m:[93m47[0m - [91merror[0m[90m TS2564: [0mProperty 'actionsCell' has no initializer and is not definitely assigned in the constructor.[39m[22m
[1m[31m[39m[22m
[1m[31m[7m54[0m   @ViewChild('actionsCell', { static: true }) actionsCell: Tem[39m[22m[1m[31mplateRef<any>;[39m[22m
[1m[31m[7m  [0m [91m                                              ~~~~~~~~~~~[0m[39m[22m
[1m[31m[39m[22m
[1m[31m[39m[22m
[1m[31m[0m[91mError: [39m[31m[0m[96msrc/app/modules/users/components/table-users/table-users.component.ts[0m:[93m55[0m:[93m46[0m - [91merror[0m[90m TS2564: [0mProperty 'statusCell' has no initializer and is not definitely assigned in the constructor.[39m[22m
[1m[31m[39m[22m
[1m[31m[7m55[0m   @ViewChild('statusCell', { static: true }) statusCell: TemplateRef<any>;[39m[22m
[1m[31m[7m  [0m [91m                                             ~~~~~~~~~~[0m[39m[22m
[1m[31m[39m[22m
[1m[31m[39m[22m
[1m[31m[0m[91mError: [39m[31m[0m[96msrc/app/modules/users/pages/page-user-manage/page-user-manage.component.ts[0m:[93m35[0m:[93m12[0m - [91merror[0m[90m TS2564: [0mProperty 'id' has no initializer and is not definitely assigned in the constructor.[39m[22m
[1m[31m[39m[22m
[1m[31m[7m35[0m   @Input() id: number;[39m[22m
[1m[31m[7m  [0m [91m           ~~[0m[39m[22m
[1m[31m[39m[22m
[1m[31m[39m[22m
[1m[31m[0m[91mError: [39m[31m[0m[96msrc/app/shared/components/ui-breadcrumb/ui-breadcrumb.component.ts[0m:[93m25[0m:[93m30[0m - [91merror[0m[90m TS2564: [0mProperty 'title' has no initializer and is not definitely assigned in the constructor.[39m[22m
[1m[31m[39m[22m
[1m[31m[7m25[0m   @Input({ required: true }) title: string;[39m[22m
[1m[31m[7m  [0m [91m                             ~~~~~[0m[39m[22m
[1m[31m[39m[22m
[1m[31m[39m[22m
[1m[31m[0m[91mError: [39m[31m[0m[96msrc/app/shared/components/ui-breadcrumb/ui-breadcrumb.component.ts[0m:[93m26[0m:[93m30[0m - [91merror[0m[90m TS2564: [0mProperty 'breadcrumbs' has no initializer and is not definitely assigned in the constructor.[39m[22m
[1m[31m[39m[22m
[1m[31m[7m26[0m   @Input({ required: true }) breadcrumbs: Breadcrumb[];[39m[22m
[1m[31m[7m  [0m [91m                             ~~~~~~~~~~~[0m[39m[22m
[1m[31m[39m[22m
[1m[31m[39m[22m
[1m[31m[0m[91mError: [39m[31m[0m[96msrc/app/shared/components/ui-form-control-errors/ui-form-control-errors.component.ts[0m:[93m14[0m:[93m30[0m - [91merror[0m[90m TS2564: [0mProperty 'name' has no initializer and is not definitely assigned in the constructor.[39m[22m
[1m[31m[39m[22m
[1m[31m[7m14[0m   @Input({ required: true }) name: string;[39m[22m
[1m[31m[7m  [0m [91m                             ~~~~[0m[39m[22m
[1m[31m[39m[22m
[1m[31m[39m[22m
[1m[31m[0m[91mError: [39m[31m[0m[96msrc/app/shared/com[39m[22m[1m[31mponents/ui-form-control-errors/ui-form-control-errors.component.ts[0m:[93m15[0m:[93m30[0m - [91merror[0m[90m TS2564: [0mProperty 'control' has no initializer and is not definitely assigned in the constructor.[39m[22m
[1m[31m[39m[22m
[1m[31m[7m15[0m   @Input({ required: true }) control: AbstractControl;[39m[22m
[1m[31m[7m  [0m [91m                             ~~~~~~~[0m[39m[22m
[1m[31m[39m[22m
[1m[31m[39m[22m
[1m[31m[0m[91mError: [39m[31m[0m[96msrc/app/shared/components/ui-grid-date-filter/ui-grid-date-filter.component.ts[0m:[93m33[0m:[93m11[0m - [91merror[0m[90m TS2564: [0mProperty '_params' has no initializer and is not definitely assigned in the constructor.[39m[22m
[1m[31m[39m[22m
[1m[31m[7m33[0m   private _params: IFloatingFilterParams;[39m[22m
[1m[31m[7m  [0m [91m          ~~~~~~~[0m[39m[22m
[1m[31m[39m[22m
[1m[31m[39m[22m
[1m[31m[0m[91mError: [39m[31m[0m[96msrc/app/shared/components/ui-grid-date-filter/ui-grid-date-filter.component.ts[0m:[93m34[0m:[93m3[0m - [91merror[0m[90m TS2564: [0mProperty 'date' has no initializer and is not definitely assigned in the constructor.[39m[22m
[1m[31m[39m[22m
[1m[31m[7m34[0m   date: Date;[39m[22m
[1m[31m[7m  [0m [91m  ~~~~[0m[39m[22m
[1m[31m[39m[22m
[1m[31m[39m[22m
[1m[31m[39m[22m
[37m[39m
[37m[91m‚úñ[39m[37m Failed to compile.[39m
[36m‚†ã[39m Generating browser application bundles...[2K[1G[36m‚†ô[39m Generating browser application bundles (phase: building)...[2K[1G[36m‚†π[39m Generating browser application bundles (phase: building)...[2K[1G[36m‚†∏[39m Generating browser application bundles (phase: building)...[2K[1G[36m‚†º[39m Generating browser application bundles (phase: sealing)...[2K[1G[32m‚úî[39m Browser application bundle generation complete.
[37m[39m
[37m[0m[1mInitial Chunk Files[22m                                              [2m | [22m[1mNames[22m                                [2m | [22m[1mRaw Size[22m[0m[39m
[37m[0m[92mruntime.js[39m[37m                                                       [2m | [22mruntime                              [2m | [22m[96m12.65 kB[39m[37m[2m | [22m[0m[39m
[37m[0m[0m[39m
[37m[0m[1mLazy Chunk Files[22m                                                 [2m | [22m[1mNames[22m                                [2m | [22m[1mRaw Size[22m[0m[39m
[37m[0m[92msrc_app_modules_users_pages_page-users_page-users_component_ts.js[39m[37m[2m | [22mpages-page-users-page-users-component[2m | [22m [96m2.65 MB[39m[37m[2m | [22m[0m[39m
[37m[0m[0m[39m
[37m[0m7 unchanged chunks[0m[39m
[37m[0m[0m[39m
[37m[0mBuild at: [1m[37m2023-12-22T16:24:11.213Z[39m[37m[22m - Hash: [1m[37m7795f8e67aabc591[39m[37m[22m - Time: [1m[37m1257[39m[37m[22mms[0m[39m
[1m[31m[39m[22m
[1m[31m[0m[91mError: [39m[31m[0m[96msrc/app/core/interceptors/auth.interceptor.ts[0m:[93m31[0m:[93m48[0m - [91merror[0m[90m TS2345: [0mArgument of type 'string | undefined' is not assignable to parameter of type 'string'.[39m[22m
[1m[31m  Type 'undefined' is not assignable to type 'string'.[39m[22m
[1m[31m[39m[22m
[1m[31m[7m31[0m         const authRequest = this.addToken(req, accessToken);[39m[22m
[1m[31m[7m  [0m [91m                                               ~~~~~~~~~~~[0m[39m[22m
[1m[31m[39m[22m
[1m[31m[39m[22m
[1m[31m[0m[91mError: [39m[31m[0m[96msrc/app/modules/users/components/table-users/table-users.component.html[0m:[93m2[0m:[93m4[0m - [91merror[0m[90m TS2322: [0mType '((qParams: any) => Observable<Response<Pagination<User | null>>>) | null' is not assignable to type '((qParams: any) => Observable<any>) | undefined'.[39m[22m
[1m[31m  Type 'null' is not assignable to type '((qParams: any) => Observable<any>) | undefined'.[39m[22m
[1m[31m[39m[22m
[1m[31m[7m2[0m   [dataSourceCallback]="dataSourceCallback$ | async"[39m[22m
[1m[31m[7m [0m [91m   ~~~~~~~~~~~~~~~~~~[0m[39m[22m
[1m[31m[39m[22m
[1m[31m  [96msrc/app/modules/users/components/table-users/table-users.component.ts[0m:[93m44[0m:[93m16[0m[39m[22m
[1m[31m    [7m44[0m   templateUrl: './table-users.component.html',[39m[22m
[1m[31m    [7m  [0m [96m               ~~~~~~~~~~~~~~~~~~~~~~~~~~~~~~[0m[39m[22m
[1m[31m    Error occurs in the template of component TableUsersComponent.[39m[22m
[1m[31m[39m[22m
[1m[31m[39m[22m
[1m[31m[0m[91mError: [39m[31m[0m[96msrc/app/modules/users/components/table-users/table-users.component.ts[0m:[93m53[0m:[93m45[0m - [91merror[0m[90m TS2564: [0mProperty 'phoneCell' has no initializer and is not definitely assigned in the constructor.[39m[22m
[1m[31m[39m[22m
[1m[31m[7m53[0m   @ViewChild('phoneCell', { static: true }) phoneCell: TemplateRef<any>;[39m[22m
[1m[31m[7m  [0m [91m                                            ~~~~~~~~~[0m[39m[22m
[1m[31m[39m[22m
[1m[31m[39m[22m
[1m[31m[0m[91mError: [39m[31m[0m[96msrc/app/modules/users/components/table-users/table-users.component.ts[0m:[93m54[0m:[93m47[0m - [91merror[0m[90m TS2564: [0mProperty 'actionsCell' has no initializer and is not definitely assigned in the constructor.[39m[22m
[1m[31m[39m[22m
[1m[31m[7m54[0m   @ViewChild('actionsCell', { static: true }) actionsCell: Tem[39m[22m[1m[31mplateRef<any>;[39m[22m
[1m[31m[7m  [0m [91m                                              ~~~~~~~~~~~[0m[39m[22m
[1m[31m[39m[22m
[1m[31m[39m[22m
[1m[31m[0m[91mError: [39m[31m[0m[96msrc/app/modules/users/components/table-users/table-users.component.ts[0m:[93m55[0m:[93m46[0m - [91merror[0m[90m TS2564: [0mProperty 'statusCell' has no initializer and is not definitely assigned in the constructor.[39m[22m
[1m[31m[39m[22m
[1m[31m[7m55[0m   @ViewChild('statusCell', { static: true }) statusCell: TemplateRef<any>;[39m[22m
[1m[31m[7m  [0m [91m                                             ~~~~~~~~~~[0m[39m[22m
[1m[31m[39m[22m
[1m[31m[39m[22m
[1m[31m[0m[91mError: [39m[31m[0m[96msrc/app/modules/users/pages/page-user-manage/page-user-manage.component.ts[0m:[93m35[0m:[93m12[0m - [91merror[0m[90m TS2564: [0mProperty 'id' has no initializer and is not definitely assigned in the constructor.[39m[22m
[1m[31m[39m[22m
[1m[31m[7m35[0m   @Input() id: number;[39m[22m
[1m[31m[7m  [0m [91m           ~~[0m[39m[22m
[1m[31m[39m[22m
[1m[31m[39m[22m
[1m[31m[0m[91mError: [39m[31m[0m[96msrc/app/shared/components/ui-breadcrumb/ui-breadcrumb.component.ts[0m:[93m25[0m:[93m30[0m - [91merror[0m[90m TS2564: [0mProperty 'title' has no initializer and is not definitely assigned in the constructor.[39m[22m
[1m[31m[39m[22m
[1m[31m[7m25[0m   @Input({ required: true }) title: string;[39m[22m
[1m[31m[7m  [0m [91m                             ~~~~~[0m[39m[22m
[1m[31m[39m[22m
[1m[31m[39m[22m
[1m[31m[0m[91mError: [39m[31m[0m[96msrc/app/shared/components/ui-breadcrumb/ui-breadcrumb.component.ts[0m:[93m26[0m:[93m30[0m - [91merror[0m[90m TS2564: [0mProperty 'breadcrumbs' has no initializer and is not definitely assigned in the constructor.[39m[22m
[1m[31m[39m[22m
[1m[31m[7m26[0m   @Input({ required: true }) breadcrumbs: Breadcrumb[];[39m[22m
[1m[31m[7m  [0m [91m                             ~~~~~~~~~~~[0m[39m[22m
[1m[31m[39m[22m
[1m[31m[39m[22m
[1m[31m[0m[91mError: [39m[31m[0m[96msrc/app/shared/components/ui-form-control-errors/ui-form-control-errors.component.ts[0m:[93m14[0m:[93m30[0m - [91merror[0m[90m TS2564: [0mProperty 'name' has no initializer and is not definitely assigned in the constructor.[39m[22m
[1m[31m[39m[22m
[1m[31m[7m14[0m   @Input({ required: true }) name: string;[39m[22m
[1m[31m[7m  [0m [91m                             ~~~~[0m[39m[22m
[1m[31m[39m[22m
[1m[31m[39m[22m
[1m[31m[0m[91mError: [39m[31m[0m[96msrc/app/shared/com[39m[22m[1m[31mponents/ui-form-control-errors/ui-form-control-errors.component.ts[0m:[93m15[0m:[93m30[0m - [91merror[0m[90m TS2564: [0mProperty 'control' has no initializer and is not definitely assigned in the constructor.[39m[22m
[1m[31m[39m[22m
[1m[31m[7m15[0m   @Input({ required: true }) control: AbstractControl;[39m[22m
[1m[31m[7m  [0m [91m                             ~~~~~~~[0m[39m[22m
[1m[31m[39m[22m
[1m[31m[39m[22m
[1m[31m[39m[22m
[37m[39m
[37m[91m‚úñ[39m[37m Failed to compile.[39m
[36m‚†ã[39m Generating browser application bundles...[2K[1G[36m‚†ô[39m Generating browser application bundles (phase: building)...[2K[1G[36m‚†π[39m Generating browser application bundles (phase: building)...[2K[1G[36m‚†∏[39m Generating browser application bundles (phase: building)...[2K[1G[36m‚†º[39m Generating browser application bundles (phase: sealing)...[2K[1G[32m‚úî[39m Browser application bundle generation complete.
[37m[39m
[37m[0m[1mInitial Chunk Files[22m[2m | [22m[1mNames[22m  [2m | [22m[1mRaw Size[22m[0m[39m
[37m[0m[92mmain.js[39m[37m            [2m | [22mmain   [2m | [22m[96m89.59 kB[39m[37m[2m | [22m[0m[39m
[37m[0m[92mruntime.js[39m[37m         [2m | [22mruntime[2m | [22m[96m12.65 kB[39m[37m[2m | [22m[0m[39m
[37m[0m[0m[39m
[37m[0m7 unchanged chunks[0m[39m
[37m[0m[0m[39m
[37m[0mBuild at: [1m[37m2023-12-22T16:24:24.606Z[39m[37m[22m - Hash: [1m[37m784449ce12b0b107[39m[37m[22m - Time: [1m[37m1047[39m[37m[22mms[0m[39m
[1m[31m[39m[22m
[1m[31m[0m[91mError: [39m[31m[0m[96msrc/app/core/interceptors/auth.interceptor.ts[0m:[93m31[0m:[93m48[0m - [91merror[0m[90m TS2345: [0mArgument of type 'string | undefined' is not assignable to parameter of type 'string'.[39m[22m
[1m[31m  Type 'undefined' is not assignable to type 'string'.[39m[22m
[1m[31m[39m[22m
[1m[31m[7m31[0m         const authRequest = this.addToken(req, accessToken);[39m[22m
[1m[31m[7m  [0m [91m                                               ~~~~~~~~~~~[0m[39m[22m
[1m[31m[39m[22m
[1m[31m[39m[22m
[1m[31m[0m[91mError: [39m[31m[0m[96msrc/app/modules/users/components/table-users/table-users.component.html[0m:[93m2[0m:[93m4[0m - [91merror[0m[90m TS2322: [0mType '((qParams: any) => Observable<Response<Pagination<User | null>>>) | null' is not assignable to type '((qParams: any) => Observable<any>) | undefined'.[39m[22m
[1m[31m  Type 'null' is not assignable to type '((qParams: any) => Observable<any>) | undefined'.[39m[22m
[1m[31m[39m[22m
[1m[31m[7m2[0m   [dataSourceCallback]="dataSourceCallback$ | async"[39m[22m
[1m[31m[7m [0m [91m   ~~~~~~~~~~~~~~~~~~[0m[39m[22m
[1m[31m[39m[22m
[1m[31m  [96msrc/app/modules/users/components/table-users/table-users.component.ts[0m:[93m44[0m:[93m16[0m[39m[22m
[1m[31m    [7m44[0m   templateUrl: './table-users.component.html',[39m[22m
[1m[31m    [7m  [0m [96m               ~~~~~~~~~~~~~~~~~~~~~~~~~~~~~~[0m[39m[22m
[1m[31m    Error occurs in the template of component TableUsersComponent.[39m[22m
[1m[31m[39m[22m
[1m[31m[39m[22m
[1m[31m[0m[91mError: [39m[31m[0m[96msrc/app/modules/users/components/table-users/table-users.component.ts[0m:[93m53[0m:[93m45[0m - [91merror[0m[90m TS2564: [0mProperty 'phoneCell' has no initializer and is not definitely assigned in the constructor.[39m[22m
[1m[31m[39m[22m
[1m[31m[7m53[0m   @ViewChild('phoneCell', { static: true }) phoneCell: TemplateRef<any>;[39m[22m
[1m[31m[7m  [0m [91m                                            ~~~~~~~~~[0m[39m[22m
[1m[31m[39m[22m
[1m[31m[39m[22m
[1m[31m[0m[91mError: [39m[31m[0m[96msrc/app/modules/users/components/table-users/table-users.component.ts[0m:[93m54[0m:[93m47[0m - [91merror[0m[90m TS2564: [0mProperty 'actionsCell' has no initializer and is not definitely assigned in the constructor.[39m[22m
[1m[31m[39m[22m
[1m[31m[7m54[0m   @ViewChild('actionsCell', { static: true }) actionsCell: Tem[39m[22m[1m[31mplateRef<any>;[39m[22m
[1m[31m[7m  [0m [91m                                              ~~~~~~~~~~~[0m[39m[22m
[1m[31m[39m[22m
[1m[31m[39m[22m
[1m[31m[0m[91mError: [39m[31m[0m[96msrc/app/modules/users/components/table-users/table-users.component.ts[0m:[93m55[0m:[93m46[0m - [91merror[0m[90m TS2564: [0mProperty 'statusCell' has no initializer and is not definitely assigned in the constructor.[39m[22m
[1m[31m[39m[22m
[1m[31m[7m55[0m   @ViewChild('statusCell', { static: true }) statusCell: TemplateRef<any>;[39m[22m
[1m[31m[7m  [0m [91m                                             ~~~~~~~~~~[0m[39m[22m
[1m[31m[39m[22m
[1m[31m[39m[22m
[1m[31m[0m[91mError: [39m[31m[0m[96msrc/app/modules/users/pages/page-user-manage/page-user-manage.component.ts[0m:[93m35[0m:[93m12[0m - [91merror[0m[90m TS2564: [0mProperty 'id' has no initializer and is not definitely assigned in the constructor.[39m[22m
[1m[31m[39m[22m
[1m[31m[7m35[0m   @Input() id: number;[39m[22m
[1m[31m[7m  [0m [91m           ~~[0m[39m[22m
[1m[31m[39m[22m
[1m[31m[39m[22m
[1m[31m[0m[91mError: [39m[31m[0m[96msrc/app/shared/components/ui-breadcrumb/ui-breadcrumb.component.ts[0m:[93m25[0m:[93m30[0m - [91merror[0m[90m TS2564: [0mProperty 'title' has no initializer and is not definitely assigned in the constructor.[39m[22m
[1m[31m[39m[22m
[1m[31m[7m25[0m   @Input({ required: true }) title: string;[39m[22m
[1m[31m[7m  [0m [91m                             ~~~~~[0m[39m[22m
[1m[31m[39m[22m
[1m[31m[39m[22m
[1m[31m[0m[91mError: [39m[31m[0m[96msrc/app/shared/components/ui-breadcrumb/ui-breadcrumb.component.ts[0m:[93m26[0m:[93m30[0m - [91merror[0m[90m TS2564: [0mProperty 'breadcrumbs' has no initializer and is not definitely assigned in the constructor.[39m[22m
[1m[31m[39m[22m
[1m[31m[7m26[0m   @Input({ required: true }) breadcrumbs: Breadcrumb[];[39m[22m
[1m[31m[7m  [0m [91m                             ~~~~~~~~~~~[0m[39m[22m
[1m[31m[39m[22m
[1m[31m[39m[22m
[1m[31m[39m[22m
[37m[39m
[37m[91m‚úñ[39m[37m Failed to compile.[39m
[36m‚†ã[39m Generating browser application bundles...[2K[1G[36m‚†ô[39m Generating browser application bundles (phase: building)...[2K[1G[36m‚†π[39m Generating browser application bundles (phase: building)...[2K[1G[36m‚†∏[39m Generating browser application bundles (phase: building)...[2K[1G[36m‚†º[39m Generating browser application bundles (phase: building)...[2K[1G[36m‚†¥[39m Generating browser application bundles (phase: building)...[2K[1G[36m‚†¶[39m Generating browser application bundles (phase: building)...[2K[1G[36m‚†ß[39m Generating browser application bundles (phase: building)...[2K[1G[36m‚†á[39m Generating browser application bundles (phase: building)...[2K[1G[36m‚†è[39m Generating browser application bundles (phase: building)...[2K[1G[36m‚†ã[39m Generating browser application bundles (phase: building)...[2K[1G[36m‚†ô[39m Generating browser application bundles (phase: building)...[2K[1G[36m‚†π[39m Generating browser application bundles (phase: building)...[2K[1G[36m‚†∏[39m Generating browser application bundles (phase: sealing)...[2K[1G[32m‚úî[39m Browser application bundle generation complete.
[37m[39m
[37m[0m[1mInitial Chunk Files[22m                                                                                    [2m | [22m[1mNames[22m                                [2m | [22m [1mRaw Size[22m[0m[39m
[37m[0m[92mruntime.js[39m[37m                                                                                             [2m | [22mruntime                              [2m | [22m [96m12.65 kB[39m[37m[2m | [22m[0m[39m
[37m[0m[0m[39m
[37m[0m[1mLazy Chunk Files[22m                                                                                       [2m | [22m[1mNames[22m                                [2m | [22m [1mRaw Size[22m[0m[39m
[37m[0m[92msrc_app_modules_users_pages_page-users_page-users_component_ts.js[39m[37m                                      [2m | [22mpages-page-users-page-users-component[2m | [22m  [96m2.65 MB[39m[37m[2m | [22m[0m[39m
[37m[0m[92mdefault-src_app_modules_users_services_users_api-service_ts-src_app_shared_components_ui-brea-0897b7.js[39m[37m[2m | [22mpages-page-users-page-users-component[2m | [22m[96m471.78 kB[39m[37m[2m | [22m[0m[39m
[37m[0m[0m[39m
[37m[0m6 unchanged chunks[0m[39m
[37m[0m[0m[39m
[37m[0mBuild at: [1m[37m2023-12-22T16:24:39.593Z[39m[37m[22m - Hash: [1m[37m2739126824b746d4[39m[37m[22m - Time: [1m[37m2116[39m[37m[22mms[0m[39m
[1m[31m[39m[22m
[1m[31m[0m[91mError: [39m[31m[0m[96msrc/app/core/interceptors/auth.interceptor.ts[0m:[93m31[0m:[93m48[0m - [91merror[0m[90m TS2345: [0mArgument of type 'string | undefined' is not assignable to parameter of type 'string'.[39m[22m
[1m[31m  Type 'undefined' is not assignable to type 'string'.[39m[22m
[1m[31m[39m[22m
[1m[31m[7m31[0m         const authRequest = this.addToken(req, accessToken);[39m[22m
[1m[31m[7m  [0m [91m                                               ~~~~~~~~~~~[0m[39m[22m
[1m[31m[39m[22m
[1m[31m[39m[22m
[1m[31m[0m[91mError: [39m[31m[0m[96msrc/app/modules/users/components/table-users/table-users.component.html[0m:[93m2[0m:[93m4[0m - [91merror[0m[90m TS2322: [0mType '((qParams: any) => Observable<Response<Pagination<User | null>>>) | null' is not assignable to type '((qParams: any) => Observable<any>) | undefined'.[39m[22m
[1m[31m  Type 'null' is not assignable to type '((qParams: any) => Observable<any>) | undefined'.[39m[22m
[1m[31m[39m[22m
[1m[31m[7m2[0m   [dataSourceCallback]="dataSourceCallback$ | async"[39m[22m
[1m[31m[7m [0m [91m   ~~~~~~~~~~~~~~~~~~[0m[39m[22m
[1m[31m[39m[22m
[1m[31m  [96msrc/app/modules/users/components/table-users/table-users.component.ts[0m:[93m44[0m:[93m16[0m[39m[22m
[1m[31m    [7m44[0m   templateUrl: './table-users.component.html',[39m[22m
[1m[31m    [7m  [0m [96m               ~~~~~~~~~~~~~~~~~~~~~~~~~~~~~~[0m[39m[22m
[1m[31m    Error occurs in the template of component TableUsersComponent.[39m[22m
[1m[31m[39m[22m
[1m[31m[39m[22m
[1m[31m[0m[91mError: [39m[31m[0m[96msrc/app/modules/users/components/table-users/table-users.component.ts[0m:[93m53[0m:[93m45[0m - [91merror[0m[90m TS2564: [0mProperty 'phoneCell' has no initializer and is not definitely assigned in the constructor.[39m[22m
[1m[31m[39m[22m
[1m[31m[7m53[0m   @ViewChild('phoneCell', { static: true }) phoneCell: TemplateRef<any>;[39m[22m
[1m[31m[7m  [0m [91m                                            ~~~~~~~~~[0m[39m[22m
[1m[31m[39m[22m
[1m[31m[39m[22m
[1m[31m[0m[91mError: [39m[31m[0m[96msrc/app/modules/users/components/table-users/table-users.component.ts[0m:[93m54[0m:[93m47[0m - [91merror[0m[90m TS2564: [0mProperty 'actionsCell' has no initializer and is not definitely assigned in the constructor.[39m[22m
[1m[31m[39m[22m
[1m[31m[7m54[0m   @ViewChild('actionsCell', { static: true }) actionsCell: Tem[39m[22m[1m[31mplateRef<any>;[39m[22m
[1m[31m[7m  [0m [91m                                              ~~~~~~~~~~~[0m[39m[22m
[1m[31m[39m[22m
[1m[31m[39m[22m
[1m[31m[0m[91mError: [39m[31m[0m[96msrc/app/modules/users/components/table-users/table-users.component.ts[0m:[93m55[0m:[93m46[0m - [91merror[0m[90m TS2564: [0mProperty 'statusCell' has no initializer and is not definitely assigned in the constructor.[39m[22m
[1m[31m[39m[22m
[1m[31m[7m55[0m   @ViewChild('statusCell', { static: true }) statusCell: TemplateRef<any>;[39m[22m
[1m[31m[7m  [0m [91m                                             ~~~~~~~~~~[0m[39m[22m
[1m[31m[39m[22m
[1m[31m[39m[22m
[1m[31m[0m[91mError: [39m[31m[0m[96msrc/app/modules/users/pages/page-user-manage/page-user-manage.component.ts[0m:[93m35[0m:[93m12[0m - [91merror[0m[90m TS2564: [0mProperty 'id' has no initializer and is not definitely assigned in the constructor.[39m[22m
[1m[31m[39m[22m
[1m[31m[7m35[0m   @Input() id: number;[39m[22m
[1m[31m[7m  [0m [91m           ~~[0m[39m[22m
[1m[31m[39m[22m
[1m[31m[39m[22m
[1m[31m[39m[22m
[37m[39m
[37m[91m‚úñ[39m[37m Failed to compile.[39m
[36m‚†ã[39m Generating browser application bundles...[2K[1G[36m‚†ô[39m Generating browser application bundles (phase: building)...[2K[1G[36m‚†π[39m Generating browser application bundles (phase: building)...[2K[1G[36m‚†∏[39m Generating browser application bundles (phase: sealing)...[2K[1G[32m‚úî[39m Browser application bundle generation complete.
[37m[39m
[37m[0m[1mInitial Chunk Files[22m                                                          [2m | [22m[1mNames[22m                                            [2m | [22m [1mRaw Size[22m[0m[39m
[37m[0m[92mruntime.js[39m[37m                                                                   [2m | [22mruntime                                          [2m | [22m [96m12.65 kB[39m[37m[2m | [22m[0m[39m
[37m[0m[0m[39m
[37m[0m[1mLazy Chunk Files[22m                                                             [2m | [22m[1mNames[22m                                            [2m | [22m [1mRaw Size[22m[0m[39m
[37m[0m[92msrc_app_modules_users_pages_page-user-manage_page-user-manage_component_ts.js[39m[37m[2m | [22mpages-page-user-manage-page-user-manage-component[2m | [22m[96m272.48 kB[39m[37m[2m | [22m[0m[39m
[37m[0m[0m[39m
[37m[0m7 unchanged chunks[0m[39m
[37m[0m[0m[39m
[37m[0mBuild at: [1m[37m2023-12-22T16:24:49.851Z[39m[37m[22m - Hash: [1m[37mc0025c28d70dbc85[39m[37m[22m - Time: [1m[37m823[39m[37m[22mms[0m[39m
[1m[31m[39m[22m
[1m[31m[0m[91mError: [39m[31m[0m[96msrc/app/core/interceptors/auth.interceptor.ts[0m:[93m31[0m:[93m48[0m - [91merror[0m[90m TS2345: [0mArgument of type 'string | undefined' is not assignable to parameter of type 'string'.[39m[22m
[1m[31m  Type 'undefined' is not assignable to type 'string'.[39m[22m
[1m[31m[39m[22m
[1m[31m[7m31[0m         const authRequest = this.addToken(req, accessToken);[39m[22m
[1m[31m[7m  [0m [91m                                               ~~~~~~~~~~~[0m[39m[22m
[1m[31m[39m[22m
[1m[31m[39m[22m
[1m[31m[0m[91mError: [39m[31m[0m[96msrc/app/modules/users/components/table-users/table-users.component.html[0m:[93m2[0m:[93m4[0m - [91merror[0m[90m TS2322: [0mType '((qParams: any) => Observable<Response<Pagination<User | null>>>) | null' is not assignable to type '((qParams: any) => Observable<any>) | undefined'.[39m[22m
[1m[31m  Type 'null' is not assignable to type '((qParams: any) => Observable<any>) | undefined'.[39m[22m
[1m[31m[39m[22m
[1m[31m[7m2[0m   [dataSourceCallback]="dataSourceCallback$ | async"[39m[22m
[1m[31m[7m [0m [91m   ~~~~~~~~~~~~~~~~~~[0m[39m[22m
[1m[31m[39m[22m
[1m[31m  [96msrc/app/modules/users/components/table-users/table-users.component.ts[0m:[93m44[0m:[93m16[0m[39m[22m
[1m[31m    [7m44[0m   templateUrl: './table-users.component.html',[39m[22m
[1m[31m    [7m  [0m [96m               ~~~~~~~~~~~~~~~~~~~~~~~~~~~~~~[0m[39m[22m
[1m[31m    Error occurs in the template of component TableUsersComponent.[39m[22m
[1m[31m[39m[22m
[1m[31m[39m[22m
[1m[31m[0m[91mError: [39m[31m[0m[96msrc/app/modules/users/components/table-users/table-users.component.ts[0m:[93m53[0m:[93m45[0m - [91merror[0m[90m TS2564: [0mProperty 'phoneCell' has no initializer and is not definitely assigned in the constructor.[39m[22m
[1m[31m[39m[22m
[1m[31m[7m53[0m   @ViewChild('phoneCell', { static: true }) phoneCell: TemplateRef<any>;[39m[22m
[1m[31m[7m  [0m [91m                                            ~~~~~~~~~[0m[39m[22m
[1m[31m[39m[22m
[1m[31m[39m[22m
[1m[31m[0m[91mError: [39m[31m[0m[96msrc/app/modules/users/components/table-users/table-users.component.ts[0m:[93m54[0m:[93m47[0m - [91merror[0m[90m TS2564: [0mProperty 'actionsCell' has no initializer and is not definitely assigned in the constructor.[39m[22m
[1m[31m[39m[22m
[1m[31m[7m54[0m   @ViewChild('actionsCell', { static: true }) actionsCell: Tem[39m[22m[1m[31mplateRef<any>;[39m[22m
[1m[31m[7m  [0m [91m                                              ~~~~~~~~~~~[0m[39m[22m
[1m[31m[39m[22m
[1m[31m[39m[22m
[1m[31m[0m[91mError: [39m[31m[0m[96msrc/app/modules/users/components/table-users/table-users.component.ts[0m:[93m55[0m:[93m46[0m - [91merror[0m[90m TS2564: [0mProperty 'statusCell' has no initializer and is not definitely assigned in the constructor.[39m[22m
[1m[31m[39m[22m
[1m[31m[7m55[0m   @ViewChild('statusCell', { static: true }) statusCell: TemplateRef<any>;[39m[22m
[1m[31m[7m  [0m [91m                                             ~~~~~~~~~~[0m[39m[22m
[1m[31m[39m[22m
[1m[31m[39m[22m
[1m[31m[39m[22m
[37m[39m
[37m[91m‚úñ[39m[37m Failed to compile.[39m
[36m‚†ã[39m Generating browser application bundles...[2K[1G[36m‚†ô[39m Generating browser application bundles (phase: building)...[2K[1G[36m‚†π[39m Generating browser application bundles (phase: building)...[2K[1G[36m‚†∏[39m Generating browser application bundles (phase: building)...[2K[1G[36m‚†º[39m Generating browser application bundles (phase: sealing)...[2K[1G[32m‚úî[39m Browser application bundle generation complete.
[37m[39m
[37m[0m[1mInitial Chunk Files[22m                                                          [2m | [22m[1mNames[22m                                            [2m | [22m [1mRaw Size[22m[0m[39m
[37m[0m[92mruntime.js[39m[37m                                                                   [2m | [22mruntime                                          [2m | [22m [96m12.65 kB[39m[37m[2m | [22m[0m[39m
[37m[0m[0m[39m
[37m[0m[1mLazy Chunk Files[22m                                                             [2m | [22m[1mNames[22m                                            [2m | [22m [1mRaw Size[22m[0m[39m
[37m[0m[92msrc_app_modules_users_pages_page-user-manage_page-user-manage_component_ts.js[39m[37m[2m | [22mpages-page-user-manage-page-user-manage-component[2m | [22m[96m272.49 kB[39m[37m[2m | [22m[0m[39m
[37m[0m[0m[39m
[37m[0m7 unchanged chunks[0m[39m
[37m[0m[0m[39m
[37m[0mBuild at: [1m[37m2023-12-22T16:25:17.767Z[39m[37m[22m - Hash: [1m[37m39d968391d807542[39m[37m[22m - Time: [1m[37m1199[39m[37m[22mms[0m[39m
[1m[31m[39m[22m
[1m[31m[0m[91mError: [39m[31m[0m[96msrc/app/core/interceptors/auth.interceptor.ts[0m:[93m31[0m:[93m48[0m - [91merror[0m[90m TS2345: [0mArgument of type 'string | undefined' is not assignable to parameter of type 'string'.[39m[22m
[1m[31m  Type 'undefined' is not assignable to type 'string'.[39m[22m
[1m[31m[39m[22m
[1m[31m[7m31[0m         const authRequest = this.addToken(req, accessToken);[39m[22m
[1m[31m[7m  [0m [91m                                               ~~~~~~~~~~~[0m[39m[22m
[1m[31m[39m[22m
[1m[31m[39m[22m
[1m[31m[0m[91mError: [39m[31m[0m[96msrc/app/modules/users/components/table-users/table-users.component.html[0m:[93m2[0m:[93m4[0m - [91merror[0m[90m TS2322: [0mType '((qParams: any) => Observable<Response<Pagination<User | null>>>) | null' is not assignable to type '((qParams: any) => Observable<any>) | undefined'.[39m[22m
[1m[31m  Type 'null' is not assignable to type '((qParams: any) => Observable<any>) | undefined'.[39m[22m
[1m[31m[39m[22m
[1m[31m[7m2[0m   [dataSourceCallback]="dataSourceCallback$ | async"[39m[22m
[1m[31m[7m [0m [91m   ~~~~~~~~~~~~~~~~~~[0m[39m[22m
[1m[31m[39m[22m
[1m[31m  [96msrc/app/modules/users/components/table-users/table-users.component.ts[0m:[93m44[0m:[93m16[0m[39m[22m
[1m[31m    [7m44[0m   templateUrl: './table-users.component.html',[39m[22m
[1m[31m    [7m  [0m [96m               ~~~~~~~~~~~~~~~~~~~~~~~~~~~~~~[0m[39m[22m
[1m[31m    Error occurs in the template of component TableUsersComponent.[39m[22m
[1m[31m[39m[22m
[1m[31m[39m[22m
[1m[31m[0m[91mError: [39m[31m[0m[96msrc/app/modules/users/components/table-users/table-users.component.ts[0m:[93m53[0m:[93m45[0m - [91merror[0m[90m TS2564: [0mProperty 'phoneCell' has no initializer and is not definitely assigned in the constructor.[39m[22m
[1m[31m[39m[22m
[1m[31m[7m53[0m   @ViewChild('phoneCell', { static: true }) phoneCell: TemplateRef<any>;[39m[22m
[1m[31m[7m  [0m [91m                                            ~~~~~~~~~[0m[39m[22m
[1m[31m[39m[22m
[1m[31m[39m[22m
[1m[31m[0m[91mError: [39m[31m[0m[96msrc/app/modules/users/components/table-users/table-users.component.ts[0m:[93m54[0m:[93m47[0m - [91merror[0m[90m TS2564: [0mProperty 'actionsCell' has no initializer and is not definitely assigned in the constructor.[39m[22m
[1m[31m[39m[22m
[1m[31m[7m54[0m   @ViewChild('actionsCell', { static: true }) actionsCell: Tem[39m[22m[1m[31mplateRef<any>;[39m[22m
[1m[31m[7m  [0m [91m                                              ~~~~~~~~~~~[0m[39m[22m
[1m[31m[39m[22m
[1m[31m[39m[22m
[1m[31m[0m[91mError: [39m[31m[0m[96msrc/app/modules/users/components/table-users/table-users.component.ts[0m:[93m55[0m:[93m46[0m - [91merror[0m[90m TS2564: [0mProperty 'statusCell' has no initializer and is not definitely assigned in the constructor.[39m[22m
[1m[31m[39m[22m
[1m[31m[7m55[0m   @ViewChild('statusCell', { static: true }) statusCell: TemplateRef<any>;[39m[22m
[1m[31m[7m  [0m [91m                                             ~~~~~~~~~~[0m[39m[22m
[1m[31m[39m[22m
[1m[31m[39m[22m
[1m[31m[39m[22m
[37m[39m
[37m[91m‚úñ[39m[37m Failed to compile.[39m
[36m‚†ã[39m Generating browser application bundles...[2K[1G[36m‚†ô[39m Generating browser application bundles (phase: building)...[2K[1G[36m‚†π[39m Generating browser application bundles (phase: building)...[2K[1G[36m‚†∏[39m Generating browser application bundles (phase: building)...[2K[1G[36m‚†º[39m Generating browser application bundles (phase: sealing)...[2K[1G[32m‚úî[39m Browser application bundle generation complete.
[37m[39m
[37m[0m[1mInitial Chunk Files[22m                                              [2m | [22m[1mNames[22m                                [2m | [22m[1mRaw Size[22m[0m[39m
[37m[0m[92mruntime.js[39m[37m                                                       [2m | [22mruntime                              [2m | [22m[96m12.65 kB[39m[37m[2m | [22m[0m[39m
[37m[0m[0m[39m
[37m[0m[1mLazy Chunk Files[22m                                                 [2m | [22m[1mNames[22m                                [2m | [22m[1mRaw Size[22m[0m[39m
[37m[0m[92msrc_app_modules_users_pages_page-users_page-users_component_ts.js[39m[37m[2m | [22mpages-page-users-page-users-component[2m | [22m [96m2.65 MB[39m[37m[2m | [22m[0m[39m
[37m[0m[0m[39m
[37m[0m7 unchanged chunks[0m[39m
[37m[0m[0m[39m
[37m[0mBuild at: [1m[37m2023-12-22T16:25:30.939Z[39m[37m[22m - Hash: [1m[37m39340769c48e0cef[39m[37m[22m - Time: [1m[37m1216[39m[37m[22mms[0m[39m
[1m[31m[39m[22m
[1m[31m[0m[91mError: [39m[31m[0m[96msrc/app/core/interceptors/auth.interceptor.ts[0m:[93m31[0m:[93m48[0m - [91merror[0m[90m TS2345: [0mArgument of type 'string | undefined' is not assignable to parameter of type 'string'.[39m[22m
[1m[31m  Type 'undefined' is not assignable to type 'string'.[39m[22m
[1m[31m[39m[22m
[1m[31m[7m31[0m         const authRequest = this.addToken(req, accessToken);[39m[22m
[1m[31m[7m  [0m [91m                                               ~~~~~~~~~~~[0m[39m[22m
[1m[31m[39m[22m
[1m[31m[39m[22m
[1m[31m[0m[91mError: [39m[31m[0m[96msrc/app/modules/users/components/table-users/table-users.component.html[0m:[93m2[0m:[93m4[0m - [91merror[0m[90m TS2322: [0mType '((qParams: any) => Observable<Response<Pagination<User | null>>>) | null' is not assignable to type '((qParams: any) => Observable<any>) | undefined'.[39m[22m
[1m[31m  Type 'null' is not assignable to type '((qParams: any) => Observable<any>) | undefined'.[39m[22m
[1m[31m[39m[22m
[1m[31m[7m2[0m   [dataSourceCallback]="dataSourceCallback$ | async"[39m[22m
[1m[31m[7m [0m [91m   ~~~~~~~~~~~~~~~~~~[0m[39m[22m
[1m[31m[39m[22m
[1m[31m  [96msrc/app/modules/users/components/table-users/table-users.component.ts[0m:[93m44[0m:[93m16[0m[39m[22m
[1m[31m    [7m44[0m   templateUrl: './table-users.component.html',[39m[22m
[1m[31m    [7m  [0m [96m               ~~~~~~~~~~~~~~~~~~~~~~~~~~~~~~[0m[39m[22m
[1m[31m    Error occurs in the template of component TableUsersComponent.[39m[22m
[1m[31m[39m[22m
[1m[31m[39m[22m
[1m[31m[39m[22m
[37m[39m
[37m[91m‚úñ[39m[37m Failed to compile.[39m
[36m‚†ã[39m Generating browser application bundles...[2K[1G[36m‚†ô[39m Generating browser application bundles (phase: building)...[2K[1G[36m‚†π[39m Generating browser application bundles (phase: building)...[2K[1G[36m‚†∏[39m Generating browser application bundles (phase: building)...[2K[1G[36m‚†º[39m Generating browser application bundles (phase: sealing)...[2K[1G[36m‚†¥[39m Generating browser application bundles (phase: sealing)...[2K[1G[32m‚úî[39m Browser application bundle generation complete.
[37m[39m
[37m[0m[1mInitial Chunk Files[22m                                              [2m | [22m[1mNames[22m                                [2m | [22m[1mRaw Size[22m[0m[39m
[37m[0m[92mruntime.js[39m[37m                                                       [2m | [22mruntime                              [2m | [22m[96m12.65 kB[39m[37m[2m | [22m[0m[39m
[37m[0m[0m[39m
[37m[0m[1mLazy Chunk Files[22m                                                 [2m | [22m[1mNames[22m                                [2m | [22m[1mRaw Size[22m[0m[39m
[37m[0m[92msrc_app_modules_users_pages_page-users_page-users_component_ts.js[39m[37m[2m | [22mpages-page-users-page-users-component[2m | [22m [96m2.65 MB[39m[37m[2m | [22m[0m[39m
[37m[0m[0m[39m
[37m[0m7 unchanged chunks[0m[39m
[37m[0m[0m[39m
[37m[0mBuild at: [1m[37m2023-12-22T16:26:26.263Z[39m[37m[22m - Hash: [1m[37m6d4ce1b52ed0761b[39m[37m[22m - Time: [1m[37m1593[39m[37m[22mms[0m[39m
[1m[31m[39m[22m
[1m[31m[0m[91mError: [39m[31m[0m[96msrc/app/core/interceptors/auth.interceptor.ts[0m:[93m31[0m:[93m48[0m - [91merror[0m[90m TS2345: [0mArgument of type 'string | undefined' is not assignable to parameter of type 'string'.[39m[22m
[1m[31m  Type 'undefined' is not assignable to type 'string'.[39m[22m
[1m[31m[39m[22m
[1m[31m[7m31[0m         const authRequest = this.addToken(req, accessToken);[39m[22m
[1m[31m[7m  [0m [91m                                               ~~~~~~~~~~~[0m[39m[22m
[1m[31m[39m[22m
[1m[31m[39m[22m
[1m[31m[0m[91mError: [39m[31m[0m[96msrc/app/modules/users/components/table-users/table-users.component.html[0m:[93m2[0m:[93m4[0m - [91merror[0m[90m TS2322: [0mType '((qParams: any) => Observable<Response<Pagination<User | null>>>) | null' is not assignable to type '((qParams: any) => Observable<any> | null) | undefined'.[39m[22m
[1m[31m  Type 'null' is not assignable to type '((qParams: any) => Observable<any> | null) | undefined'.[39m[22m
[1m[31m[39m[22m
[1m[31m[7m2[0m   [dataSourceCallback]="dataSourceCallback$ | async"[39m[22m
[1m[31m[7m [0m [91m   ~~~~~~~~~~~~~~~~~~[0m[39m[22m
[1m[31m[39m[22m
[1m[31m  [96msrc/app/modules/users/components/table-users/table-users.component.ts[0m:[93m44[0m:[93m16[0m[39m[22m
[1m[31m    [7m44[0m   templateUrl: './table-users.component.html',[39m[22m
[1m[31m    [7m  [0m [96m               ~~~~~~~~~~~~~~~~~~~~~~~~~~~~~~[0m[39m[22m
[1m[31m    Error occurs in the template of component TableUsersComponent.[39m[22m
[1m[31m[39m[22m
[1m[31m[39m[22m
[1m[31m[0m[91mError: [39m[31m[0m[96msrc/app/shared/components/ui-grid/ui-grid.component.ts[0m:[93m108[0m:[93m9[0m - [91merror[0m[90m TS2531: [0mObject is possibly 'null'.[39m[22m
[1m[31m[39m[22m
[1m[31m[7m108[0m         this.dataSourceCallback?.(urlParams)[39m[22m
[1m[31m[7m   [0m [91m        ~~~~~~~~~~~~~~~~~~~~~~~~~~~~~~~~~~~~[0m[39m[22m
[1m[31m[39m[22m
[1m[31m[39m[22m
[1m[31m[39m[22m
[37m[39m
[37m[91m‚úñ[39m[37m Failed to compile.[39m
[36m‚†ã[39m Generating browser application bundles...[2K[1G[36m‚†ô[39m Generating browser application bundles (phase: building)...[2K[1G[36m‚†π[39m Generating browser application bundles (phase: building)...[2K[1G[36m‚†∏[39m Generating browser application bundles (phase: building)...[2K[1G[36m‚†º[39m Generating browser application bundles (phase: sealing)...[2K[1G[36m‚†¥[39m Generating browser application bundles (phase: sealing)...[2K[1G[32m‚úî[39m Browser application bundle generation complete.
[37m[39m
[37m[0m[1mInitial Chunk Files[22m                                              [2m | [22m[1mNames[22m                                [2m | [22m[1mRaw Size[22m[0m[39m
[37m[0m[92mruntime.js[39m[37m                                                       [2m | [22mruntime                              [2m | [22m[96m12.65 kB[39m[37m[2m | [22m[0m[39m
[37m[0m[0m[39m
[37m[0m[1mLazy Chunk Files[22m                                                 [2m | [22m[1mNames[22m                                [2m | [22m[1mRaw Size[22m[0m[39m
[37m[0m[92msrc_app_modules_users_pages_page-users_page-users_component_ts.js[39m[37m[2m | [22mpages-page-users-page-users-component[2m | [22m [96m2.65 MB[39m[37m[2m | [22m[0m[39m
[37m[0m[0m[39m
[37m[0m7 unchanged chunks[0m[39m
[37m[0m[0m[39m
[37m[0mBuild at: [1m[37m2023-12-22T16:27:09.655Z[39m[37m[22m - Hash: [1m[37m563940a4cb3e3de7[39m[37m[22m - Time: [1m[37m1488[39m[37m[22mms[0m[39m
[1m[31m[39m[22m
[1m[31m[0m[91mError: [39m[31m[0m[96msrc/app/core/interceptors/auth.interceptor.ts[0m:[93m31[0m:[93m48[0m - [91merror[0m[90m TS2345: [0mArgument of type 'string | undefined' is not assignable to parameter of type 'string'.[39m[22m
[1m[31m  Type 'undefined' is not assignable to type 'string'.[39m[22m
[1m[31m[39m[22m
[1m[31m[7m31[0m         const authRequest = this.addToken(req, accessToken);[39m[22m
[1m[31m[7m  [0m [91m                                               ~~~~~~~~~~~[0m[39m[22m
[1m[31m[39m[22m
[1m[31m[39m[22m
[1m[31m[39m[22m
[37m[39m
[37m[91m‚úñ[39m[37m Failed to compile.[39m
[36m‚†ã[39m Generating browser application bundles...[2K[1G[36m‚†ô[39m Generating browser application bundles (phase: building)...[2K[1G[36m‚†π[39m Generating browser application bundles (phase: building)...[2K[1G[36m‚†∏[39m Generating browser application bundles (phase: building)...[2K[1G[36m‚†º[39m Generating browser application bundles (phase: building)...[2K[1G[36m‚†¥[39m Generating browser application bundles (phase: building)...[2K[1G[36m‚†¶[39m Generating browser application bundles (phase: building)...[2K[1G[36m‚†ß[39m Generating browser application bundles (phase: building)...[2K[1G[36m‚†á[39m Generating browser application bundles (phase: building)...[2K[1G[36m‚†è[39m Generating browser application bundles (phase: building)...[2K[1G[36m‚†ã[39m Generating browser application bundles (phase: building)...[2K[1G[32m‚úî[39m Browser application bundle generation complete.
[37m[39m
[37m[0m[1mInitial Chunk Files[22m[2m | [22m[1mNames[22m  [2m | [22m[1mRaw Size[22m[0m[39m
[37m[0m[92mmain.js[39m[37m            [2m | [22mmain   [2m | [22m[96m89.60 kB[39m[37m[2m | [22m[0m[39m
[37m[0m[92mruntime.js[39m[37m         [2m | [22mruntime[2m | [22m[96m12.65 kB[39m[37m[2m | [22m[0m[39m
[37m[0m[0m[39m
[37m[0m7 unchanged chunks[0m[39m
[37m[0m[0m[39m
[37m[0mBuild at: [1m[37m2023-12-22T16:27:59.227Z[39m[37m[22m - Hash: [1m[37md8fc8ef6a61c9efe[39m[37m[22m - Time: [1m[37m1803[39m[37m[22mms[0m[39m
[1m[31m[39m[22m
[1m[31m[0m[91mError: [39m[31m[0m[96msrc/app/core/interceptors/auth.interceptor.ts[0m:[93m26[0m:[93m17[0m - [91merror[0m[90m TS2345: [0mArgument of type '(accessToken: string | undefined) => Observable<HttpEvent<any>> | undefined' is not assignable to parameter of type '(value: string | undefined, index: number) => ObservableInput<any>'.[39m[22m
[1m[31m  Type 'Observable<HttpEvent<any>> | undefined' is not assignable to type 'ObservableInput<any>'.[39m[22m
[1m[31m    Type 'undefined' is not assignable to type 'ObservableInput<any>'.[39m[22m
[1m[31m[39m[22m
[1m[31m[7m26[0m       switchMap((accessToken) => {[39m[22m
[1m[31m[7m  [0m [91m                ~~~~~~~~~~~~~~~~~~[0m[39m[22m
[1m[31m[39m[22m
[1m[31m[39m[22m
[1m[31m[39m[22m
[37m[39m
[37m[91m‚úñ[39m[37m Failed to compile.[39m
[36m‚†ã[39m Generating browser application bundles...[2K[1G[36m‚†ô[39m Generating browser application bundles (phase: building)...[2K[1G[36m‚†π[39m Generating browser application bundles (phase: building)...[2K[1G[36m‚†∏[39m Generating browser application bundles (phase: sealing)...[2K[1G[32m‚úî[39m Browser application bundle generation complete.
[37m[39m
[37m[0m[1mInitial Chunk Files[22m[2m | [22m[1mNames[22m  [2m | [22m[1mRaw Size[22m[0m[39m
[37m[0m[92mmain.js[39m[37m            [2m | [22mmain   [2m | [22m[96m89.60 kB[39m[37m[2m | [22m[0m[39m
[37m[0m[92mruntime.js[39m[37m         [2m | [22mruntime[2m | [22m[96m12.65 kB[39m[37m[2m | [22m[0m[39m
[37m[0m[0m[39m
[37m[0m7 unchanged chunks[0m[39m
[37m[0m[0m[39m
[37m[0mBuild at: [1m[37m2023-12-22T16:28:01.688Z[39m[37m[22m - Hash: [1m[37m4f4206ada1655062[39m[37m[22m - Time: [1m[37m531[39m[37m[22mms[0m[39m
[1m[31m[39m[22m
[1m[31m[0m[91mError: [39m[31m[0m[96msrc/app/core/interceptors/auth.interceptor.ts[0m:[93m26[0m:[93m17[0m - [91merror[0m[90m TS2345: [0mArgument of type '(accessToken: string | undefined) => Observable<HttpEvent<any>> | undefined' is not assignable to parameter of type '(value: string | undefined, index: number) => ObservableInput<any>'.[39m[22m
[1m[31m  Type 'Observable<HttpEvent<any>> | undefined' is not assignable to type 'ObservableInput<any>'.[39m[22m
[1m[31m    Type 'undefined' is not assignable to type 'ObservableInput<any>'.[39m[22m
[1m[31m[39m[22m
[1m[31m[7m26[0m       switchMap((accessToken) => {[39m[22m
[1m[31m[7m  [0m [91m                ~~~~~~~~~~~~~~~~~~[0m[39m[22m
[1m[31m[39m[22m
[1m[31m[39m[22m
[1m[31m[39m[22m
[37m[39m
[37m[91m‚úñ[39m[37m Failed to compile.[39m
[36m‚†ã[39m Generating browser application bundles...[2K[1G[36m‚†ô[39m Generating browser application bundles (phase: building)...[2K[1G[36m‚†π[39m Generating browser application bundles (phase: building)...[2K[1G[36m‚†∏[39m Generating browser application bundles (phase: building)...[2K[1G[36m‚†º[39m Generating browser application bundles (phase: sealing)...[2K[1G[36m‚†¥[39m Generating browser application bundles (phase: emitting)...[2K[1G[36m‚†¶[39m Generating browser application bundles (phase: emitting)...[2K[1G[36m‚†ß[39m Generating browser application bundles (phase: emitting)...[2K[1G[32m‚úî[39m Browser application bundle generation complete.
[37m[39m
[37m[0m[1mInitial Chunk Files[22m[2m | [22m[1mNames[22m  [2m | [22m[1mRaw Size[22m[0m[39m
[37m[0m[92mmain.js[39m[37m            [2m | [22mmain   [2m | [22m[96m89.79 kB[39m[37m[2m | [22m[0m[39m
[37m[0m[92mruntime.js[39m[37m         [2m | [22mruntime[2m | [22m[96m12.65 kB[39m[37m[2m | [22m[0m[39m
[37m[0m[0m[39m
[37m[0m7 unchanged chunks[0m[39m
[37m[0m[0m[39m
[37m[0mBuild at: [1m[37m2023-12-22T16:29:41.722Z[39m[37m[22m - Hash: [1m[37mcf6d605d5d9ce5dd[39m[37m[22m - Time: [1m[37m1214[39m[37m[22mms[0m[39m
[37m[39m
[37m[92m‚úî[39m[37m Compiled successfully.[39m
