[36m‚†ã[39m Generating browser application bundles (phase: setup)...[2K[1G[36m‚†ô[39m Generating browser application bundles (phase: setup)...[2K[1G[36m‚†π[39m Generating browser application bundles (phase: building)...[2K[1G[36m‚†∏[39m Generating browser application bundles (phase: building)...[2K[1G[36m‚†º[39m Generating browser application bundles (phase: building)...[2K[1G[36m‚†¥[39m Generating browser application bundles (phase: building)...[2K[1G[36m‚†¶[39m Generating browser application bundles (phase: building)...[2K[1G[36m‚†ß[39m Generating browser application bundles (phase: building)...[2K[1G[36m‚†á[39m Generating browser application bundles (phase: building)...[2K[1G[36m‚†è[39m Generating browser application bundles (phase: building)...[2K[1G[36m‚†ã[39m Generating browser application bundles (phase: building)...[2K[1G[36m‚†ô[39m Generating browser application bundles (phase: building)...[2K[1G[36m‚†π[39m Generating browser application bundles (phase: building)...[2K[1G[36m‚†∏[39m Generating browser application bundles (phase: building)...[2K[1G[36m‚†º[39m Generating browser application bundles (phase: building)...[2K[1G[36m‚†¥[39m Generating browser application bundles (phase: building)...[2K[1G[36m‚†¶[39m Generating browser application bundles (phase: building)...[2K[1G[36m‚†ß[39m Generating browser application bundles (phase: sealing)...[2K[1G[36m‚†á[39m Generating browser application bundles (phase: sealing)...[2K[1G[36m‚†è[39m Generating browser application bundles (phase: emitting)...[2K[1G[36m‚†ã[39m Generating browser application bundles (phase: emitting)...[2K[1G[32m‚úî[39m Browser application bundle generation complete.
[37m[39m
[37m[0m[1mInitial Chunk Files[22m                                                                                    [2m | [22m[1mNames[22m                                                  [2m | [22m [1mRaw Size[22m[0m[39m
[37m[0m[92mvendor.js[39m[37m                                                                                              [2m | [22mvendor                                                 [2m | [22m  [96m5.66 MB[39m[37m[2m | [22m[0m[39m
[37m[0m[92mstyles.css, styles.js[39m[37m                                                                                  [2m | [22mstyles                                                 [2m | [22m  [96m1.14 MB[39m[37m[2m | [22m[0m[39m
[37m[0m[92mpolyfills.js[39m[37m                                                                                           [2m | [22mpolyfills                                              [2m | [22m[96m333.18 kB[39m[37m[2m | [22m[0m[39m
[37m[0m[92mmain.js[39m[37m                                                                                                [2m | [22mmain                                                   [2m | [22m [96m89.57 kB[39m[37m[2m | [22m[0m[39m
[37m[0m[92mruntime.js[39m[37m                                                                                             [2m | [22mruntime                                                [2m | [22m [96m12.65 kB[39m[37m[2m | [22m[0m[39m
[37m[0m[0m[39m
[37m[0m[1m [22m                                                                                                      [2m | [22m[1mInitial Total[22m                                          [2m | [22m  [1m7.23 MB[22m[0m[39m
[37m[0m[0m[39m
[37m[0m[1mLazy Chunk Files[22m                                                                                       [2m | [22m[1mNames[22m                                                  [2m | [22m [1mRaw Size[22m[0m[39m
[37m[0m[92msrc_app_modules_users_pages_page-users_page-users_component_ts.js[39m[37m                                      [2m | [22mpages-page-[39m[37musers-page-users-component                  [2m | [22m  [96m2.65 MB[39m[37m[2m | [22m[0m[39m
[37m[0m[92mdefault-src_app_modules_users_services_users_api-service_ts-src_app_shared_components_ui-brea-0897b7.js[39m[37m[2m | [22mpages-page-users-page-users-component                  [2m | [22m[96m471.78 kB[39m[37m[2m | [22m[0m[39m
[37m[0m[92msrc_app_modules_users_pages_page-user-manage_page-user-manage_component_ts.js[39m[37m                          [2m | [22mpages-page-user-manage-page-user-manage-component      [2m | [22m[96m262.77 kB[39m[37m[2m | [22m[0m[39m
[37m[0m[92msrc_app_modules_dashboard_pages_page-main-dashboard_page-main-dashboard_component_ts.js[39m[37m                [2m | [22mpages-page-main-dashboard-page-main-dashboard-component[2m | [22m  [96m2.12 kB[39m[37m[2m | [22m[0m[39m
[37m[0m[0m[39m
[37m[0mBuild at: [1m[37m2023-12-22T15:01:50.441Z[39m[37m[22m - Hash: [1m[37m904e6ffdb6b9d531[39m[37m[22m - Time: [1m[37m5731[39m[37m[22mms[0m[39m
[37m[39m
[37m** Angular Live Development Server is listening on localhost:4200, open your browser on http://localhost:4200/ **[39m
[37m[39m
[37m[39m
[37m[92m‚úî[39m[37m Compiled successfully.[39m
[36m‚†ã[39m Generating browser application bundles...[2K[1G[36m‚†ô[39m Generating browser application bundles (phase: building)...[2K[1G[36m‚†π[39m Generating browser application bundles (phase: building)...[2K[1G[36m‚†∏[39m Generating browser application bundles (phase: building)...[2K[1G[36m‚†º[39m Generating browser application bundles (phase: building)...[2K[1G[36m‚†¥[39m Generating browser application bundles (phase: building)...[2K[1G[36m‚†¶[39m Generating browser application bundles (phase: building)...[2K[1G[36m‚†ß[39m Generating browser application bundles (phase: building)...[2K[1G[36m‚†á[39m Generating browser application bundles (phase: building)...[2K[1G[36m‚†è[39m Generating browser application bundles (phase: sealing)...[2K[1G[36m‚†ã[39m Generating browser application bundles (phase: emitting)...[2K[1G[36m‚†ô[39m Generating browser application bundles (phase: emitting)...[2K[1G[32m‚úî[39m Browser application bundle generation complete.
[37m[39m
[37m[0m[1mInitial Chunk Files[22m[2m | [22m[1mNames[22m  [2m | [22m[1mRaw Size[22m[0m[39m
[37m[0m[92mmain.js[39m[37m            [2m | [22mmain   [2m | [22m[96m89.60 kB[39m[37m[2m | [22m[0m[39m
[37m[0m[92mruntime.js[39m[37m         [2m | [22mruntime[2m | [22m[96m12.65 kB[39m[37m[2m | [22m[0m[39m
[37m[0m[0m[39m
[37m[0m7 unchanged chunks[0m[39m
[37m[0m[0m[39m
[37m[0mBuild at: [1m[37m2023-12-22T15:03:04.344Z[39m[37m[22m - Hash: [1m[37m4a4fcf5e4c010287[39m[37m[22m - Time: [1m[37m2510[39m[37m[22mms[0m[39m
[37m[39m
[37m[92m‚úî[39m[37m Compiled successfully.[39m
[36m‚†ã[39m Generating browser application bundles...[2K[1G[36m‚†ô[39m Generating browser application bundles (phase: building)...[2K[1G[36m‚†π[39m Generating browser application bundles (phase: building)...[2K[1G[36m‚†∏[39m Generating browser application bundles (phase: sealing)...[2K[1G[36m‚†º[39m Generating browser application bundles (phase: emitting)...[2K[1G[36m‚†¥[39m Generating browser application bundles (phase: emitting)...[2K[1G[36m‚†¶[39m Generating browser application bundles (phase: emitting)...[2K[1G[32m‚úî[39m Browser application bundle generation complete.
[37m[39m
[37m[0m[1mInitial Chunk Files[22m[2m | [22m[1mNames[22m  [2m | [22m[1mRaw Size[22m[0m[39m
[37m[0m[92mmain.js[39m[37m            [2m | [22mmain   [2m | [22m[96m89.57 kB[39m[37m[2m | [22m[0m[39m
[37m[0m[92mruntime.js[39m[37m         [2m | [22mruntime[2m | [22m[96m12.65 kB[39m[37m[2m | [22m[0m[39m
[37m[0m[0m[39m
[37m[0m7 unchanged chunks[0m[39m
[37m[0m[0m[39m
[37m[0mBuild at: [1m[37m2023-12-22T15:03:16.848Z[39m[37m[22m - Hash: [1m[37m899144cc3a3fef60[39m[37m[22m - Time: [1m[37m1119[39m[37m[22mms[0m[39m
[37m[39m
[37m[92m‚úî[39m[37m Compiled successfully.[39m
[36m‚†ã[39m Generating browser application bundles...[2K[1G[36m‚†ô[39m Generating browser application bundles (phase: building)...[2K[1G[36m‚†π[39m Generating browser application bundles (phase: building)...[2K[1G[36m‚†∏[39m Generating browser application bundles (phase: building)...[2K[1G[36m‚†º[39m Generating browser application bundles (phase: sealing)...[2K[1G[36m‚†¥[39m Generating browser application bundles (phase: emitting)...[2K[1G[36m‚†¶[39m Generating browser application bundles (phase: emitting)...[2K[1G[32m‚úî[39m Browser application bundle generation complete.
[37m[39m
[37m[0m[1mInitial Chunk Files[22m[2m | [22m[1mNames[22m  [2m | [22m[1mRaw Size[22m[0m[39m
[37m[0m[92mmain.js[39m[37m            [2m | [22mmain   [2m | [22m[96m89.57 kB[39m[37m[2m | [22m[0m[39m
[37m[0m[92mruntime.js[39m[37m         [2m | [22mruntime[2m | [22m[96m12.65 kB[39m[37m[2m | [22m[0m[39m
[37m[0m[0m[39m
[37m[0m7 unchanged chunks[0m[39m
[37m[0m[0m[39m
[37m[0mBuild at: [1m[37m2023-12-22T15:03:32.244Z[39m[37m[22m - Hash: [1m[37m7ae3646dbbc8e768[39m[37m[22m - Time: [1m[37m1001[39m[37m[22mms[0m[39m
[37m[39m
[37m[92m‚úî[39m[37m Compiled successfully.[39m
[36m‚†ã[39m Generating browser application bundles...[2K[1G[36m‚†ô[39m Generating browser application bundles (phase: building)...[2K[1G[36m‚†π[39m Generating browser application bundles (phase: building)...[2K[1G[36m‚†∏[39m Generating browser application bundles (phase: building)...[2K[1G[36m‚†º[39m Generating browser application bundles (phase: building)...[2K[1G[36m‚†¥[39m Generating browser application bundles (phase: building)...[2K[1G[36m‚†¶[39m Generating browser application bundles (phase: sealing)...[2K[1G[36m‚†ß[39m Generating browser application bundles (phase: emitting)...[2K[1G[36m‚†á[39m Generating browser application bundles (phase: emitting)...[2K[1G[32m‚úî[39m Browser application bundle generation complete.
[37m[39m
[37m[0m[1mInitial Chunk Files[22m                                                          [2m | [22m[1mNames[22m                                            [2m | [22m [1mRaw Size[22m[0m[39m
[37m[0m[92mruntime.js[39m[37m                                                                   [2m | [22mruntime                                          [2m | [22m [96m12.65 kB[39m[37m[2m | [22m[0m[39m
[37m[0m[0m[39m
[37m[0m[1mLazy Chunk Files[22m                                                             [2m | [22m[1mNames[22m                                            [2m | [22m [1mRaw Size[22m[0m[39m
[37m[0m[92msrc_app_modules_users_pages_page-user-manage_page-user-manage_component_ts.js[39m[37m[2m | [22mpages-page-user-manage-page-user-manage-component[2m | [22m[96m262.77 kB[39m[37m[2m | [22m[0m[39m
[37m[0m[0m[39m
[37m[0m7 unchanged chunks[0m[39m
[37m[0m[0m[39m
[37m[0mBuild at: [1m[37m2023-12-22T15:04:38.218Z[39m[37m[22m - Hash: [1m[37me06973a869c8307d[39m[37m[22m - Time: [1m[37m1317[39m[37m[22mms[0m[39m
[37m[39m
[37m[92m‚úî[39m[37m Compiled successfully.[39m
[36m‚†ã[39m Generating browser application bundles...[2K[1G[36m‚†ô[39m Generating browser application bundles (phase: building)...[2K[1G[36m‚†π[39m Generating browser application bundles (phase: building)...[2K[1G[36m‚†∏[39m Generating browser application bundles (phase: building)...[2K[1G[36m‚†º[39m Generating browser application bundles (phase: sealing)...[2K[1G[36m‚†¥[39m Generating browser application bundles (phase: emitting)...[2K[1G[36m‚†¶[39m Generating browser application bundles (phase: emitting)...[2K[1G[32m‚úî[39m Browser application bundle generation complete.
[37m[39m
[37m[0m[1mInitial Chunk Files[22m                                                          [2m | [22m[1mNames[22m                                            [2m | [22m [1mRaw Size[22m[0m[39m
[37m[0m[92mruntime.js[39m[37m                                                                   [2m | [22mruntime                                          [2m | [22m [96m12.65 kB[39m[37m[2m | [22m[0m[39m
[37m[0m[0m[39m
[37m[0m[1mLazy Chunk Files[22m                                                             [2m | [22m[1mNames[22m                                            [2m | [22m [1mRaw Size[22m[0m[39m
[37m[0m[92msrc_app_modules_users_pages_page-user-manage_page-user-manage_component_ts.js[39m[37m[2m | [22mpages-page-user-manage-page-user-manage-component[2m | [22m[96m262.84 kB[39m[37m[2m | [22m[0m[39m
[37m[0m[0m[39m
[37m[0m7 unchanged chunks[0m[39m
[37m[0m[0m[39m
[37m[0mBuild at: [1m[37m2023-12-22T15:04:53.849Z[39m[37m[22m - Hash: [1m[37m77ede33d5c031a90[39m[37m[22m - Time: [1m[37m1030[39m[37m[22mms[0m[39m
[37m[39m
[37m[92m‚úî[39m[37m Compiled successfully.[39m
[36m‚†ã[39m Generating browser application bundles...[2K[1G[36m‚†ô[39m Generating browser application bundles (phase: building)...[2K[1G[36m‚†π[39m Generating browser application bundles (phase: building)...[2K[1G[36m‚†∏[39m Generating browser application bundles (phase: sealing)...[2K[1G[32m‚úî[39m Browser application bundle generation complete.
[37m[39m
[37m[0m[1mInitial Chunk Files[22m                                                          [2m | [22m[1mNames[22m                                            [2m | [22m [1mRaw Size[22m[0m[39m
[37m[0m[92mruntime.js[39m[37m                                                                   [2m | [22mruntime                                          [2m | [22m [96m12.65 kB[39m[37m[2m | [22m[0m[39m
[37m[0m[0m[39m
[37m[0m[1mLazy Chunk Files[22m                                                             [2m | [22m[1mNames[22m                                            [2m | [22m [1mRaw Size[22m[0m[39m
[37m[0m[92msrc_app_modules_users_pages_page-user-manage_page-user-manage_component_ts.js[39m[37m[2m | [22mpages-page-user-manage-page-user-manage-component[2m | [22m[96m259.72 kB[39m[37m[2m | [22m[0m[39m
[37m[0m[0m[39m
[37m[0m7 unchanged chunks[0m[39m
[37m[0m[0m[39m
[37m[0mBuild at: [1m[37m2023-12-22T15:05:14.368Z[39m[37m[22m - Hash: [1m[37me804525ffa5aac9c[39m[37m[22m - Time: [1m[37m881[39m[37m[22mms[0m[39m
[1m[31m[39m[22m
[1m[31m[0m[91mError: [39m[31m[0m[96msrc/app/modules/users/pages/page-user-manage/page-user-manage.component.html[0m:[93m30[0m:[93m3[0m - [91merror[0m[90m NG5002: [0mUnexpected closing tag "div". It may happen when the tag has already been closed by another tag. For more info see https://www.w3.org/TR/html5/syntax.html#closing-elements-that-have-implied-end-tags[39m[22m
[1m[31m[39m[22m
[1m[31m[7m30[0m   </div>[39m[22m
[1m[31m[7m  [0m [91m  ~~~~~~[0m[39m[22m
[1m[31m[39m[22m
[1m[31m  [96msrc/app/modules/users/pages/page-user-manage/page-user-manage.component.ts[0m:[93m29[0m:[93m16[0m[39m[22m
[1m[31m    [7m29[0m   templateUrl: './page-user-manage.component.html',[39m[22m
[1m[31m    [7m  [0m [96m               ~~~~~~~~~~~~~~~~~~~~~~~~~~~~~~~~~~~[0m[39m[22m
[1m[31m    Error occurs in the template of component PageUserManageComponent.[39m[22m
[1m[31m[39m[22m
[1m[31m[39m[22m
[1m[31m[39m[22m
[37m[39m
[37m[91m‚úñ[39m[37m Failed to compile.[39m
[36m‚†ã[39m Generating browser application bundles...[2K[1G[36m‚†ô[39m Generating browser application bundles (phase: building)...[2K[1G[36m‚†π[39m Generating browser application bundles (phase: building)...[2K[1G[36m‚†∏[39m Generating browser application bundles (phase: building)...[2K[1G[36m‚†º[39m Generating browser application bundles (phase: sealing)...[2K[1G[32m‚úî[39m Browser application bundle generation complete.
[37m[39m
[37m[0m[1mInitial Chunk Files[22m                                                          [2m | [22m[1mNames[22m                                            [2m | [22m [1mRaw Size[22m[0m[39m
[37m[0m[92mruntime.js[39m[37m                                                                   [2m | [22mruntime                                          [2m | [22m [96m12.65 kB[39m[37m[2m | [22m[0m[39m
[37m[0m[0m[39m
[37m[0m[1mLazy Chunk Files[22m                                                             [2m | [22m[1mNames[22m                                            [2m | [22m [1mRaw Size[22m[0m[39m
[37m[0m[92msrc_app_modules_users_pages_page-user-manage_page-user-manage_component_ts.js[39m[37m[2m | [22mpages-page-user-manage-page-user-manage-component[2m | [22m[96m259.72 kB[39m[37m[2m | [22m[0m[39m
[37m[0m[0m[39m
[37m[0m7 unchanged chunks[0m[39m
[37m[0m[0m[39m
[37m[0mBuild at: [1m[37m2023-12-22T15:05:30.455Z[39m[37m[22m - Hash: [1m[37m8b946cb2d1797740[39m[37m[22m - Time: [1m[37m660[39m[37m[22mms[0m[39m
[1m[31m[39m[22m
[1m[31m[0m[91mError: [39m[31m[0m[96msrc/app/modules/users/pages/page-user-manage/page-user-manage.component.html[0m:[93m20[0m:[93m7[0m - [91merror[0m[90m NG5002: [0mUnexpected closing tag "div". It may happen when the tag has already been closed by another tag. For more info see https://www.w3.org/TR/html5/syntax.html#closing-elements-that-have-implied-end-tags[39m[22m
[1m[31m[39m[22m
[1m[31m[7m20[0m       </div>[39m[22m
[1m[31m[7m  [0m [91m      ~~~~~~[0m[39m[22m
[1m[31m[39m[22m
[1m[31m  [96msrc/app/modules/users/pages/page-user-manage/page-user-manage.component.ts[0m:[93m29[0m:[93m16[0m[39m[22m
[1m[31m    [7m29[0m   templateUrl: './page-user-manage.component.html',[39m[22m
[1m[31m    [7m  [0m [96m               ~~~~~~~~~~~~~~~~~~~~~~~~~~~~~~~~~~~[0m[39m[22m
[1m[31m    Error occurs in the template of component PageUserManageComponent.[39m[22m
[1m[31m[39m[22m
[1m[31m[39m[22m
[1m[31m[0m[91mError: [39m[31m[0m[96msrc/app/modules/users/pages/page-user-manage/page-user-manage.component.html[0m:[93m27[0m:[93m5[0m - [91merror[0m[90m NG5002: [0mUnexpected closing tag "nz-card". It may happen when the tag has already been closed by another tag. For more info see https://www.w3.org/TR/html5/syntax.html#closing-elements-that-have-implied-end-tags[39m[22m
[1m[31m[39m[22m
[1m[31m[7m27[0m     </nz-card>[39m[22m
[1m[31m[7m  [0m [91m    ~~~~~~~~~~[0m[39m[22m
[1m[31m[39m[22m
[1m[31m  [96msrc/app/modules/users/pages/page-user-manage/page-user-manage.component.ts[0m:[93m29[0m:[93m16[0m[39m[22m
[1m[31m    [7m29[0m   templateUrl: './page-user-manage.component.html',[39m[22m
[1m[31m    [7m  [0m [96m               ~~~~~~~~~~~~~~~~~~~~~~~~~~~~~~~~~~~[0m[39m[22m
[1m[31m    Error occurs in the template of component PageUserManageComponent.[39m[22m
[1m[31m[39m[22m
[1m[31m[39m[22m
[1m[31m[0m[91mError: [39m[31m[0m[96msrc/app/modules/users/pages/page-user-manage/page-user-manage.component.html[0m:[93m28[0m:[93m3[0m - [91merror[0m[90m NG5002: [0mUnexpected closing tag "div". It may happen when the tag has already been closed by another tag. For more info see https://www.w3.org/TR/html5/syntax.html#closing-elements-that-have-implied-end-tags[39m[22m
[1m[31m[39m[22m
[1m[31m[7m28[0m   </div>[39m[22m
[1m[31m[7m  [0m [91m  ~~~~~~[0m[39m[22m
[1m[31m[39m[22m
[1m[31m  [96msrc/app/modules/users/pages/page-user-manage/page-user-manage.co[39m[22m[1m[31mmponent.ts[0m:[93m29[0m:[93m16[0m[39m[22m
[1m[31m    [7m29[0m   templateUrl: './page-user-manage.component.html',[39m[22m
[1m[31m    [7m  [0m [96m               ~~~~~~~~~~~~~~~~~~~~~~~~~~~~~~~~~~~[0m[39m[22m
[1m[31m    Error occurs in the template of component PageUserManageComponent.[39m[22m
[1m[31m[39m[22m
[1m[31m[39m[22m
[1m[31m[39m[22m
[37m[39m
[37m[91m‚úñ[39m[37m Failed to compile.[39m
[36m‚†ã[39m Generating browser application bundles...[2K[1G[36m‚†ô[39m Generating browser application bundles (phase: building)...[2K[1G[36m‚†π[39m Generating browser application bundles (phase: building)...[2K[1G[36m‚†∏[39m Generating browser application bundles (phase: sealing)...[2K[1G[36m‚†º[39m Generating browser application bundles (phase: emitting)...[2K[1G[36m‚†¥[39m Generating browser application bundles (phase: emitting)...[2K[1G[32m‚úî[39m Browser application bundle generation complete.
[37m[39m
[37m[0m[1mInitial Chunk Files[22m                                                          [2m | [22m[1mNames[22m                                            [2m | [22m [1mRaw Size[22m[0m[39m
[37m[0m[92mruntime.js[39m[37m                                                                   [2m | [22mruntime                                          [2m | [22m [96m12.65 kB[39m[37m[2m | [22m[0m[39m
[37m[0m[0m[39m
[37m[0m[1mLazy Chunk Files[22m                                                             [2m | [22m[1mNames[22m                                            [2m | [22m [1mRaw Size[22m[0m[39m
[37m[0m[92msrc_app_modules_users_pages_page-user-manage_page-user-manage_component_ts.js[39m[37m[2m | [22mpages-page-user-manage-page-user-manage-component[2m | [22m[96m262.84 kB[39m[37m[2m | [22m[0m[39m
[37m[0m[0m[39m
[37m[0m7 unchanged chunks[0m[39m
[37m[0m[0m[39m
[37m[0mBuild at: [1m[37m2023-12-22T15:05:33.932Z[39m[37m[22m - Hash: [1m[37m979caf6f23054d47[39m[37m[22m - Time: [1m[37m655[39m[37m[22mms[0m[39m
[37m[39m
[37m[92m‚úî[39m[37m Compiled successfully.[39m
[36m‚†ã[39m Generating browser application bundles...[2K[1G[36m‚†ô[39m Generating browser application bundles (phase: building)...[2K[1G[36m‚†π[39m Generating browser application bundles (phase: building)...[2K[1G[36m‚†∏[39m Generating browser application bundles (phase: building)...[2K[1G[36m‚†º[39m Generating browser application bundles (phase: sealing)...[2K[1G[36m‚†¥[39m Generating browser application bundles (phase: emitting)...[2K[1G[36m‚†¶[39m Generating browser application bundles (phase: emitting)...[2K[1G[36m‚†ß[39m Generating browser application bundles (phase: emitting)...[2K[1G[32m‚úî[39m Browser application bundle generation complete.
[37m[39m
[37m[0m[1mInitial Chunk Files[22m                                                          [2m | [22m[1mNames[22m                                            [2m | [22m [1mRaw Size[22m[0m[39m
[37m[0m[92mruntime.js[39m[37m                                                                   [2m | [22mruntime                                          [2m | [22m [96m12.65 kB[39m[37m[2m | [22m[0m[39m
[37m[0m[0m[39m
[37m[0m[1mLazy Chunk Files[22m                                                             [2m | [22m[1mNames[22m                                            [2m | [22m [1mRaw Size[22m[0m[39m
[37m[0m[92msrc_app_modules_users_pages_page-user-manage_page-user-manage_component_ts.js[39m[37m[2m | [22mpages-page-user-manage-page-user-manage-component[2m | [22m[96m263.01 kB[39m[37m[2m | [22m[0m[39m
[37m[0m[0m[39m
[37m[0m7 unchanged chunks[0m[39m
[37m[0m[0m[39m
[37m[0mBuild at: [1m[37m2023-12-22T15:06:45.211Z[39m[37m[22m - Hash: [1m[37m4068cfe42a8ac762[39m[37m[22m - Time: [1m[37m1204[39m[37m[22mms[0m[39m
[37m[39m
[37m[92m‚úî[39m[37m Compiled successfully.[39m
[36m‚†ã[39m Generating browser application bundles...[2K[1G[36m‚†ô[39m Generating browser application bundles (phase: building)...[2K[1G[36m‚†π[39m Generating browser application bundles (phase: building)...[2K[1G[36m‚†∏[39m Generating browser application bundles (phase: sealing)...[2K[1G[36m‚†º[39m Generating browser application bundles (phase: emitting)...[2K[1G[36m‚†¥[39m Generating browser application bundles (phase: emitting)...[2K[1G[32m‚úî[39m Browser application bundle generation complete.
[37m[39m
[37m[0m[1mInitial Chunk Files[22m                                                          [2m | [22m[1mNames[22m                                            [2m | [22m [1mRaw Size[22m[0m[39m
[37m[0m[92mruntime.js[39m[37m                                                                   [2m | [22mruntime                                          [2m | [22m [96m12.65 kB[39m[37m[2m | [22m[0m[39m
[37m[0m[0m[39m
[37m[0m[1mLazy Chunk Files[22m                                                             [2m | [22m[1mNames[22m                                            [2m | [22m [1mRaw Size[22m[0m[39m
[37m[0m[92msrc_app_modules_users_pages_page-user-manage_page-user-manage_component_ts.js[39m[37m[2m | [22mpages-page-user-manage-page-user-manage-component[2m | [22m[96m263.01 kB[39m[37m[2m | [22m[0m[39m
[37m[0m[0m[39m
[37m[0m7 unchanged chunks[0m[39m
[37m[0m[0m[39m
[37m[0mBuild at: [1m[37m2023-12-22T15:06:54.915Z[39m[37m[22m - Hash: [1m[37m3f09259adfd0890b[39m[37m[22m - Time: [1m[37m979[39m[37m[22mms[0m[39m
[37m[39m
[37m[92m‚úî[39m[37m Compiled successfully.[39m
[36m‚†ã[39m Generating browser application bundles...[2K[1G[36m‚†ô[39m Generating browser application bundles (phase: building)...[2K[1G[36m‚†π[39m Generating browser application bundles (phase: building)...[2K[1G[36m‚†∏[39m Generating browser application bundles (phase: sealing)...[2K[1G[36m‚†º[39m Generating browser application bundles (phase: emitting)...[2K[1G[36m‚†¥[39m Generating browser application bundles (phase: emitting)...[2K[1G[32m‚úî[39m Browser application bundle generation complete.
[37m[39m
[37m[0m[1mInitial Chunk Files[22m                                                          [2m | [22m[1mNames[22m                                            [2m | [22m [1mRaw Size[22m[0m[39m
[37m[0m[92mruntime.js[39m[37m                                                                   [2m | [22mruntime                                          [2m | [22m [96m12.65 kB[39m[37m[2m | [22m[0m[39m
[37m[0m[0m[39m
[37m[0m[1mLazy Chunk Files[22m                                                             [2m | [22m[1mNames[22m                                            [2m | [22m [1mRaw Size[22m[0m[39m
[37m[0m[92msrc_app_modules_users_pages_page-user-manage_page-user-manage_component_ts.js[39m[37m[2m | [22mpages-page-user-manage-page-user-manage-component[2m | [22m[96m263.01 kB[39m[37m[2m | [22m[0m[39m
[37m[0m[0m[39m
[37m[0m7 unchanged chunks[0m[39m
[37m[0m[0m[39m
[37m[0mBuild at: [1m[37m2023-12-22T15:07:01.027Z[39m[37m[22m - Hash: [1m[37mbe95c6e2649c6125[39m[37m[22m - Time: [1m[37m884[39m[37m[22mms[0m[39m
[37m[39m
[37m[92m‚úî[39m[37m Compiled successfully.[39m
[36m‚†ã[39m Generating browser application bundles...[2K[1G[36m‚†ô[39m Generating browser application bundles (phase: building)...[2K[1G[36m‚†π[39m Generating browser application bundles (phase: building)...[2K[1G[36m‚†∏[39m Generating browser application bundles (phase: building)...[2K[1G[36m‚†º[39m Generating browser application bundles (phase: sealing)...[2K[1G[36m‚†¥[39m Generating browser application bundles (phase: emitting)...[2K[1G[36m‚†¶[39m Generating browser application bundles (phase: emitting)...[2K[1G[36m‚†ß[39m Generating browser application bundles (phase: emitting)...[2K[1G[32m‚úî[39m Browser application bundle generation complete.
[37m[39m
[37m[0m[1mInitial Chunk Files[22m                                                          [2m | [22m[1mNames[22m                                            [2m | [22m [1mRaw Size[22m[0m[39m
[37m[0m[92mruntime.js[39m[37m                                                                   [2m | [22mruntime                                          [2m | [22m [96m12.65 kB[39m[37m[2m | [22m[0m[39m
[37m[0m[0m[39m
[37m[0m[1mLazy Chunk Files[22m                                                             [2m | [22m[1mNames[22m                                            [2m | [22m [1mRaw Size[22m[0m[39m
[37m[0m[92msrc_app_modules_users_pages_page-user-manage_page-user-manage_component_ts.js[39m[37m[2m | [22mpages-page-user-manage-page-user-manage-component[2m | [22m[96m263.05 kB[39m[37m[2m | [22m[0m[39m
[37m[0m[0m[39m
[37m[0m7 unchanged chunks[0m[39m
[37m[0m[0m[39m
[37m[0mBuild at: [1m[37m2023-12-22T15:07:22.897Z[39m[37m[22m - Hash: [1m[37m4190938680db151f[39m[37m[22m - Time: [1m[37m1089[39m[37m[22mms[0m[39m
[37m[39m
[37m[92m‚úî[39m[37m Compiled successfully.[39m
[36m‚†ã[39m Generating browser application bundles...[2K[1G[36m‚†ô[39m Generating browser application bundles (phase: building)...[2K[1G[36m‚†π[39m Generating browser application bundles (phase: building)...[2K[1G[36m‚†∏[39m Generating browser application bundles (phase: sealing)...[2K[1G[36m‚†º[39m Generating browser application bundles (phase: emitting)...[2K[1G[36m‚†¥[39m Generating browser application bundles (phase: emitting)...[2K[1G[32m‚úî[39m Browser application bundle generation complete.
[37m[39m
[37m[0m[1mInitial Chunk Files[22m                                                          [2m | [22m[1mNames[22m                                            [2m | [22m [1mRaw Size[22m[0m[39m
[37m[0m[92mruntime.js[39m[37m                                                                   [2m | [22mruntime                                          [2m | [22m [96m12.65 kB[39m[37m[2m | [22m[0m[39m
[37m[0m[0m[39m
[37m[0m[1mLazy Chunk Files[22m                                                             [2m | [22m[1mNames[22m                                            [2m | [22m [1mRaw Size[22m[0m[39m
[37m[0m[92msrc_app_modules_users_pages_page-user-manage_page-user-manage_component_ts.js[39m[37m[2m | [22mpages-page-user-manage-page-user-manage-component[2m | [22m[96m263.06 kB[39m[37m[2m | [22m[0m[39m
[37m[0m[0m[39m
[37m[0m7 unchanged chunks[0m[39m
[37m[0m[0m[39m
[37m[0mBuild at: [1m[37m2023-12-22T15:07:42.847Z[39m[37m[22m - Hash: [1m[37m196891ddf67d321e[39m[37m[22m - Time: [1m[37m984[39m[37m[22mms[0m[39m
[37m[39m
[37m[92m‚úî[39m[37m Compiled successfully.[39m
[36m‚†ã[39m Generating browser application bundles...[2K[1G[36m‚†ô[39m Generating browser application bundles (phase: building)...[2K[1G[36m‚†π[39m Generating browser application bundles (phase: building)...[2K[1G[36m‚†∏[39m Generating browser application bundles (phase: building)...[2K[1G[36m‚†º[39m Generating browser application bundles (phase: sealing)...[2K[1G[36m‚†¥[39m Generating browser application bundles (phase: emitting)...[2K[1G[36m‚†¶[39m Generating browser application bundles (phase: emitting)...[2K[1G[36m‚†ß[39m Generating browser application bundles (phase: emitting)...[2K[1G[32m‚úî[39m Browser application bundle generation complete.
[37m[39m
[37m[0m[1mInitial Chunk Files[22m                                                          [2m | [22m[1mNames[22m                                            [2m | [22m [1mRaw Size[22m[0m[39m
[37m[0m[92mruntime.js[39m[37m                                                                   [2m | [22mruntime                                          [2m | [22m [96m12.65 kB[39m[37m[2m | [22m[0m[39m
[37m[0m[0m[39m
[37m[0m[1mLazy Chunk Files[22m                                                             [2m | [22m[1mNames[22m                                            [2m | [22m [1mRaw Size[22m[0m[39m
[37m[0m[92msrc_app_modules_users_pages_page-user-manage_page-user-manage_component_ts.js[39m[37m[2m | [22mpages-page-user-manage-page-user-manage-component[2m | [22m[96m263.08 kB[39m[37m[2m | [22m[0m[39m
[37m[0m[0m[39m
[37m[0m7 unchanged chunks[0m[39m
[37m[0m[0m[39m
[37m[0mBuild at: [1m[37m2023-12-22T15:08:08.705Z[39m[37m[22m - Hash: [1m[37m4fa9326c7788e737[39m[37m[22m - Time: [1m[37m1169[39m[37m[22mms[0m[39m
[37m[39m
[37m[92m‚úî[39m[37m Compiled successfully.[39m
[36m‚†ã[39m Generating browser application bundles...[2K[1G[36m‚†ô[39m Generating browser application bundles (phase: building)...[2K[1G[36m‚†π[39m Generating browser application bundles (phase: building)...[2K[1G[36m‚†∏[39m Generating browser application bundles (phase: building)...[2K[1G[36m‚†º[39m Generating browser application bundles (phase: building)...[2K[1G[36m‚†¥[39m Generating browser application bundles (phase: building)...[2K[1G[36m‚†¶[39m Generating browser application bundles (phase: building)...[2K[1G[36m‚†ß[39m Generating browser application bundles (phase: building)...[2K[1G[36m‚†á[39m Generating browser application bundles (phase: building)...[2K[1G[36m‚†è[39m Generating browser application bundles (phase: building)...[2K[1G[36m‚†ã[39m Generating browser application bundles (phase: sealing)...[2K[1G[36m‚†ô[39m Generating browser application bundles (phase: emitting)...[2K[1G[36m‚†π[39m Generating browser application bundles (phase: emitting)...[2K[1G[32m‚úî[39m Browser application bundle generation complete.
[37m[39m
[37m[0m[1mInitial Chunk Files[22m[2m | [22m[1mNames[22m  [2m | [22m[1mRaw Size[22m[0m[39m
[37m[0m[92mmain.js[39m[37m            [2m | [22mmain   [2m | [22m[96m89.57 kB[39m[37m[2m | [22m[0m[39m
[37m[0m[92mruntime.js[39m[37m         [2m | [22mruntime[2m | [22m[96m12.65 kB[39m[37m[2m | [22m[0m[39m
[37m[0m[0m[39m
[37m[0m7 unchanged chunks[0m[39m
[37m[0m[0m[39m
[37m[0mBuild at: [1m[37m2023-12-22T15:09:08.151Z[39m[37m[22m - Hash: [1m[37m1466b300df5220dd[39m[37m[22m - Time: [1m[37m1741[39m[37m[22mms[0m[39m
[37m[39m
[37m[92m‚úî[39m[37m Compiled successfully.[39m
[36m‚†ã[39m Generating browser application bundles...[2K[1G[36m‚†ô[39m Generating browser application bundles (phase: building)...[2K[1G[36m‚†π[39m Generating browser application bundles (phase: building)...[2K[1G[36m‚†∏[39m Generating browser application bundles (phase: sealing)...[2K[1G[36m‚†º[39m Generating browser application bundles (phase: emitting)...[2K[1G[36m‚†¥[39m Generating browser application bundles (phase: emitting)...[2K[1G[32m‚úî[39m Browser application bundle generation complete.
[37m[39m
[37m[0m[1mInitial Chunk Files[22m[2m | [22m[1mNames[22m  [2m | [22m[1mRaw Size[22m[0m[39m
[37m[0m[92mmain.js[39m[37m            [2m | [22mmain   [2m | [22m[96m89.57 kB[39m[37m[2m | [22m[0m[39m
[37m[0m[92mruntime.js[39m[37m         [2m | [22mruntime[2m | [22m[96m12.65 kB[39m[37m[2m | [22m[0m[39m
[37m[0m[0m[39m
[37m[0m7 unchanged chunks[0m[39m
[37m[0m[0m[39m
[37m[0mBuild at: [1m[37m2023-12-22T15:09:24.566Z[39m[37m[22m - Hash: [1m[37m5f7632e9a2259104[39m[37m[22m - Time: [1m[37m942[39m[37m[22mms[0m[39m
[37m[39m
[37m[92m‚úî[39m[37m Compiled successfully.[39m
[36m‚†ã[39m Generating browser application bundles...[2K[1G[36m‚†ô[39m Generating browser application bundles (phase: building)...[2K[1G[36m‚†π[39m Generating browser application bundles (phase: building)...[2K[1G[36m‚†∏[39m Generating browser application bundles (phase: sealing)...[2K[1G[36m‚†º[39m Generating browser application bundles (phase: emitting)...[2K[1G[36m‚†¥[39m Generating browser application bundles (phase: emitting)...[2K[1G[36m‚†¶[39m Generating browser application bundles (phase: emitting)...[2K[1G[32m‚úî[39m Browser application bundle generation complete.
[37m[39m
[37m[0m[1mInitial Chunk Files[22m[2m | [22m[1mNames[22m  [2m | [22m[1mRaw Size[22m[0m[39m
[37m[0m[92mmain.js[39m[37m            [2m | [22mmain   [2m | [22m[96m89.59 kB[39m[37m[2m | [22m[0m[39m
[37m[0m[92mruntime.js[39m[37m         [2m | [22mruntime[2m | [22m[96m12.65 kB[39m[37m[2m | [22m[0m[39m
[37m[0m[0m[39m
[37m[0m7 unchanged chunks[0m[39m
[37m[0m[0m[39m
[37m[0mBuild at: [1m[37m2023-12-22T15:09:56.096Z[39m[37m[22m - Hash: [1m[37m4f35d82cd482f2be[39m[37m[22m - Time: [1m[37m1012[39m[37m[22mms[0m[39m
[37m[39m
[37m[92m‚úî[39m[37m Compiled successfully.[39m
[36m‚†ã[39m Generating browser application bundles...[2K[1G[36m‚†ô[39m Generating browser application bundles (phase: building)...[2K[1G[36m‚†π[39m Generating browser application bundles (phase: building)...[2K[1G[36m‚†∏[39m Generating browser application bundles (phase: sealing)...[2K[1G[36m‚†º[39m Generating browser application bundles (phase: emitting)...[2K[1G[36m‚†¥[39m Generating browser application bundles (phase: emitting)...[2K[1G[32m‚úî[39m Browser application bundle generation complete.
[37m[39m
[37m[0m[1mInitial Chunk Files[22m[2m | [22m[1mNames[22m  [2m | [22m[1mRaw Size[22m[0m[39m
[37m[0m[92mruntime.js[39m[37m         [2m | [22mruntime[2m | [22m[96m12.65 kB[39m[37m[2m | [22m[0m[39m
[37m[0m[0m[39m
[37m[0m8 unchanged chunks[0m[39m
[37m[0m[0m[39m
[37m[0mBuild at: [1m[37m2023-12-22T15:17:02.554Z[39m[37m[22m - Hash: [1m[37m1cfc5e13aaa969cf[39m[37m[22m - Time: [1m[37m927[39m[37m[22mms[0m[39m
[37m[39m
[37m[92m‚úî[39m[37m Compiled successfully.[39m
[36m‚†ã[39m Generating browser application bundles...[2K[1G[36m‚†ô[39m Generating browser application bundles (phase: building)...[2K[1G[36m‚†π[39m Generating browser application bundles (phase: building)...[2K[1G[36m‚†∏[39m Generating browser application bundles (phase: emitting)...[2K[1G[36m‚†º[39m Generating browser application bundles (phase: emitting)...[2K[1G[32m‚úî[39m Browser application bundle generation complete.
[37m[39m
[37m[0m9 unchanged chunks[0m[39m
[37m[0m[0m[39m
[37m[0mBuild at: [1m[37m2023-12-22T15:17:03.467Z[39m[37m[22m - Hash: [1m[37m1cfc5e13aaa969cf[39m[37m[22m - Time: [1m[37m584[39m[37m[22mms[0m[39m
[37m[39m
[37m[92m‚úî[39m[37m Compiled successfully.[39m
[36m‚†ã[39m Generating browser application bundles...[2K[1G[36m‚†ô[39m Generating browser application bundles (phase: building)...[2K[1G[36m‚†π[39m Generating browser application bundles (phase: building)...[2K[1G[36m‚†∏[39m Generating browser application bundles (phase: sealing)...[2K[1G[36m‚†º[39m Generating browser application bundles (phase: emitting)...[2K[1G[36m‚†¥[39m Generating browser application bundles (phase: emitting)...[2K[1G[32m‚úî[39m Browser application bundle generation complete.
[37m[39m
[37m[0m9 unchanged chunks[0m[39m
[37m[0m[0m[39m
[37m[0mBuild at: [1m[37m2023-12-22T15:17:25.739Z[39m[37m[22m - Hash: [1m[37m1cfc5e13aaa969cf[39m[37m[22m - Time: [1m[37m809[39m[37m[22mms[0m[39m
[37m[39m
[37m[92m‚úî[39m[37m Compiled successfully.[39m
[36m‚†ã[39m Generating browser application bundles...[2K[1G[36m‚†ô[39m Generating browser application bundles (phase: building)...[2K[1G[36m‚†π[39m Generating browser application bundles (phase: sealing)...[2K[1G[36m‚†∏[39m Generating browser application bundles (phase: emitting)...[2K[1G[36m‚†º[39m Generating browser application bundles (phase: emitting)...[2K[1G[32m‚úî[39m Browser application bundle generation complete.
[37m[39m
[37m[0m9 unchanged chunks[0m[39m
[37m[0m[0m[39m
[37m[0mBuild at: [1m[37m2023-12-22T15:17:26.507Z[39m[37m[22m - Hash: [1m[37m1cfc5e13aaa969cf[39m[37m[22m - Time: [1m[37m515[39m[37m[22mms[0m[39m
[37m[39m
[37m[92m‚úî[39m[37m Compiled successfully.[39m
[36m‚†ã[39m Generating browser application bundles...[2K[1G[36m‚†ô[39m Generating browser application bundles (phase: building)...[2K[1G[36m‚†π[39m Generating browser application bundles (phase: building)...[2K[1G[36m‚†∏[39m Generating browser application bundles (phase: sealing)...[2K[1G[36m‚†º[39m Generating browser application bundles (phase: emitting)...[2K[1G[36m‚†¥[39m Generating browser application bundles (phase: emitting)...[2K[1G[36m‚†¶[39m Generating browser application bundles (phase: emitting)...[2K[1G[32m‚úî[39m Browser application bundle generation complete.
[37m[39m
[37m[0m9 unchanged chunks[0m[39m
[37m[0m[0m[39m
[37m[0mBuild at: [1m[37m2023-12-22T15:55:41.598Z[39m[37m[22m - Hash: [1m[37m1cfc5e13aaa969cf[39m[37m[22m - Time: [1m[37m946[39m[37m[22mms[0m[39m
[37m[39m
[37m[92m‚úî[39m[37m Compiled successfully.[39m
[36m‚†ã[39m Generating browser application bundles...[2K[1G[36m‚†ô[39m Generating browser application bundles (phase: building)...[2K[1G[36m‚†π[39m Generating browser application bundles (phase: building)...[2K[1G[36m‚†∏[39m Generating browser application bundles (phase: sealing)...[2K[1G[36m‚†º[39m Generating browser application bundles (phase: emitting)...[2K[1G[36m‚†¥[39m Generating browser application bundles (phase: emitting)...[2K[1G[32m‚úî[39m Browser application bundle generation complete.
[37m[39m
[37m[0m9 unchanged chunks[0m[39m
[37m[0m[0m[39m
[37m[0mBuild at: [1m[37m2023-12-22T15:59:26.435Z[39m[37m[22m - Hash: [1m[37m1cfc5e13aaa969cf[39m[37m[22m - Time: [1m[37m875[39m[37m[22mms[0m[39m
[37m[39m
[37m[92m‚úî[39m[37m Compiled successfully.[39m
[36m‚†ã[39m Generating browser application bundles...[2K[1G[36m‚†ô[39m Generating browser application bundles (phase: building)...[2K[1G[36m‚†π[39m Generating browser application bundles (phase: building)...[2K[1G[36m‚†∏[39m Generating browser application bundles (phase: building)...[2K[1G[36m‚†º[39m Generating browser application bundles (phase: sealing)...[2K[1G[32m‚úî[39m Browser application bundle generation complete.
[37m[39m
[37m[0m[1mInitial Chunk Files[22m                                                          [2m | [22m[1mNames[22m                                            [2m | [22m [1mRaw Size[22m[0m[39m
[37m[0m[92mruntime.js[39m[37m                                                                   [2m | [22mruntime                                          [2m | [22m [96m12.65 kB[39m[37m[2m | [22m[0m[39m
[37m[0m[0m[39m
[37m[0m[1mLazy Chunk Files[22m                                                             [2m | [22m[1mNames[22m                                            [2m | [22m [1mRaw Size[22m[0m[39m
[37m[0m[92msrc_app_modules_users_pages_page-user-manage_page-user-manage_component_ts.js[39m[37m[2m | [22mpages-page-user-manage-page-user-manage-component[2m | [22m[96m263.47 kB[39m[37m[2m | [22m[0m[39m
[37m[0m[0m[39m
[37m[0m7 unchanged chunks[0m[39m
[37m[0m[0m[39m
[37m[0mBuild at: [1m[37m2023-12-22T15:59:27.668Z[39m[37m[22m - Hash: [1m[37md5d0a4af0513dccc[39m[37m[22m - Time: [1m[37m559[39m[37m[22mms[0m[39m
[1m[31m[39m[22m
[1m[31m[0m[91mError: [39m[31m[0m[96msrc/app/modules/users/pages/page-user-manage/page-user-manage.component.html[0m:[93m18[0m:[93m9[0m - [91merror[0m[90m NG8001: [0m'app-user-info' is not a known element:[39m[22m
[1m[31m1. If 'app-user-info' is an Angular component, then verify that it is included in the '@Component.imports' of this component.[39m[22m
[1m[31m2. If 'app-user-info' is a Web Component then add 'CUSTOM_ELEMENTS_SCHEMA' to the '@Component.schemas' of this component to suppress this message.[39m[22m
[1m[31m[39m[22m
[1m[31m[7m18[0m         <app-user-info [user]="user$ | async"></app-user-info>[39m[22m
[1m[31m[7m  [0m [91m        ~~~~~~~~~~~~~~~~~~~~~~~~~~~~~~~~~~~~~~[0m[39m[22m
[1m[31m[39m[22m
[1m[31m  [96msrc/app/modules/users/pages/page-user-manage/page-user-manage.component.ts[0m:[93m29[0m:[93m16[0m[39m[22m
[1m[31m    [7m29[0m   templateUrl: './page-user-manage.component.html',[39m[22m
[1m[31m    [7m  [0m [96m               ~~~~~~~~~~~~~~~~~~~~~~~~~~~~~~~~~~~[0m[39m[22m
[1m[31m    Error occurs in the template of component PageUserManageComponent.[39m[22m
[1m[31m[39m[22m
[1m[31m[39m[22m
[1m[31m[0m[91mError: [39m[31m[0m[96msrc/app/modules/users/pages/page-user-manage/page-user-manage.component.html[0m:[93m18[0m:[93m24[0m - [91merror[0m[90m NG8002: [0mCan't bind to 'user' since it isn't a known property of 'app-user-info'.[39m[22m
[1m[31m1. If 'app-user-info' is an Angular component and it has 'user' input, then verify that it is included in the '@Component.imports' of this component.[39m[22m
[1m[31m2. If 'app-user-info' is a Web Component then add 'CUSTOM_ELEMENTS_SCHEMA' to the '@Component.schemas' of this component to suppress this message.[39m[22m
[1m[31m3. To allow any property add 'NO_ERRORS_SCHEMA' to the '@Component.schemas' of this component.[39m[22m
[1m[31m[39m[22m
[1m[31m[7m18[0m         <app-user-info [user]="user$ | async"></app-user-info>[39m[22m
[1m[31m[7m  [0m [91m                       ~~~~~~~~~~~~~~~~~~~~~~[0m[39m[22m
[1m[31m[39m[22m
[1m[31m  [96msrc/app/modules/users/pages/page-user-manage/page-user-manage.component.ts[0m:[93m29[0m:[93m16[0m[39m[22m
[1m[31m    [7m29[0m   templateUrl: './page-user-manage.component.html',[39m[22m
[1m[31m    [7m  [0m [96m               ~~~~~~~~~~~~~~~~~~~~~~~~~~~~~~~~~~~[0m[39m[22m
[1m[31m    Error occurs in th[39m[22m[1m[31me template of component PageUserManageComponent.[39m[22m
[1m[31m[39m[22m
[1m[31m[39m[22m
[1m[31m[39m[22m
[37m[39m
[37m[91m‚úñ[39m[37m Failed to compile.[39m
[36m‚†ã[39m Generating browser application bundles...[2K[1G[36m‚†ô[39m Generating browser application bundles (phase: building)...[2K[1G[36m‚†π[39m Generating browser application bundles (phase: building)...[2K[1G[36m‚†∏[39m Generating browser application bundles (phase: sealing)...[2K[1G[36m‚†º[39m Generating browser application bundles (phase: sealing)...[2K[1G[32m‚úî[39m Browser application bundle generation complete.
[37m[39m
[37m[0m[1mInitial Chunk Files[22m                                                          [2m | [22m[1mNames[22m                                            [2m | [22m [1mRaw Size[22m[0m[39m
[37m[0m[92mruntime.js[39m[37m                                                                   [2m | [22mruntime                                          [2m | [22m [96m12.65 kB[39m[37m[2m | [22m[0m[39m
[37m[0m[0m[39m
[37m[0m[1mLazy Chunk Files[22m                                                             [2m | [22m[1mNames[22m                                            [2m | [22m [1mRaw Size[22m[0m[39m
[37m[0m[92msrc_app_modules_users_pages_page-user-manage_page-user-manage_component_ts.js[39m[37m[2m | [22mpages-page-user-manage-page-user-manage-component[2m | [22m[96m263.47 kB[39m[37m[2m | [22m[0m[39m
[37m[0m[0m[39m
[37m[0m7 unchanged chunks[0m[39m
[37m[0m[0m[39m
[37m[0mBuild at: [1m[37m2023-12-22T15:59:44.302Z[39m[37m[22m - Hash: [1m[37m63bcd2a4b8d3569c[39m[37m[22m - Time: [1m[37m756[39m[37m[22mms[0m[39m
[1m[31m[39m[22m
[1m[31m[0m[91mError: [39m[31m[0m[96msrc/app/modules/users/pages/page-user-manage/page-user-manage.component.html[0m:[93m18[0m:[93m9[0m - [91merror[0m[90m NG8001: [0m'app-user-info' is not a known element:[39m[22m
[1m[31m1. If 'app-user-info' is an Angular component, then verify that it is included in the '@Component.imports' of this component.[39m[22m
[1m[31m2. If 'app-user-info' is a Web Component then add 'CUSTOM_ELEMENTS_SCHEMA' to the '@Component.schemas' of this component to suppress this message.[39m[22m
[1m[31m[39m[22m
[1m[31m[7m18[0m         <app-user-info [user]="user$ | async"></app-user-info>[39m[22m
[1m[31m[7m  [0m [91m        ~~~~~~~~~~~~~~~~~~~~~~~~~~~~~~~~~~~~~~[0m[39m[22m
[1m[31m[39m[22m
[1m[31m  [96msrc/app/modules/users/pages/page-user-manage/page-user-manage.component.ts[0m:[93m29[0m:[93m16[0m[39m[22m
[1m[31m    [7m29[0m   templateUrl: './page-user-manage.component.html',[39m[22m
[1m[31m    [7m  [0m [96m               ~~~~~~~~~~~~~~~~~~~~~~~~~~~~~~~~~~~[0m[39m[22m
[1m[31m    Error occurs in the template of component PageUserManageComponent.[39m[22m
[1m[31m[39m[22m
[1m[31m[39m[22m
[1m[31m[0m[91mError: [39m[31m[0m[96msrc/app/modules/users/pages/page-user-manage/page-user-manage.component.html[0m:[93m18[0m:[93m24[0m - [91merror[0m[90m NG8002: [0mCan't bind to 'user' since it isn't a known property of 'app-user-info'.[39m[22m
[1m[31m1. If 'app-user-info' is an Angular component and it has 'user' input, then verify that it is included in the '@Component.imports' of this component.[39m[22m
[1m[31m2. If 'app-user-info' is a Web Component then add 'CUSTOM_ELEMENTS_SCHEMA' to the '@Component.schemas' of this component to suppress this message.[39m[22m
[1m[31m3. To allow any property add 'NO_ERRORS_SCHEMA' to the '@Component.schemas' of this component.[39m[22m
[1m[31m[39m[22m
[1m[31m[7m18[0m         <app-user-info [user]="user$ | async"></app-user-info>[39m[22m
[1m[31m[7m  [0m [91m                       ~~~~~~~~~~~~~~~~~~~~~~[0m[39m[22m
[1m[31m[39m[22m
[1m[31m  [96msrc/app/modules/users/pages/page-user-manage/page-user-manage.component.ts[0m:[93m29[0m:[93m16[0m[39m[22m
[1m[31m    [7m29[0m   templateUrl: './page-user-manage.component.html',[39m[22m
[1m[31m    [7m  [0m [96m               ~~~~~~~~~~~~~~~~~~~~~~~~~~~~~~~~~~~[0m[39m[22m
[1m[31m    Error occurs in th[39m[22m[1m[31me template of component PageUserManageComponent.[39m[22m
[1m[31m[39m[22m
[1m[31m[39m[22m
[1m[31m[39m[22m
[37m[39m
[37m[91m‚úñ[39m[37m Failed to compile.[39m
[36m‚†ã[39m Generating browser application bundles...[2K[1G[36m‚†ô[39m Generating browser application bundles (phase: building)...[2K[1G[36m‚†π[39m Generating browser application bundles (phase: building)...[2K[1G[36m‚†∏[39m Generating browser application bundles (phase: building)...[2K[1G[36m‚†º[39m Generating browser application bundles (phase: sealing)...[2K[1G[36m‚†¥[39m Generating browser application bundles (phase: emitting)...[2K[1G[36m‚†¶[39m Generating browser application bundles (phase: emitting)...[2K[1G[36m‚†ß[39m Generating browser application bundles (phase: emitting)...[2K[1G[32m‚úî[39m Browser application bundle generation complete.
[37m[39m
[37m[0m[1mInitial Chunk Files[22m                                                          [2m | [22m[1mNames[22m                                            [2m | [22m [1mRaw Size[22m[0m[39m
[37m[0m[92mruntime.js[39m[37m                                                                   [2m | [22mruntime                                          [2m | [22m [96m12.65 kB[39m[37m[2m | [22m[0m[39m
[37m[0m[0m[39m
[37m[0m[1mLazy Chunk Files[22m                                                             [2m | [22m[1mNames[22m                                            [2m | [22m [1mRaw Size[22m[0m[39m
[37m[0m[92msrc_app_modules_users_pages_page-user-manage_page-user-manage_component_ts.js[39m[37m[2m | [22mpages-page-user-manage-page-user-manage-component[2m | [22m[96m265.29 kB[39m[37m[2m | [22m[0m[39m
[37m[0m[0m[39m
[37m[0m7 unchanged chunks[0m[39m
[37m[0m[0m[39m
[37m[0mBuild at: [1m[37m2023-12-22T16:00:02.372Z[39m[37m[22m - Hash: [1m[37m61e99ba975b7ab65[39m[37m[22m - Time: [1m[37m1243[39m[37m[22mms[0m[39m
[37m[39m
[37m[92m‚úî[39m[37m Compiled successfully.[39m
[36m‚†ã[39m Generating browser application bundles...[2K[1G[36m‚†ô[39m Generating browser application bundles (phase: building)...[2K[1G[36m‚†π[39m Generating browser application bundles (phase: building)...[2K[1G[36m‚†∏[39m Generating browser application bundles (phase: building)...[2K[1G[36m‚†º[39m Generating browser application bundles (phase: building)...[2K[1G[36m‚†¥[39m Generating browser application bundles (phase: sealing)...[2K[1G[36m‚†¶[39m Generating browser application bundles (phase: emitting)...[2K[1G[36m‚†ß[39m Generating browser application bundles (phase: emitting)...[2K[1G[32m‚úî[39m Browser application bundle generation complete.
[37m[39m
[37m[0m[1mInitial Chunk Files[22m                                                          [2m | [22m[1mNames[22m                                            [2m | [22m [1mRaw Size[22m[0m[39m
[37m[0m[92mruntime.js[39m[37m                                                                   [2m | [22mruntime                                          [2m | [22m [96m12.65 kB[39m[37m[2m | [22m[0m[39m
[37m[0m[0m[39m
[37m[0m[1mLazy Chunk Files[22m                                                             [2m | [22m[1mNames[22m                                            [2m | [22m [1mRaw Size[22m[0m[39m
[37m[0m[92msrc_app_modules_users_pages_page-user-manage_page-user-manage_component_ts.js[39m[37m[2m | [22mpages-page-user-manage-page-user-manage-component[2m | [22m[96m265.50 kB[39m[37m[2m | [22m[0m[39m
[37m[0m[0m[39m
[37m[0m7 unchanged chunks[0m[39m
[37m[0m[0m[39m
[37m[0mBuild at: [1m[37m2023-12-22T16:00:53.011Z[39m[37m[22m - Hash: [1m[37m2421b0a18bc5aff7[39m[37m[22m - Time: [1m[37m1074[39m[37m[22mms[0m[39m
[37m[39m
[37m[92m‚úî[39m[37m Compiled successfully.[39m
[36m‚†ã[39m Generating browser application bundles...[2K[1G[36m‚†ô[39m Generating browser application bundles (phase: building)...[2K[1G[36m‚†π[39m Generating browser application bundles (phase: building)...[2K[1G[36m‚†∏[39m Generating browser application bundles (phase: sealing)...[2K[1G[36m‚†º[39m Generating browser application bundles (phase: emitting)...[2K[1G[36m‚†¥[39m Generating browser application bundles (phase: emitting)...[2K[1G[32m‚úî[39m Browser application bundle generation complete.
[37m[39m
[37m[0m[1mInitial Chunk Files[22m                                                          [2m | [22m[1mNames[22m                                            [2m | [22m [1mRaw Size[22m[0m[39m
[37m[0m[92mruntime.js[39m[37m                                                                   [2m | [22mruntime                                          [2m | [22m [96m12.65 kB[39m[37m[2m | [22m[0m[39m
[37m[0m[0m[39m
[37m[0m[1mLazy Chunk Files[22m                                                             [2m | [22m[1mNames[22m                                            [2m | [22m [1mRaw Size[22m[0m[39m
[37m[0m[92msrc_app_modules_users_pages_page-user-manage_page-user-manage_component_ts.js[39m[37m[2m | [22mpages-page-user-manage-page-user-manage-component[2m | [22m[96m265.57 kB[39m[37m[2m | [22m[0m[39m
[37m[0m[0m[39m
[37m[0m7 unchanged chunks[0m[39m
[37m[0m[0m[39m
[37m[0mBuild at: [1m[37m2023-12-22T16:00:55.573Z[39m[37m[22m - Hash: [1m[37mde98b27bdf234d07[39m[37m[22m - Time: [1m[37m941[39m[37m[22mms[0m[39m
[37m[39m
[37m[92m‚úî[39m[37m Compiled successfully.[39m
[36m‚†ã[39m Generating browser application bundles...[2K[1G[36m‚†ô[39m Generating browser application bundles (phase: building)...[2K[1G[36m‚†π[39m Generating browser application bundles (phase: building)...[2K[1G[36m‚†∏[39m Generating browser application bundles (phase: emitting)...[2K[1G[32m‚úî[39m Browser application bundle generation complete.
[37m[39m
[37m[0m[1mInitial Chunk Files[22m                                                          [2m | [22m[1mNames[22m                                            [2m | [22m [1mRaw Size[22m[0m[39m
[37m[0m[92mruntime.js[39m[37m                                                                   [2m | [22mruntime                                          [2m | [22m [96m12.65 kB[39m[37m[2m | [22m[0m[39m
[37m[0m[0m[39m
[37m[0m[1mLazy Chunk Files[22m                                                             [2m | [22m[1mNames[22m                                            [2m | [22m [1mRaw Size[22m[0m[39m
[37m[0m[92msrc_app_modules_users_pages_page-user-manage_page-user-manage_component_ts.js[39m[37m[2m | [22mpages-page-user-manage-page-user-manage-component[2m | [22m[96m265.57 kB[39m[37m[2m | [22m[0m[39m
[37m[0m[0m[39m
[37m[0m7 unchanged chunks[0m[39m
[37m[0m[0m[39m
[37m[0mBuild at: [1m[37m2023-12-22T16:01:03.315Z[39m[37m[22m - Hash: [1m[37m32dee7d71b71c033[39m[37m[22m - Time: [1m[37m494[39m[37m[22mms[0m[39m
[37m[39m
[37m[92m‚úî[39m[37m Compiled successfully.[39m
[36m‚†ã[39m Generating browser application bundles...[2K[1G[36m‚†ô[39m Generating browser application bundles (phase: building)...[2K[1G[36m‚†π[39m Generating browser application bundles (phase: building)...[2K[1G[36m‚†∏[39m Generating browser application bundles (phase: sealing)...[2K[1G[36m‚†º[39m Generating browser application bundles (phase: emitting)...[2K[1G[36m‚†¥[39m Generating browser application bundles (phase: emitting)...[2K[1G[36m‚†¶[39m Generating browser application bundles (phase: emitting)...[2K[1G[32m‚úî[39m Browser application bundle generation complete.
[37m[39m
[37m[0m[1mInitial Chunk Files[22m                                                          [2m | [22m[1mNames[22m                                            [2m | [22m [1mRaw Size[22m[0m[39m
[37m[0m[92mruntime.js[39m[37m                                                                   [2m | [22mruntime                                          [2m | [22m [96m12.65 kB[39m[37m[2m | [22m[0m[39m
[37m[0m[0m[39m
[37m[0m[1mLazy Chunk Files[22m                                                             [2m | [22m[1mNames[22m                                            [2m | [22m [1mRaw Size[22m[0m[39m
[37m[0m[92msrc_app_modules_users_pages_page-user-manage_page-user-manage_component_ts.js[39m[37m[2m | [22mpages-page-user-manage-page-user-manage-component[2m | [22m[96m265.83 kB[39m[37m[2m | [22m[0m[39m
[37m[0m[0m[39m
[37m[0m7 unchanged chunks[0m[39m
[37m[0m[0m[39m
[37m[0mBuild at: [1m[37m2023-12-22T16:01:33.775Z[39m[37m[22m - Hash: [1m[37m8e1cfb689e8f2b5a[39m[37m[22m - Time: [1m[37m986[39m[37m[22mms[0m[39m
[37m[39m
[37m[92m‚úî[39m[37m Compiled successfully.[39m
[36m‚†ã[39m Generating browser application bundles...[2K[1G[36m‚†ô[39m Generating browser application bundles (phase: building)...[2K[1G[36m‚†π[39m Generating browser application bundles (phase: building)...[2K[1G[36m‚†∏[39m Generating browser application bundles (phase: building)...[2K[1G[36m‚†º[39m Generating browser application bundles (phase: sealing)...[2K[1G[36m‚†¥[39m Generating browser application bundles (phase: emitting)...[2K[1G[36m‚†¶[39m Generating browser application bundles (phase: emitting)...[2K[1G[32m‚úî[39m Browser application bundle generation complete.
[37m[39m
[37m[0m[1mInitial Chunk Files[22m                                                          [2m | [22m[1mNames[22m                                            [2m | [22m [1mRaw Size[22m[0m[39m
[37m[0m[92mruntime.js[39m[37m                                                                   [2m | [22mruntime                                          [2m | [22m [96m12.65 kB[39m[37m[2m | [22m[0m[39m
[37m[0m[0m[39m
[37m[0m[1mLazy Chunk Files[22m                                                             [2m | [22m[1mNames[22m                                            [2m | [22m [1mRaw Size[22m[0m[39m
[37m[0m[92msrc_app_modules_users_pages_page-user-manage_page-user-manage_component_ts.js[39m[37m[2m | [22mpages-page-user-manage-page-user-manage-component[2m | [22m[96m265.83 kB[39m[37m[2m | [22m[0m[39m
[37m[0m[0m[39m
[37m[0m7 unchanged chunks[0m[39m
[37m[0m[0m[39m
[37m[0mBuild at: [1m[37m2023-12-22T16:01:47.447Z[39m[37m[22m - Hash: [1m[37m92b64f173234bebb[39m[37m[22m - Time: [1m[37m916[39m[37m[22mms[0m[39m
[37m[39m
[37m[92m‚úî[39m[37m Compiled successfully.[39m
[36m‚†ã[39m Generating browser application bundles...[2K[1G[36m‚†ô[39m Generating browser application bundles (phase: building)...[2K[1G[36m‚†π[39m Generating browser application bundles (phase: building)...[2K[1G[36m‚†∏[39m Generating browser application bundles (phase: sealing)...[2K[1G[36m‚†º[39m Generating browser application bundles (phase: emitting)...[2K[1G[36m‚†¥[39m Generating browser application bundles (phase: emitting)...[2K[1G[32m‚úî[39m Browser application bundle generation complete.
[37m[39m
[37m[0m[1mInitial Chunk Files[22m                                                          [2m | [22m[1mNames[22m                                            [2m | [22m [1mRaw Size[22m[0m[39m
[37m[0m[92mruntime.js[39m[37m                                                                   [2m | [22mruntime                                          [2m | [22m [96m12.65 kB[39m[37m[2m | [22m[0m[39m
[37m[0m[0m[39m
[37m[0m[1mLazy Chunk Files[22m                                                             [2m | [22m[1mNames[22m                                            [2m | [22m [1mRaw Size[22m[0m[39m
[37m[0m[92msrc_app_modules_users_pages_page-user-manage_page-user-manage_component_ts.js[39m[37m[2m | [22mpages-page-user-manage-page-user-manage-component[2m | [22m[96m266.14 kB[39m[37m[2m | [22m[0m[39m
[37m[0m[0m[39m
[37m[0m7 unchanged chunks[0m[39m
[37m[0m[0m[39m
[37m[0mBuild at: [1m[37m2023-12-22T16:03:51.174Z[39m[37m[22m - Hash: [1m[37m96c62bcb2e5f4e8a[39m[37m[22m - Time: [1m[37m858[39m[37m[22mms[0m[39m
[37m[39m
[37m[92m‚úî[39m[37m Compiled successfully.[39m
[36m‚†ã[39m Generating browser application bundles...[2K[1G[36m‚†ô[39m Generating browser application bundles (phase: building)...[2K[1G[36m‚†π[39m Generating browser application bundles (phase: building)...[2K[1G[36m‚†∏[39m Generating browser application bundles (phase: sealing)...[2K[1G[36m‚†º[39m Generating browser application bundles (phase: emitting)...[2K[1G[36m‚†¥[39m Generating browser application bundles (phase: emitting)...[2K[1G[32m‚úî[39m Browser application bundle generation complete.
[37m[39m
[37m[0m[1mInitial Chunk Files[22m                                                          [2m | [22m[1mNames[22m                                            [2m | [22m [1mRaw Size[22m[0m[39m
[37m[0m[92mruntime.js[39m[37m                                                                   [2m | [22mruntime                                          [2m | [22m [96m12.65 kB[39m[37m[2m | [22m[0m[39m
[37m[0m[0m[39m
[37m[0m[1mLazy Chunk Files[22m                                                             [2m | [22m[1mNames[22m                                            [2m | [22m [1mRaw Size[22m[0m[39m
[37m[0m[92msrc_app_modules_users_pages_page-user-manage_page-user-manage_component_ts.js[39m[37m[2m | [22mpages-page-user-manage-page-user-manage-component[2m | [22m[96m266.15 kB[39m[37m[2m | [22m[0m[39m
[37m[0m[0m[39m
[37m[0m7 unchanged chunks[0m[39m
[37m[0m[0m[39m
[37m[0mBuild at: [1m[37m2023-12-22T16:03:58.236Z[39m[37m[22m - Hash: [1m[37m251ba525929b516f[39m[37m[22m - Time: [1m[37m656[39m[37m[22mms[0m[39m
[37m[39m
[37m[92m‚úî[39m[37m Compiled successfully.[39m
[36m‚†ã[39m Generating browser application bundles...[2K[1G[36m‚†ô[39m Generating browser application bundles (phase: building)...[2K[1G[36m‚†π[39m Generating browser application bundles (phase: building)...[2K[1G[36m‚†∏[39m Generating browser application bundles (phase: sealing)...[2K[1G[36m‚†º[39m Generating browser application bundles (phase: emitting)...[2K[1G[32m‚úî[39m Browser application bundle generation complete.
[37m[39m
[37m[0m[1mInitial Chunk Files[22m                                                          [2m | [22m[1mNames[22m                                            [2m | [22m [1mRaw Size[22m[0m[39m
[37m[0m[92mruntime.js[39m[37m                                                                   [2m | [22mruntime                                          [2m | [22m [96m12.65 kB[39m[37m[2m | [22m[0m[39m
[37m[0m[0m[39m
[37m[0m[1mLazy Chunk Files[22m                                                             [2m | [22m[1mNames[22m                                            [2m | [22m [1mRaw Size[22m[0m[39m
[37m[0m[92msrc_app_modules_users_pages_page-user-manage_page-user-manage_component_ts.js[39m[37m[2m | [22mpages-page-user-manage-page-user-manage-component[2m | [22m[96m266.15 kB[39m[37m[2m | [22m[0m[39m
[37m[0m[0m[39m
[37m[0m7 unchanged chunks[0m[39m
[37m[0m[0m[39m
[37m[0mBuild at: [1m[37m2023-12-22T16:04:12.395Z[39m[37m[22m - Hash: [1m[37m58d379668f4440ac[39m[37m[22m - Time: [1m[37m752[39m[37m[22mms[0m[39m
[37m[39m
[37m[92m‚úî[39m[37m Compiled successfully.[39m
[36m‚†ã[39m Generating browser application bundles...[2K[1G[36m‚†ô[39m Generating browser application bundles (phase: building)...[2K[1G[36m‚†π[39m Generating browser application bundles (phase: building)...[2K[1G[36m‚†∏[39m Generating browser application bundles (phase: sealing)...[2K[1G[36m‚†º[39m Generating browser application bundles (phase: emitting)...[2K[1G[36m‚†¥[39m Generating browser application bundles (phase: emitting)...[2K[1G[32m‚úî[39m Browser application bundle generation complete.
[37m[39m
[37m[0m[1mInitial Chunk Files[22m                                                          [2m | [22m[1mNames[22m                                            [2m | [22m [1mRaw Size[22m[0m[39m
[37m[0m[92mruntime.js[39m[37m                                                                   [2m | [22mruntime                                          [2m | [22m [96m12.65 kB[39m[37m[2m | [22m[0m[39m
[37m[0m[0m[39m
[37m[0m[1mLazy Chunk Files[22m                                                             [2m | [22m[1mNames[22m                                            [2m | [22m [1mRaw Size[22m[0m[39m
[37m[0m[92msrc_app_modules_users_pages_page-user-manage_page-user-manage_component_ts.js[39m[37m[2m | [22mpages-page-user-manage-page-user-manage-component[2m | [22m[96m266.15 kB[39m[37m[2m | [22m[0m[39m
[37m[0m[0m[39m
[37m[0m7 unchanged chunks[0m[39m
[37m[0m[0m[39m
[37m[0mBuild at: [1m[37m2023-12-22T16:04:20.885Z[39m[37m[22m - Hash: [1m[37me2b920dcbc615417[39m[37m[22m - Time: [1m[37m588[39m[37m[22mms[0m[39m
[37m[39m
[37m[92m‚úî[39m[37m Compiled successfully.[39m
[36m‚†ã[39m Generating browser application bundles...[2K[1G[36m‚†ô[39m Generating browser application bundles (phase: building)...[2K[1G[36m‚†π[39m Generating browser application bundles (phase: building)...[2K[1G[36m‚†∏[39m Generating browser application bundles (phase: sealing)...[2K[1G[36m‚†º[39m Generating browser application bundles (phase: emitting)...[2K[1G[36m‚†¥[39m Generating browser application bundles (phase: emitting)...[2K[1G[32m‚úî[39m Browser application bundle generation complete.
[37m[39m
[37m[0m[1mInitial Chunk Files[22m                                                          [2m | [22m[1mNames[22m                                            [2m | [22m [1mRaw Size[22m[0m[39m
[37m[0m[92mruntime.js[39m[37m                                                                   [2m | [22mruntime                                          [2m | [22m [96m12.65 kB[39m[37m[2m | [22m[0m[39m
[37m[0m[0m[39m
[37m[0m[1mLazy Chunk Files[22m                                                             [2m | [22m[1mNames[22m                                            [2m | [22m [1mRaw Size[22m[0m[39m
[37m[0m[92msrc_app_modules_users_pages_page-user-manage_page-user-manage_component_ts.js[39m[37m[2m | [22mpages-page-user-manage-page-user-manage-component[2m | [22m[96m266.18 kB[39m[37m[2m | [22m[0m[39m
[37m[0m[0m[39m
[37m[0m7 unchanged chunks[0m[39m
[37m[0m[0m[39m
[37m[0mBuild at: [1m[37m2023-12-22T16:04:30.721Z[39m[37m[22m - Hash: [1m[37mb716a1f248b21d5a[39m[37m[22m - Time: [1m[37m853[39m[37m[22mms[0m[39m
[37m[39m
[37m[92m‚úî[39m[37m Compiled successfully.[39m
[36m‚†ã[39m Generating browser application bundles...[2K[1G[36m‚†ô[39m Generating browser application bundles (phase: building)...[2K[1G[36m‚†π[39m Generating browser application bundles (phase: building)...[2K[1G[36m‚†∏[39m Generating browser application bundles (phase: building)...[2K[1G[36m‚†º[39m Generating browser application bundles (phase: sealing)...[2K[1G[36m‚†¥[39m Generating browser application bundles (phase: emitting)...[2K[1G[36m‚†¶[39m Generating browser application bundles (phase: emitting)...[2K[1G[32m‚úî[39m Browser application bundle generation complete.
[37m[39m
[37m[0m[1mInitial Chunk Files[22m                                                          [2m | [22m[1mNames[22m                                            [2m | [22m [1mRaw Size[22m[0m[39m
[37m[0m[92mruntime.js[39m[37m                                                                   [2m | [22mruntime                                          [2m | [22m [96m12.65 kB[39m[37m[2m | [22m[0m[39m
[37m[0m[0m[39m
[37m[0m[1mLazy Chunk Files[22m                                                             [2m | [22m[1mNames[22m                                            [2m | [22m [1mRaw Size[22m[0m[39m
[37m[0m[92msrc_app_modules_users_pages_page-user-manage_page-user-manage_component_ts.js[39m[37m[2m | [22mpages-page-user-manage-page-user-manage-component[2m | [22m[96m266.19 kB[39m[37m[2m | [22m[0m[39m
[37m[0m[0m[39m
[37m[0m7 unchanged chunks[0m[39m
[37m[0m[0m[39m
[37m[0mBuild at: [1m[37m2023-12-22T16:04:41.113Z[39m[37m[22m - Hash: [1m[37ma18a7c004d381946[39m[37m[22m - Time: [1m[37m753[39m[37m[22mms[0m[39m
[37m[39m
[37m[92m‚úî[39m[37m Compiled successfully.[39m
[36m‚†ã[39m Generating browser application bundles...[2K[1G[36m‚†ô[39m Generating browser application bundles (phase: building)...[2K[1G[36m‚†π[39m Generating browser application bundles (phase: building)...[2K[1G[36m‚†∏[39m Generating browser application bundles (phase: building)...[2K[1G[36m‚†º[39m Generating browser application bundles (phase: sealing)...[2K[1G[32m‚úî[39m Browser application bundle generation complete.
[37m[39m
[37m[0m[1mInitial Chunk Files[22m                                                          [2m | [22m[1mNames[22m                                            [2m | [22m [1mRaw Size[22m[0m[39m
[37m[0m[92mruntime.js[39m[37m                                                                   [2m | [22mruntime                                          [2m | [22m [96m12.65 kB[39m[37m[2m | [22m[0m[39m
[37m[0m[0m[39m
[37m[0m[1mLazy Chunk Files[22m                                                             [2m | [22m[1mNames[22m                                            [2m | [22m [1mRaw Size[22m[0m[39m
[37m[0m[92msrc_app_modules_users_pages_page-user-manage_page-user-manage_component_ts.js[39m[37m[2m | [22mpages-page-user-manage-page-user-manage-component[2m | [22m[96m270.80 kB[39m[37m[2m | [22m[0m[39m
[37m[0m[0m[39m
[37m[0m7 unchanged chunks[0m[39m
[37m[0m[0m[39m
[37m[0mBuild at: [1m[37m2023-12-22T16:05:29.758Z[39m[37m[22m - Hash: [1m[37m3045d831337e6b06[39m[37m[22m - Time: [1m[37m802[39m[37m[22mms[0m[39m
[1m[33m[39m[22m
[1m[33m[0m[33mWarning: [39m[33m[0m[96msrc/app/modules/users/components/user-info/user-info.component.html[0m:[93m5[0m:[93m14[0m - [93mwarning[0m[90m NG8103: [0mThe `*ngSwitchCase` directive was used in the template, but neither the `NgSwitchCase` directive nor the `CommonModule` was imported. Please make sure that either the `NgSwitchCase` directive or the `CommonModule` is included in the `@Component.imports` array of this component.[39m[22m
[1m[33m[39m[22m
[1m[33m[7m5[0m     <nz-tag *ngSwitchCase="'active'" nzColor="success">{{[39m[22m
[1m[33m[7m [0m [93m             ~~~~~~~~~~~~[0m[39m[22m
[1m[33m[39m[22m
[1m[33m  [96msrc/app/modules/users/components/user-info/user-info.component.ts[0m:[93m9[0m:[93m16[0m[39m[22m
[1m[33m    [7m9[0m   templateUrl: './user-info.component.html',[39m[22m
[1m[33m    [7m [0m [96m               ~~~~~~~~~~~~~~~~~~~~~~~~~~~~[0m[39m[22m
[1m[33m    Error occurs in the template of component UserInfoComponent.[39m[22m
[1m[33m[39m[22m
[1m[33m[39m[22m
[1m[33m[0m[33mWarning: [39m[33m[0m[96msrc/app/modules/users/components/user-info/user-info.component.html[0m:[93m8[0m:[93m14[0m - [93mwarning[0m[90m NG8103: [0mThe `*ngSwitchCase` directive was used in the template, but neither the `NgSwitchCase` directive nor the `CommonModule` was imported. Please make sure that either the `NgSwitchCase` directive or the `CommonModule` is included in the `@Component.imports` array of this component.[39m[22m
[1m[33m[39m[22m
[1m[33m[7m8[0m     <nz-tag *ngSwitchCase="'unverified'" nzColor="warning">{{[39m[22m
[1m[33m[7m [0m [93m             ~~~~~~~~~~~~[0m[39m[22m
[1m[33m[39m[22m
[1m[33m  [96msrc/app/modules/users/components/user-info/user-info.component.ts[0m:[93m9[0m:[93m16[0m[39m[22m
[1m[33m    [7m9[0m   templateUrl: './user-info.component.html',[39m[22m
[1m[33m    [7m [0m [96m               ~~~~~~~~~~~~~~~~~~~~~~~~~~~~[0m[39m[22m
[1m[33m    Error occurs in the template of component UserInfoComponent.[39m[22m
[1m[33m[39m[22m
[1m[33m[39m[22m
[1m[33m[0m[33mWarning: [39m[33m[0m[96msrc/app/modules/users/components/user-info/user-info.component.html[0m:[93m11[0m:[93m14[0m - [93mwarning[0m[90m NG8103: [0mThe `*ngSwitchCase` directive was used in the template, but neither the `NgSwitchCase` directive nor the `CommonModule` was importe[39m[22m[1m[33md. Please make sure that either the `NgSwitchCase` directive or the `CommonModule` is included in the `@Component.imports` array of this component.[39m[22m
[1m[33m[39m[22m
[1m[33m[7m11[0m     <nz-tag *ngSwitchCase="'inactive'" nzColor="warning">{{[39m[22m
[1m[33m[7m  [0m [93m             ~~~~~~~~~~~~[0m[39m[22m
[1m[33m[39m[22m
[1m[33m  [96msrc/app/modules/users/components/user-info/user-info.component.ts[0m:[93m9[0m:[93m16[0m[39m[22m
[1m[33m    [7m9[0m   templateUrl: './user-info.component.html',[39m[22m
[1m[33m    [7m [0m [96m               ~~~~~~~~~~~~~~~~~~~~~~~~~~~~[0m[39m[22m
[1m[33m    Error occurs in the template of component UserInfoComponent.[39m[22m
[1m[33m[39m[22m
[1m[33m[39m[22m
[1m[33m[0m[33mWarning: [39m[33m[0m[96msrc/app/modules/users/components/user-info/user-info.component.html[0m:[93m14[0m:[93m14[0m - [93mwarning[0m[90m NG8103: [0mThe `*ngSwitchCase` directive was used in the template, but neither the `NgSwitchCase` directive nor the `CommonModule` was imported. Please make sure that either the `NgSwitchCase` directive or the `CommonModule` is included in the `@Component.imports` array of this component.[39m[22m
[1m[33m[39m[22m
[1m[33m[7m14[0m     <nz-tag *ngSwitchCase="'locked'" nzColor="error">{{[39m[22m
[1m[33m[7m  [0m [93m             ~~~~~~~~~~~~[0m[39m[22m
[1m[33m[39m[22m
[1m[33m  [96msrc/app/modules/users/components/user-info/user-info.component.ts[0m:[93m9[0m:[93m16[0m[39m[22m
[1m[33m    [7m9[0m   templateUrl: './user-info.component.html',[39m[22m
[1m[33m    [7m [0m [96m               ~~~~~~~~~~~~~~~~~~~~~~~~~~~~[0m[39m[22m
[1m[33m    Error occurs in the template of component UserInfoComponent.[39m[22m
[1m[33m[39m[22m
[1m[33m[39m[22m
[1m[33m[39m[22m
[1m[31m[39m[22m
[1m[31m[0m[91mError: [39m[31m[0m[96msrc/app/modules/users/components/user-info/user-info.component.html[0m:[93m4[0m:[93m17[0m - [91merror[0m[90m NG8002: [0mCan't bind to 'ngSwitch' since it isn't a known property of 'ng-container'.[39m[22m
[1m[31m1. If 'ngSwitch' is an Angular directive, then add 'CommonModule' to the '@Component.imports' of this component.[39m[22m
[1m[31m2. To allow any property add 'NO_ERRORS_SCHEMA' to the '@Component.schemas' of this component.[39m[22m
[1m[31m[39m[22m
[1m[31m[7m4[0m   <ng-container [ngSwitch]="user.status">[39m[22m
[1m[31m[7m [0m [91m                ~~~~~~~~~~~~~~~~~~~~~~~~[0m[39m[22m
[1m[31m[39m[22m
[1m[31m  [96msrc/app/modules/users/components/user-info/user-info.component.ts[0m:[93m9[0m:[93m16[0m[39m[22m
[1m[31m    [7m9[0m   templateUrl: './user-info.component.html',[39m[22m
[1m[31m    [7m [0m [96m               ~~~~~~~~~~~~~~~~~~~~~~~~~~~~[0m[39m[22m
[1m[31m    Error occurs in the template of component UserInfoComponent.[39m[22m
[1m[31m[39m[22m
[1m[31m[39m[22m
[1m[31m[0m[91mError: [39m[31m[0m[96msrc/app/modules/users/components/user-info/user-info.component.html[0m:[93m5[0m:[93m5[0m - [91merror[0m[90m NG8001: [0m'nz-tag' is not a known element:[39m[22m
[1m[31m1. If 'nz-tag' is an Angular component, then verify that it is included in the '@Component.imports' of this component.[39m[22m
[1m[31m2. If 'nz-tag' is a Web Component then add 'CUSTOM_ELEMENTS_SCHEMA' to the '@Component.schemas' of this component to suppress this message.[39m[22m
[1m[31m[39m[22m
[1m[31m[7m5[0m     <nz-tag *ngSwitchCase="'active'" nzColor="success">{{[39m[22m
[1m[31m[7m [0m [91m    ~~~~~~~~~~~~~~~~~~~~~~~~~~~~~~~~~~~~~~~~~~~~~~~~~~~[0m[39m[22m
[1m[31m[39m[22m
[1m[31m  [96msrc/app/modules/users/components/user-info/user-info.component.ts[0m:[93m9[0m:[93m16[0m[39m[22m
[1m[31m    [7m9[0m   templateUrl: './user-info.component.html',[39m[22m
[1m[31m    [7m [0m [96m               ~~~~~~~~~~~~~~~~~~~~~~~~~~~~[0m[39m[22m
[1m[31m    Error occurs in the template of component UserInfoComponent.[39m[22m
[1m[31m[39m[22m
[1m[31m[39m[22m
[1m[31m[0m[91mError: [39m[31m[0m[96msrc/app/modules/users/components/user-info/user-info.component.html[0m:[93m6[0m:[93m7[0m - [91merror[0m[90m TS2339: [0mProperty 'trans' does not exist on type 'UserInfoComponent'.[39m[22m
[1m[31m[39m[22m
[1m[31m[7m6[0m       trans('user-status-types.[39m[22m[1m[31m' + row.status) | titlecase[39m[22m
[1m[31m[7m [0m [91m      ~~~~~[0m[39m[22m
[1m[31m[39m[22m
[1m[31m  [96msrc/app/modules/users/components/user-info/user-info.component.ts[0m:[93m9[0m:[93m16[0m[39m[22m
[1m[31m    [7m9[0m   templateUrl: './user-info.component.html',[39m[22m
[1m[31m    [7m [0m [96m               ~~~~~~~~~~~~~~~~~~~~~~~~~~~~[0m[39m[22m
[1m[31m    Error occurs in the template of component UserInfoComponent.[39m[22m
[1m[31m[39m[22m
[1m[31m[39m[22m
[1m[31m[0m[91mError: [39m[31m[0m[96msrc/app/modules/users/components/user-info/user-info.component.html[0m:[93m6[0m:[93m36[0m - [91merror[0m[90m TS2339: [0mProperty 'row' does not exist on type 'UserInfoComponent'.[39m[22m
[1m[31m[39m[22m
[1m[31m[7m6[0m       trans('user-status-types.' + row.status) | titlecase[39m[22m
[1m[31m[7m [0m [91m                                   ~~~[0m[39m[22m
[1m[31m[39m[22m
[1m[31m  [96msrc/app/modules/users/components/user-info/user-info.component.ts[0m:[93m9[0m:[93m16[0m[39m[22m
[1m[31m    [7m9[0m   templateUrl: './user-info.component.html',[39m[22m
[1m[31m    [7m [0m [96m               ~~~~~~~~~~~~~~~~~~~~~~~~~~~~[0m[39m[22m
[1m[31m    Error occurs in the template of component UserInfoComponent.[39m[22m
[1m[31m[39m[22m
[1m[31m[39m[22m
[1m[31m[0m[91mError: [39m[31m[0m[96msrc/app/modules/users/components/user-info/user-info.component.html[0m:[93m6[0m:[93m50[0m - [91merror[0m[90m NG8004: [0mNo pipe found with name 'titlecase'.[39m[22m
[1m[31m[39m[22m
[1m[31m[7m6[0m       trans('user-status-types.' + row.status) | titlecase[39m[22m
[1m[31m[7m [0m [91m                                                 ~~~~~~~~~[0m[39m[22m
[1m[31m[39m[22m
[1m[31m  [96msrc/app/modules/users/components/user-info/user-info.component.ts[0m:[93m9[0m:[93m16[0m[39m[22m
[1m[31m    [7m9[0m   templateUrl: './user-info.component.html',[39m[22m
[1m[31m    [7m [0m [96m               ~~~~~~~~~~~~~~~~~~~~~~~~~~~~[0m[39m[22m
[1m[31m    Error occurs in the template of component UserInfoComponent.[39m[22m
[1m[31m[39m[22m
[1m[31m[39m[22m
[1m[31m[0m[91mError: [39m[31m[0m[96msrc/app/modules/users/components/user-info/user-info.component.html[0m:[93m8[0m:[93m5[0m - [91merror[0m[90m NG8001: [0m'nz-tag' is not a known element:[39m[22m
[1m[31m1. If 'nz-tag' is an Angular component, then verify that it is included in the '@Component.imports' of this component.[39m[22m
[1m[31m2. If 'nz-tag' is a Web Component then add 'CUSTOM_ELEMENTS[39m[22m[1m[31m_SCHEMA' to the '@Component.schemas' of this component to suppress this message.[39m[22m
[1m[31m[39m[22m
[1m[31m[7m8[0m     <nz-tag *ngSwitchCase="'unverified'" nzColor="warning">{{[39m[22m
[1m[31m[7m [0m [91m    ~~~~~~~~~~~~~~~~~~~~~~~~~~~~~~~~~~~~~~~~~~~~~~~~~~~~~~~[0m[39m[22m
[1m[31m[39m[22m
[1m[31m  [96msrc/app/modules/users/components/user-info/user-info.component.ts[0m:[93m9[0m:[93m16[0m[39m[22m
[1m[31m    [7m9[0m   templateUrl: './user-info.component.html',[39m[22m
[1m[31m    [7m [0m [96m               ~~~~~~~~~~~~~~~~~~~~~~~~~~~~[0m[39m[22m
[1m[31m    Error occurs in the template of component UserInfoComponent.[39m[22m
[1m[31m[39m[22m
[1m[31m[39m[22m
[1m[31m[0m[91mError: [39m[31m[0m[96msrc/app/modules/users/components/user-info/user-info.component.html[0m:[93m9[0m:[93m7[0m - [91merror[0m[90m TS2339: [0mProperty 'trans' does not exist on type 'UserInfoComponent'.[39m[22m
[1m[31m[39m[22m
[1m[31m[7m9[0m       trans('user-status-types.' + row.status) | titlecase[39m[22m
[1m[31m[7m [0m [91m      ~~~~~[0m[39m[22m
[1m[31m[39m[22m
[1m[31m  [96msrc/app/modules/users/components/user-info/user-info.component.ts[0m:[93m9[0m:[93m16[0m[39m[22m
[1m[31m    [7m9[0m   templateUrl: './user-info.component.html',[39m[22m
[1m[31m    [7m [0m [96m               ~~~~~~~~~~~~~~~~~~~~~~~~~~~~[0m[39m[22m
[1m[31m    Error occurs in the template of component UserInfoComponent.[39m[22m
[1m[31m[39m[22m
[1m[31m[39m[22m
[1m[31m[0m[91mError: [39m[31m[0m[96msrc/app/modules/users/components/user-info/user-info.component.html[0m:[93m9[0m:[93m36[0m - [91merror[0m[90m TS2339: [0mProperty 'row' does not exist on type 'UserInfoComponent'.[39m[22m
[1m[31m[39m[22m
[1m[31m[7m9[0m       trans('user-status-types.' + row.status) | titlecase[39m[22m
[1m[31m[7m [0m [91m                                   ~~~[0m[39m[22m
[1m[31m[39m[22m
[1m[31m  [96msrc/app/modules/users/components/user-info/user-info.component.ts[0m:[93m9[0m:[93m16[0m[39m[22m
[1m[31m    [7m9[0m   templateUrl: './user-info.component.html',[39m[22m
[1m[31m    [7m [0m [96m               ~~~~~~~~~~~~~~~~~~~~~~~~~~~~[0m[39m[22m
[1m[31m    Error occurs in the template of component UserInfoComponent.[39m[22m
[1m[31m[39m[22m
[1m[31m[39m[22m
[1m[31m[0m[91mError: [39m[31m[0m[96msrc/app/modules/users/components/user-info/user-info.component.html[0m:[93m9[0m:[93m50[0m - [91merror[0m[90m NG8004: [0mNo pipe found with name 'titlecase'.[39m[22m
[1m[31m[39m[22m
[1m[31m[7m9[0m       trans([39m[22m[1m[31m'user-status-types.' + row.status) | titlecase[39m[22m
[1m[31m[7m [0m [91m                                                 ~~~~~~~~~[0m[39m[22m
[1m[31m[39m[22m
[1m[31m  [96msrc/app/modules/users/components/user-info/user-info.component.ts[0m:[93m9[0m:[93m16[0m[39m[22m
[1m[31m    [7m9[0m   templateUrl: './user-info.component.html',[39m[22m
[1m[31m    [7m [0m [96m               ~~~~~~~~~~~~~~~~~~~~~~~~~~~~[0m[39m[22m
[1m[31m    Error occurs in the template of component UserInfoComponent.[39m[22m
[1m[31m[39m[22m
[1m[31m[39m[22m
[1m[31m[0m[91mError: [39m[31m[0m[96msrc/app/modules/users/components/user-info/user-info.component.html[0m:[93m11[0m:[93m5[0m - [91merror[0m[90m NG8001: [0m'nz-tag' is not a known element:[39m[22m
[1m[31m1. If 'nz-tag' is an Angular component, then verify that it is included in the '@Component.imports' of this component.[39m[22m
[1m[31m2. If 'nz-tag' is a Web Component then add 'CUSTOM_ELEMENTS_SCHEMA' to the '@Component.schemas' of this component to suppress this message.[39m[22m
[1m[31m[39m[22m
[1m[31m[7m11[0m     <nz-tag *ngSwitchCase="'inactive'" nzColor="warning">{{[39m[22m
[1m[31m[7m  [0m [91m    ~~~~~~~~~~~~~~~~~~~~~~~~~~~~~~~~~~~~~~~~~~~~~~~~~~~~~[0m[39m[22m
[1m[31m[39m[22m
[1m[31m  [96msrc/app/modules/users/components/user-info/user-info.component.ts[0m:[93m9[0m:[93m16[0m[39m[22m
[1m[31m    [7m9[0m   templateUrl: './user-info.component.html',[39m[22m
[1m[31m    [7m [0m [96m               ~~~~~~~~~~~~~~~~~~~~~~~~~~~~[0m[39m[22m
[1m[31m    Error occurs in the template of component UserInfoComponent.[39m[22m
[1m[31m[39m[22m
[1m[31m[39m[22m
[1m[31m[0m[91mError: [39m[31m[0m[96msrc/app/modules/users/components/user-info/user-info.component.html[0m:[93m12[0m:[93m7[0m - [91merror[0m[90m TS2339: [0mProperty 'trans' does not exist on type 'UserInfoComponent'.[39m[22m
[1m[31m[39m[22m
[1m[31m[7m12[0m       trans('user-status-types.' + row.status) | titlecase[39m[22m
[1m[31m[7m  [0m [91m      ~~~~~[0m[39m[22m
[1m[31m[39m[22m
[1m[31m  [96msrc/app/modules/users/components/user-info/user-info.component.ts[0m:[93m9[0m:[93m16[0m[39m[22m
[1m[31m    [7m9[0m   templateUrl: './user-info.component.html',[39m[22m
[1m[31m    [7m [0m [96m               ~~~~~~~~~~~~~~~~~~~~~~~~~~~~[0m[39m[22m
[1m[31m    Error occurs in the template of component UserInfoComponent.[39m[22m
[1m[31m[39m[22m
[1m[31m[39m[22m
[1m[31m[0m[91mError: [39m[31m[0m[96msrc/app/modules/users/components/user-i[39m[22m[1m[31mnfo/user-info.component.html[0m:[93m12[0m:[93m36[0m - [91merror[0m[90m TS2339: [0mProperty 'row' does not exist on type 'UserInfoComponent'.[39m[22m
[1m[31m[39m[22m
[1m[31m[7m12[0m       trans('user-status-types.' + row.status) | titlecase[39m[22m
[1m[31m[7m  [0m [91m                                   ~~~[0m[39m[22m
[1m[31m[39m[22m
[1m[31m  [96msrc/app/modules/users/components/user-info/user-info.component.ts[0m:[93m9[0m:[93m16[0m[39m[22m
[1m[31m    [7m9[0m   templateUrl: './user-info.component.html',[39m[22m
[1m[31m    [7m [0m [96m               ~~~~~~~~~~~~~~~~~~~~~~~~~~~~[0m[39m[22m
[1m[31m    Error occurs in the template of component UserInfoComponent.[39m[22m
[1m[31m[39m[22m
[1m[31m[39m[22m
[1m[31m[0m[91mError: [39m[31m[0m[96msrc/app/modules/users/components/user-info/user-info.component.html[0m:[93m12[0m:[93m50[0m - [91merror[0m[90m NG8004: [0mNo pipe found with name 'titlecase'.[39m[22m
[1m[31m[39m[22m
[1m[31m[7m12[0m       trans('user-status-types.' + row.status) | titlecase[39m[22m
[1m[31m[7m  [0m [91m                                                 ~~~~~~~~~[0m[39m[22m
[1m[31m[39m[22m
[1m[31m  [96msrc/app/modules/users/components/user-info/user-info.component.ts[0m:[93m9[0m:[93m16[0m[39m[22m
[1m[31m    [7m9[0m   templateUrl: './user-info.component.html',[39m[22m
[1m[31m    [7m [0m [96m               ~~~~~~~~~~~~~~~~~~~~~~~~~~~~[0m[39m[22m
[1m[31m    Error occurs in the template of component UserInfoComponent.[39m[22m
[1m[31m[39m[22m
[1m[31m[39m[22m
[1m[31m[0m[91mError: [39m[31m[0m[96msrc/app/modules/users/components/user-info/user-info.component.html[0m:[93m14[0m:[93m5[0m - [91merror[0m[90m NG8001: [0m'nz-tag' is not a known element:[39m[22m
[1m[31m1. If 'nz-tag' is an Angular component, then verify that it is included in the '@Component.imports' of this component.[39m[22m
[1m[31m2. If 'nz-tag' is a Web Component then add 'CUSTOM_ELEMENTS_SCHEMA' to the '@Component.schemas' of this component to suppress this message.[39m[22m
[1m[31m[39m[22m
[1m[31m[7m14[0m     <nz-tag *ngSwitchCase="'locked'" nzColor="error">{{[39m[22m
[1m[31m[7m  [0m [91m    ~~~~~~~~~~~~~~~~~~~~~~~~~~~~~~~~~~~~~~~~~~~~~~~~~[0m[39m[22m
[1m[31m[39m[22m
[1m[31m  [96msrc/app/modules/users/components/user-info/user-info.component.ts[0m:[93m9[0m:[93m16[0m[39m[22m
[1m[31m    [7m9[0m   templateUrl: './user-info.component.html',[39m[22m
[1m[31m    [7m [0m [96m             [39m[22m[1m[31m  ~~~~~~~~~~~~~~~~~~~~~~~~~~~~[0m[39m[22m
[1m[31m    Error occurs in the template of component UserInfoComponent.[39m[22m
[1m[31m[39m[22m
[1m[31m[39m[22m
[1m[31m[0m[91mError: [39m[31m[0m[96msrc/app/modules/users/components/user-info/user-info.component.html[0m:[93m15[0m:[93m7[0m - [91merror[0m[90m TS2339: [0mProperty 'trans' does not exist on type 'UserInfoComponent'.[39m[22m
[1m[31m[39m[22m
[1m[31m[7m15[0m       trans('user-status-types.' + row.status) | titlecase[39m[22m
[1m[31m[7m  [0m [91m      ~~~~~[0m[39m[22m
[1m[31m[39m[22m
[1m[31m  [96msrc/app/modules/users/components/user-info/user-info.component.ts[0m:[93m9[0m:[93m16[0m[39m[22m
[1m[31m    [7m9[0m   templateUrl: './user-info.component.html',[39m[22m
[1m[31m    [7m [0m [96m               ~~~~~~~~~~~~~~~~~~~~~~~~~~~~[0m[39m[22m
[1m[31m    Error occurs in the template of component UserInfoComponent.[39m[22m
[1m[31m[39m[22m
[1m[31m[39m[22m
[1m[31m[0m[91mError: [39m[31m[0m[96msrc/app/modules/users/components/user-info/user-info.component.html[0m:[93m15[0m:[93m36[0m - [91merror[0m[90m TS2339: [0mProperty 'row' does not exist on type 'UserInfoComponent'.[39m[22m
[1m[31m[39m[22m
[1m[31m[7m15[0m       trans('user-status-types.' + row.status) | titlecase[39m[22m
[1m[31m[7m  [0m [91m                                   ~~~[0m[39m[22m
[1m[31m[39m[22m
[1m[31m  [96msrc/app/modules/users/components/user-info/user-info.component.ts[0m:[93m9[0m:[93m16[0m[39m[22m
[1m[31m    [7m9[0m   templateUrl: './user-info.component.html',[39m[22m
[1m[31m    [7m [0m [96m               ~~~~~~~~~~~~~~~~~~~~~~~~~~~~[0m[39m[22m
[1m[31m    Error occurs in the template of component UserInfoComponent.[39m[22m
[1m[31m[39m[22m
[1m[31m[39m[22m
[1m[31m[0m[91mError: [39m[31m[0m[96msrc/app/modules/users/components/user-info/user-info.component.html[0m:[93m15[0m:[93m50[0m - [91merror[0m[90m NG8004: [0mNo pipe found with name 'titlecase'.[39m[22m
[1m[31m[39m[22m
[1m[31m[7m15[0m       trans('user-status-types.' + row.status) | titlecase[39m[22m
[1m[31m[7m  [0m [91m                                                 ~~~~~~~~~[0m[39m[22m
[1m[31m[39m[22m
[1m[31m  [96msrc/app/modules/users/components/user-info/user-info.component.ts[0m:[93m9[0m:[93m16[0m[39m[22m
[1m[31m    [7m9[0m   templateUrl: './user-info.component.html',[39m[22m
[1m[31m    [7m [0m [96m               ~~~~~~~~~~~~~~~~~~~~~~~~~~~~[0m[39m[22m
[1m[31m    Error occurs in the template of component UserInfoComponent.[39m[22m[1m[31m[39m[22m
[1m[31m[39m[22m
[1m[31m[39m[22m
[1m[31m[39m[22m
[37m[39m
[37m[91m‚úñ[39m[37m Failed to compile.[39m
[36m‚†ã[39m Generating browser application bundles...[2K[1G[36m‚†ô[39m Generating browser application bundles (phase: building)...[2K[1G[36m‚†π[39m Generating browser application bundles (phase: building)...[2K[1G[36m‚†∏[39m Generating browser application bundles (phase: building)...[2K[1G[36m‚†º[39m Generating browser application bundles (phase: sealing)...[2K[1G[32m‚úî[39m Browser application bundle generation complete.
[37m[39m
[37m[0m[1mInitial Chunk Files[22m                                                          [2m | [22m[1mNames[22m                                            [2m | [22m [1mRaw Size[22m[0m[39m
[37m[0m[92mruntime.js[39m[37m                                                                   [2m | [22mruntime                                          [2m | [22m [96m12.65 kB[39m[37m[2m | [22m[0m[39m
[37m[0m[0m[39m
[37m[0m[1mLazy Chunk Files[22m                                                             [2m | [22m[1mNames[22m                                            [2m | [22m [1mRaw Size[22m[0m[39m
[37m[0m[92msrc_app_modules_users_pages_page-user-manage_page-user-manage_component_ts.js[39m[37m[2m | [22mpages-page-user-manage-page-user-manage-component[2m | [22m[96m265.71 kB[39m[37m[2m | [22m[0m[39m
[37m[0m[0m[39m
[37m[0m7 unchanged chunks[0m[39m
[37m[0m[0m[39m
[37m[0mBuild at: [1m[37m2023-12-22T16:05:50.774Z[39m[37m[22m - Hash: [1m[37ma8b8671a3b432967[39m[37m[22m - Time: [1m[37m801[39m[37m[22mms[0m[39m
[1m[31m[39m[22m
[1m[31m[0m[91mError: [39m[31m[0m[96msrc/app/modules/users/components/user-info/user-info.component.ts[0m:[93m10[0m:[93m12[0m - [91merror[0m[90m NG1010: [0m'imports' must be an array of components, directives, pipes, or NgModules.[39m[22m
[1m[31m  Value is of type '[(not statically analyzable), NgSwitchCase, NzAvatarModule, NzTagModule]'.[39m[22m
[1m[31m[39m[22m
[1m[31m[7m10[0m   imports: [NgSwitch, NgSwitchCase, NzAvatarModule, NzTagModule],[39m[22m
[1m[31m[7m  [0m [91m           ~~~~~~~~~~~~~~~~~~~~~~~~~~~~~~~~~~~~~~~~~~~~~~~~~~~~~[0m[39m[22m
[1m[31m[39m[22m
[1m[31m[39m[22m
[1m[31m[0m[91mError: [39m[31m[0m[96msrc/app/modules/users/components/user-info/user-info.component.ts[0m:[93m10[0m:[93m13[0m - [91merror[0m[90m TS2304: [0mCannot find name 'NgSwitch'.[39m[22m
[1m[31m[39m[22m
[1m[31m[7m10[0m   imports: [NgSwitch, NgSwitchCase, NzAvatarModule, NzTagModule],[39m[22m
[1m[31m[7m  [0m [91m            ~~~~~~~~[0m[39m[22m
[1m[31m[39m[22m
[1m[31m[39m[22m
[1m[31m[39m[22m
[37m[39m
[37m[91m‚úñ[39m[37m Failed to compile.[39m
[36m‚†ã[39m Generating browser application bundles...[2K[1G[36m‚†ô[39m Generating browser application bundles (phase: building)...[2K[1G[36m‚†π[39m Generating browser application bundles (phase: building)...[2K[1G[36m‚†∏[39m Generating browser application bundles (phase: sealing)...[2K[1G[32m‚úî[39m Browser application bundle generation complete.
[37m[39m
[37m[0m[1mInitial Chunk Files[22m                                                          [2m | [22m[1mNames[22m                                            [2m | [22m [1mRaw Size[22m[0m[39m
[37m[0m[92mruntime.js[39m[37m                                                                   [2m | [22mruntime                                          [2m | [22m [96m12.65 kB[39m[37m[2m | [22m[0m[39m
[37m[0m[0m[39m
[37m[0m[1mLazy Chunk Files[22m                                                             [2m | [22m[1mNames[22m                                            [2m | [22m [1mRaw Size[22m[0m[39m
[37m[0m[92msrc_app_modules_users_pages_page-user-manage_page-user-manage_component_ts.js[39m[37m[2m | [22mpages-page-user-manage-page-user-manage-component[2m | [22m[96m271.27 kB[39m[37m[2m | [22m[0m[39m
[37m[0m[0m[39m
[37m[0m7 unchanged chunks[0m[39m
[37m[0m[0m[39m
[37m[0mBuild at: [1m[37m2023-12-22T16:05:53.709Z[39m[37m[22m - Hash: [1m[37mb7110db8b65ab4bd[39m[37m[22m - Time: [1m[37m570[39m[37m[22mms[0m[39m
[1m[31m[39m[22m
[1m[31m[0m[91mError: [39m[31m[0m[96msrc/app/modules/users/components/user-info/user-info.component.html[0m:[93m6[0m:[93m7[0m - [91merror[0m[90m TS2339: [0mProperty 'trans' does not exist on type 'UserInfoComponent'.[39m[22m
[1m[31m[39m[22m
[1m[31m[7m6[0m       trans('user-status-types.' + row.status) | titlecase[39m[22m
[1m[31m[7m [0m [91m      ~~~~~[0m[39m[22m
[1m[31m[39m[22m
[1m[31m  [96msrc/app/modules/users/components/user-info/user-info.component.ts[0m:[93m11[0m:[93m16[0m[39m[22m
[1m[31m    [7m11[0m   templateUrl: './user-info.component.html',[39m[22m
[1m[31m    [7m  [0m [96m               ~~~~~~~~~~~~~~~~~~~~~~~~~~~~[0m[39m[22m
[1m[31m    Error occurs in the template of component UserInfoComponent.[39m[22m
[1m[31m[39m[22m
[1m[31m[39m[22m
[1m[31m[0m[91mError: [39m[31m[0m[96msrc/app/modules/users/components/user-info/user-info.component.html[0m:[93m6[0m:[93m36[0m - [91merror[0m[90m TS2339: [0mProperty 'row' does not exist on type 'UserInfoComponent'.[39m[22m
[1m[31m[39m[22m
[1m[31m[7m6[0m       trans('user-status-types.' + row.status) | titlecase[39m[22m
[1m[31m[7m [0m [91m                                   ~~~[0m[39m[22m
[1m[31m[39m[22m
[1m[31m  [96msrc/app/modules/users/components/user-info/user-info.component.ts[0m:[93m11[0m:[93m16[0m[39m[22m
[1m[31m    [7m11[0m   templateUrl: './user-info.component.html',[39m[22m
[1m[31m    [7m  [0m [96m               ~~~~~~~~~~~~~~~~~~~~~~~~~~~~[0m[39m[22m
[1m[31m    Error occurs in the template of component UserInfoComponent.[39m[22m
[1m[31m[39m[22m
[1m[31m[39m[22m
[1m[31m[0m[91mError: [39m[31m[0m[96msrc/app/modules/users/components/user-info/user-info.component.html[0m:[93m6[0m:[93m50[0m - [91merror[0m[90m NG8004: [0mNo pipe found with name 'titlecase'.[39m[22m
[1m[31m[39m[22m
[1m[31m[7m6[0m       trans('user-status-types.' + row.status) | titlecase[39m[22m
[1m[31m[7m [0m [91m                                                 ~~~~~~~~~[0m[39m[22m
[1m[31m[39m[22m
[1m[31m  [96msrc/app/modules/users/components/user-info/user-info.component.ts[0m:[93m11[0m:[93m16[0m[39m[22m
[1m[31m    [7m11[0m   templateUrl: './user-info.component.html',[39m[22m
[1m[31m    [7m  [0m [96m               ~~~~~~~~~~~~~~~~~~~~~~~~~~~~[0m[39m[22m
[1m[31m    Error occurs in the template of component UserInfoComponent.[39m[22m
[1m[31m[39m[22m
[1m[31m[39m[22m
[1m[31m[0m[91mError: [39m[31m[0m[96msrc/app/modules/users/components/user-info/user-info.component.html[39m[22m[1m[31m[0m:[93m9[0m:[93m7[0m - [91merror[0m[90m TS2339: [0mProperty 'trans' does not exist on type 'UserInfoComponent'.[39m[22m
[1m[31m[39m[22m
[1m[31m[7m9[0m       trans('user-status-types.' + row.status) | titlecase[39m[22m
[1m[31m[7m [0m [91m      ~~~~~[0m[39m[22m
[1m[31m[39m[22m
[1m[31m  [96msrc/app/modules/users/components/user-info/user-info.component.ts[0m:[93m11[0m:[93m16[0m[39m[22m
[1m[31m    [7m11[0m   templateUrl: './user-info.component.html',[39m[22m
[1m[31m    [7m  [0m [96m               ~~~~~~~~~~~~~~~~~~~~~~~~~~~~[0m[39m[22m
[1m[31m    Error occurs in the template of component UserInfoComponent.[39m[22m
[1m[31m[39m[22m
[1m[31m[39m[22m
[1m[31m[0m[91mError: [39m[31m[0m[96msrc/app/modules/users/components/user-info/user-info.component.html[0m:[93m9[0m:[93m36[0m - [91merror[0m[90m TS2339: [0mProperty 'row' does not exist on type 'UserInfoComponent'.[39m[22m
[1m[31m[39m[22m
[1m[31m[7m9[0m       trans('user-status-types.' + row.status) | titlecase[39m[22m
[1m[31m[7m [0m [91m                                   ~~~[0m[39m[22m
[1m[31m[39m[22m
[1m[31m  [96msrc/app/modules/users/components/user-info/user-info.component.ts[0m:[93m11[0m:[93m16[0m[39m[22m
[1m[31m    [7m11[0m   templateUrl: './user-info.component.html',[39m[22m
[1m[31m    [7m  [0m [96m               ~~~~~~~~~~~~~~~~~~~~~~~~~~~~[0m[39m[22m
[1m[31m    Error occurs in the template of component UserInfoComponent.[39m[22m
[1m[31m[39m[22m
[1m[31m[39m[22m
[1m[31m[0m[91mError: [39m[31m[0m[96msrc/app/modules/users/components/user-info/user-info.component.html[0m:[93m9[0m:[93m50[0m - [91merror[0m[90m NG8004: [0mNo pipe found with name 'titlecase'.[39m[22m
[1m[31m[39m[22m
[1m[31m[7m9[0m       trans('user-status-types.' + row.status) | titlecase[39m[22m
[1m[31m[7m [0m [91m                                                 ~~~~~~~~~[0m[39m[22m
[1m[31m[39m[22m
[1m[31m  [96msrc/app/modules/users/components/user-info/user-info.component.ts[0m:[93m11[0m:[93m16[0m[39m[22m
[1m[31m    [7m11[0m   templateUrl: './user-info.component.html',[39m[22m
[1m[31m    [7m  [0m [96m               ~~~~~~~~~~~~~~~~~~~~~~~~~~~~[0m[39m[22m
[1m[31m    Error occurs in the template of component UserInfoComponent.[39m[22m
[1m[31m[39m[22m
[1m[31m[39m[22m
[1m[31m[0m[91mError: [39m[31m[0m[96msrc/app/modules/users/components/user-info/user-info.component.html[0m:[93m12[0m:[93m7[0m - [91merror[0m[90m TS2339: [0mProperty 'trans' does not exist on typ[39m[22m[1m[31me 'UserInfoComponent'.[39m[22m
[1m[31m[39m[22m
[1m[31m[7m12[0m       trans('user-status-types.' + row.status) | titlecase[39m[22m
[1m[31m[7m  [0m [91m      ~~~~~[0m[39m[22m
[1m[31m[39m[22m
[1m[31m  [96msrc/app/modules/users/components/user-info/user-info.component.ts[0m:[93m11[0m:[93m16[0m[39m[22m
[1m[31m    [7m11[0m   templateUrl: './user-info.component.html',[39m[22m
[1m[31m    [7m  [0m [96m               ~~~~~~~~~~~~~~~~~~~~~~~~~~~~[0m[39m[22m
[1m[31m    Error occurs in the template of component UserInfoComponent.[39m[22m
[1m[31m[39m[22m
[1m[31m[39m[22m
[1m[31m[0m[91mError: [39m[31m[0m[96msrc/app/modules/users/components/user-info/user-info.component.html[0m:[93m12[0m:[93m36[0m - [91merror[0m[90m TS2339: [0mProperty 'row' does not exist on type 'UserInfoComponent'.[39m[22m
[1m[31m[39m[22m
[1m[31m[7m12[0m       trans('user-status-types.' + row.status) | titlecase[39m[22m
[1m[31m[7m  [0m [91m                                   ~~~[0m[39m[22m
[1m[31m[39m[22m
[1m[31m  [96msrc/app/modules/users/components/user-info/user-info.component.ts[0m:[93m11[0m:[93m16[0m[39m[22m
[1m[31m    [7m11[0m   templateUrl: './user-info.component.html',[39m[22m
[1m[31m    [7m  [0m [96m               ~~~~~~~~~~~~~~~~~~~~~~~~~~~~[0m[39m[22m
[1m[31m    Error occurs in the template of component UserInfoComponent.[39m[22m
[1m[31m[39m[22m
[1m[31m[39m[22m
[1m[31m[0m[91mError: [39m[31m[0m[96msrc/app/modules/users/components/user-info/user-info.component.html[0m:[93m12[0m:[93m50[0m - [91merror[0m[90m NG8004: [0mNo pipe found with name 'titlecase'.[39m[22m
[1m[31m[39m[22m
[1m[31m[7m12[0m       trans('user-status-types.' + row.status) | titlecase[39m[22m
[1m[31m[7m  [0m [91m                                                 ~~~~~~~~~[0m[39m[22m
[1m[31m[39m[22m
[1m[31m  [96msrc/app/modules/users/components/user-info/user-info.component.ts[0m:[93m11[0m:[93m16[0m[39m[22m
[1m[31m    [7m11[0m   templateUrl: './user-info.component.html',[39m[22m
[1m[31m    [7m  [0m [96m               ~~~~~~~~~~~~~~~~~~~~~~~~~~~~[0m[39m[22m
[1m[31m    Error occurs in the template of component UserInfoComponent.[39m[22m
[1m[31m[39m[22m
[1m[31m[39m[22m
[1m[31m[0m[91mError: [39m[31m[0m[96msrc/app/modules/users/components/user-info/user-info.component.html[0m:[93m15[0m:[93m7[0m - [91merror[0m[90m TS2339: [0mProperty 'trans' does not exist on type 'UserInfoComponent'.[39m[22m
[1m[31m[39m[22m
[1m[31m[7m15[0m       trans('user-status-types.' + row.status) | titlec[39m[22m[1m[31mase[39m[22m
[1m[31m[7m  [0m [91m      ~~~~~[0m[39m[22m
[1m[31m[39m[22m
[1m[31m  [96msrc/app/modules/users/components/user-info/user-info.component.ts[0m:[93m11[0m:[93m16[0m[39m[22m
[1m[31m    [7m11[0m   templateUrl: './user-info.component.html',[39m[22m
[1m[31m    [7m  [0m [96m               ~~~~~~~~~~~~~~~~~~~~~~~~~~~~[0m[39m[22m
[1m[31m    Error occurs in the template of component UserInfoComponent.[39m[22m
[1m[31m[39m[22m
[1m[31m[39m[22m
[1m[31m[0m[91mError: [39m[31m[0m[96msrc/app/modules/users/components/user-info/user-info.component.html[0m:[93m15[0m:[93m36[0m - [91merror[0m[90m TS2339: [0mProperty 'row' does not exist on type 'UserInfoComponent'.[39m[22m
[1m[31m[39m[22m
[1m[31m[7m15[0m       trans('user-status-types.' + row.status) | titlecase[39m[22m
[1m[31m[7m  [0m [91m                                   ~~~[0m[39m[22m
[1m[31m[39m[22m
[1m[31m  [96msrc/app/modules/users/components/user-info/user-info.component.ts[0m:[93m11[0m:[93m16[0m[39m[22m
[1m[31m    [7m11[0m   templateUrl: './user-info.component.html',[39m[22m
[1m[31m    [7m  [0m [96m               ~~~~~~~~~~~~~~~~~~~~~~~~~~~~[0m[39m[22m
[1m[31m    Error occurs in the template of component UserInfoComponent.[39m[22m
[1m[31m[39m[22m
[1m[31m[39m[22m
[1m[31m[0m[91mError: [39m[31m[0m[96msrc/app/modules/users/components/user-info/user-info.component.html[0m:[93m15[0m:[93m50[0m - [91merror[0m[90m NG8004: [0mNo pipe found with name 'titlecase'.[39m[22m
[1m[31m[39m[22m
[1m[31m[7m15[0m       trans('user-status-types.' + row.status) | titlecase[39m[22m
[1m[31m[7m  [0m [91m                                                 ~~~~~~~~~[0m[39m[22m
[1m[31m[39m[22m
[1m[31m  [96msrc/app/modules/users/components/user-info/user-info.component.ts[0m:[93m11[0m:[93m16[0m[39m[22m
[1m[31m    [7m11[0m   templateUrl: './user-info.component.html',[39m[22m
[1m[31m    [7m  [0m [96m               ~~~~~~~~~~~~~~~~~~~~~~~~~~~~[0m[39m[22m
[1m[31m    Error occurs in the template of component UserInfoComponent.[39m[22m
[1m[31m[39m[22m
[1m[31m[39m[22m
[1m[31m[39m[22m
[37m[39m
[37m[91m‚úñ[39m[37m Failed to compile.[39m
[36m‚†ã[39m Generating browser application bundles...[2K[1G[36m‚†ô[39m Generating browser application bundles (phase: building)...[2K[1G[36m‚†π[39m Generating browser application bundles (phase: building)...[2K[1G[32m‚úî[39m Browser application bundle generation complete.
[37m[39m
[37m[0m[1mInitial Chunk Files[22m                                                          [2m | [22m[1mNames[22m                                            [2m | [22m [1mRaw Size[22m[0m[39m
[37m[0m[92mruntime.js[39m[37m                                                                   [2m | [22mruntime                                          [2m | [22m [96m12.65 kB[39m[37m[2m | [22m[0m[39m
[37m[0m[0m[39m
[37m[0m[1mLazy Chunk Files[22m                                                             [2m | [22m[1mNames[22m                                            [2m | [22m [1mRaw Size[22m[0m[39m
[37m[0m[92msrc_app_modules_users_pages_page-user-manage_page-user-manage_component_ts.js[39m[37m[2m | [22mpages-page-user-manage-page-user-manage-component[2m | [22m[96m271.27 kB[39m[37m[2m | [22m[0m[39m
[37m[0m[0m[39m
[37m[0m7 unchanged chunks[0m[39m
[37m[0m[0m[39m
[37m[0mBuild at: [1m[37m2023-12-22T16:05:55.835Z[39m[37m[22m - Hash: [1m[37m1efbe8a9a04108f4[39m[37m[22m - Time: [1m[37m428[39m[37m[22mms[0m[39m
[1m[31m[39m[22m
[1m[31m[0m[91mError: [39m[31m[0m[96msrc/app/modules/users/components/user-info/user-info.component.html[0m:[93m6[0m:[93m7[0m - [91merror[0m[90m TS2339: [0mProperty 'trans' does not exist on type 'UserInfoComponent'.[39m[22m
[1m[31m[39m[22m
[1m[31m[7m6[0m       trans('user-status-types.' + row.status) | titlecase[39m[22m
[1m[31m[7m [0m [91m      ~~~~~[0m[39m[22m
[1m[31m[39m[22m
[1m[31m  [96msrc/app/modules/users/components/user-info/user-info.component.ts[0m:[93m11[0m:[93m16[0m[39m[22m
[1m[31m    [7m11[0m   templateUrl: './user-info.component.html',[39m[22m
[1m[31m    [7m  [0m [96m               ~~~~~~~~~~~~~~~~~~~~~~~~~~~~[0m[39m[22m
[1m[31m    Error occurs in the template of component UserInfoComponent.[39m[22m
[1m[31m[39m[22m
[1m[31m[39m[22m
[1m[31m[0m[91mError: [39m[31m[0m[96msrc/app/modules/users/components/user-info/user-info.component.html[0m:[93m6[0m:[93m36[0m - [91merror[0m[90m TS2339: [0mProperty 'row' does not exist on type 'UserInfoComponent'.[39m[22m
[1m[31m[39m[22m
[1m[31m[7m6[0m       trans('user-status-types.' + row.status) | titlecase[39m[22m
[1m[31m[7m [0m [91m                                   ~~~[0m[39m[22m
[1m[31m[39m[22m
[1m[31m  [96msrc/app/modules/users/components/user-info/user-info.component.ts[0m:[93m11[0m:[93m16[0m[39m[22m
[1m[31m    [7m11[0m   templateUrl: './user-info.component.html',[39m[22m
[1m[31m    [7m  [0m [96m               ~~~~~~~~~~~~~~~~~~~~~~~~~~~~[0m[39m[22m
[1m[31m    Error occurs in the template of component UserInfoComponent.[39m[22m
[1m[31m[39m[22m
[1m[31m[39m[22m
[1m[31m[0m[91mError: [39m[31m[0m[96msrc/app/modules/users/components/user-info/user-info.component.html[0m:[93m6[0m:[93m50[0m - [91merror[0m[90m NG8004: [0mNo pipe found with name 'titlecase'.[39m[22m
[1m[31m[39m[22m
[1m[31m[7m6[0m       trans('user-status-types.' + row.status) | titlecase[39m[22m
[1m[31m[7m [0m [91m                                                 ~~~~~~~~~[0m[39m[22m
[1m[31m[39m[22m
[1m[31m  [96msrc/app/modules/users/components/user-info/user-info.component.ts[0m:[93m11[0m:[93m16[0m[39m[22m
[1m[31m    [7m11[0m   templateUrl: './user-info.component.html',[39m[22m
[1m[31m    [7m  [0m [96m               ~~~~~~~~~~~~~~~~~~~~~~~~~~~~[0m[39m[22m
[1m[31m    Error occurs in the template of component UserInfoComponent.[39m[22m
[1m[31m[39m[22m
[1m[31m[39m[22m
[1m[31m[0m[91mError: [39m[31m[0m[96msrc/app/modules/users/components/user-info/user-info.component.html[39m[22m[1m[31m[0m:[93m9[0m:[93m7[0m - [91merror[0m[90m TS2339: [0mProperty 'trans' does not exist on type 'UserInfoComponent'.[39m[22m
[1m[31m[39m[22m
[1m[31m[7m9[0m       trans('user-status-types.' + row.status) | titlecase[39m[22m
[1m[31m[7m [0m [91m      ~~~~~[0m[39m[22m
[1m[31m[39m[22m
[1m[31m  [96msrc/app/modules/users/components/user-info/user-info.component.ts[0m:[93m11[0m:[93m16[0m[39m[22m
[1m[31m    [7m11[0m   templateUrl: './user-info.component.html',[39m[22m
[1m[31m    [7m  [0m [96m               ~~~~~~~~~~~~~~~~~~~~~~~~~~~~[0m[39m[22m
[1m[31m    Error occurs in the template of component UserInfoComponent.[39m[22m
[1m[31m[39m[22m
[1m[31m[39m[22m
[1m[31m[0m[91mError: [39m[31m[0m[96msrc/app/modules/users/components/user-info/user-info.component.html[0m:[93m9[0m:[93m36[0m - [91merror[0m[90m TS2339: [0mProperty 'row' does not exist on type 'UserInfoComponent'.[39m[22m
[1m[31m[39m[22m
[1m[31m[7m9[0m       trans('user-status-types.' + row.status) | titlecase[39m[22m
[1m[31m[7m [0m [91m                                   ~~~[0m[39m[22m
[1m[31m[39m[22m
[1m[31m  [96msrc/app/modules/users/components/user-info/user-info.component.ts[0m:[93m11[0m:[93m16[0m[39m[22m
[1m[31m    [7m11[0m   templateUrl: './user-info.component.html',[39m[22m
[1m[31m    [7m  [0m [96m               ~~~~~~~~~~~~~~~~~~~~~~~~~~~~[0m[39m[22m
[1m[31m    Error occurs in the template of component UserInfoComponent.[39m[22m
[1m[31m[39m[22m
[1m[31m[39m[22m
[1m[31m[0m[91mError: [39m[31m[0m[96msrc/app/modules/users/components/user-info/user-info.component.html[0m:[93m9[0m:[93m50[0m - [91merror[0m[90m NG8004: [0mNo pipe found with name 'titlecase'.[39m[22m
[1m[31m[39m[22m
[1m[31m[7m9[0m       trans('user-status-types.' + row.status) | titlecase[39m[22m
[1m[31m[7m [0m [91m                                                 ~~~~~~~~~[0m[39m[22m
[1m[31m[39m[22m
[1m[31m  [96msrc/app/modules/users/components/user-info/user-info.component.ts[0m:[93m11[0m:[93m16[0m[39m[22m
[1m[31m    [7m11[0m   templateUrl: './user-info.component.html',[39m[22m
[1m[31m    [7m  [0m [96m               ~~~~~~~~~~~~~~~~~~~~~~~~~~~~[0m[39m[22m
[1m[31m    Error occurs in the template of component UserInfoComponent.[39m[22m
[1m[31m[39m[22m
[1m[31m[39m[22m
[1m[31m[0m[91mError: [39m[31m[0m[96msrc/app/modules/users/components/user-info/user-info.component.html[0m:[93m12[0m:[93m7[0m - [91merror[0m[90m TS2339: [0mProperty 'trans' does not exist on typ[39m[22m[1m[31me 'UserInfoComponent'.[39m[22m
[1m[31m[39m[22m
[1m[31m[7m12[0m       trans('user-status-types.' + row.status) | titlecase[39m[22m
[1m[31m[7m  [0m [91m      ~~~~~[0m[39m[22m
[1m[31m[39m[22m
[1m[31m  [96msrc/app/modules/users/components/user-info/user-info.component.ts[0m:[93m11[0m:[93m16[0m[39m[22m
[1m[31m    [7m11[0m   templateUrl: './user-info.component.html',[39m[22m
[1m[31m    [7m  [0m [96m               ~~~~~~~~~~~~~~~~~~~~~~~~~~~~[0m[39m[22m
[1m[31m    Error occurs in the template of component UserInfoComponent.[39m[22m
[1m[31m[39m[22m
[1m[31m[39m[22m
[1m[31m[0m[91mError: [39m[31m[0m[96msrc/app/modules/users/components/user-info/user-info.component.html[0m:[93m12[0m:[93m36[0m - [91merror[0m[90m TS2339: [0mProperty 'row' does not exist on type 'UserInfoComponent'.[39m[22m
[1m[31m[39m[22m
[1m[31m[7m12[0m       trans('user-status-types.' + row.status) | titlecase[39m[22m
[1m[31m[7m  [0m [91m                                   ~~~[0m[39m[22m
[1m[31m[39m[22m
[1m[31m  [96msrc/app/modules/users/components/user-info/user-info.component.ts[0m:[93m11[0m:[93m16[0m[39m[22m
[1m[31m    [7m11[0m   templateUrl: './user-info.component.html',[39m[22m
[1m[31m    [7m  [0m [96m               ~~~~~~~~~~~~~~~~~~~~~~~~~~~~[0m[39m[22m
[1m[31m    Error occurs in the template of component UserInfoComponent.[39m[22m
[1m[31m[39m[22m
[1m[31m[39m[22m
[1m[31m[0m[91mError: [39m[31m[0m[96msrc/app/modules/users/components/user-info/user-info.component.html[0m:[93m12[0m:[93m50[0m - [91merror[0m[90m NG8004: [0mNo pipe found with name 'titlecase'.[39m[22m
[1m[31m[39m[22m
[1m[31m[7m12[0m       trans('user-status-types.' + row.status) | titlecase[39m[22m
[1m[31m[7m  [0m [91m                                                 ~~~~~~~~~[0m[39m[22m
[1m[31m[39m[22m
[1m[31m  [96msrc/app/modules/users/components/user-info/user-info.component.ts[0m:[93m11[0m:[93m16[0m[39m[22m
[1m[31m    [7m11[0m   templateUrl: './user-info.component.html',[39m[22m
[1m[31m    [7m  [0m [96m               ~~~~~~~~~~~~~~~~~~~~~~~~~~~~[0m[39m[22m
[1m[31m    Error occurs in the template of component UserInfoComponent.[39m[22m
[1m[31m[39m[22m
[1m[31m[39m[22m
[1m[31m[0m[91mError: [39m[31m[0m[96msrc/app/modules/users/components/user-info/user-info.component.html[0m:[93m15[0m:[93m7[0m - [91merror[0m[90m TS2339: [0mProperty 'trans' does not exist on type 'UserInfoComponent'.[39m[22m
[1m[31m[39m[22m
[1m[31m[7m15[0m       trans('user-status-types.' + row.status) | titlec[39m[22m[1m[31mase[39m[22m
[1m[31m[7m  [0m [91m      ~~~~~[0m[39m[22m
[1m[31m[39m[22m
[1m[31m  [96msrc/app/modules/users/components/user-info/user-info.component.ts[0m:[93m11[0m:[93m16[0m[39m[22m
[1m[31m    [7m11[0m   templateUrl: './user-info.component.html',[39m[22m
[1m[31m    [7m  [0m [96m               ~~~~~~~~~~~~~~~~~~~~~~~~~~~~[0m[39m[22m
[1m[31m    Error occurs in the template of component UserInfoComponent.[39m[22m
[1m[31m[39m[22m
[1m[31m[39m[22m
[1m[31m[0m[91mError: [39m[31m[0m[96msrc/app/modules/users/components/user-info/user-info.component.html[0m:[93m15[0m:[93m36[0m - [91merror[0m[90m TS2339: [0mProperty 'row' does not exist on type 'UserInfoComponent'.[39m[22m
[1m[31m[39m[22m
[1m[31m[7m15[0m       trans('user-status-types.' + row.status) | titlecase[39m[22m
[1m[31m[7m  [0m [91m                                   ~~~[0m[39m[22m
[1m[31m[39m[22m
[1m[31m  [96msrc/app/modules/users/components/user-info/user-info.component.ts[0m:[93m11[0m:[93m16[0m[39m[22m
[1m[31m    [7m11[0m   templateUrl: './user-info.component.html',[39m[22m
[1m[31m    [7m  [0m [96m               ~~~~~~~~~~~~~~~~~~~~~~~~~~~~[0m[39m[22m
[1m[31m    Error occurs in the template of component UserInfoComponent.[39m[22m
[1m[31m[39m[22m
[1m[31m[39m[22m
[1m[31m[0m[91mError: [39m[31m[0m[96msrc/app/modules/users/components/user-info/user-info.component.html[0m:[93m15[0m:[93m50[0m - [91merror[0m[90m NG8004: [0mNo pipe found with name 'titlecase'.[39m[22m
[1m[31m[39m[22m
[1m[31m[7m15[0m       trans('user-status-types.' + row.status) | titlecase[39m[22m
[1m[31m[7m  [0m [91m                                                 ~~~~~~~~~[0m[39m[22m
[1m[31m[39m[22m
[1m[31m  [96msrc/app/modules/users/components/user-info/user-info.component.ts[0m:[93m11[0m:[93m16[0m[39m[22m
[1m[31m    [7m11[0m   templateUrl: './user-info.component.html',[39m[22m
[1m[31m    [7m  [0m [96m               ~~~~~~~~~~~~~~~~~~~~~~~~~~~~[0m[39m[22m
[1m[31m    Error occurs in the template of component UserInfoComponent.[39m[22m
[1m[31m[39m[22m
[1m[31m[39m[22m
[1m[31m[39m[22m
[37m[39m
[37m[91m‚úñ[39m[37m Failed to compile.[39m
[36m‚†ã[39m Generating browser application bundles...[2K[1G[36m‚†ô[39m Generating browser application bundles (phase: building)...[2K[1G[36m‚†π[39m Generating browser application bundles (phase: building)...[2K[1G[36m‚†∏[39m Generating browser application bundles (phase: sealing)...[2K[1G[32m‚úî[39m Browser application bundle generation complete.
[37m[39m
[37m[0m[1mInitial Chunk Files[22m                                                          [2m | [22m[1mNames[22m                                            [2m | [22m [1mRaw Size[22m[0m[39m
[37m[0m[92mruntime.js[39m[37m                                                                   [2m | [22mruntime                                          [2m | [22m [96m12.65 kB[39m[37m[2m | [22m[0m[39m
[37m[0m[0m[39m
[37m[0m[1mLazy Chunk Files[22m                                                             [2m | [22m[1mNames[22m                                            [2m | [22m [1mRaw Size[22m[0m[39m
[37m[0m[92msrc_app_modules_users_pages_page-user-manage_page-user-manage_component_ts.js[39m[37m[2m | [22mpages-page-user-manage-page-user-manage-component[2m | [22m[96m271.33 kB[39m[37m[2m | [22m[0m[39m
[37m[0m[0m[39m
[37m[0m7 unchanged chunks[0m[39m
[37m[0m[0m[39m
[37m[0mBuild at: [1m[37m2023-12-22T16:06:03.993Z[39m[37m[22m - Hash: [1m[37m30f5047f46d87ebe[39m[37m[22m - Time: [1m[37m559[39m[37m[22mms[0m[39m
[1m[31m[39m[22m
[1m[31m[0m[91mError: [39m[31m[0m[96msrc/app/modules/users/components/user-info/user-info.component.html[0m:[93m6[0m:[93m7[0m - [91merror[0m[90m TS2339: [0mProperty 'trans' does not exist on type 'UserInfoComponent'.[39m[22m
[1m[31m[39m[22m
[1m[31m[7m6[0m       trans('user-status-types.' + row.status) | titlecase[39m[22m
[1m[31m[7m [0m [91m      ~~~~~[0m[39m[22m
[1m[31m[39m[22m
[1m[31m  [96msrc/app/modules/users/components/user-info/user-info.component.ts[0m:[93m11[0m:[93m16[0m[39m[22m
[1m[31m    [7m11[0m   templateUrl: './user-info.component.html',[39m[22m
[1m[31m    [7m  [0m [96m               ~~~~~~~~~~~~~~~~~~~~~~~~~~~~[0m[39m[22m
[1m[31m    Error occurs in the template of component UserInfoComponent.[39m[22m
[1m[31m[39m[22m
[1m[31m[39m[22m
[1m[31m[0m[91mError: [39m[31m[0m[96msrc/app/modules/users/components/user-info/user-info.component.html[0m:[93m6[0m:[93m36[0m - [91merror[0m[90m TS2339: [0mProperty 'row' does not exist on type 'UserInfoComponent'.[39m[22m
[1m[31m[39m[22m
[1m[31m[7m6[0m       trans('user-status-types.' + row.status) | titlecase[39m[22m
[1m[31m[7m [0m [91m                                   ~~~[0m[39m[22m
[1m[31m[39m[22m
[1m[31m  [96msrc/app/modules/users/components/user-info/user-info.component.ts[0m:[93m11[0m:[93m16[0m[39m[22m
[1m[31m    [7m11[0m   templateUrl: './user-info.component.html',[39m[22m
[1m[31m    [7m  [0m [96m               ~~~~~~~~~~~~~~~~~~~~~~~~~~~~[0m[39m[22m
[1m[31m    Error occurs in the template of component UserInfoComponent.[39m[22m
[1m[31m[39m[22m
[1m[31m[39m[22m
[1m[31m[0m[91mError: [39m[31m[0m[96msrc/app/modules/users/components/user-info/user-info.component.html[0m:[93m9[0m:[93m7[0m - [91merror[0m[90m TS2339: [0mProperty 'trans' does not exist on type 'UserInfoComponent'.[39m[22m
[1m[31m[39m[22m
[1m[31m[7m9[0m       trans('user-status-types.' + row.status) | titlecase[39m[22m
[1m[31m[7m [0m [91m      ~~~~~[0m[39m[22m
[1m[31m[39m[22m
[1m[31m  [96msrc/app/modules/users/components/user-info/user-info.component.ts[0m:[93m11[0m:[93m16[0m[39m[22m
[1m[31m    [7m11[0m   templateUrl: './user-info.component.html',[39m[22m
[1m[31m    [7m  [0m [96m               ~~~~~~~~~~~~~~~~~~~~~~~~~~~~[0m[39m[22m
[1m[31m    Error occurs in the template of component UserInfoComponent.[39m[22m
[1m[31m[39m[22m
[1m[31m[39m[22m
[1m[31m[0m[91mError: [39m[31m[0m[96msrc/app/modules/users/components/user-info/user-info.component.html[0m:[93m9[0m:[93m36[[39m[22m[1m[31m0m - [91merror[0m[90m TS2339: [0mProperty 'row' does not exist on type 'UserInfoComponent'.[39m[22m
[1m[31m[39m[22m
[1m[31m[7m9[0m       trans('user-status-types.' + row.status) | titlecase[39m[22m
[1m[31m[7m [0m [91m                                   ~~~[0m[39m[22m
[1m[31m[39m[22m
[1m[31m  [96msrc/app/modules/users/components/user-info/user-info.component.ts[0m:[93m11[0m:[93m16[0m[39m[22m
[1m[31m    [7m11[0m   templateUrl: './user-info.component.html',[39m[22m
[1m[31m    [7m  [0m [96m               ~~~~~~~~~~~~~~~~~~~~~~~~~~~~[0m[39m[22m
[1m[31m    Error occurs in the template of component UserInfoComponent.[39m[22m
[1m[31m[39m[22m
[1m[31m[39m[22m
[1m[31m[0m[91mError: [39m[31m[0m[96msrc/app/modules/users/components/user-info/user-info.component.html[0m:[93m12[0m:[93m7[0m - [91merror[0m[90m TS2339: [0mProperty 'trans' does not exist on type 'UserInfoComponent'.[39m[22m
[1m[31m[39m[22m
[1m[31m[7m12[0m       trans('user-status-types.' + row.status) | titlecase[39m[22m
[1m[31m[7m  [0m [91m      ~~~~~[0m[39m[22m
[1m[31m[39m[22m
[1m[31m  [96msrc/app/modules/users/components/user-info/user-info.component.ts[0m:[93m11[0m:[93m16[0m[39m[22m
[1m[31m    [7m11[0m   templateUrl: './user-info.component.html',[39m[22m
[1m[31m    [7m  [0m [96m               ~~~~~~~~~~~~~~~~~~~~~~~~~~~~[0m[39m[22m
[1m[31m    Error occurs in the template of component UserInfoComponent.[39m[22m
[1m[31m[39m[22m
[1m[31m[39m[22m
[1m[31m[0m[91mError: [39m[31m[0m[96msrc/app/modules/users/components/user-info/user-info.component.html[0m:[93m12[0m:[93m36[0m - [91merror[0m[90m TS2339: [0mProperty 'row' does not exist on type 'UserInfoComponent'.[39m[22m
[1m[31m[39m[22m
[1m[31m[7m12[0m       trans('user-status-types.' + row.status) | titlecase[39m[22m
[1m[31m[7m  [0m [91m                                   ~~~[0m[39m[22m
[1m[31m[39m[22m
[1m[31m  [96msrc/app/modules/users/components/user-info/user-info.component.ts[0m:[93m11[0m:[93m16[0m[39m[22m
[1m[31m    [7m11[0m   templateUrl: './user-info.component.html',[39m[22m
[1m[31m    [7m  [0m [96m               ~~~~~~~~~~~~~~~~~~~~~~~~~~~~[0m[39m[22m
[1m[31m    Error occurs in the template of component UserInfoComponent.[39m[22m
[1m[31m[39m[22m
[1m[31m[39m[22m
[1m[31m[0m[91mError: [39m[31m[0m[96msrc/app/modules/users/components/user-info/user-info.component.html[0m:[93m15[0m:[93m7[0m - [91merror[0m[90m TS2339: [0mProperty 'trans' does not exist on type 'UserInfoCompo[39m[22m[1m[31mnent'.[39m[22m
[1m[31m[39m[22m
[1m[31m[7m15[0m       trans('user-status-types.' + row.status) | titlecase[39m[22m
[1m[31m[7m  [0m [91m      ~~~~~[0m[39m[22m
[1m[31m[39m[22m
[1m[31m  [96msrc/app/modules/users/components/user-info/user-info.component.ts[0m:[93m11[0m:[93m16[0m[39m[22m
[1m[31m    [7m11[0m   templateUrl: './user-info.component.html',[39m[22m
[1m[31m    [7m  [0m [96m               ~~~~~~~~~~~~~~~~~~~~~~~~~~~~[0m[39m[22m
[1m[31m    Error occurs in the template of component UserInfoComponent.[39m[22m
[1m[31m[39m[22m
[1m[31m[39m[22m
[1m[31m[0m[91mError: [39m[31m[0m[96msrc/app/modules/users/components/user-info/user-info.component.html[0m:[93m15[0m:[93m36[0m - [91merror[0m[90m TS2339: [0mProperty 'row' does not exist on type 'UserInfoComponent'.[39m[22m
[1m[31m[39m[22m
[1m[31m[7m15[0m       trans('user-status-types.' + row.status) | titlecase[39m[22m
[1m[31m[7m  [0m [91m                                   ~~~[0m[39m[22m
[1m[31m[39m[22m
[1m[31m  [96msrc/app/modules/users/components/user-info/user-info.component.ts[0m:[93m11[0m:[93m16[0m[39m[22m
[1m[31m    [7m11[0m   templateUrl: './user-info.component.html',[39m[22m
[1m[31m    [7m  [0m [96m               ~~~~~~~~~~~~~~~~~~~~~~~~~~~~[0m[39m[22m
[1m[31m    Error occurs in the template of component UserInfoComponent.[39m[22m
[1m[31m[39m[22m
[1m[31m[39m[22m
[1m[31m[39m[22m
[37m[39m
[37m[91m‚úñ[39m[37m Failed to compile.[39m
[36m‚†ã[39m Generating browser application bundles...[2K[1G[36m‚†ô[39m Generating browser application bundles (phase: building)...[2K[1G[36m‚†π[39m Generating browser application bundles (phase: building)...[2K[1G[36m‚†∏[39m Generating browser application bundles (phase: sealing)...[2K[1G[32m‚úî[39m Browser application bundle generation complete.
[37m[39m
[37m[0m[1mInitial Chunk Files[22m                                                          [2m | [22m[1mNames[22m                                            [2m | [22m [1mRaw Size[22m[0m[39m
[37m[0m[92mruntime.js[39m[37m                                                                   [2m | [22mruntime                                          [2m | [22m [96m12.65 kB[39m[37m[2m | [22m[0m[39m
[37m[0m[0m[39m
[37m[0m[1mLazy Chunk Files[22m                                                             [2m | [22m[1mNames[22m                                            [2m | [22m [1mRaw Size[22m[0m[39m
[37m[0m[92msrc_app_modules_users_pages_page-user-manage_page-user-manage_component_ts.js[39m[37m[2m | [22mpages-page-user-manage-page-user-manage-component[2m | [22m[96m271.34 kB[39m[37m[2m | [22m[0m[39m
[37m[0m[0m[39m
[37m[0m7 unchanged chunks[0m[39m
[37m[0m[0m[39m
[37m[0mBuild at: [1m[37m2023-12-22T16:06:12.942Z[39m[37m[22m - Hash: [1m[37m6b44ed3b007d0a2c[39m[37m[22m - Time: [1m[37m666[39m[37m[22mms[0m[39m
[1m[31m[39m[22m
[1m[31m[0m[91mError: [39m[31m[0m[96msrc/app/modules/users/components/user-info/user-info.component.html[0m:[93m6[0m:[93m7[0m - [91merror[0m[90m TS2339: [0mProperty 'trans' does not exist on type 'UserInfoComponent'.[39m[22m
[1m[31m[39m[22m
[1m[31m[7m6[0m       trans('user-status-types.' + user.status) | titlecase[39m[22m
[1m[31m[7m [0m [91m      ~~~~~[0m[39m[22m
[1m[31m[39m[22m
[1m[31m  [96msrc/app/modules/users/components/user-info/user-info.component.ts[0m:[93m11[0m:[93m16[0m[39m[22m
[1m[31m    [7m11[0m   templateUrl: './user-info.component.html',[39m[22m
[1m[31m    [7m  [0m [96m               ~~~~~~~~~~~~~~~~~~~~~~~~~~~~[0m[39m[22m
[1m[31m    Error occurs in the template of component UserInfoComponent.[39m[22m
[1m[31m[39m[22m
[1m[31m[39m[22m
[1m[31m[0m[91mError: [39m[31m[0m[96msrc/app/modules/users/components/user-info/user-info.component.html[0m:[93m9[0m:[93m7[0m - [91merror[0m[90m TS2339: [0mProperty 'trans' does not exist on type 'UserInfoComponent'.[39m[22m
[1m[31m[39m[22m
[1m[31m[7m9[0m       trans('user-status-types.' + user.status) | titlecase[39m[22m
[1m[31m[7m [0m [91m      ~~~~~[0m[39m[22m
[1m[31m[39m[22m
[1m[31m  [96msrc/app/modules/users/components/user-info/user-info.component.ts[0m:[93m11[0m:[93m16[0m[39m[22m
[1m[31m    [7m11[0m   templateUrl: './user-info.component.html',[39m[22m
[1m[31m    [7m  [0m [96m               ~~~~~~~~~~~~~~~~~~~~~~~~~~~~[0m[39m[22m
[1m[31m    Error occurs in the template of component UserInfoComponent.[39m[22m
[1m[31m[39m[22m
[1m[31m[39m[22m
[1m[31m[0m[91mError: [39m[31m[0m[96msrc/app/modules/users/components/user-info/user-info.component.html[0m:[93m12[0m:[93m7[0m - [91merror[0m[90m TS2339: [0mProperty 'trans' does not exist on type 'UserInfoComponent'.[39m[22m
[1m[31m[39m[22m
[1m[31m[7m12[0m       trans('user-status-types.' + user.status) | titlecase[39m[22m
[1m[31m[7m  [0m [91m      ~~~~~[0m[39m[22m
[1m[31m[39m[22m
[1m[31m  [96msrc/app/modules/users/components/user-info/user-info.component.ts[0m:[93m11[0m:[93m16[0m[39m[22m
[1m[31m    [7m11[0m   templateUrl: './user-info.component.html',[39m[22m
[1m[31m    [7m  [0m [96m               ~~~~~~~~~~~~~~~~~~~~~~~~~~~~[0m[39m[22m
[1m[31m    Error occurs in the template of component UserInfoComponent.[39m[22m
[1m[31m[39m[22m
[1m[31m[39m[22m
[1m[31m[0m[91mError: [39m[31m[0m[96msrc/app/modules/users/components/user-info/user-info.component.html[0m:[93m15[0m:[93m7[0m - [91merror[0m[39m[22m[1m[31m[90m TS2339: [0mProperty 'trans' does not exist on type 'UserInfoComponent'.[39m[22m
[1m[31m[39m[22m
[1m[31m[7m15[0m       trans('user-status-types.' + user.status) | titlecase[39m[22m
[1m[31m[7m  [0m [91m      ~~~~~[0m[39m[22m
[1m[31m[39m[22m
[1m[31m  [96msrc/app/modules/users/components/user-info/user-info.component.ts[0m:[93m11[0m:[93m16[0m[39m[22m
[1m[31m    [7m11[0m   templateUrl: './user-info.component.html',[39m[22m
[1m[31m    [7m  [0m [96m               ~~~~~~~~~~~~~~~~~~~~~~~~~~~~[0m[39m[22m
[1m[31m    Error occurs in the template of component UserInfoComponent.[39m[22m
[1m[31m[39m[22m
[1m[31m[39m[22m
[1m[31m[39m[22m
[37m[39m
[37m[91m‚úñ[39m[37m Failed to compile.[39m
[36m‚†ã[39m Generating browser application bundles...[2K[1G[36m‚†ô[39m Generating browser application bundles (phase: building)...[2K[1G[36m‚†π[39m Generating browser application bundles (phase: building)...[2K[1G[36m‚†∏[39m Generating browser application bundles (phase: building)...[2K[1G[32m‚úî[39m Browser application bundle generation complete.
[37m[39m
[37m[0m[1mInitial Chunk Files[22m                                                          [2m | [22m[1mNames[22m                                            [2m | [22m [1mRaw Size[22m[0m[39m
[37m[0m[92mruntime.js[39m[37m                                                                   [2m | [22mruntime                                          [2m | [22m [96m12.65 kB[39m[37m[2m | [22m[0m[39m
[37m[0m[0m[39m
[37m[0m[1mLazy Chunk Files[22m                                                             [2m | [22m[1mNames[22m                                            [2m | [22m [1mRaw Size[22m[0m[39m
[37m[0m[92msrc_app_modules_users_pages_page-user-manage_page-user-manage_component_ts.js[39m[37m[2m | [22mpages-page-user-manage-page-user-manage-component[2m | [22m[96m271.52 kB[39m[37m[2m | [22m[0m[39m
[37m[0m[0m[39m
[37m[0m7 unchanged chunks[0m[39m
[37m[0m[0m[39m
[37m[0mBuild at: [1m[37m2023-12-22T16:06:22.159Z[39m[37m[22m - Hash: [1m[37m132799bacb4a930d[39m[37m[22m - Time: [1m[37m619[39m[37m[22mms[0m[39m
[1m[31m[39m[22m
[1m[31m[0m[91mError: [39m[31m[0m[96msrc/app/modules/users/components/user-info/user-info.component.html[0m:[93m6[0m:[93m7[0m - [91merror[0m[90m TS2339: [0mProperty 'trans' does not exist on type 'UserInfoComponent'.[39m[22m
[1m[31m[39m[22m
[1m[31m[7m6[0m       trans('user-status-types.' + user.status) | titlecase[39m[22m
[1m[31m[7m [0m [91m      ~~~~~[0m[39m[22m
[1m[31m[39m[22m
[1m[31m  [96msrc/app/modules/users/components/user-info/user-info.component.ts[0m:[93m19[0m:[93m16[0m[39m[22m
[1m[31m    [7m19[0m   templateUrl: './user-info.component.html',[39m[22m
[1m[31m    [7m  [0m [96m               ~~~~~~~~~~~~~~~~~~~~~~~~~~~~[0m[39m[22m
[1m[31m    Error occurs in the template of component UserInfoComponent.[39m[22m
[1m[31m[39m[22m
[1m[31m[39m[22m
[1m[31m[0m[91mError: [39m[31m[0m[96msrc/app/modules/users/components/user-info/user-info.component.html[0m:[93m9[0m:[93m7[0m - [91merror[0m[90m TS2339: [0mProperty 'trans' does not exist on type 'UserInfoComponent'.[39m[22m
[1m[31m[39m[22m
[1m[31m[7m9[0m       trans('user-status-types.' + user.status) | titlecase[39m[22m
[1m[31m[7m [0m [91m      ~~~~~[0m[39m[22m
[1m[31m[39m[22m
[1m[31m  [96msrc/app/modules/users/components/user-info/user-info.component.ts[0m:[93m19[0m:[93m16[0m[39m[22m
[1m[31m    [7m19[0m   templateUrl: './user-info.component.html',[39m[22m
[1m[31m    [7m  [0m [96m               ~~~~~~~~~~~~~~~~~~~~~~~~~~~~[0m[39m[22m
[1m[31m    Error occurs in the template of component UserInfoComponent.[39m[22m
[1m[31m[39m[22m
[1m[31m[39m[22m
[1m[31m[0m[91mError: [39m[31m[0m[96msrc/app/modules/users/components/user-info/user-info.component.html[0m:[93m12[0m:[93m7[0m - [91merror[0m[90m TS2339: [0mProperty 'trans' does not exist on type 'UserInfoComponent'.[39m[22m
[1m[31m[39m[22m
[1m[31m[7m12[0m       trans('user-status-types.' + user.status) | titlecase[39m[22m
[1m[31m[7m  [0m [91m      ~~~~~[0m[39m[22m
[1m[31m[39m[22m
[1m[31m  [96msrc/app/modules/users/components/user-info/user-info.component.ts[0m:[93m19[0m:[93m16[0m[39m[22m
[1m[31m    [7m19[0m   templateUrl: './user-info.component.html',[39m[22m
[1m[31m    [7m  [0m [96m               ~~~~~~~~~~~~~~~~~~~~~~~~~~~~[0m[39m[22m
[1m[31m    Error occurs in the template of component UserInfoComponent.[39m[22m
[1m[31m[39m[22m
[1m[31m[39m[22m
[1m[31m[0m[91mError: [39m[31m[0m[96msrc/app/modules/users/components/user-info/user-info.component.html[0m:[93m15[0m:[93m7[0m - [91merror[0m[39m[22m[1m[31m[90m TS2339: [0mProperty 'trans' does not exist on type 'UserInfoComponent'.[39m[22m
[1m[31m[39m[22m
[1m[31m[7m15[0m       trans('user-status-types.' + user.status) | titlecase[39m[22m
[1m[31m[7m  [0m [91m      ~~~~~[0m[39m[22m
[1m[31m[39m[22m
[1m[31m  [96msrc/app/modules/users/components/user-info/user-info.component.ts[0m:[93m19[0m:[93m16[0m[39m[22m
[1m[31m    [7m19[0m   templateUrl: './user-info.component.html',[39m[22m
[1m[31m    [7m  [0m [96m               ~~~~~~~~~~~~~~~~~~~~~~~~~~~~[0m[39m[22m
[1m[31m    Error occurs in the template of component UserInfoComponent.[39m[22m
[1m[31m[39m[22m
[1m[31m[39m[22m
[1m[31m[39m[22m
[37m[39m
[37m[91m‚úñ[39m[37m Failed to compile.[39m
[36m‚†ã[39m Generating browser application bundles...[2K[1G[36m‚†ô[39m Generating browser application bundles (phase: building)...[2K[1G[36m‚†π[39m Generating browser application bundles (phase: building)...[2K[1G[36m‚†∏[39m Generating browser application bundles (phase: sealing)...[2K[1G[32m‚úî[39m Browser application bundle generation complete.
[37m[39m
[37m[0m[1mInitial Chunk Files[22m                                                          [2m | [22m[1mNames[22m                                            [2m | [22m [1mRaw Size[22m[0m[39m
[37m[0m[92mruntime.js[39m[37m                                                                   [2m | [22mruntime                                          [2m | [22m [96m12.65 kB[39m[37m[2m | [22m[0m[39m
[37m[0m[0m[39m
[37m[0m[1mLazy Chunk Files[22m                                                             [2m | [22m[1mNames[22m                                            [2m | [22m [1mRaw Size[22m[0m[39m
[37m[0m[92msrc_app_modules_users_pages_page-user-manage_page-user-manage_component_ts.js[39m[37m[2m | [22mpages-page-user-manage-page-user-manage-component[2m | [22m[96m271.52 kB[39m[37m[2m | [22m[0m[39m
[37m[0m[0m[39m
[37m[0m7 unchanged chunks[0m[39m
[37m[0m[0m[39m
[37m[0mBuild at: [1m[37m2023-12-22T16:06:31.187Z[39m[37m[22m - Hash: [1m[37ma0a2ac87da327d5f[39m[37m[22m - Time: [1m[37m707[39m[37m[22mms[0m[39m
[1m[31m[39m[22m
[1m[31m[0m[91mError: [39m[31m[0m[96msrc/app/modules/users/components/user-info/user-info.component.html[0m:[93m6[0m:[93m7[0m - [91merror[0m[90m TS2339: [0mProperty 'trans' does not exist on type 'UserInfoComponent'.[39m[22m
[1m[31m[39m[22m
[1m[31m[7m6[0m       trans('user-status-types.' + user.status) | titlecase[39m[22m
[1m[31m[7m [0m [91m      ~~~~~[0m[39m[22m
[1m[31m[39m[22m
[1m[31m  [96msrc/app/modules/users/components/user-info/user-info.component.ts[0m:[93m20[0m:[93m16[0m[39m[22m
[1m[31m    [7m20[0m   templateUrl: './user-info.component.html',[39m[22m
[1m[31m    [7m  [0m [96m               ~~~~~~~~~~~~~~~~~~~~~~~~~~~~[0m[39m[22m
[1m[31m    Error occurs in the template of component UserInfoComponent.[39m[22m
[1m[31m[39m[22m
[1m[31m[39m[22m
[1m[31m[0m[91mError: [39m[31m[0m[96msrc/app/modules/users/components/user-info/user-info.component.html[0m:[93m9[0m:[93m7[0m - [91merror[0m[90m TS2339: [0mProperty 'trans' does not exist on type 'UserInfoComponent'.[39m[22m
[1m[31m[39m[22m
[1m[31m[7m9[0m       trans('user-status-types.' + user.status) | titlecase[39m[22m
[1m[31m[7m [0m [91m      ~~~~~[0m[39m[22m
[1m[31m[39m[22m
[1m[31m  [96msrc/app/modules/users/components/user-info/user-info.component.ts[0m:[93m20[0m:[93m16[0m[39m[22m
[1m[31m    [7m20[0m   templateUrl: './user-info.component.html',[39m[22m
[1m[31m    [7m  [0m [96m               ~~~~~~~~~~~~~~~~~~~~~~~~~~~~[0m[39m[22m
[1m[31m    Error occurs in the template of component UserInfoComponent.[39m[22m
[1m[31m[39m[22m
[1m[31m[39m[22m
[1m[31m[0m[91mError: [39m[31m[0m[96msrc/app/modules/users/components/user-info/user-info.component.html[0m:[93m12[0m:[93m7[0m - [91merror[0m[90m TS2339: [0mProperty 'trans' does not exist on type 'UserInfoComponent'.[39m[22m
[1m[31m[39m[22m
[1m[31m[7m12[0m       trans('user-status-types.' + user.status) | titlecase[39m[22m
[1m[31m[7m  [0m [91m      ~~~~~[0m[39m[22m
[1m[31m[39m[22m
[1m[31m  [96msrc/app/modules/users/components/user-info/user-info.component.ts[0m:[93m20[0m:[93m16[0m[39m[22m
[1m[31m    [7m20[0m   templateUrl: './user-info.component.html',[39m[22m
[1m[31m    [7m  [0m [96m               ~~~~~~~~~~~~~~~~~~~~~~~~~~~~[0m[39m[22m
[1m[31m    Error occurs in the template of component UserInfoComponent.[39m[22m
[1m[31m[39m[22m
[1m[31m[39m[22m
[1m[31m[0m[91mError: [39m[31m[0m[96msrc/app/modules/users/components/user-info/user-info.component.html[0m:[93m15[0m:[93m7[0m - [91merror[0m[39m[22m[1m[31m[90m TS2339: [0mProperty 'trans' does not exist on type 'UserInfoComponent'.[39m[22m
[1m[31m[39m[22m
[1m[31m[7m15[0m       trans('user-status-types.' + user.status) | titlecase[39m[22m
[1m[31m[7m  [0m [91m      ~~~~~[0m[39m[22m
[1m[31m[39m[22m
[1m[31m  [96msrc/app/modules/users/components/user-info/user-info.component.ts[0m:[93m20[0m:[93m16[0m[39m[22m
[1m[31m    [7m20[0m   templateUrl: './user-info.component.html',[39m[22m
[1m[31m    [7m  [0m [96m               ~~~~~~~~~~~~~~~~~~~~~~~~~~~~[0m[39m[22m
[1m[31m    Error occurs in the template of component UserInfoComponent.[39m[22m
[1m[31m[39m[22m
[1m[31m[39m[22m
[1m[31m[39m[22m
[37m[39m
[37m[91m‚úñ[39m[37m Failed to compile.[39m
[36m‚†ã[39m Generating browser application bundles...[2K[1G[36m‚†ô[39m Generating browser application bundles (phase: building)...[2K[1G[36m‚†π[39m Generating browser application bundles (phase: building)...[2K[1G[36m‚†∏[39m Generating browser application bundles (phase: sealing)...[2K[1G[36m‚†º[39m Generating browser application bundles (phase: emitting)...[2K[1G[36m‚†¥[39m Generating browser application bundles (phase: emitting)...[2K[1G[32m‚úî[39m Browser application bundle generation complete.
[37m[39m
[37m[0m[1mInitial Chunk Files[22m                                                          [2m | [22m[1mNames[22m                                            [2m | [22m [1mRaw Size[22m[0m[39m
[37m[0m[92mruntime.js[39m[37m                                                                   [2m | [22mruntime                                          [2m | [22m [96m12.65 kB[39m[37m[2m | [22m[0m[39m
[37m[0m[0m[39m
[37m[0m[1mLazy Chunk Files[22m                                                             [2m | [22m[1mNames[22m                                            [2m | [22m [1mRaw Size[22m[0m[39m
[37m[0m[92msrc_app_modules_users_pages_page-user-manage_page-user-manage_component_ts.js[39m[37m[2m | [22mpages-page-user-manage-page-user-manage-component[2m | [22m[96m272.23 kB[39m[37m[2m | [22m[0m[39m
[37m[0m[0m[39m
[37m[0m7 unchanged chunks[0m[39m
[37m[0m[0m[39m
[37m[0mBuild at: [1m[37m2023-12-22T16:06:51.067Z[39m[37m[22m - Hash: [1m[37mcdb7454b03f0e037[39m[37m[22m - Time: [1m[37m781[39m[37m[22mms[0m[39m
[37m[39m
[37m[92m‚úî[39m[37m Compiled successfully.[39m
[36m‚†ã[39m Generating browser application bundles...[2K[1G[36m‚†ô[39m Generating browser application bundles (phase: building)...[2K[1G[36m‚†π[39m Generating browser application bundles (phase: building)...[2K[1G[36m‚†∏[39m Generating browser application bundles (phase: building)...[2K[1G[36m‚†º[39m Generating browser application bundles (phase: sealing)...[2K[1G[36m‚†¥[39m Generating browser application bundles (phase: emitting)...[2K[1G[36m‚†¶[39m Generating browser application bundles (phase: emitting)...[2K[1G[32m‚úî[39m Browser application bundle generation complete.
[37m[39m
[37m[0m[1mInitial Chunk Files[22m                                                          [2m | [22m[1mNames[22m                                            [2m | [22m [1mRaw Size[22m[0m[39m
[37m[0m[92mruntime.js[39m[37m                                                                   [2m | [22mruntime                                          [2m | [22m [96m12.65 kB[39m[37m[2m | [22m[0m[39m
[37m[0m[0m[39m
[37m[0m[1mLazy Chunk Files[22m                                                             [2m | [22m[1mNames[22m                                            [2m | [22m [1mRaw Size[22m[0m[39m
[37m[0m[92msrc_app_modules_users_pages_page-user-manage_page-user-manage_component_ts.js[39m[37m[2m | [22mpages-page-user-manage-page-user-manage-component[2m | [22m[96m272.23 kB[39m[37m[2m | [22m[0m[39m
[37m[0m[0m[39m
[37m[0m7 unchanged chunks[0m[39m
[37m[0m[0m[39m
[37m[0mBuild at: [1m[37m2023-12-22T16:06:56.360Z[39m[37m[22m - Hash: [1m[37m77247ec50e892391[39m[37m[22m - Time: [1m[37m887[39m[37m[22mms[0m[39m
[37m[39m
[37m[92m‚úî[39m[37m Compiled successfully.[39m
