[36m‚†ã[39m Generating browser application bundles (phase: setup)...[2K[1G[36m‚†ô[39m Generating browser application bundles (phase: setup)...[2K[1G[36m‚†π[39m Generating browser application bundles (phase: building)...[2K[1G[36m‚†∏[39m Generating browser application bundles (phase: building)...[2K[1G[36m‚†º[39m Generating browser application bundles (phase: building)...[2K[1G[36m‚†¥[39m Generating browser application bundles (phase: building)...[2K[1G[36m‚†¶[39m Generating browser application bundles (phase: building)...[2K[1G[36m‚†ß[39m Generating browser application bundles (phase: building)...[2K[1G[36m‚†á[39m Generating browser application bundles (phase: building)...[2K[1G[36m‚†è[39m Generating browser application bundles (phase: building)...[2K[1G[36m‚†ã[39m Generating browser application bundles (phase: building)...[2K[1G[36m‚†ô[39m Generating browser application bundles (phase: building)...[2K[1G[36m‚†π[39m Generating browser application bundles (phase: sealing)...[2K[1G[36m‚†∏[39m Generating browser application bundles (phase: sealing)...[2K[1G[32m‚úî[39m Browser application bundle generation complete.
[37m[39m
[37m[0m[1mInitial Chunk Files[22m  [2m | [22m[1mNames[22m        [2m | [22m [1mRaw Size[22m[0m[39m
[37m[0m[92mvendor.js[39m[37m            [2m | [22mvendor       [2m | [22m  [96m2.35 MB[39m[37m[2m | [22m[0m[39m
[37m[0m[92mpolyfills.js[39m[37m         [2m | [22mpolyfills    [2m | [22m[96m333.18 kB[39m[37m[2m | [22m[0m[39m
[37m[0m[92mstyles.css, styles.js[39m[37m[2m | [22mstyles       [2m | [22m[96m231.18 kB[39m[37m[2m | [22m[0m[39m
[37m[0m[92mmain.js[39m[37m              [2m | [22mmain         [2m | [22m [96m43.36 kB[39m[37m[2m | [22m[0m[39m
[37m[0m[92mruntime.js[39m[37m           [2m | [22mruntime      [2m | [22m  [96m6.53 kB[39m[37m[2m | [22m[0m[39m
[37m[0m[0m[39m
[37m[0m[1m [22m                    [2m | [22m[1mInitial Total[22m[2m | [22m  [1m2.95 MB[22m[0m[39m
[37m[0m[0m[39m
[37m[0mBuild at: [1m[37m2023-11-30T13:39:39.379Z[39m[37m[22m - Hash: [1m[37m18d70b41a2a98537[39m[37m[22m - Time: [1m[37m3301[39m[37m[22mms[0m[39m
[1m[31m[39m[22m
[1m[31m[0m[91mError: [39m[31m[0m[96msrc/app/app.component.html[0m:[93m1[0m:[93m1[0m - [91merror[0m[90m NG8001: [0m'app-nx-welcome' is not a known element:[39m[22m
[1m[31m1. If 'app-nx-welcome' is an Angular component, then verify that it is part of this module.[39m[22m
[1m[31m2. If 'app-nx-welcome' is a Web Component then add 'CUSTOM_ELEMENTS_SCHEMA' to the '@NgModule.schemas' of this component to suppress this message.[39m[22m
[1m[31m[39m[22m
[1m[31m[7m1[0m <app-nx-welcome></app-nx-welcome> <router-outlet></router-outlet>[39m[22m
[1m[31m[7m [0m [91m~~~~~~~~~~~~~~~~[0m[39m[22m
[1m[31m[39m[22m
[1m[31m  [96msrc/app/app.component.ts[0m:[93m9[0m:[93m16[0m[39m[22m
[1m[31m    [7m9[0m   templateUrl: './app.component.html',[39m[22m
[1m[31m    [7m [0m [96m               ~~~~~~~~~~~~~~~~~~~~~~[0m[39m[22m
[1m[31m    Error occurs in the template of component AppComponent.[39m[22m
[1m[31m[39m[22m
[1m[31m[39m[22m
[1m[31m[0m[91mError: [39m[31m[0m[96msrc/app/app.component.html[0m:[93m1[0m:[93m35[0m - [91merror[0m[90m NG8001: [0m'router-outlet' is not a known element:[39m[22m
[1m[31m1. If 'router-outlet' is an Angular component, then verify that it is part of this module.[39m[22m
[1m[31m2. If 'router-outlet' is a Web Component then add 'CUSTOM_ELEMENTS_SCHEMA' to the '@NgModule.schemas' of this component to suppress this message.[39m[22m
[1m[31m[39m[22m
[1m[31m[7m1[0m <app-nx-welcome></app-nx-welcome> <router-outlet></router-outlet>[39m[22m
[1m[31m[7m [0m [91m                                  ~~~~~~~~~~~~~~~[0m[39m[22m
[1m[31m[39m[22m
[1m[31m  [96msrc/app/app.component.ts[0m:[93m9[0m:[93m16[0m[39m[22m
[1m[31m    [7m9[0m   templateUrl: './app.component.html',[39m[22m
[1m[31m    [7m [0m [96m               ~~~~~~~~~~~~~~~~~~~~~~[0m[39m[22m
[1m[31m    Error occurs in the template of component AppComponent.[39m[22m
[1m[31m[39m[22m
[1m[31m[39m[22m
[1m[31m[39m[22m
[37m[39m
[37m** Angular Live Development Server is listening on localhost:4200, open your browser on http://localhost:4200/ **[39m
[37m[39m
[37m[39m
[37m[91m‚úñ[39m[37m Failed to compile.[39m
[36m‚†ã[39m Generating browser application bundles...[2K[1G[36m‚†ô[39m Generating browser application bundles (phase: building)...[2K[1G[36m‚†π[39m Generating browser application bundles (phase: building)...[2K[1G[36m‚†∏[39m Generating browser application bundles (phase: sealing)...[2K[1G[32m‚úî[39m Browser application bundle generation complete.
[37m[39m
[37m[0m5 unchanged chunks[0m[39m
[37m[0m[0m[39m
[37m[0mBuild at: [1m[37m2023-11-30T13:40:06.013Z[39m[37m[22m - Hash: [1m[37m18d70b41a2a98537[39m[37m[22m - Time: [1m[37m492[39m[37m[22mms[0m[39m
[1m[31m[39m[22m
[1m[31m[0m[91mError: [39m[31m[0m[96msrc/app/app.component.html[0m:[93m1[0m:[93m1[0m - [91merror[0m[90m NG8001: [0m'app-nx-welcome' is not a known element:[39m[22m
[1m[31m1. If 'app-nx-welcome' is an Angular component, then verify that it is part of this module.[39m[22m
[1m[31m2. If 'app-nx-welcome' is a Web Component then add 'CUSTOM_ELEMENTS_SCHEMA' to the '@NgModule.schemas' of this component to suppress this message.[39m[22m
[1m[31m[39m[22m
[1m[31m[7m1[0m <app-nx-welcome></app-nx-welcome> <router-outlet></router-outlet>[39m[22m
[1m[31m[7m [0m [91m~~~~~~~~~~~~~~~~[0m[39m[22m
[1m[31m[39m[22m
[1m[31m  [96msrc/app/app.component.ts[0m:[93m9[0m:[93m16[0m[39m[22m
[1m[31m    [7m9[0m   templateUrl: './app.component.html',[39m[22m
[1m[31m    [7m [0m [96m               ~~~~~~~~~~~~~~~~~~~~~~[0m[39m[22m
[1m[31m    Error occurs in the template of component AppComponent.[39m[22m
[1m[31m[39m[22m
[1m[31m[39m[22m
[1m[31m[0m[91mError: [39m[31m[0m[96msrc/app/app.component.html[0m:[93m1[0m:[93m35[0m - [91merror[0m[90m NG8001: [0m'router-outlet' is not a known element:[39m[22m
[1m[31m1. If 'router-outlet' is an Angular component, then verify that it is part of this module.[39m[22m
[1m[31m2. If 'router-outlet' is a Web Component then add 'CUSTOM_ELEMENTS_SCHEMA' to the '@NgModule.schemas' of this component to suppress this message.[39m[22m
[1m[31m[39m[22m
[1m[31m[7m1[0m <app-nx-welcome></app-nx-welcome> <router-outlet></router-outlet>[39m[22m
[1m[31m[7m [0m [91m                                  ~~~~~~~~~~~~~~~[0m[39m[22m
[1m[31m[39m[22m
[1m[31m  [96msrc/app/app.component.ts[0m:[93m9[0m:[93m16[0m[39m[22m
[1m[31m    [7m9[0m   templateUrl: './app.component.html',[39m[22m
[1m[31m    [7m [0m [96m               ~~~~~~~~~~~~~~~~~~~~~~[0m[39m[22m
[1m[31m    Error occurs in the template of component AppComponent.[39m[22m
[1m[31m[39m[22m
[1m[31m[39m[22m
[1m[31m[39m[22m
[37m[39m
[37m[91m‚úñ[39m[37m Failed to compile.[39m
[36m‚†ã[39m Generating browser application bundles...[2K[1G[36m‚†ô[39m Generating browser application bundles (phase: building)...[2K[1G[36m‚†π[39m Generating browser application bundles (phase: building)...[2K[1G[36m‚†∏[39m Generating browser application bundles (phase: building)...[2K[1G[36m‚†º[39m Generating browser application bundles (phase: building)...[2K[1G[36m‚†¥[39m Generating browser application bundles (phase: building)...[2K[1G[36m‚†¶[39m Generating browser application bundles (phase: building)...[2K[1G[36m‚†ß[39m Generating browser application bundles (phase: sealing)...[2K[1G[32m‚úî[39m Browser application bundle generation complete.
[37m[39m
[37m[0m[1mInitial Chunk Files[22m[2m | [22m[1mNames[22m  [2m | [22m[1mRaw Size[22m[0m[39m
[37m[0m[92mmain.js[39m[37m            [2m | [22mmain   [2m | [22m[96m42.64 kB[39m[37m[2m | [22m[0m[39m
[37m[0m[92mruntime.js[39m[37m         [2m | [22mruntime[2m | [22m [96m6.53 kB[39m[37m[2m | [22m[0m[39m
[37m[0m[0m[39m
[37m[0m3 unchanged chunks[0m[39m
[37m[0m[0m[39m
[37m[0mBuild at: [1m[37m2023-11-30T13:40:17.298Z[39m[37m[22m - Hash: [1m[37m5a2d8a36d10aa97b[39m[37m[22m - Time: [1m[37m2412[39m[37m[22mms[0m[39m
[1m[31m[39m[22m
[1m[31m[0m[91mError: [39m[31m[0m[96msrc/app/app.component.html[0m:[93m1[0m:[93m1[0m - [91merror[0m[90m NG8001: [0m'app-nx-welcome' is not a known element:[39m[22m
[1m[31m1. If 'app-nx-welcome' is an Angular component, then verify that it is part of this module.[39m[22m
[1m[31m2. If 'app-nx-welcome' is a Web Component then add 'CUSTOM_ELEMENTS_SCHEMA' to the '@NgModule.schemas' of this component to suppress this message.[39m[22m
[1m[31m[39m[22m
[1m[31m[7m1[0m <app-nx-welcome></app-nx-welcome> <router-outlet></router-outlet>[39m[22m
[1m[31m[7m [0m [91m~~~~~~~~~~~~~~~~[0m[39m[22m
[1m[31m[39m[22m
[1m[31m  [96msrc/app/app.component.ts[0m:[93m9[0m:[93m16[0m[39m[22m
[1m[31m    [7m9[0m   templateUrl: './app.component.html',[39m[22m
[1m[31m    [7m [0m [96m               ~~~~~~~~~~~~~~~~~~~~~~[0m[39m[22m
[1m[31m    Error occurs in the template of component AppComponent.[39m[22m
[1m[31m[39m[22m
[1m[31m[39m[22m
[1m[31m[0m[91mError: [39m[31m[0m[96msrc/app/app.component.html[0m:[93m1[0m:[93m35[0m - [91merror[0m[90m NG8001: [0m'router-outlet' is not a known element:[39m[22m
[1m[31m1. If 'router-outlet' is an Angular component, then verify that it is part of this module.[39m[22m
[1m[31m2. If 'router-outlet' is a Web Component then add 'CUSTOM_ELEMENTS_SCHEMA' to the '@NgModule.schemas' of this component to suppress this message.[39m[22m
[1m[31m[39m[22m
[1m[31m[7m1[0m <app-nx-welcome></app-nx-welcome> <router-outlet></router-outlet>[39m[22m
[1m[31m[7m [0m [91m                                  ~~~~~~~~~~~~~~~[0m[39m[22m
[1m[31m[39m[22m
[1m[31m  [96msrc/app/app.component.ts[0m:[93m9[0m:[93m16[0m[39m[22m
[1m[31m    [7m9[0m   templateUrl: './app.component.html',[39m[22m
[1m[31m    [7m [0m [96m               ~~~~~~~~~~~~~~~~~~~~~~[0m[39m[22m
[1m[31m    Error occurs in the template of component AppComponent.[39m[22m
[1m[31m[39m[22m
[1m[31m[39m[22m
[1m[31m[0m[91mError: [39m[31m[0m[96msrc/app/app.module.ts[0m:[93m8[0m:[93m28[0m - [91merror[0m[90m NG2011: [0mThe component 'NxWelcomeComponent' appears in 'imports', but is not standalone and cannot be imported directly. It must be imported via an NgModule.[39m[22m
[1m[31m[39m[22m
[1m[31m[7m8[0m   imports: [BrowserModule, NxWelcomeComponent, RouterModule],[39m[22m
[1m[31m[7m [0m [91m                           ~~~~~~~~~~~~~~~~~~[0m[39m[22m
[1m[31m[39m[22m
[1m[31m[39m[22m
[1m[31m[39m[22m
[37m[39m
[37m[91m‚úñ[39m[37m Failed to compile.[39m
[36m‚†ã[39m Generating browser application bundles...[2K[1G[36m‚†ô[39m Generating browser application bundles (phase: building)...[2K[1G[36m‚†π[39m Generating browser application bundles (phase: sealing)...[2K[1G[32m‚úî[39m Browser application bundle generation complete.
[37m[39m
[37m[0m[1mInitial Chunk Files[22m[2m | [22m[1mNames[22m  [2m | [22m[1mRaw Size[22m[0m[39m
[37m[0m[92mmain.js[39m[37m            [2m | [22mmain   [2m | [22m[96m42.82 kB[39m[37m[2m | [22m[0m[39m
[37m[0m[92mruntime.js[39m[37m         [2m | [22mruntime[2m | [22m [96m6.53 kB[39m[37m[2m | [22m[0m[39m
[37m[0m[0m[39m
[37m[0m3 unchanged chunks[0m[39m
[37m[0m[0m[39m
[37m[0mBuild at: [1m[37m2023-11-30T13:40:24.603Z[39m[37m[22m - Hash: [1m[37m7abd87d6324161a9[39m[37m[22m - Time: [1m[37m514[39m[37m[22mms[0m[39m
[1m[31m[39m[22m
[1m[31m[0m[91mError: [39m[31m[0m[96msrc/app/app.component.html[0m:[93m1[0m:[93m1[0m - [91merror[0m[90m NG8001: [0m'app-nx-welcome' is not a known element:[39m[22m
[1m[31m1. If 'app-nx-welcome' is an Angular component, then verify that it is part of this module.[39m[22m
[1m[31m2. If 'app-nx-welcome' is a Web Component then add 'CUSTOM_ELEMENTS_SCHEMA' to the '@NgModule.schemas' of this component to suppress this message.[39m[22m
[1m[31m[39m[22m
[1m[31m[7m1[0m <app-nx-welcome></app-nx-welcome> <router-outlet></router-outlet>[39m[22m
[1m[31m[7m [0m [91m~~~~~~~~~~~~~~~~[0m[39m[22m
[1m[31m[39m[22m
[1m[31m  [96msrc/app/app.component.ts[0m:[93m9[0m:[93m16[0m[39m[22m
[1m[31m    [7m9[0m   templateUrl: './app.component.html',[39m[22m
[1m[31m    [7m [0m [96m               ~~~~~~~~~~~~~~~~~~~~~~[0m[39m[22m
[1m[31m    Error occurs in the template of component AppComponent.[39m[22m
[1m[31m[39m[22m
[1m[31m[39m[22m
[1m[31m[0m[91mError: [39m[31m[0m[96msrc/app/app.component.html[0m:[93m1[0m:[93m35[0m - [91merror[0m[90m NG8001: [0m'router-outlet' is not a known element:[39m[22m
[1m[31m1. If 'router-outlet' is an Angular component, then verify that it is part of this module.[39m[22m
[1m[31m2. If 'router-outlet' is a Web Component then add 'CUSTOM_ELEMENTS_SCHEMA' to the '@NgModule.schemas' of this component to suppress this message.[39m[22m
[1m[31m[39m[22m
[1m[31m[7m1[0m <app-nx-welcome></app-nx-welcome> <router-outlet></router-outlet>[39m[22m
[1m[31m[7m [0m [91m                                  ~~~~~~~~~~~~~~~[0m[39m[22m
[1m[31m[39m[22m
[1m[31m  [96msrc/app/app.component.ts[0m:[93m9[0m:[93m16[0m[39m[22m
[1m[31m    [7m9[0m   templateUrl: './app.component.html',[39m[22m
[1m[31m    [7m [0m [96m               ~~~~~~~~~~~~~~~~~~~~~~[0m[39m[22m
[1m[31m    Error occurs in the template of component AppComponent.[39m[22m
[1m[31m[39m[22m
[1m[31m[39m[22m
[1m[31m[0m[91mError: [39m[31m[0m[96msrc/app/app.module.ts[0m:[93m9[0m:[93m42[0m - [91merror[0m[90m NG2011: [0mThe component 'NxWelcomeComponent' appears in 'imports', but is not standalone and cannot be imported directly. It must be imported via an NgModule.[39m[22m
[1m[31m[39m[22m
[1m[31m[7m9[0m   imports: [BrowserModule, CommonModule, NxWelcomeComponent, RouterModule],[39m[22m
[1m[31m[7m [0m [91m                                         ~~~~~~~~~~~~~~~~~~[0m[39m[22m
[1m[31m[39m[22m
[1m[31m[39m[22m
[1m[31m[39m[22m
[37m[39m
[37m[91m‚úñ[39m[37m Failed to compile.[39m
[36m‚†ã[39m Generating browser application bundles...[2K[1G[36m‚†ô[39m Generating browser application bundles (phase: building)...[2K[1G[36m‚†π[39m Generating browser application bundles (phase: building)...[2K[1G[36m‚†∏[39m Generating browser application bundles (phase: building)...[2K[1G[36m‚†º[39m Generating browser application bundles (phase: sealing)...[2K[1G[32m‚úî[39m Browser application bundle generation complete.
[37m[39m
[37m[0m[1mInitial Chunk Files[22m[2m | [22m[1mNames[22m  [2m | [22m[1mRaw Size[22m[0m[39m
[37m[0m[92mmain.js[39m[37m            [2m | [22mmain   [2m | [22m[96m43.60 kB[39m[37m[2m | [22m[0m[39m
[37m[0m[92mruntime.js[39m[37m         [2m | [22mruntime[2m | [22m [96m6.53 kB[39m[37m[2m | [22m[0m[39m
[37m[0m[0m[39m
[37m[0m3 unchanged chunks[0m[39m
[37m[0m[0m[39m
[37m[0mBuild at: [1m[37m2023-11-30T13:40:33.177Z[39m[37m[22m - Hash: [1m[37mb8146609b6a6f54c[39m[37m[22m - Time: [1m[37m989[39m[37m[22mms[0m[39m
[1m[31m[39m[22m
[1m[31m[0m[91mError: [39m[31m[0m[96msrc/app/app.component.html[0m:[93m1[0m:[93m1[0m - [91merror[0m[90m NG8001: [0m'app-nx-welcome' is not a known element:[39m[22m
[1m[31m1. If 'app-nx-welcome' is an Angular component, then verify that it is part of this module.[39m[22m
[1m[31m2. If 'app-nx-welcome' is a Web Component then add 'CUSTOM_ELEMENTS_SCHEMA' to the '@NgModule.schemas' of this component to suppress this message.[39m[22m
[1m[31m[39m[22m
[1m[31m[7m1[0m <app-nx-welcome></app-nx-welcome> <router-outlet></router-outlet>[39m[22m
[1m[31m[7m [0m [91m~~~~~~~~~~~~~~~~[0m[39m[22m
[1m[31m[39m[22m
[1m[31m  [96msrc/app/app.component.ts[0m:[93m9[0m:[93m16[0m[39m[22m
[1m[31m    [7m9[0m   templateUrl: './app.component.html',[39m[22m
[1m[31m    [7m [0m [96m               ~~~~~~~~~~~~~~~~~~~~~~[0m[39m[22m
[1m[31m    Error occurs in the template of component AppComponent.[39m[22m
[1m[31m[39m[22m
[1m[31m[39m[22m
[1m[31m[0m[91mError: [39m[31m[0m[96msrc/app/app.component.html[0m:[93m1[0m:[93m35[0m - [91merror[0m[90m NG8001: [0m'router-outlet' is not a known element:[39m[22m
[1m[31m1. If 'router-outlet' is an Angular component, then verify that it is part of this module.[39m[22m
[1m[31m2. If 'router-outlet' is a Web Component then add 'CUSTOM_ELEMENTS_SCHEMA' to the '@NgModule.schemas' of this component to suppress this message.[39m[22m
[1m[31m[39m[22m
[1m[31m[7m1[0m <app-nx-welcome></app-nx-welcome> <router-outlet></router-outlet>[39m[22m
[1m[31m[7m [0m [91m                                  ~~~~~~~~~~~~~~~[0m[39m[22m
[1m[31m[39m[22m
[1m[31m  [96msrc/app/app.component.ts[0m:[93m9[0m:[93m16[0m[39m[22m
[1m[31m    [7m9[0m   templateUrl: './app.component.html',[39m[22m
[1m[31m    [7m [0m [96m               ~~~~~~~~~~~~~~~~~~~~~~[0m[39m[22m
[1m[31m    Error occurs in the template of component AppComponent.[39m[22m
[1m[31m[39m[22m
[1m[31m[39m[22m
[1m[31m[39m[22m
[37m[39m
[37m[91m‚úñ[39m[37m Failed to compile.[39m
[36m‚†ã[39m Generating browser application bundles...[2K[1G[36m‚†ô[39m Generating browser application bundles (phase: building)...[2K[1G[36m‚†π[39m Generating browser application bundles (phase: building)...[2K[1G[36m‚†∏[39m Generating browser application bundles (phase: building)...[2K[1G[36m‚†º[39m Generating browser application bundles (phase: building)...[2K[1G[36m‚†¥[39m Generating browser application bundles (phase: sealing)...[2K[1G[32m‚úî[39m Browser application bundle generation complete.
[37m[39m
[37m[0m[1mInitial Chunk Files[22m[2m | [22m[1mNames[22m  [2m | [22m[1mRaw Size[22m[0m[39m
[37m[0m[92mmain.js[39m[37m            [2m | [22mmain   [2m | [22m[96m43.62 kB[39m[37m[2m | [22m[0m[39m
[37m[0m[92mruntime.js[39m[37m         [2m | [22mruntime[2m | [22m [96m6.53 kB[39m[37m[2m | [22m[0m[39m
[37m[0m[0m[39m
[37m[0m3 unchanged chunks[0m[39m
[37m[0m[0m[39m
[37m[0mBuild at: [1m[37m2023-11-30T13:43:44.865Z[39m[37m[22m - Hash: [1m[37mdf0a997dbc57029c[39m[37m[22m - Time: [1m[37m720[39m[37m[22mms[0m[39m
[1m[31m[39m[22m
[1m[31m[0m[91mError: [39m[31m[0m[96msrc/app/app.component.html[0m:[93m1[0m:[93m1[0m - [91merror[0m[90m NG8001: [0m'app-nx-welcome' is not a known element:[39m[22m
[1m[31m1. If 'app-nx-welcome' is an Angular component, then verify that it is part of this module.[39m[22m
[1m[31m2. If 'app-nx-welcome' is a Web Component then add 'CUSTOM_ELEMENTS_SCHEMA' to the '@NgModule.schemas' of this component to suppress this message.[39m[22m
[1m[31m[39m[22m
[1m[31m[7m1[0m <app-nx-welcome></app-nx-welcome> <router-outlet></router-outlet>[39m[22m
[1m[31m[7m [0m [91m~~~~~~~~~~~~~~~~[0m[39m[22m
[1m[31m[39m[22m
[1m[31m  [96msrc/app/app.component.ts[0m:[93m9[0m:[93m16[0m[39m[22m
[1m[31m    [7m9[0m   templateUrl: './app.component.html',[39m[22m
[1m[31m    [7m [0m [96m               ~~~~~~~~~~~~~~~~~~~~~~[0m[39m[22m
[1m[31m    Error occurs in the template of component AppComponent.[39m[22m
[1m[31m[39m[22m
[1m[31m[39m[22m
[1m[31m[0m[91mError: [39m[31m[0m[96msrc/app/app.component.html[0m:[93m1[0m:[93m35[0m - [91merror[0m[90m NG8001: [0m'router-outlet' is not a known element:[39m[22m
[1m[31m1. If 'router-outlet' is an Angular component, then verify that it is part of this module.[39m[22m
[1m[31m2. If 'router-outlet' is a Web Component then add 'CUSTOM_ELEMENTS_SCHEMA' to the '@NgModule.schemas' of this component to suppress this message.[39m[22m
[1m[31m[39m[22m
[1m[31m[7m1[0m <app-nx-welcome></app-nx-welcome> <router-outlet></router-outlet>[39m[22m
[1m[31m[7m [0m [91m                                  ~~~~~~~~~~~~~~~[0m[39m[22m
[1m[31m[39m[22m
[1m[31m  [96msrc/app/app.component.ts[0m:[93m9[0m:[93m16[0m[39m[22m
[1m[31m    [7m9[0m   templateUrl: './app.component.html',[39m[22m
[1m[31m    [7m [0m [96m               ~~~~~~~~~~~~~~~~~~~~~~[0m[39m[22m
[1m[31m    Error occurs in the template of component AppComponent.[39m[22m
[1m[31m[39m[22m
[1m[31m[39m[22m
[1m[31m[0m[91mError: [39m[31m[0m[96msrc/app/app.module.ts[0m:[93m13[0m:[93m26[0m - [91merror[0m[90m TS2304: [0mCannot find name 'appRoutes'.[39m[22m
[1m[31m[39m[22m
[1m[31m[7m13[0m     RouterModule.forRoot(appRoutes),[39m[22m
[1m[31m[7m  [0m [91m                         ~~~~~~~~~[0m[39m[22m
[1m[31m[39m[22m
[1m[31m[39m[22m
[1m[31m[39m[22m
[37m[39m
[37m[91m‚úñ[39m[37m Failed to compile.[39m
[36m‚†ã[39m Generating browser application bundles...[2K[1G[36m‚†ô[39m Generating browser application bundles (phase: building)...[2K[1G[36m‚†π[39m Generating browser application bundles (phase: building)...[2K[1G[36m‚†∏[39m Generating browser application bundles (phase: building)...[2K[1G[32m‚úî[39m Browser application bundle generation complete.
[37m[39m
[37m[0m[1mInitial Chunk Files[22m[2m | [22m[1mNames[22m  [2m | [22m[1mRaw Size[22m[0m[39m
[37m[0m[92mmain.js[39m[37m            [2m | [22mmain   [2m | [22m[96m44.20 kB[39m[37m[2m | [22m[0m[39m
[37m[0m[92mruntime.js[39m[37m         [2m | [22mruntime[2m | [22m [96m6.53 kB[39m[37m[2m | [22m[0m[39m
[37m[0m[0m[39m
[37m[0m3 unchanged chunks[0m[39m
[37m[0m[0m[39m
[37m[0mBuild at: [1m[37m2023-11-30T13:43:49.010Z[39m[37m[22m - Hash: [1m[37mc5fc8c16a8c95575[39m[37m[22m - Time: [1m[37m442[39m[37m[22mms[0m[39m
[1m[31m[39m[22m
[1m[31m[0m[91mError: [39m[31m[0m[96msrc/app/app.component.html[0m:[93m1[0m:[93m1[0m - [91merror[0m[90m NG8001: [0m'app-nx-welcome' is not a known element:[39m[22m
[1m[31m1. If 'app-nx-welcome' is an Angular component, then verify that it is part of this module.[39m[22m
[1m[31m2. If 'app-nx-welcome' is a Web Component then add 'CUSTOM_ELEMENTS_SCHEMA' to the '@NgModule.schemas' of this component to suppress this message.[39m[22m
[1m[31m[39m[22m
[1m[31m[7m1[0m <app-nx-welcome></app-nx-welcome> <router-outlet></router-outlet>[39m[22m
[1m[31m[7m [0m [91m~~~~~~~~~~~~~~~~[0m[39m[22m
[1m[31m[39m[22m
[1m[31m  [96msrc/app/app.component.ts[0m:[93m9[0m:[93m16[0m[39m[22m
[1m[31m    [7m9[0m   templateUrl: './app.component.html',[39m[22m
[1m[31m    [7m [0m [96m               ~~~~~~~~~~~~~~~~~~~~~~[0m[39m[22m
[1m[31m    Error occurs in the template of component AppComponent.[39m[22m
[1m[31m[39m[22m
[1m[31m[39m[22m
[1m[31m[0m[91mError: [39m[31m[0m[96msrc/app/app.component.html[0m:[93m1[0m:[93m35[0m - [91merror[0m[90m NG8001: [0m'router-outlet' is not a known element:[39m[22m
[1m[31m1. If 'router-outlet' is an Angular component, then verify that it is part of this module.[39m[22m
[1m[31m2. If 'router-outlet' is a Web Component then add 'CUSTOM_ELEMENTS_SCHEMA' to the '@NgModule.schemas' of this component to suppress this message.[39m[22m
[1m[31m[39m[22m
[1m[31m[7m1[0m <app-nx-welcome></app-nx-welcome> <router-outlet></router-outlet>[39m[22m
[1m[31m[7m [0m [91m                                  ~~~~~~~~~~~~~~~[0m[39m[22m
[1m[31m[39m[22m
[1m[31m  [96msrc/app/app.component.ts[0m:[93m9[0m:[93m16[0m[39m[22m
[1m[31m    [7m9[0m   templateUrl: './app.component.html',[39m[22m
[1m[31m    [7m [0m [96m               ~~~~~~~~~~~~~~~~~~~~~~[0m[39m[22m
[1m[31m    Error occurs in the template of component AppComponent.[39m[22m
[1m[31m[39m[22m
[1m[31m[39m[22m
[1m[31m[39m[22m
[37m[39m
[37m[91m‚úñ[39m[37m Failed to compile.[39m
[36m‚†ã[39m Generating browser application bundles...[2K[1G[36m‚†ô[39m Generating browser application bundles (phase: building)...[2K[1G[36m‚†π[39m Generating browser application bundles (phase: building)...[2K[1G[32m‚úî[39m Browser application bundle generation complete.
[37m[39m
[37m[0m[1mInitial Chunk Files[22m[2m | [22m[1mNames[22m  [2m | [22m[1mRaw Size[22m[0m[39m
[37m[0m[92mmain.js[39m[37m            [2m | [22mmain   [2m | [22m[96m44.20 kB[39m[37m[2m | [22m[0m[39m
[37m[0m[92mruntime.js[39m[37m         [2m | [22mruntime[2m | [22m [96m6.53 kB[39m[37m[2m | [22m[0m[39m
[37m[0m[0m[39m
[37m[0m3 unchanged chunks[0m[39m
[37m[0m[0m[39m
[37m[0mBuild at: [1m[37m2023-11-30T13:44:04.844Z[39m[37m[22m - Hash: [1m[37m7f0d46370abfec27[39m[37m[22m - Time: [1m[37m349[39m[37m[22mms[0m[39m
[1m[31m[39m[22m
[1m[31m[0m[91mError: [39m[31m[0m[96msrc/app/app.component.html[0m:[93m1[0m:[93m1[0m - [91merror[0m[90m NG8001: [0m'app-nx-welcome' is not a known element:[39m[22m
[1m[31m1. If 'app-nx-welcome' is an Angular component, then verify that it is part of this module.[39m[22m
[1m[31m2. If 'app-nx-welcome' is a Web Component then add 'CUSTOM_ELEMENTS_SCHEMA' to the '@NgModule.schemas' of this component to suppress this message.[39m[22m
[1m[31m[39m[22m
[1m[31m[7m1[0m <app-nx-welcome></app-nx-welcome>[39m[22m
[1m[31m[7m [0m [91m~~~~~~~~~~~~~~~~[0m[39m[22m
[1m[31m[39m[22m
[1m[31m  [96msrc/app/app.component.ts[0m:[93m9[0m:[93m16[0m[39m[22m
[1m[31m    [7m9[0m   templateUrl: './app.component.html',[39m[22m
[1m[31m    [7m [0m [96m               ~~~~~~~~~~~~~~~~~~~~~~[0m[39m[22m
[1m[31m    Error occurs in the template of component AppComponent.[39m[22m
[1m[31m[39m[22m
[1m[31m[39m[22m
[1m[31m[0m[91mError: [39m[31m[0m[96msrc/app/app.component.html[0m:[93m2[0m:[93m1[0m - [91merror[0m[90m NG8001: [0m'router-outlet' is not a known element:[39m[22m
[1m[31m1. If 'router-outlet' is an Angular component, then verify that it is part of this module.[39m[22m
[1m[31m2. If 'router-outlet' is a Web Component then add 'CUSTOM_ELEMENTS_SCHEMA' to the '@NgModule.schemas' of this component to suppress this message.[39m[22m
[1m[31m[39m[22m
[1m[31m[7m2[0m <router-outlet></router-outlet>[39m[22m
[1m[31m[7m [0m [91m~~~~~~~~~~~~~~~[0m[39m[22m
[1m[31m[39m[22m
[1m[31m  [96msrc/app/app.component.ts[0m:[93m9[0m:[93m16[0m[39m[22m
[1m[31m    [7m9[0m   templateUrl: './app.component.html',[39m[22m
[1m[31m    [7m [0m [96m               ~~~~~~~~~~~~~~~~~~~~~~[0m[39m[22m
[1m[31m    Error occurs in the template of component AppComponent.[39m[22m
[1m[31m[39m[22m
[1m[31m[39m[22m
[1m[31m[39m[22m
[37m[39m
[37m[91m‚úñ[39m[37m Failed to compile.[39m
[36m‚†ã[39m Generating browser application bundles...[2K[1G[36m‚†ô[39m Generating browser application bundles (phase: building)...[2K[1G[36m‚†π[39m Generating browser application bundles (phase: building)...[2K[1G[36m‚†∏[39m Generating browser application bundles (phase: building)...[2K[1G[36m‚†º[39m Generating browser application bundles (phase: building)...[2K[1G[36m‚†¥[39m Generating browser application bundles (phase: sealing)...[2K[1G[32m‚úî[39m Browser application bundle generation complete.
[37m[39m
[37m[0m[1mInitial Chunk Files[22m[2m | [22m[1mNames[22m  [2m | [22m[1mRaw Size[22m[0m[39m
[37m[0m[92mmain.js[39m[37m            [2m | [22mmain   [2m | [22m[96m43.96 kB[39m[37m[2m | [22m[0m[39m
[37m[0m[92mruntime.js[39m[37m         [2m | [22mruntime[2m | [22m [96m6.53 kB[39m[37m[2m | [22m[0m[39m
[37m[0m[0m[39m
[37m[0m3 unchanged chunks[0m[39m
[37m[0m[0m[39m
[37m[0mBuild at: [1m[37m2023-11-30T13:44:54.887Z[39m[37m[22m - Hash: [1m[37m28a66974df90ca65[39m[37m[22m - Time: [1m[37m793[39m[37m[22mms[0m[39m
[1m[31m[39m[22m
[1m[31m[0m[91mError: [39m[31m[0m[96msrc/app/app.component.html[0m:[93m1[0m:[93m1[0m - [91merror[0m[90m NG8001: [0m'app-nx-welcome' is not a known element:[39m[22m
[1m[31m1. If 'app-nx-welcome' is an Angular component, then verify that it is part of this module.[39m[22m
[1m[31m2. If 'app-nx-welcome' is a Web Component then add 'CUSTOM_ELEMENTS_SCHEMA' to the '@NgModule.schemas' of this component to suppress this message.[39m[22m
[1m[31m[39m[22m
[1m[31m[7m1[0m <app-nx-welcome></app-nx-welcome>[39m[22m
[1m[31m[7m [0m [91m~~~~~~~~~~~~~~~~[0m[39m[22m
[1m[31m[39m[22m
[1m[31m  [96msrc/app/app.component.ts[0m:[93m9[0m:[93m16[0m[39m[22m
[1m[31m    [7m9[0m   templateUrl: './app.component.html',[39m[22m
[1m[31m    [7m [0m [96m               ~~~~~~~~~~~~~~~~~~~~~~[0m[39m[22m
[1m[31m    Error occurs in the template of component AppComponent.[39m[22m
[1m[31m[39m[22m
[1m[31m[39m[22m
[1m[31m[0m[91mError: [39m[31m[0m[96msrc/app/app.component.html[0m:[93m2[0m:[93m1[0m - [91merror[0m[90m NG8001: [0m'router-outlet' is not a known element:[39m[22m
[1m[31m1. If 'router-outlet' is an Angular component, then verify that it is part of this module.[39m[22m
[1m[31m2. If 'router-outlet' is a Web Component then add 'CUSTOM_ELEMENTS_SCHEMA' to the '@NgModule.schemas' of this component to suppress this message.[39m[22m
[1m[31m[39m[22m
[1m[31m[7m2[0m <router-outlet></router-outlet>[39m[22m
[1m[31m[7m [0m [91m~~~~~~~~~~~~~~~[0m[39m[22m
[1m[31m[39m[22m
[1m[31m  [96msrc/app/app.component.ts[0m:[93m9[0m:[93m16[0m[39m[22m
[1m[31m    [7m9[0m   templateUrl: './app.component.html',[39m[22m
[1m[31m    [7m [0m [96m               ~~~~~~~~~~~~~~~~~~~~~~[0m[39m[22m
[1m[31m    Error occurs in the template of component AppComponent.[39m[22m
[1m[31m[39m[22m
[1m[31m[39m[22m
[1m[31m[39m[22m
[37m[39m
[37m[91m‚úñ[39m[37m Failed to compile.[39m
[36m‚†ã[39m Generating browser application bundles...[2K[1G[36m‚†ô[39m Generating browser application bundles (phase: building)...[2K[1G[36m‚†π[39m Generating browser application bundles (phase: building)...[2K[1G[36m‚†∏[39m Generating browser application bundles (phase: building)...[2K[1G[36m‚†º[39m Generating browser application bundles (phase: building)...[2K[1G[36m‚†¥[39m Generating browser application bundles (phase: sealing)...[2K[1G[32m‚úî[39m Browser application bundle generation complete.
[37m[39m
[37m[0m[1mInitial Chunk Files[22m[2m | [22m[1mNames[22m  [2m | [22m[1mRaw Size[22m[0m[39m
[37m[0m[92mmain.js[39m[37m            [2m | [22mmain   [2m | [22m[96m43.96 kB[39m[37m[2m | [22m[0m[39m
[37m[0m[92mruntime.js[39m[37m         [2m | [22mruntime[2m | [22m [96m6.53 kB[39m[37m[2m | [22m[0m[39m
[37m[0m[0m[39m
[37m[0m3 unchanged chunks[0m[39m
[37m[0m[0m[39m
[37m[0mBuild at: [1m[37m2023-11-30T13:45:02.348Z[39m[37m[22m - Hash: [1m[37ma79de77371c4e5fe[39m[37m[22m - Time: [1m[37m1422[39m[37m[22mms[0m[39m
[1m[31m[39m[22m
[1m[31m[0m[91mError: [39m[31m[0m[96msrc/app/app.component.html[0m:[93m1[0m:[93m1[0m - [91merror[0m[90m NG8001: [0m'app-nx-welcome' is not a known element:[39m[22m
[1m[31m1. If 'app-nx-welcome' is an Angular component, then verify that it is part of this module.[39m[22m
[1m[31m2. If 'app-nx-welcome' is a Web Component then add 'CUSTOM_ELEMENTS_SCHEMA' to the '@NgModule.schemas' of this component to suppress this message.[39m[22m
[1m[31m[39m[22m
[1m[31m[7m1[0m <app-nx-welcome></app-nx-welcome>[39m[22m
[1m[31m[7m [0m [91m~~~~~~~~~~~~~~~~[0m[39m[22m
[1m[31m[39m[22m
[1m[31m  [96msrc/app/app.component.ts[0m:[93m9[0m:[93m16[0m[39m[22m
[1m[31m    [7m9[0m   templateUrl: './app.component.html',[39m[22m
[1m[31m    [7m [0m [96m               ~~~~~~~~~~~~~~~~~~~~~~[0m[39m[22m
[1m[31m    Error occurs in the template of component AppComponent.[39m[22m
[1m[31m[39m[22m
[1m[31m[39m[22m
[1m[31m[0m[91mError: [39m[31m[0m[96msrc/app/app.component.html[0m:[93m2[0m:[93m1[0m - [91merror[0m[90m NG8001: [0m'router-outlet' is not a known element:[39m[22m
[1m[31m1. If 'router-outlet' is an Angular component, then verify that it is part of this module.[39m[22m
[1m[31m2. If 'router-outlet' is a Web Component then add 'CUSTOM_ELEMENTS_SCHEMA' to the '@NgModule.schemas' of this component to suppress this message.[39m[22m
[1m[31m[39m[22m
[1m[31m[7m2[0m <router-outlet></router-outlet>[39m[22m
[1m[31m[7m [0m [91m~~~~~~~~~~~~~~~[0m[39m[22m
[1m[31m[39m[22m
[1m[31m  [96msrc/app/app.component.ts[0m:[93m9[0m:[93m16[0m[39m[22m
[1m[31m    [7m9[0m   templateUrl: './app.component.html',[39m[22m
[1m[31m    [7m [0m [96m               ~~~~~~~~~~~~~~~~~~~~~~[0m[39m[22m
[1m[31m    Error occurs in the template of component AppComponent.[39m[22m
[1m[31m[39m[22m
[1m[31m[39m[22m
[1m[31m[39m[22m
[37m[39m
[37m[91m‚úñ[39m[37m Failed to compile.[39m
[36m‚†ã[39m Generating browser application bundles...[2K[1G[36m‚†ô[39m Generating browser application bundles (phase: building)...[2K[1G[36m‚†π[39m Generating browser application bundles (phase: building)...[2K[1G[36m‚†∏[39m Generating browser application bundles (phase: sealing)...[2K[1G[36m‚†º[39m Generating browser application bundles (phase: emitting)...[2K[1G[36m‚†¥[39m Generating browser application bundles (phase: emitting)...[2K[1G[36m‚†¶[39m Generating browser application bundles (phase: emitting)...[2K[1G[32m‚úî[39m Browser application bundle generation complete.
[37m[39m
[37m[0m[1mInitial Chunk Files[22m[2m | [22m[1mNames[22m  [2m | [22m[1mRaw Size[22m[0m[39m
[37m[0m[92mmain.js[39m[37m            [2m | [22mmain   [2m | [22m[96m44.44 kB[39m[37m[2m | [22m[0m[39m
[37m[0m[92mruntime.js[39m[37m         [2m | [22mruntime[2m | [22m [96m6.53 kB[39m[37m[2m | [22m[0m[39m
[37m[0m[0m[39m
[37m[0m3 unchanged chunks[0m[39m
[37m[0m[0m[39m
[37m[0mBuild at: [1m[37m2023-11-30T13:45:16.002Z[39m[37m[22m - Hash: [1m[37ma8956a4f8c92f44f[39m[37m[22m - Time: [1m[37m894[39m[37m[22mms[0m[39m
[37m[39m
[37m[92m‚úî[39m[37m Compiled successfully.[39m
[36m‚†ã[39m Generating browser application bundles...[2K[1G[36m‚†ô[39m Generating browser application bundles (phase: building)...[2K[1G[36m‚†π[39m Generating browser application bundles (phase: building)...[2K[1G[36m‚†∏[39m Generating browser application bundles (phase: building)...[2K[1G[36m‚†º[39m Generating browser application bundles (phase: building)...[2K[1G[36m‚†¥[39m Generating browser application bundles (phase: building)...[2K[1G[36m‚†¶[39m Generating browser application bundles (phase: building)...[2K[1G[36m‚†ß[39m Generating browser application bundles (phase: building)...[2K[1G[36m‚†á[39m Generating browser application bundles (phase: building)...[2K[1G[36m‚†è[39m Generating browser application bundles (phase: building)...[2K[1G[36m‚†ã[39m Generating browser application bundles (phase: building)...[2K[1G[36m‚†ô[39m Generating browser application bundles (phase: building)...[2K[1G[36m‚†π[39m Generating browser application bundles (phase: building)...[2K[1G[36m‚†∏[39m Generating browser application bundles (phase: building)...[2K[1G[36m‚†º[39m Generating browser application bundles (phase: building)...[2K[1G[36m‚†¥[39m Generating browser application bundles (phase: building)...[2K[1G[36m‚†¶[39m Generating browser application bundles (phase: building)...[2K[1G[36m‚†ß[39m Generating browser application bundles (phase: building)...[2K[1G[36m‚†á[39m Generating browser application bundles (phase: building)...[2K[1G[36m‚†è[39m Generating browser application bundles (phase: building)...[2K[1G[36m‚†ã[39m Generating browser application bundles (phase: building)...[2K[1G[36m‚†ô[39m Generating browser application bundles (phase: building)...[2K[1G[36m‚†π[39m Generating browser application bundles (phase: building)...[2K[1G[36m‚†∏[39m Generating browser application bundles (phase: building)...[2K[1G[36m‚†º[39m Generating browser application bundles (phase: building)...[2K[1G[36m‚†¥[39m Generating browser application bundles (phase: building)...[2K[1G[36m‚†¶[39m Generating browser application bundles (phase: building)...[2K[1G[36m‚†ß[39m Generating browser application bundles (phase: building)...[2K[1G[36m‚†á[39m Generating browser application bundles (phase: building)...[2K[1G[36m‚†è[39m Generating browser application bundles (phase: building)...[2K[1G[36m‚†ã[39m Generating browser application bundles (phase: building)...[2K[1G[36m‚†ô[39m Generating browser application bundles (phase: building)...[2K[1G[36m‚†π[39m Generating browser application bundles (phase: building)...[2K[1G[36m‚†∏[39m Generating browser application bundles (phase: building)...[2K[1G[36m‚†º[39m Generating browser application bundles (phase: building)...[2K[1G[36m‚†¥[39m Generating browser application bundles (phase: building)...[2K[1G[36m‚†¶[39m Generating browser application bundles (phase: building)...[2K[1G[36m‚†ß[39m Generating browser application bundles (phase: building)...[2K[1G[36m‚†á[39m Generating browser application bundles (phase: building)...[2K[1G[36m‚†è[39m Generating browser application bundles (phase: building)...[2K[1G[36m‚†ã[39m Generating browser application bundles (phase: building)...[2K[1G[36m‚†ô[39m Generating browser application bundles (phase: building)...[2K[1G[36m‚†π[39m Generating browser application bundles (phase: building)...[2K[1G[36m‚†∏[39m Generating browser application bundles (phase: building)...[2K[1G[36m‚†º[39m Generating browser application bundles (phase: building)...[2K[1G[36m‚†¥[39m Generating browser application bundles (phase: building)...[2K[1G[36m‚†¶[39m Generating browser application bundles (phase: building)...[2K[1G[36m‚†ß[39m Generating browser application bundles (phase: building)...[2K[1G[36m‚†á[39m Generating browser application bundles (phase: building)...[2K[1G[36m‚†è[39m Generating browser application bundles (phase: building)...[2K[1G[36m‚†ã[39m Generating browser application bundles (phase: building)...[2K[1G[36m‚†ô[39m Generating browser application bundles (phase: building)...[2K[1G[36m‚†π[39m Generating browser application bundles (phase: building)...[2K[1G[36m‚†∏[39m Generating browser application bundles (phase: building)...[2K[1G[36m‚†º[39m Generating browser application bundles (phase: building)...[2K[1G[36m‚†¥[39m Generating browser application bundles (phase: building)...[2K[1G[36m‚†¶[39m Generating browser application bundles (phase: building)...[2K[1G[36m‚†ß[39m Generating browser application bundles (phase: sealing)...[2K[1G[32m‚úî[39m Browser application bundle generation complete.
[37m[39m
[37m[0m[1mInitial Chunk Files[22m                       [2m | [22m[1mNames[22m                       [2m | [22m[1mRaw Size[22m[0m[39m
[37m[0m[92mvendor.js[39m[37m                                 [2m | [22mvendor                      [2m | [22m [96m4.97 MB[39m[37m[2m | [22m[0m[39m
[37m[0m[92mmain.js[39m[37m                                   [2m | [22mmain                        [2m | [22m[96m55.47 kB[39m[37m[2m | [22m[0m[39m
[37m[0m[92mruntime.js[39m[37m                                [2m | [22mruntime                     [2m | [22m[96m12.65 kB[39m[37m[2m | [22m[0m[39m
[37m[0m[0m[39m
[37m[0m[1mLazy Chunk Files[22m                          [2m | [22m[1mNames[22m                       [2m | [22m[1mRaw Size[22m[0m[39m
[37m[0m[92msrc_app_pages_welcome_welcome_module_ts.js[39m[37m[2m | [22mpages-welcome-welcome-module[2m | [22m [96m4.97 kB[39m[37m[2m | [22m[0m[39m
[37m[0m[0m[39m
[37m[0m2 unchanged chunks[0m[39m
[37m[0m[0m[39m
[37m[0mBuild at: [1m[37m2023-11-30T13:47:05.894Z[39m[37m[22m - Hash: [1m[37m027c665d7d1b1fcb[39m[37m[22m - Time: [1m[37m22643[39m[37m[22mms[0m[39m
[1m[31m[39m[22m
[1m[31m[0m[91mError: [39m[31m[0m[96msrc/app/app.component.html[0m:[93m6[0m:[93m30[0m - [91merror[0m[90m TS2339: [0mProperty 'isCollapsed' does not exist on type 'AppComponent'.[39m[22m
[1m[31m[39m[22m
[1m[31m[7m6[0m             [(nzCollapsed)]="isCollapsed"[39m[22m
[1m[31m[7m [0m [91m                             ~~~~~~~~~~~[0m[39m[22m
[1m[31m[39m[22m
[1m[31m  [96msrc/app/app.component.ts[0m:[93m9[0m:[93m16[0m[39m[22m
[1m[31m    [7m9[0m   templateUrl: './app.component.html',[39m[22m
[1m[31m    [7m [0m [96m               ~~~~~~~~~~~~~~~~~~~~~~[0m[39m[22m
[1m[31m    Error occurs in the template of component AppComponent.[39m[22m
[1m[31m[39m[22m
[1m[31m[39m[22m
[1m[31m[0m[91mError: [39m[31m[0m[96msrc/app/app.component.html[0m:[93m6[0m:[93m30[0m - [91merror[0m[90m TS2339: [0mProperty 'isCollapsed' does not exist on type 'AppComponent'.[39m[22m
[1m[31m[39m[22m
[1m[31m[7m6[0m             [(nzCollapsed)]="isCollapsed"[39m[22m
[1m[31m[7m [0m [91m                             ~~~~~~~~~~~[0m[39m[22m
[1m[31m[39m[22m
[1m[31m  [96msrc/app/app.component.ts[0m:[93m9[0m:[93m16[0m[39m[22m
[1m[31m    [7m9[0m   templateUrl: './app.component.html',[39m[22m
[1m[31m    [7m [0m [96m               ~~~~~~~~~~~~~~~~~~~~~~[0m[39m[22m
[1m[31m    Error occurs in the template of component AppComponent.[39m[22m
[1m[31m[39m[22m
[1m[31m[39m[22m
[1m[31m[0m[91mError: [39m[31m[0m[96msrc/app/app.component.html[0m:[93m14[0m:[93m69[0m - [91merror[0m[90m TS2339: [0mProperty 'isCollapsed' does not exist on type 'AppComponent'.[39m[22m
[1m[31m[39m[22m
[1m[31m[7m14[0m     <ul nz-menu nzTheme="dark" nzMode="inline" [nzInlineCollapsed]="isCollapsed">[39m[22m
[1m[31m[7m  [0m [91m                                                                    ~~~~~~~~~~~[0m[39m[22m
[1m[31m[39m[22m
[1m[31m  [96msrc/app/app.component.ts[0m:[93m9[0m:[93m16[0m[39m[22m
[1m[31m    [7m9[0m   templateUrl: './app.component.html',[39m[22m
[1m[31m    [7m [0m [96m               ~~~~~~~~~~~~~~~~~~~~~~[0m[39m[22m
[1m[31m    Error occurs in the template of component AppComponent.[39m[22m
[1m[31m[39m[22m
[1m[31m[39m[22m
[1m[31m[0m[91mError: [39m[31m[0m[96msrc/app/app.component.html[0m:[93m40[0m:[93m47[0m - [91merror[0m[90m TS2339: [0mProperty 'isCollapsed' does not exist on type 'AppComponent'.[39m[22m
[1m[31m[39m[22m
[1m[31m[7m40[0m         <span class="header-trigger" (click)="isCollapsed = !isCollapsed">[39m[22m
[1m[31m[7m  [0m [91m                                              [39m[22m[1m[31m~~~~~~~~~~~[0m[39m[22m
[1m[31m[39m[22m
[1m[31m  [96msrc/app/app.component.ts[0m:[93m9[0m:[93m16[0m[39m[22m
[1m[31m    [7m9[0m   templateUrl: './app.component.html',[39m[22m
[1m[31m    [7m [0m [96m               ~~~~~~~~~~~~~~~~~~~~~~[0m[39m[22m
[1m[31m    Error occurs in the template of component AppComponent.[39m[22m
[1m[31m[39m[22m
[1m[31m[39m[22m
[1m[31m[0m[91mError: [39m[31m[0m[96msrc/app/app.component.html[0m:[93m40[0m:[93m62[0m - [91merror[0m[90m TS2339: [0mProperty 'isCollapsed' does not exist on type 'AppComponent'.[39m[22m
[1m[31m[39m[22m
[1m[31m[7m40[0m         <span class="header-trigger" (click)="isCollapsed = !isCollapsed">[39m[22m
[1m[31m[7m  [0m [91m                                                             ~~~~~~~~~~~[0m[39m[22m
[1m[31m[39m[22m
[1m[31m  [96msrc/app/app.component.ts[0m:[93m9[0m:[93m16[0m[39m[22m
[1m[31m    [7m9[0m   templateUrl: './app.component.html',[39m[22m
[1m[31m    [7m [0m [96m               ~~~~~~~~~~~~~~~~~~~~~~[0m[39m[22m
[1m[31m    Error occurs in the template of component AppComponent.[39m[22m
[1m[31m[39m[22m
[1m[31m[39m[22m
[1m[31m[0m[91mError: [39m[31m[0m[96msrc/app/app.component.html[0m:[93m43[0m:[93m26[0m - [91merror[0m[90m TS2339: [0mProperty 'isCollapsed' does not exist on type 'AppComponent'.[39m[22m
[1m[31m[39m[22m
[1m[31m[7m43[0m                [nzType]="isCollapsed ? 'menu-unfold' : 'menu-fold'"[39m[22m
[1m[31m[7m  [0m [91m                         ~~~~~~~~~~~[0m[39m[22m
[1m[31m[39m[22m
[1m[31m  [96msrc/app/app.component.ts[0m:[93m9[0m:[93m16[0m[39m[22m
[1m[31m    [7m9[0m   templateUrl: './app.component.html',[39m[22m
[1m[31m    [7m [0m [96m               ~~~~~~~~~~~~~~~~~~~~~~[0m[39m[22m
[1m[31m    Error occurs in the template of component AppComponent.[39m[22m
[1m[31m[39m[22m
[1m[31m[39m[22m
[1m[31m[39m[22m
[37m[39m
[37m[91m‚úñ[39m[37m Failed to compile.[39m
[36m‚†ã[39m Generating browser application bundles...[2K[1G[36m‚†ô[39m Generating browser application bundles (phase: building)...[2K[1G[36m‚†π[39m Generating browser application bundles (phase: building)...[2K[1G[36m‚†∏[39m Generating browser application bundles (phase: building)...[2K[1G[36m‚†º[39m Generating browser application bundles (phase: building)...[2K[1G[36m‚†¥[39m Generating browser application bundles (phase: sealing)...[2K[1G[36m‚†¶[39m Generating browser application bundles (phase: emitting)...[2K[1G[32m‚úî[39m Browser application bundle generation complete.
[37m[39m
[37m[0m[1mInitial Chunk Files[22m[2m | [22m[1mNames[22m  [2m | [22m[1mRaw Size[22m[0m[39m
[37m[0m[92mmain.js[39m[37m            [2m | [22mmain   [2m | [22m[96m59.62 kB[39m[37m[2m | [22m[0m[39m
[37m[0m[92mruntime.js[39m[37m         [2m | [22mruntime[2m | [22m[96m12.65 kB[39m[37m[2m | [22m[0m[39m
[37m[0m[0m[39m
[37m[0m4 unchanged chunks[0m[39m
[37m[0m[0m[39m
[37m[0mBuild at: [1m[37m2023-11-30T13:47:07.363Z[39m[37m[22m - Hash: [1m[37ma61e115f9c0d88e0[39m[37m[22m - Time: [1m[37m1265[39m[37m[22mms[0m[39m
[37m[39m
[37m[92m‚úî[39m[37m Compiled successfully.[39m
